<?xml version="1.0" encoding="UTF-8"?>
<testsuite name="DeliveriesListTest" tests="9" skipped="0" failures="0" errors="0" timestamp="2022-04-04T08:49:30" hostname="bekzat-Lenovo-Legion-Y530-15ICH" time="3.114">
  <properties/>
  <testcase name="testCreateNewDeliveries_List" classname="DeliveriesListTest" time="0.178"/>
  <testcase name="testGetAllDeliveriesList" classname="DeliveriesListTest" time="0.233"/>
  <testcase name="testGetDeliveriesListByDelivery" classname="DeliveriesListTest" time="0.268"/>
  <testcase name="testGetDeliveriesListByLessQuantity" classname="DeliveriesListTest" time="0.753"/>
  <testcase name="testGetDeliveriesListByMoreQuantity" classname="DeliveriesListTest" time="0.804"/>
  <testcase name="testGetDeliveriesListByProduct" classname="DeliveriesListTest" time="0.224"/>
  <testcase name="testGetDeliveriesListByQuantity" classname="DeliveriesListTest" time="0.233"/>
  <testcase name="testGetDeliveries_ListById" classname="DeliveriesListTest" time="0.206"/>
  <testcase name="testUpdateDeliveries_List" classname="DeliveriesListTest" time="0.21"/>
  <system-out><![CDATA[11:49:30.782 [Test worker] DEBUG org.hibernate.engine.transaction.internal.TransactionImpl - On TransactionImpl creation, JpaCompliance#isJpaTransactionComplianceEnabled == false
11:49:30.782 [Test worker] DEBUG org.hibernate.engine.transaction.internal.TransactionImpl - begin
11:49:30.782 [Test worker] DEBUG org.hibernate.engine.spi.ActionQueue - Executing identity-insert immediately
11:49:30.782 [Test worker] DEBUG org.hibernate.SQL - insert into register_place (free, storage_location) values (?, ?)
Hibernate: insert into register_place (free, storage_location) values (?, ?)
11:49:30.783 [Test worker] DEBUG org.hibernate.id.IdentifierGeneratorHelper - Natively generated identity: 520
11:49:30.783 [Test worker] DEBUG org.hibernate.resource.jdbc.internal.ResourceRegistryStandardImpl - HHH000387: ResultSet's statement was not registered
11:49:30.783 [Test worker] DEBUG org.hibernate.engine.transaction.internal.TransactionImpl - committing
11:49:30.783 [Test worker] DEBUG org.hibernate.event.internal.AbstractFlushingEventListener - Processing flush-time cascades
11:49:30.783 [Test worker] DEBUG org.hibernate.event.internal.AbstractFlushingEventListener - Dirty checking collections
11:49:30.783 [Test worker] DEBUG org.hibernate.event.internal.AbstractFlushingEventListener - Flushed: 0 insertions, 0 updates, 0 deletions to 1 objects
11:49:30.783 [Test worker] DEBUG org.hibernate.event.internal.AbstractFlushingEventListener - Flushed: 0 (re)creations, 0 updates, 0 removals to 0 collections
11:49:30.783 [Test worker] DEBUG org.hibernate.internal.util.EntityPrinter - Listing entities:
11:49:30.784 [Test worker] DEBUG org.hibernate.internal.util.EntityPrinter - web_prak.java.classes.Register_place{storage_location=02 10 03, free=нет, place_id=520}
11:49:30.798 [Test worker] DEBUG org.hibernate.resource.jdbc.internal.LogicalConnectionManagedImpl - Initiating JDBC connection release from afterTransaction
11:49:30.798 [Test worker] DEBUG org.hibernate.resource.jdbc.internal.LogicalConnectionManagedImpl - Initiating JDBC connection release from afterTransaction
11:49:30.799 [Test worker] DEBUG org.hibernate.engine.transaction.internal.TransactionImpl - On TransactionImpl creation, JpaCompliance#isJpaTransactionComplianceEnabled == false
11:49:30.799 [Test worker] DEBUG org.hibernate.engine.transaction.internal.TransactionImpl - begin
11:49:30.799 [Test worker] DEBUG org.hibernate.engine.spi.ActionQueue - Executing identity-insert immediately
11:49:30.799 [Test worker] DEBUG org.hibernate.SQL - insert into products (expiration_date_from, expiration_date_to, measure, place_id, product_name, quantity, type) values (?, ?, ?, ?, ?, ?, ?)
Hibernate: insert into products (expiration_date_from, expiration_date_to, measure, place_id, product_name, quantity, type) values (?, ?, ?, ?, ?, ?, ?)
11:49:30.801 [Test worker] DEBUG org.hibernate.id.IdentifierGeneratorHelper - Natively generated identity: 416
11:49:30.801 [Test worker] DEBUG org.hibernate.resource.jdbc.internal.ResourceRegistryStandardImpl - HHH000387: ResultSet's statement was not registered
11:49:30.801 [Test worker] DEBUG org.hibernate.engine.transaction.internal.TransactionImpl - committing
11:49:30.801 [Test worker] DEBUG org.hibernate.event.internal.AbstractFlushingEventListener - Processing flush-time cascades
11:49:30.801 [Test worker] DEBUG org.hibernate.event.internal.AbstractFlushingEventListener - Dirty checking collections
11:49:30.801 [Test worker] DEBUG org.hibernate.event.internal.AbstractFlushingEventListener - Flushed: 0 insertions, 0 updates, 0 deletions to 1 objects
11:49:30.801 [Test worker] DEBUG org.hibernate.event.internal.AbstractFlushingEventListener - Flushed: 0 (re)creations, 0 updates, 0 removals to 0 collections
11:49:30.801 [Test worker] DEBUG org.hibernate.internal.util.EntityPrinter - Listing entities:
11:49:30.802 [Test worker] DEBUG org.hibernate.internal.util.EntityPrinter - web_prak.java.classes.Products{measure=штук, quantity=5, expiration_date_to=2022-08-01, product_id=416, expiration_date_from=2021-08-01, type=Ноутбуки, product_name=Asus Rog Strix, place_id=web_prak.java.classes.Register_place#520}
11:49:30.814 [Test worker] DEBUG org.hibernate.resource.jdbc.internal.LogicalConnectionManagedImpl - Initiating JDBC connection release from afterTransaction
11:49:30.814 [Test worker] DEBUG org.hibernate.resource.jdbc.internal.LogicalConnectionManagedImpl - Initiating JDBC connection release from afterTransaction
11:49:30.815 [Test worker] DEBUG org.hibernate.engine.transaction.internal.TransactionImpl - On TransactionImpl creation, JpaCompliance#isJpaTransactionComplianceEnabled == false
11:49:30.815 [Test worker] DEBUG org.hibernate.engine.transaction.internal.TransactionImpl - begin
11:49:30.815 [Test worker] DEBUG org.hibernate.engine.spi.ActionQueue - Executing identity-insert immediately
11:49:30.815 [Test worker] DEBUG org.hibernate.SQL - insert into clients (address, client_name, contact, email) values (?, ?, ?, ?)
Hibernate: insert into clients (address, client_name, contact, email) values (?, ?, ?, ?)
11:49:30.816 [Test worker] DEBUG org.hibernate.id.IdentifierGeneratorHelper - Natively generated identity: 395
11:49:30.816 [Test worker] DEBUG org.hibernate.resource.jdbc.internal.ResourceRegistryStandardImpl - HHH000387: ResultSet's statement was not registered
11:49:30.816 [Test worker] DEBUG org.hibernate.engine.transaction.internal.TransactionImpl - committing
11:49:30.816 [Test worker] DEBUG org.hibernate.event.internal.AbstractFlushingEventListener - Processing flush-time cascades
11:49:30.816 [Test worker] DEBUG org.hibernate.event.internal.AbstractFlushingEventListener - Dirty checking collections
11:49:30.816 [Test worker] DEBUG org.hibernate.event.internal.AbstractFlushingEventListener - Flushed: 0 insertions, 0 updates, 0 deletions to 1 objects
11:49:30.816 [Test worker] DEBUG org.hibernate.event.internal.AbstractFlushingEventListener - Flushed: 0 (re)creations, 0 updates, 0 removals to 0 collections
11:49:30.816 [Test worker] DEBUG org.hibernate.internal.util.EntityPrinter - Listing entities:
11:49:30.816 [Test worker] DEBUG org.hibernate.internal.util.EntityPrinter - web_prak.java.classes.Clients{address=Ярославское шоссе д26, contact=+7 (976) 130-93-80, client_name=Иван Иванов, client_id=395, email=cromaint0@go.com}
11:49:30.831 [Test worker] DEBUG org.hibernate.resource.jdbc.internal.LogicalConnectionManagedImpl - Initiating JDBC connection release from afterTransaction
11:49:30.832 [Test worker] DEBUG org.hibernate.resource.jdbc.internal.LogicalConnectionManagedImpl - Initiating JDBC connection release from afterTransaction
11:49:30.832 [Test worker] DEBUG org.hibernate.engine.transaction.internal.TransactionImpl - On TransactionImpl creation, JpaCompliance#isJpaTransactionComplianceEnabled == false
11:49:30.832 [Test worker] DEBUG org.hibernate.engine.transaction.internal.TransactionImpl - begin
11:49:30.832 [Test worker] DEBUG org.hibernate.engine.spi.ActionQueue - Executing identity-insert immediately
11:49:30.832 [Test worker] DEBUG org.hibernate.SQL - insert into deliveries (client_id, date_issue, status) values (?, ?, ?)
Hibernate: insert into deliveries (client_id, date_issue, status) values (?, ?, ?)
11:49:30.833 [Test worker] DEBUG org.hibernate.id.IdentifierGeneratorHelper - Natively generated identity: 246
11:49:30.833 [Test worker] DEBUG org.hibernate.resource.jdbc.internal.ResourceRegistryStandardImpl - HHH000387: ResultSet's statement was not registered
11:49:30.833 [Test worker] DEBUG org.hibernate.engine.transaction.internal.TransactionImpl - committing
11:49:30.834 [Test worker] DEBUG org.hibernate.event.internal.AbstractFlushingEventListener - Processing flush-time cascades
11:49:30.834 [Test worker] DEBUG org.hibernate.event.internal.AbstractFlushingEventListener - Dirty checking collections
11:49:30.834 [Test worker] DEBUG org.hibernate.event.internal.AbstractFlushingEventListener - Flushed: 0 insertions, 0 updates, 0 deletions to 1 objects
11:49:30.834 [Test worker] DEBUG org.hibernate.event.internal.AbstractFlushingEventListener - Flushed: 0 (re)creations, 0 updates, 0 removals to 0 collections
11:49:30.834 [Test worker] DEBUG org.hibernate.internal.util.EntityPrinter - Listing entities:
11:49:30.834 [Test worker] DEBUG org.hibernate.internal.util.EntityPrinter - web_prak.java.classes.Deliveries{delivery_id=246, client_id=web_prak.java.classes.Clients#395, date_issue=2022-02-05, status=завершен}
11:49:30.848 [Test worker] DEBUG org.hibernate.resource.jdbc.internal.LogicalConnectionManagedImpl - Initiating JDBC connection release from afterTransaction
11:49:30.848 [Test worker] DEBUG org.hibernate.resource.jdbc.internal.LogicalConnectionManagedImpl - Initiating JDBC connection release from afterTransaction
11:49:30.848 [Test worker] DEBUG org.hibernate.engine.transaction.internal.TransactionImpl - On TransactionImpl creation, JpaCompliance#isJpaTransactionComplianceEnabled == false
11:49:30.848 [Test worker] DEBUG org.hibernate.engine.transaction.internal.TransactionImpl - begin
11:49:30.848 [Test worker] DEBUG org.hibernate.engine.spi.ActionQueue - Executing identity-insert immediately
11:49:30.848 [Test worker] DEBUG org.hibernate.SQL - insert into deliveries_list (delivery_id, product_id, quantity) values (?, ?, ?)
Hibernate: insert into deliveries_list (delivery_id, product_id, quantity) values (?, ?, ?)
11:49:30.849 [Test worker] DEBUG org.hibernate.id.IdentifierGeneratorHelper - Natively generated identity: 164
11:49:30.850 [Test worker] DEBUG org.hibernate.resource.jdbc.internal.ResourceRegistryStandardImpl - HHH000387: ResultSet's statement was not registered
11:49:30.850 [Test worker] DEBUG org.hibernate.engine.transaction.internal.TransactionImpl - committing
11:49:30.850 [Test worker] DEBUG org.hibernate.event.internal.AbstractFlushingEventListener - Processing flush-time cascades
11:49:30.850 [Test worker] DEBUG org.hibernate.event.internal.AbstractFlushingEventListener - Dirty checking collections
11:49:30.850 [Test worker] DEBUG org.hibernate.event.internal.AbstractFlushingEventListener - Flushed: 0 insertions, 0 updates, 0 deletions to 1 objects
11:49:30.850 [Test worker] DEBUG org.hibernate.event.internal.AbstractFlushingEventListener - Flushed: 0 (re)creations, 0 updates, 0 removals to 0 collections
11:49:30.850 [Test worker] DEBUG org.hibernate.internal.util.EntityPrinter - Listing entities:
11:49:30.850 [Test worker] DEBUG org.hibernate.internal.util.EntityPrinter - web_prak.java.classes.Deliveries_list{deliveries_list_id=164, quantity=6, delivery_id=web_prak.java.classes.Deliveries#246, product_id=web_prak.java.classes.Products#416}
11:49:30.865 [Test worker] DEBUG org.hibernate.resource.jdbc.internal.LogicalConnectionManagedImpl - Initiating JDBC connection release from afterTransaction
11:49:30.865 [Test worker] DEBUG org.hibernate.resource.jdbc.internal.LogicalConnectionManagedImpl - Initiating JDBC connection release from afterTransaction
11:49:30.866 [Test worker] DEBUG org.hibernate.SQL - select deliveries0_.deliveries_list_id as deliveri1_2_0_, deliveries0_.delivery_id as delivery3_2_0_, deliveries0_.product_id as product_4_2_0_, deliveries0_.quantity as quantity2_2_0_, deliveries1_.delivery_id as delivery1_1_1_, deliveries1_.client_id as client_i4_1_1_, deliveries1_.date_issue as date_iss2_1_1_, deliveries1_.status as status3_1_1_, clients2_.client_id as client_i1_0_2_, clients2_.address as address2_0_2_, clients2_.client_name as client_n3_0_2_, clients2_.contact as contact4_0_2_, clients2_.email as email5_0_2_, products3_.product_id as product_1_3_3_, products3_.expiration_date_from as expirati2_3_3_, products3_.expiration_date_to as expirati3_3_3_, products3_.measure as measure4_3_3_, products3_.place_id as place_id8_3_3_, products3_.product_name as product_5_3_3_, products3_.quantity as quantity6_3_3_, products3_.type as type7_3_3_, register_p4_.place_id as place_id1_4_4_, register_p4_.free as free2_4_4_, register_p4_.storage_location as storage_3_4_4_ from deliveries_list deliveries0_ left outer join deliveries deliveries1_ on deliveries0_.delivery_id=deliveries1_.delivery_id left outer join clients clients2_ on deliveries1_.client_id=clients2_.client_id left outer join products products3_ on deliveries0_.product_id=products3_.product_id left outer join register_place register_p4_ on products3_.place_id=register_p4_.place_id where deliveries0_.deliveries_list_id=?
Hibernate: select deliveries0_.deliveries_list_id as deliveri1_2_0_, deliveries0_.delivery_id as delivery3_2_0_, deliveries0_.product_id as product_4_2_0_, deliveries0_.quantity as quantity2_2_0_, deliveries1_.delivery_id as delivery1_1_1_, deliveries1_.client_id as client_i4_1_1_, deliveries1_.date_issue as date_iss2_1_1_, deliveries1_.status as status3_1_1_, clients2_.client_id as client_i1_0_2_, clients2_.address as address2_0_2_, clients2_.client_name as client_n3_0_2_, clients2_.contact as contact4_0_2_, clients2_.email as email5_0_2_, products3_.product_id as product_1_3_3_, products3_.expiration_date_from as expirati2_3_3_, products3_.expiration_date_to as expirati3_3_3_, products3_.measure as measure4_3_3_, products3_.place_id as place_id8_3_3_, products3_.product_name as product_5_3_3_, products3_.quantity as quantity6_3_3_, products3_.type as type7_3_3_, register_p4_.place_id as place_id1_4_4_, register_p4_.free as free2_4_4_, register_p4_.storage_location as storage_3_4_4_ from deliveries_list deliveries0_ left outer join deliveries deliveries1_ on deliveries0_.delivery_id=deliveries1_.delivery_id left outer join clients clients2_ on deliveries1_.client_id=clients2_.client_id left outer join products products3_ on deliveries0_.product_id=products3_.product_id left outer join register_place register_p4_ on products3_.place_id=register_p4_.place_id where deliveries0_.deliveries_list_id=?
11:49:30.868 [Test worker] DEBUG org.hibernate.loader.plan.exec.process.internal.EntityReferenceInitializerImpl - On call to EntityIdentifierReaderImpl#resolve, EntityKey was already known; should only happen on root returns with an optional identifier specified
11:49:30.870 [Test worker] DEBUG org.hibernate.engine.internal.TwoPhaseLoad - Resolving attributes for [web_prak.java.classes.Deliveries_list#164]
11:49:30.870 [Test worker] DEBUG org.hibernate.engine.internal.TwoPhaseLoad - Processing attribute `delivery_id` : value = 246
11:49:30.870 [Test worker] DEBUG org.hibernate.engine.internal.TwoPhaseLoad - Attribute (`delivery_id`)  - enhanced for lazy-loading? - false
11:49:30.870 [Test worker] DEBUG org.hibernate.engine.internal.TwoPhaseLoad - Processing attribute `product_id` : value = 416
11:49:30.870 [Test worker] DEBUG org.hibernate.engine.internal.TwoPhaseLoad - Attribute (`product_id`)  - enhanced for lazy-loading? - false
11:49:30.870 [Test worker] DEBUG org.hibernate.engine.internal.TwoPhaseLoad - Processing attribute `quantity` : value = 6
11:49:30.870 [Test worker] DEBUG org.hibernate.engine.internal.TwoPhaseLoad - Attribute (`quantity`)  - enhanced for lazy-loading? - false
11:49:30.871 [Test worker] DEBUG org.hibernate.engine.internal.TwoPhaseLoad - Done materializing entity [web_prak.java.classes.Deliveries_list#164]
11:49:30.871 [Test worker] DEBUG org.hibernate.engine.internal.TwoPhaseLoad - Resolving attributes for [web_prak.java.classes.Deliveries#246]
11:49:30.871 [Test worker] DEBUG org.hibernate.engine.internal.TwoPhaseLoad - Processing attribute `client_id` : value = 395
11:49:30.871 [Test worker] DEBUG org.hibernate.engine.internal.TwoPhaseLoad - Attribute (`client_id`)  - enhanced for lazy-loading? - false
11:49:30.871 [Test worker] DEBUG org.hibernate.engine.internal.TwoPhaseLoad - Processing attribute `date_issue` : value = 2022-02-05
11:49:30.871 [Test worker] DEBUG org.hibernate.engine.internal.TwoPhaseLoad - Attribute (`date_issue`)  - enhanced for lazy-loading? - false
11:49:30.871 [Test worker] DEBUG org.hibernate.engine.internal.TwoPhaseLoad - Processing attribute `status` : value = завершен
11:49:30.871 [Test worker] DEBUG org.hibernate.engine.internal.TwoPhaseLoad - Attribute (`status`)  - enhanced for lazy-loading? - false
11:49:30.871 [Test worker] DEBUG org.hibernate.engine.internal.TwoPhaseLoad - Done materializing entity [web_prak.java.classes.Deliveries#246]
11:49:30.871 [Test worker] DEBUG org.hibernate.engine.internal.TwoPhaseLoad - Resolving attributes for [web_prak.java.classes.Clients#395]
11:49:30.871 [Test worker] DEBUG org.hibernate.engine.internal.TwoPhaseLoad - Processing attribute `address` : value = Ярославское шоссе д26
11:49:30.871 [Test worker] DEBUG org.hibernate.engine.internal.TwoPhaseLoad - Attribute (`address`)  - enhanced for lazy-loading? - false
11:49:30.871 [Test worker] DEBUG org.hibernate.engine.internal.TwoPhaseLoad - Processing attribute `client_name` : value = Иван Иванов
11:49:30.871 [Test worker] DEBUG org.hibernate.engine.internal.TwoPhaseLoad - Attribute (`client_name`)  - enhanced for lazy-loading? - false
11:49:30.871 [Test worker] DEBUG org.hibernate.engine.internal.TwoPhaseLoad - Processing attribute `contact` : value = +7 (976) 130-93-80
11:49:30.871 [Test worker] DEBUG org.hibernate.engine.internal.TwoPhaseLoad - Attribute (`contact`)  - enhanced for lazy-loading? - false
11:49:30.871 [Test worker] DEBUG org.hibernate.engine.internal.TwoPhaseLoad - Processing attribute `email` : value = cromaint0@go.com
11:49:30.871 [Test worker] DEBUG org.hibernate.engine.internal.TwoPhaseLoad - Attribute (`email`)  - enhanced for lazy-loading? - false
11:49:30.871 [Test worker] DEBUG org.hibernate.engine.internal.TwoPhaseLoad - Done materializing entity [web_prak.java.classes.Clients#395]
11:49:30.871 [Test worker] DEBUG org.hibernate.engine.internal.TwoPhaseLoad - Resolving attributes for [web_prak.java.classes.Products#416]
11:49:30.871 [Test worker] DEBUG org.hibernate.engine.internal.TwoPhaseLoad - Processing attribute `expiration_date_from` : value = 2021-08-01
11:49:30.871 [Test worker] DEBUG org.hibernate.engine.internal.TwoPhaseLoad - Attribute (`expiration_date_from`)  - enhanced for lazy-loading? - false
11:49:30.871 [Test worker] DEBUG org.hibernate.engine.internal.TwoPhaseLoad - Processing attribute `expiration_date_to` : value = 2022-08-01
11:49:30.871 [Test worker] DEBUG org.hibernate.engine.internal.TwoPhaseLoad - Attribute (`expiration_date_to`)  - enhanced for lazy-loading? - false
11:49:30.871 [Test worker] DEBUG org.hibernate.engine.internal.TwoPhaseLoad - Processing attribute `measure` : value = штук
11:49:30.871 [Test worker] DEBUG org.hibernate.engine.internal.TwoPhaseLoad - Attribute (`measure`)  - enhanced for lazy-loading? - false
11:49:30.871 [Test worker] DEBUG org.hibernate.engine.internal.TwoPhaseLoad - Processing attribute `place_id` : value = 520
11:49:30.871 [Test worker] DEBUG org.hibernate.engine.internal.TwoPhaseLoad - Attribute (`place_id`)  - enhanced for lazy-loading? - false
11:49:30.872 [Test worker] DEBUG org.hibernate.engine.internal.TwoPhaseLoad - Processing attribute `product_name` : value = Asus Rog Strix
11:49:30.872 [Test worker] DEBUG org.hibernate.engine.internal.TwoPhaseLoad - Attribute (`product_name`)  - enhanced for lazy-loading? - false
11:49:30.872 [Test worker] DEBUG org.hibernate.engine.internal.TwoPhaseLoad - Processing attribute `quantity` : value = 5
11:49:30.872 [Test worker] DEBUG org.hibernate.engine.internal.TwoPhaseLoad - Attribute (`quantity`)  - enhanced for lazy-loading? - false
11:49:30.872 [Test worker] DEBUG org.hibernate.engine.internal.TwoPhaseLoad - Processing attribute `type` : value = Ноутбуки
11:49:30.872 [Test worker] DEBUG org.hibernate.engine.internal.TwoPhaseLoad - Attribute (`type`)  - enhanced for lazy-loading? - false
11:49:30.872 [Test worker] DEBUG org.hibernate.engine.internal.TwoPhaseLoad - Done materializing entity [web_prak.java.classes.Products#416]
11:49:30.872 [Test worker] DEBUG org.hibernate.engine.internal.TwoPhaseLoad - Resolving attributes for [web_prak.java.classes.Register_place#520]
11:49:30.872 [Test worker] DEBUG org.hibernate.engine.internal.TwoPhaseLoad - Processing attribute `free` : value = нет
11:49:30.872 [Test worker] DEBUG org.hibernate.engine.internal.TwoPhaseLoad - Attribute (`free`)  - enhanced for lazy-loading? - false
11:49:30.872 [Test worker] DEBUG org.hibernate.engine.internal.TwoPhaseLoad - Processing attribute `storage_location` : value = 02 10 03
11:49:30.872 [Test worker] DEBUG org.hibernate.engine.internal.TwoPhaseLoad - Attribute (`storage_location`)  - enhanced for lazy-loading? - false
11:49:30.872 [Test worker] DEBUG org.hibernate.engine.internal.TwoPhaseLoad - Done materializing entity [web_prak.java.classes.Register_place#520]
11:49:30.873 [Test worker] DEBUG org.hibernate.loader.entity.plan.AbstractLoadPlanBasedEntityLoader - Done entity load : web_prak.java.classes.Deliveries_list#164
11:49:30.873 [Test worker] DEBUG org.hibernate.resource.jdbc.internal.LogicalConnectionManagedImpl - Initiating JDBC connection release from afterTransaction
11:49:30.874 [Test worker] DEBUG org.hibernate.engine.transaction.internal.TransactionImpl - On TransactionImpl creation, JpaCompliance#isJpaTransactionComplianceEnabled == false
11:49:30.874 [Test worker] DEBUG org.hibernate.engine.transaction.internal.TransactionImpl - begin
11:49:30.874 [Test worker] DEBUG org.hibernate.engine.transaction.internal.TransactionImpl - committing
11:49:30.875 [Test worker] DEBUG org.hibernate.event.internal.AbstractFlushingEventListener - Processing flush-time cascades
11:49:30.875 [Test worker] DEBUG org.hibernate.event.internal.AbstractFlushingEventListener - Dirty checking collections
11:49:30.875 [Test worker] DEBUG org.hibernate.event.internal.AbstractFlushingEventListener - Flushed: 0 insertions, 0 updates, 1 deletions to 1 objects
11:49:30.875 [Test worker] DEBUG org.hibernate.event.internal.AbstractFlushingEventListener - Flushed: 0 (re)creations, 0 updates, 0 removals to 0 collections
11:49:30.875 [Test worker] DEBUG org.hibernate.internal.util.EntityPrinter - Listing entities:
11:49:30.875 [Test worker] DEBUG org.hibernate.internal.util.EntityPrinter - web_prak.java.classes.Deliveries_list{deliveries_list_id=164, quantity=6, delivery_id=web_prak.java.classes.Deliveries#246, product_id=web_prak.java.classes.Products#416}
11:49:30.875 [Test worker] DEBUG org.hibernate.SQL - delete from deliveries_list where deliveries_list_id=?
Hibernate: delete from deliveries_list where deliveries_list_id=?
11:49:30.892 [Test worker] DEBUG org.hibernate.resource.jdbc.internal.LogicalConnectionManagedImpl - Initiating JDBC connection release from afterTransaction
11:49:30.892 [Test worker] DEBUG org.hibernate.resource.jdbc.internal.LogicalConnectionManagedImpl - Initiating JDBC connection release from afterTransaction
11:49:30.893 [Test worker] DEBUG org.hibernate.engine.jdbc.internal.JdbcCoordinatorImpl - HHH000420: Closing un-released batch
11:49:30.893 [Test worker] DEBUG org.hibernate.engine.transaction.internal.TransactionImpl - On TransactionImpl creation, JpaCompliance#isJpaTransactionComplianceEnabled == false
11:49:30.893 [Test worker] DEBUG org.hibernate.engine.transaction.internal.TransactionImpl - begin
11:49:30.893 [Test worker] DEBUG org.hibernate.engine.transaction.internal.TransactionImpl - committing
11:49:30.893 [Test worker] DEBUG org.hibernate.event.internal.AbstractFlushingEventListener - Processing flush-time cascades
11:49:30.893 [Test worker] DEBUG org.hibernate.event.internal.AbstractFlushingEventListener - Dirty checking collections
11:49:30.893 [Test worker] DEBUG org.hibernate.event.internal.AbstractFlushingEventListener - Flushed: 0 insertions, 0 updates, 1 deletions to 1 objects
11:49:30.893 [Test worker] DEBUG org.hibernate.event.internal.AbstractFlushingEventListener - Flushed: 0 (re)creations, 0 updates, 0 removals to 0 collections
11:49:30.893 [Test worker] DEBUG org.hibernate.internal.util.EntityPrinter - Listing entities:
11:49:30.893 [Test worker] DEBUG org.hibernate.internal.util.EntityPrinter - web_prak.java.classes.Products{measure=штук, quantity=5, expiration_date_to=2022-08-01, product_id=416, expiration_date_from=2021-08-01, type=Ноутбуки, product_name=Asus Rog Strix, place_id=web_prak.java.classes.Register_place#520}
11:49:30.893 [Test worker] DEBUG org.hibernate.SQL - delete from products where product_id=?
Hibernate: delete from products where product_id=?
11:49:30.910 [Test worker] DEBUG org.hibernate.resource.jdbc.internal.LogicalConnectionManagedImpl - Initiating JDBC connection release from afterTransaction
11:49:30.910 [Test worker] DEBUG org.hibernate.resource.jdbc.internal.LogicalConnectionManagedImpl - Initiating JDBC connection release from afterTransaction
11:49:30.910 [Test worker] DEBUG org.hibernate.engine.jdbc.internal.JdbcCoordinatorImpl - HHH000420: Closing un-released batch
11:49:30.910 [Test worker] DEBUG org.hibernate.engine.transaction.internal.TransactionImpl - On TransactionImpl creation, JpaCompliance#isJpaTransactionComplianceEnabled == false
11:49:30.910 [Test worker] DEBUG org.hibernate.engine.transaction.internal.TransactionImpl - begin
11:49:30.910 [Test worker] DEBUG org.hibernate.engine.transaction.internal.TransactionImpl - committing
11:49:30.910 [Test worker] DEBUG org.hibernate.event.internal.AbstractFlushingEventListener - Processing flush-time cascades
11:49:30.910 [Test worker] DEBUG org.hibernate.event.internal.AbstractFlushingEventListener - Dirty checking collections
11:49:30.910 [Test worker] DEBUG org.hibernate.event.internal.AbstractFlushingEventListener - Flushed: 0 insertions, 0 updates, 1 deletions to 1 objects
11:49:30.910 [Test worker] DEBUG org.hibernate.event.internal.AbstractFlushingEventListener - Flushed: 0 (re)creations, 0 updates, 0 removals to 0 collections
11:49:30.910 [Test worker] DEBUG org.hibernate.internal.util.EntityPrinter - Listing entities:
11:49:30.910 [Test worker] DEBUG org.hibernate.internal.util.EntityPrinter - web_prak.java.classes.Register_place{storage_location=02 10 03, free=нет, place_id=520}
11:49:30.911 [Test worker] DEBUG org.hibernate.SQL - delete from register_place where place_id=?
Hibernate: delete from register_place where place_id=?
11:49:30.926 [Test worker] DEBUG org.hibernate.resource.jdbc.internal.LogicalConnectionManagedImpl - Initiating JDBC connection release from afterTransaction
11:49:30.926 [Test worker] DEBUG org.hibernate.resource.jdbc.internal.LogicalConnectionManagedImpl - Initiating JDBC connection release from afterTransaction
11:49:30.926 [Test worker] DEBUG org.hibernate.engine.jdbc.internal.JdbcCoordinatorImpl - HHH000420: Closing un-released batch
11:49:30.927 [Test worker] DEBUG org.hibernate.engine.transaction.internal.TransactionImpl - On TransactionImpl creation, JpaCompliance#isJpaTransactionComplianceEnabled == false
11:49:30.927 [Test worker] DEBUG org.hibernate.engine.transaction.internal.TransactionImpl - begin
11:49:30.927 [Test worker] DEBUG org.hibernate.engine.transaction.internal.TransactionImpl - committing
11:49:30.927 [Test worker] DEBUG org.hibernate.event.internal.AbstractFlushingEventListener - Processing flush-time cascades
11:49:30.927 [Test worker] DEBUG org.hibernate.event.internal.AbstractFlushingEventListener - Dirty checking collections
11:49:30.927 [Test worker] DEBUG org.hibernate.event.internal.AbstractFlushingEventListener - Flushed: 0 insertions, 0 updates, 1 deletions to 1 objects
11:49:30.927 [Test worker] DEBUG org.hibernate.event.internal.AbstractFlushingEventListener - Flushed: 0 (re)creations, 0 updates, 0 removals to 0 collections
11:49:30.927 [Test worker] DEBUG org.hibernate.internal.util.EntityPrinter - Listing entities:
11:49:30.928 [Test worker] DEBUG org.hibernate.internal.util.EntityPrinter - web_prak.java.classes.Deliveries{delivery_id=246, client_id=web_prak.java.classes.Clients#395, date_issue=2022-02-05, status=завершен}
11:49:30.928 [Test worker] DEBUG org.hibernate.SQL - delete from deliveries where delivery_id=?
Hibernate: delete from deliveries where delivery_id=?
11:49:30.943 [Test worker] DEBUG org.hibernate.resource.jdbc.internal.LogicalConnectionManagedImpl - Initiating JDBC connection release from afterTransaction
11:49:30.943 [Test worker] DEBUG org.hibernate.resource.jdbc.internal.LogicalConnectionManagedImpl - Initiating JDBC connection release from afterTransaction
11:49:30.943 [Test worker] DEBUG org.hibernate.engine.jdbc.internal.JdbcCoordinatorImpl - HHH000420: Closing un-released batch
11:49:30.944 [Test worker] DEBUG org.hibernate.engine.transaction.internal.TransactionImpl - On TransactionImpl creation, JpaCompliance#isJpaTransactionComplianceEnabled == false
11:49:30.944 [Test worker] DEBUG org.hibernate.engine.transaction.internal.TransactionImpl - begin
11:49:30.944 [Test worker] DEBUG org.hibernate.engine.transaction.internal.TransactionImpl - committing
11:49:30.944 [Test worker] DEBUG org.hibernate.event.internal.AbstractFlushingEventListener - Processing flush-time cascades
11:49:30.944 [Test worker] DEBUG org.hibernate.event.internal.AbstractFlushingEventListener - Dirty checking collections
11:49:30.944 [Test worker] DEBUG org.hibernate.event.internal.AbstractFlushingEventListener - Flushed: 0 insertions, 0 updates, 1 deletions to 1 objects
11:49:30.944 [Test worker] DEBUG org.hibernate.event.internal.AbstractFlushingEventListener - Flushed: 0 (re)creations, 0 updates, 0 removals to 0 collections
11:49:30.944 [Test worker] DEBUG org.hibernate.internal.util.EntityPrinter - Listing entities:
11:49:30.944 [Test worker] DEBUG org.hibernate.internal.util.EntityPrinter - web_prak.java.classes.Clients{address=Ярославское шоссе д26, contact=+7 (976) 130-93-80, client_name=Иван Иванов, client_id=395, email=cromaint0@go.com}
11:49:30.944 [Test worker] DEBUG org.hibernate.SQL - delete from clients where client_id=?
Hibernate: delete from clients where client_id=?
11:49:30.960 [Test worker] DEBUG org.hibernate.resource.jdbc.internal.LogicalConnectionManagedImpl - Initiating JDBC connection release from afterTransaction
11:49:30.960 [Test worker] DEBUG org.hibernate.resource.jdbc.internal.LogicalConnectionManagedImpl - Initiating JDBC connection release from afterTransaction
11:49:30.960 [Test worker] DEBUG org.hibernate.engine.jdbc.internal.JdbcCoordinatorImpl - HHH000420: Closing un-released batch
11:49:30.961 [Test worker] DEBUG org.hibernate.engine.transaction.internal.TransactionImpl - On TransactionImpl creation, JpaCompliance#isJpaTransactionComplianceEnabled == false
11:49:30.961 [Test worker] DEBUG org.hibernate.engine.transaction.internal.TransactionImpl - begin
11:49:30.961 [Test worker] DEBUG org.hibernate.engine.spi.ActionQueue - Executing identity-insert immediately
11:49:30.961 [Test worker] DEBUG org.hibernate.SQL - insert into register_place (free, storage_location) values (?, ?)
Hibernate: insert into register_place (free, storage_location) values (?, ?)
11:49:30.962 [Test worker] DEBUG org.hibernate.id.IdentifierGeneratorHelper - Natively generated identity: 521
11:49:30.962 [Test worker] DEBUG org.hibernate.resource.jdbc.internal.ResourceRegistryStandardImpl - HHH000387: ResultSet's statement was not registered
11:49:30.962 [Test worker] DEBUG org.hibernate.engine.transaction.internal.TransactionImpl - committing
11:49:30.962 [Test worker] DEBUG org.hibernate.event.internal.AbstractFlushingEventListener - Processing flush-time cascades
11:49:30.962 [Test worker] DEBUG org.hibernate.event.internal.AbstractFlushingEventListener - Dirty checking collections
11:49:30.962 [Test worker] DEBUG org.hibernate.event.internal.AbstractFlushingEventListener - Flushed: 0 insertions, 0 updates, 0 deletions to 1 objects
11:49:30.963 [Test worker] DEBUG org.hibernate.event.internal.AbstractFlushingEventListener - Flushed: 0 (re)creations, 0 updates, 0 removals to 0 collections
11:49:30.963 [Test worker] DEBUG org.hibernate.internal.util.EntityPrinter - Listing entities:
11:49:30.963 [Test worker] DEBUG org.hibernate.internal.util.EntityPrinter - web_prak.java.classes.Register_place{storage_location=02 10 03, free=нет, place_id=521}
11:49:30.977 [Test worker] DEBUG org.hibernate.resource.jdbc.internal.LogicalConnectionManagedImpl - Initiating JDBC connection release from afterTransaction
11:49:30.977 [Test worker] DEBUG org.hibernate.resource.jdbc.internal.LogicalConnectionManagedImpl - Initiating JDBC connection release from afterTransaction
11:49:30.977 [Test worker] DEBUG org.hibernate.engine.transaction.internal.TransactionImpl - On TransactionImpl creation, JpaCompliance#isJpaTransactionComplianceEnabled == false
11:49:30.977 [Test worker] DEBUG org.hibernate.engine.transaction.internal.TransactionImpl - begin
11:49:30.977 [Test worker] DEBUG org.hibernate.engine.spi.ActionQueue - Executing identity-insert immediately
11:49:30.977 [Test worker] DEBUG org.hibernate.SQL - insert into products (expiration_date_from, expiration_date_to, measure, place_id, product_name, quantity, type) values (?, ?, ?, ?, ?, ?, ?)
Hibernate: insert into products (expiration_date_from, expiration_date_to, measure, place_id, product_name, quantity, type) values (?, ?, ?, ?, ?, ?, ?)
11:49:30.978 [Test worker] DEBUG org.hibernate.id.IdentifierGeneratorHelper - Natively generated identity: 417
11:49:30.978 [Test worker] DEBUG org.hibernate.resource.jdbc.internal.ResourceRegistryStandardImpl - HHH000387: ResultSet's statement was not registered
11:49:30.978 [Test worker] DEBUG org.hibernate.engine.transaction.internal.TransactionImpl - committing
11:49:30.979 [Test worker] DEBUG org.hibernate.event.internal.AbstractFlushingEventListener - Processing flush-time cascades
11:49:30.979 [Test worker] DEBUG org.hibernate.event.internal.AbstractFlushingEventListener - Dirty checking collections
11:49:30.979 [Test worker] DEBUG org.hibernate.event.internal.AbstractFlushingEventListener - Flushed: 0 insertions, 0 updates, 0 deletions to 1 objects
11:49:30.979 [Test worker] DEBUG org.hibernate.event.internal.AbstractFlushingEventListener - Flushed: 0 (re)creations, 0 updates, 0 removals to 0 collections
11:49:30.979 [Test worker] DEBUG org.hibernate.internal.util.EntityPrinter - Listing entities:
11:49:30.979 [Test worker] DEBUG org.hibernate.internal.util.EntityPrinter - web_prak.java.classes.Products{measure=штук, quantity=5, expiration_date_to=2022-08-01, product_id=417, expiration_date_from=2021-08-01, type=Ноутбуки, product_name=Asus Rog Strix, place_id=web_prak.java.classes.Register_place#521}
11:49:30.993 [Test worker] DEBUG org.hibernate.resource.jdbc.internal.LogicalConnectionManagedImpl - Initiating JDBC connection release from afterTransaction
11:49:30.993 [Test worker] DEBUG org.hibernate.resource.jdbc.internal.LogicalConnectionManagedImpl - Initiating JDBC connection release from afterTransaction
11:49:30.993 [Test worker] DEBUG org.hibernate.engine.transaction.internal.TransactionImpl - On TransactionImpl creation, JpaCompliance#isJpaTransactionComplianceEnabled == false
11:49:30.993 [Test worker] DEBUG org.hibernate.engine.transaction.internal.TransactionImpl - begin
11:49:30.994 [Test worker] DEBUG org.hibernate.engine.spi.ActionQueue - Executing identity-insert immediately
11:49:30.994 [Test worker] DEBUG org.hibernate.SQL - insert into clients (address, client_name, contact, email) values (?, ?, ?, ?)
Hibernate: insert into clients (address, client_name, contact, email) values (?, ?, ?, ?)
11:49:30.994 [Test worker] DEBUG org.hibernate.id.IdentifierGeneratorHelper - Natively generated identity: 396
11:49:30.994 [Test worker] DEBUG org.hibernate.resource.jdbc.internal.ResourceRegistryStandardImpl - HHH000387: ResultSet's statement was not registered
11:49:30.995 [Test worker] DEBUG org.hibernate.engine.transaction.internal.TransactionImpl - committing
11:49:30.995 [Test worker] DEBUG org.hibernate.event.internal.AbstractFlushingEventListener - Processing flush-time cascades
11:49:30.995 [Test worker] DEBUG org.hibernate.event.internal.AbstractFlushingEventListener - Dirty checking collections
11:49:30.995 [Test worker] DEBUG org.hibernate.event.internal.AbstractFlushingEventListener - Flushed: 0 insertions, 0 updates, 0 deletions to 1 objects
11:49:30.995 [Test worker] DEBUG org.hibernate.event.internal.AbstractFlushingEventListener - Flushed: 0 (re)creations, 0 updates, 0 removals to 0 collections
11:49:30.995 [Test worker] DEBUG org.hibernate.internal.util.EntityPrinter - Listing entities:
11:49:30.995 [Test worker] DEBUG org.hibernate.internal.util.EntityPrinter - web_prak.java.classes.Clients{address=Ярославское шоссе д26, contact=+7 (976) 130-93-80, client_name=Иван Иванов, client_id=396, email=cromaint0@go.com}
11:49:31.010 [Test worker] DEBUG org.hibernate.resource.jdbc.internal.LogicalConnectionManagedImpl - Initiating JDBC connection release from afterTransaction
11:49:31.010 [Test worker] DEBUG org.hibernate.resource.jdbc.internal.LogicalConnectionManagedImpl - Initiating JDBC connection release from afterTransaction
11:49:31.011 [Test worker] DEBUG org.hibernate.engine.transaction.internal.TransactionImpl - On TransactionImpl creation, JpaCompliance#isJpaTransactionComplianceEnabled == false
11:49:31.011 [Test worker] DEBUG org.hibernate.engine.transaction.internal.TransactionImpl - begin
11:49:31.011 [Test worker] DEBUG org.hibernate.engine.spi.ActionQueue - Executing identity-insert immediately
11:49:31.011 [Test worker] DEBUG org.hibernate.SQL - insert into deliveries (client_id, date_issue, status) values (?, ?, ?)
Hibernate: insert into deliveries (client_id, date_issue, status) values (?, ?, ?)
11:49:31.012 [Test worker] DEBUG org.hibernate.id.IdentifierGeneratorHelper - Natively generated identity: 247
11:49:31.012 [Test worker] DEBUG org.hibernate.resource.jdbc.internal.ResourceRegistryStandardImpl - HHH000387: ResultSet's statement was not registered
11:49:31.012 [Test worker] DEBUG org.hibernate.engine.transaction.internal.TransactionImpl - committing
11:49:31.012 [Test worker] DEBUG org.hibernate.event.internal.AbstractFlushingEventListener - Processing flush-time cascades
11:49:31.012 [Test worker] DEBUG org.hibernate.event.internal.AbstractFlushingEventListener - Dirty checking collections
11:49:31.012 [Test worker] DEBUG org.hibernate.event.internal.AbstractFlushingEventListener - Flushed: 0 insertions, 0 updates, 0 deletions to 1 objects
11:49:31.012 [Test worker] DEBUG org.hibernate.event.internal.AbstractFlushingEventListener - Flushed: 0 (re)creations, 0 updates, 0 removals to 0 collections
11:49:31.012 [Test worker] DEBUG org.hibernate.internal.util.EntityPrinter - Listing entities:
11:49:31.012 [Test worker] DEBUG org.hibernate.internal.util.EntityPrinter - web_prak.java.classes.Deliveries{delivery_id=247, client_id=web_prak.java.classes.Clients#396, date_issue=2022-02-05, status=завершен}
11:49:31.027 [Test worker] DEBUG org.hibernate.resource.jdbc.internal.LogicalConnectionManagedImpl - Initiating JDBC connection release from afterTransaction
11:49:31.027 [Test worker] DEBUG org.hibernate.resource.jdbc.internal.LogicalConnectionManagedImpl - Initiating JDBC connection release from afterTransaction
11:49:31.027 [Test worker] DEBUG org.hibernate.engine.transaction.internal.TransactionImpl - On TransactionImpl creation, JpaCompliance#isJpaTransactionComplianceEnabled == false
11:49:31.027 [Test worker] DEBUG org.hibernate.engine.transaction.internal.TransactionImpl - begin
11:49:31.027 [Test worker] DEBUG org.hibernate.engine.spi.ActionQueue - Executing identity-insert immediately
11:49:31.027 [Test worker] DEBUG org.hibernate.SQL - insert into deliveries_list (delivery_id, product_id, quantity) values (?, ?, ?)
Hibernate: insert into deliveries_list (delivery_id, product_id, quantity) values (?, ?, ?)
11:49:31.028 [Test worker] DEBUG org.hibernate.id.IdentifierGeneratorHelper - Natively generated identity: 165
11:49:31.028 [Test worker] DEBUG org.hibernate.resource.jdbc.internal.ResourceRegistryStandardImpl - HHH000387: ResultSet's statement was not registered
11:49:31.028 [Test worker] DEBUG org.hibernate.engine.transaction.internal.TransactionImpl - committing
11:49:31.028 [Test worker] DEBUG org.hibernate.event.internal.AbstractFlushingEventListener - Processing flush-time cascades
11:49:31.029 [Test worker] DEBUG org.hibernate.event.internal.AbstractFlushingEventListener - Dirty checking collections
11:49:31.029 [Test worker] DEBUG org.hibernate.event.internal.AbstractFlushingEventListener - Flushed: 0 insertions, 0 updates, 0 deletions to 1 objects
11:49:31.029 [Test worker] DEBUG org.hibernate.event.internal.AbstractFlushingEventListener - Flushed: 0 (re)creations, 0 updates, 0 removals to 0 collections
11:49:31.029 [Test worker] DEBUG org.hibernate.internal.util.EntityPrinter - Listing entities:
11:49:31.029 [Test worker] DEBUG org.hibernate.internal.util.EntityPrinter - web_prak.java.classes.Deliveries_list{deliveries_list_id=165, quantity=5, delivery_id=web_prak.java.classes.Deliveries#247, product_id=web_prak.java.classes.Products#417}
11:49:31.044 [Test worker] DEBUG org.hibernate.resource.jdbc.internal.LogicalConnectionManagedImpl - Initiating JDBC connection release from afterTransaction
11:49:31.044 [Test worker] DEBUG org.hibernate.resource.jdbc.internal.LogicalConnectionManagedImpl - Initiating JDBC connection release from afterTransaction
11:49:31.044 [Test worker] DEBUG org.hibernate.engine.transaction.internal.TransactionImpl - On TransactionImpl creation, JpaCompliance#isJpaTransactionComplianceEnabled == false
11:49:31.044 [Test worker] DEBUG org.hibernate.engine.transaction.internal.TransactionImpl - begin
11:49:31.045 [Test worker] DEBUG org.hibernate.engine.spi.ActionQueue - Executing identity-insert immediately
11:49:31.045 [Test worker] DEBUG org.hibernate.SQL - insert into deliveries_list (delivery_id, product_id, quantity) values (?, ?, ?)
Hibernate: insert into deliveries_list (delivery_id, product_id, quantity) values (?, ?, ?)
11:49:31.046 [Test worker] DEBUG org.hibernate.id.IdentifierGeneratorHelper - Natively generated identity: 166
11:49:31.046 [Test worker] DEBUG org.hibernate.resource.jdbc.internal.ResourceRegistryStandardImpl - HHH000387: ResultSet's statement was not registered
11:49:31.047 [Test worker] DEBUG org.hibernate.engine.transaction.internal.TransactionImpl - committing
11:49:31.047 [Test worker] DEBUG org.hibernate.event.internal.AbstractFlushingEventListener - Processing flush-time cascades
11:49:31.047 [Test worker] DEBUG org.hibernate.event.internal.AbstractFlushingEventListener - Dirty checking collections
11:49:31.047 [Test worker] DEBUG org.hibernate.event.internal.AbstractFlushingEventListener - Flushed: 0 insertions, 0 updates, 0 deletions to 1 objects
11:49:31.047 [Test worker] DEBUG org.hibernate.event.internal.AbstractFlushingEventListener - Flushed: 0 (re)creations, 0 updates, 0 removals to 0 collections
11:49:31.047 [Test worker] DEBUG org.hibernate.internal.util.EntityPrinter - Listing entities:
11:49:31.047 [Test worker] DEBUG org.hibernate.internal.util.EntityPrinter - web_prak.java.classes.Deliveries_list{deliveries_list_id=166, quantity=5, delivery_id=web_prak.java.classes.Deliveries#247, product_id=web_prak.java.classes.Products#417}
11:49:31.060 [Test worker] DEBUG org.hibernate.resource.jdbc.internal.LogicalConnectionManagedImpl - Initiating JDBC connection release from afterTransaction
11:49:31.061 [Test worker] DEBUG org.hibernate.resource.jdbc.internal.LogicalConnectionManagedImpl - Initiating JDBC connection release from afterTransaction
11:49:31.061 [Test worker] DEBUG org.hibernate.query.criteria.internal.CriteriaQueryImpl - Rendered criteria query -> select generatedAlias0 from Deliveries_list as generatedAlias0
11:49:31.062 [Test worker] DEBUG org.hibernate.hql.internal.ast.QueryTranslatorImpl - parse() - HQL: select generatedAlias0 from web_prak.java.classes.Deliveries_list as generatedAlias0
11:49:31.063 [Test worker] DEBUG org.hibernate.hql.internal.ast.ErrorTracker - throwQueryException() : no errors
11:49:31.063 [Test worker] DEBUG org.hibernate.hql.internal.ast.QueryTranslatorImpl - --- HQL AST ---
 \-[QUERY] Node: 'query'
    \-[SELECT_FROM] Node: 'SELECT_FROM'
       +-[FROM] Node: 'from'
       |  \-[RANGE] Node: 'RANGE'
       |     +-[DOT] Node: '.'
       |     |  +-[DOT] Node: '.'
       |     |  |  +-[DOT] Node: '.'
       |     |  |  |  +-[IDENT] Node: 'web_prak'
       |     |  |  |  \-[IDENT] Node: 'java'
       |     |  |  \-[IDENT] Node: 'classes'
       |     |  \-[IDENT] Node: 'Deliveries_list'
       |     \-[ALIAS] Node: 'generatedAlias0'
       \-[SELECT] Node: 'select'
          \-[IDENT] Node: 'generatedAlias0'

11:49:31.064 [Test worker] DEBUG org.hibernate.hql.internal.antlr.HqlSqlBaseWalker - select << begin [level=1, statement=select]
11:49:31.064 [Test worker] DEBUG org.hibernate.hql.internal.ast.tree.FromElement - FromClause{level=1} : web_prak.java.classes.Deliveries_list (generatedAlias0) -> deliveries0_
11:49:31.064 [Test worker] DEBUG org.hibernate.hql.internal.ast.tree.FromReferenceNode - Resolved : generatedAlias0 -> deliveries0_.deliveries_list_id
11:49:31.064 [Test worker] DEBUG org.hibernate.hql.internal.antlr.HqlSqlBaseWalker - select : finishing up [level=1, statement=select]
11:49:31.064 [Test worker] DEBUG org.hibernate.hql.internal.ast.HqlSqlWalker - processQuery() :  ( SELECT ( {select clause} deliveries0_.deliveries_list_id ) ( FromClause{level=1} deliveries_list deliveries0_ ) )
11:49:31.065 [Test worker] DEBUG org.hibernate.hql.internal.ast.util.JoinProcessor - Tables referenced from query nodes:
 \-QueryNode
    +-SelectClause
    | referencedTables(entity Deliveries_list): [deliveries_list]
    |  +-IdentNode
    |  | persister: SingleTableEntityPersister(web_prak.java.classes.Deliveries_list)
    |  | originalText: generatedAlias0
    |  \-SqlFragment
    \-FromClause
       \-FromElement

11:49:31.065 [Test worker] DEBUG org.hibernate.hql.internal.ast.util.JoinProcessor - Using FROM fragment [deliveries_list deliveries0_]
11:49:31.065 [Test worker] DEBUG org.hibernate.hql.internal.antlr.HqlSqlBaseWalker - select >> end [level=1, statement=select]
11:49:31.065 [Test worker] DEBUG org.hibernate.hql.internal.ast.QueryTranslatorImpl - --- SQL AST ---
 \-[SELECT] QueryNode: 'SELECT'  querySpaces (deliveries_list)
    +-[SELECT_CLAUSE] SelectClause: '{select clause}'
    |  +-[ALIAS_REF] IdentNode: 'deliveries0_.deliveries_list_id as deliveri1_2_' {alias=generatedAlias0, className=web_prak.java.classes.Deliveries_list, tableAlias=deliveries0_}
    |  \-[SQL_TOKEN] SqlFragment: 'deliveries0_.delivery_id as delivery3_2_, deliveries0_.product_id as product_4_2_, deliveries0_.quantity as quantity2_2_'
    \-[FROM] FromClause: 'from' FromClause{level=1, fromElementCounter=1, fromElements=1, fromElementByClassAlias=[generatedAlias0], fromElementByTableAlias=[deliveries0_], fromElementsByPath=[], collectionJoinFromElementsByPath=[], impliedElements=[]}
       \-[FROM_FRAGMENT] FromElement: 'deliveries_list deliveries0_' FromElement{explicit,not a collection join,not a fetch join,fetch non-lazy properties,classAlias=generatedAlias0,role=null,tableName=deliveries_list,tableAlias=deliveries0_,origin=null,columns={,className=web_prak.java.classes.Deliveries_list}}

11:49:31.065 [Test worker] DEBUG org.hibernate.hql.internal.ast.ErrorTracker - throwQueryException() : no errors
11:49:31.066 [Test worker] DEBUG org.hibernate.hql.internal.ast.QueryTranslatorImpl - HQL: select generatedAlias0 from web_prak.java.classes.Deliveries_list as generatedAlias0
11:49:31.066 [Test worker] DEBUG org.hibernate.hql.internal.ast.QueryTranslatorImpl - SQL: select deliveries0_.deliveries_list_id as deliveri1_2_, deliveries0_.delivery_id as delivery3_2_, deliveries0_.product_id as product_4_2_, deliveries0_.quantity as quantity2_2_ from deliveries_list deliveries0_
11:49:31.066 [Test worker] DEBUG org.hibernate.hql.internal.ast.ErrorTracker - throwQueryException() : no errors
11:49:31.066 [Test worker] DEBUG org.hibernate.SQL - select deliveries0_.deliveries_list_id as deliveri1_2_, deliveries0_.delivery_id as delivery3_2_, deliveries0_.product_id as product_4_2_, deliveries0_.quantity as quantity2_2_ from deliveries_list deliveries0_
Hibernate: select deliveries0_.deliveries_list_id as deliveri1_2_, deliveries0_.delivery_id as delivery3_2_, deliveries0_.product_id as product_4_2_, deliveries0_.quantity as quantity2_2_ from deliveries_list deliveries0_
11:49:31.067 [Test worker] DEBUG org.hibernate.loader.Loader - Result set row: 0
11:49:31.067 [Test worker] DEBUG org.hibernate.loader.Loader - Result row: EntityKey[web_prak.java.classes.Deliveries_list#165]
11:49:31.068 [Test worker] DEBUG org.hibernate.loader.Loader - Result set row: 1
11:49:31.068 [Test worker] DEBUG org.hibernate.loader.Loader - Result row: EntityKey[web_prak.java.classes.Deliveries_list#166]
11:49:31.068 [Test worker] DEBUG org.hibernate.engine.internal.TwoPhaseLoad - Resolving attributes for [web_prak.java.classes.Deliveries_list#165]
11:49:31.068 [Test worker] DEBUG org.hibernate.engine.internal.TwoPhaseLoad - Processing attribute `delivery_id` : value = 247
11:49:31.068 [Test worker] DEBUG org.hibernate.engine.internal.TwoPhaseLoad - Attribute (`delivery_id`)  - enhanced for lazy-loading? - false
11:49:31.068 [Test worker] DEBUG org.hibernate.SQL - select deliveries0_.delivery_id as delivery1_1_0_, deliveries0_.client_id as client_i4_1_0_, deliveries0_.date_issue as date_iss2_1_0_, deliveries0_.status as status3_1_0_, clients1_.client_id as client_i1_0_1_, clients1_.address as address2_0_1_, clients1_.client_name as client_n3_0_1_, clients1_.contact as contact4_0_1_, clients1_.email as email5_0_1_ from deliveries deliveries0_ left outer join clients clients1_ on deliveries0_.client_id=clients1_.client_id where deliveries0_.delivery_id=?
Hibernate: select deliveries0_.delivery_id as delivery1_1_0_, deliveries0_.client_id as client_i4_1_0_, deliveries0_.date_issue as date_iss2_1_0_, deliveries0_.status as status3_1_0_, clients1_.client_id as client_i1_0_1_, clients1_.address as address2_0_1_, clients1_.client_name as client_n3_0_1_, clients1_.contact as contact4_0_1_, clients1_.email as email5_0_1_ from deliveries deliveries0_ left outer join clients clients1_ on deliveries0_.client_id=clients1_.client_id where deliveries0_.delivery_id=?
11:49:31.070 [Test worker] DEBUG org.hibernate.loader.plan.exec.process.internal.EntityReferenceInitializerImpl - On call to EntityIdentifierReaderImpl#resolve, EntityKey was already known; should only happen on root returns with an optional identifier specified
11:49:31.070 [Test worker] DEBUG org.hibernate.engine.internal.TwoPhaseLoad - Resolving attributes for [web_prak.java.classes.Deliveries#247]
11:49:31.070 [Test worker] DEBUG org.hibernate.engine.internal.TwoPhaseLoad - Processing attribute `client_id` : value = 396
11:49:31.070 [Test worker] DEBUG org.hibernate.engine.internal.TwoPhaseLoad - Attribute (`client_id`)  - enhanced for lazy-loading? - false
11:49:31.071 [Test worker] DEBUG org.hibernate.engine.internal.TwoPhaseLoad - Processing attribute `date_issue` : value = 2022-02-05
11:49:31.071 [Test worker] DEBUG org.hibernate.engine.internal.TwoPhaseLoad - Attribute (`date_issue`)  - enhanced for lazy-loading? - false
11:49:31.071 [Test worker] DEBUG org.hibernate.engine.internal.TwoPhaseLoad - Processing attribute `status` : value = завершен
11:49:31.071 [Test worker] DEBUG org.hibernate.engine.internal.TwoPhaseLoad - Attribute (`status`)  - enhanced for lazy-loading? - false
11:49:31.071 [Test worker] DEBUG org.hibernate.engine.internal.TwoPhaseLoad - Done materializing entity [web_prak.java.classes.Deliveries#247]
11:49:31.071 [Test worker] DEBUG org.hibernate.engine.internal.TwoPhaseLoad - Resolving attributes for [web_prak.java.classes.Clients#396]
11:49:31.071 [Test worker] DEBUG org.hibernate.engine.internal.TwoPhaseLoad - Processing attribute `address` : value = Ярославское шоссе д26
11:49:31.071 [Test worker] DEBUG org.hibernate.engine.internal.TwoPhaseLoad - Attribute (`address`)  - enhanced for lazy-loading? - false
11:49:31.071 [Test worker] DEBUG org.hibernate.engine.internal.TwoPhaseLoad - Processing attribute `client_name` : value = Иван Иванов
11:49:31.071 [Test worker] DEBUG org.hibernate.engine.internal.TwoPhaseLoad - Attribute (`client_name`)  - enhanced for lazy-loading? - false
11:49:31.071 [Test worker] DEBUG org.hibernate.engine.internal.TwoPhaseLoad - Processing attribute `contact` : value = +7 (976) 130-93-80
11:49:31.071 [Test worker] DEBUG org.hibernate.engine.internal.TwoPhaseLoad - Attribute (`contact`)  - enhanced for lazy-loading? - false
11:49:31.071 [Test worker] DEBUG org.hibernate.engine.internal.TwoPhaseLoad - Processing attribute `email` : value = cromaint0@go.com
11:49:31.071 [Test worker] DEBUG org.hibernate.engine.internal.TwoPhaseLoad - Attribute (`email`)  - enhanced for lazy-loading? - false
11:49:31.071 [Test worker] DEBUG org.hibernate.engine.internal.TwoPhaseLoad - Done materializing entity [web_prak.java.classes.Clients#396]
11:49:31.071 [Test worker] DEBUG org.hibernate.loader.entity.plan.AbstractLoadPlanBasedEntityLoader - Done entity load : web_prak.java.classes.Deliveries#247
11:49:31.071 [Test worker] DEBUG org.hibernate.engine.internal.TwoPhaseLoad - Processing attribute `product_id` : value = 417
11:49:31.071 [Test worker] DEBUG org.hibernate.engine.internal.TwoPhaseLoad - Attribute (`product_id`)  - enhanced for lazy-loading? - false
11:49:31.072 [Test worker] DEBUG org.hibernate.SQL - select products0_.product_id as product_1_3_0_, products0_.expiration_date_from as expirati2_3_0_, products0_.expiration_date_to as expirati3_3_0_, products0_.measure as measure4_3_0_, products0_.place_id as place_id8_3_0_, products0_.product_name as product_5_3_0_, products0_.quantity as quantity6_3_0_, products0_.type as type7_3_0_, register_p1_.place_id as place_id1_4_1_, register_p1_.free as free2_4_1_, register_p1_.storage_location as storage_3_4_1_ from products products0_ left outer join register_place register_p1_ on products0_.place_id=register_p1_.place_id where products0_.product_id=?
Hibernate: select products0_.product_id as product_1_3_0_, products0_.expiration_date_from as expirati2_3_0_, products0_.expiration_date_to as expirati3_3_0_, products0_.measure as measure4_3_0_, products0_.place_id as place_id8_3_0_, products0_.product_name as product_5_3_0_, products0_.quantity as quantity6_3_0_, products0_.type as type7_3_0_, register_p1_.place_id as place_id1_4_1_, register_p1_.free as free2_4_1_, register_p1_.storage_location as storage_3_4_1_ from products products0_ left outer join register_place register_p1_ on products0_.place_id=register_p1_.place_id where products0_.product_id=?
11:49:31.074 [Test worker] DEBUG org.hibernate.loader.plan.exec.process.internal.EntityReferenceInitializerImpl - On call to EntityIdentifierReaderImpl#resolve, EntityKey was already known; should only happen on root returns with an optional identifier specified
11:49:31.075 [Test worker] DEBUG org.hibernate.engine.internal.TwoPhaseLoad - Resolving attributes for [web_prak.java.classes.Products#417]
11:49:31.075 [Test worker] DEBUG org.hibernate.engine.internal.TwoPhaseLoad - Processing attribute `expiration_date_from` : value = 2021-08-01
11:49:31.075 [Test worker] DEBUG org.hibernate.engine.internal.TwoPhaseLoad - Attribute (`expiration_date_from`)  - enhanced for lazy-loading? - false
11:49:31.075 [Test worker] DEBUG org.hibernate.engine.internal.TwoPhaseLoad - Processing attribute `expiration_date_to` : value = 2022-08-01
11:49:31.075 [Test worker] DEBUG org.hibernate.engine.internal.TwoPhaseLoad - Attribute (`expiration_date_to`)  - enhanced for lazy-loading? - false
11:49:31.075 [Test worker] DEBUG org.hibernate.engine.internal.TwoPhaseLoad - Processing attribute `measure` : value = штук
11:49:31.075 [Test worker] DEBUG org.hibernate.engine.internal.TwoPhaseLoad - Attribute (`measure`)  - enhanced for lazy-loading? - false
11:49:31.075 [Test worker] DEBUG org.hibernate.engine.internal.TwoPhaseLoad - Processing attribute `place_id` : value = 521
11:49:31.075 [Test worker] DEBUG org.hibernate.engine.internal.TwoPhaseLoad - Attribute (`place_id`)  - enhanced for lazy-loading? - false
11:49:31.075 [Test worker] DEBUG org.hibernate.engine.internal.TwoPhaseLoad - Processing attribute `product_name` : value = Asus Rog Strix
11:49:31.075 [Test worker] DEBUG org.hibernate.engine.internal.TwoPhaseLoad - Attribute (`product_name`)  - enhanced for lazy-loading? - false
11:49:31.075 [Test worker] DEBUG org.hibernate.engine.internal.TwoPhaseLoad - Processing attribute `quantity` : value = 5
11:49:31.075 [Test worker] DEBUG org.hibernate.engine.internal.TwoPhaseLoad - Attribute (`quantity`)  - enhanced for lazy-loading? - false
11:49:31.075 [Test worker] DEBUG org.hibernate.engine.internal.TwoPhaseLoad - Processing attribute `type` : value = Ноутбуки
11:49:31.075 [Test worker] DEBUG org.hibernate.engine.internal.TwoPhaseLoad - Attribute (`type`)  - enhanced for lazy-loading? - false
11:49:31.075 [Test worker] DEBUG org.hibernate.engine.internal.TwoPhaseLoad - Done materializing entity [web_prak.java.classes.Products#417]
11:49:31.075 [Test worker] DEBUG org.hibernate.engine.internal.TwoPhaseLoad - Resolving attributes for [web_prak.java.classes.Register_place#521]
11:49:31.075 [Test worker] DEBUG org.hibernate.engine.internal.TwoPhaseLoad - Processing attribute `free` : value = нет
11:49:31.075 [Test worker] DEBUG org.hibernate.engine.internal.TwoPhaseLoad - Attribute (`free`)  - enhanced for lazy-loading? - false
11:49:31.075 [Test worker] DEBUG org.hibernate.engine.internal.TwoPhaseLoad - Processing attribute `storage_location` : value = 02 10 03
11:49:31.075 [Test worker] DEBUG org.hibernate.engine.internal.TwoPhaseLoad - Attribute (`storage_location`)  - enhanced for lazy-loading? - false
11:49:31.075 [Test worker] DEBUG org.hibernate.engine.internal.TwoPhaseLoad - Done materializing entity [web_prak.java.classes.Register_place#521]
11:49:31.076 [Test worker] DEBUG org.hibernate.loader.entity.plan.AbstractLoadPlanBasedEntityLoader - Done entity load : web_prak.java.classes.Products#417
11:49:31.076 [Test worker] DEBUG org.hibernate.engine.internal.TwoPhaseLoad - Processing attribute `quantity` : value = 5
11:49:31.076 [Test worker] DEBUG org.hibernate.engine.internal.TwoPhaseLoad - Attribute (`quantity`)  - enhanced for lazy-loading? - false
11:49:31.076 [Test worker] DEBUG org.hibernate.engine.internal.TwoPhaseLoad - Done materializing entity [web_prak.java.classes.Deliveries_list#165]
11:49:31.076 [Test worker] DEBUG org.hibernate.engine.internal.TwoPhaseLoad - Resolving attributes for [web_prak.java.classes.Deliveries_list#166]
11:49:31.076 [Test worker] DEBUG org.hibernate.engine.internal.TwoPhaseLoad - Processing attribute `delivery_id` : value = 247
11:49:31.076 [Test worker] DEBUG org.hibernate.engine.internal.TwoPhaseLoad - Attribute (`delivery_id`)  - enhanced for lazy-loading? - false
11:49:31.076 [Test worker] DEBUG org.hibernate.engine.internal.TwoPhaseLoad - Processing attribute `product_id` : value = 417
11:49:31.076 [Test worker] DEBUG org.hibernate.engine.internal.TwoPhaseLoad - Attribute (`product_id`)  - enhanced for lazy-loading? - false
11:49:31.076 [Test worker] DEBUG org.hibernate.engine.internal.TwoPhaseLoad - Processing attribute `quantity` : value = 5
11:49:31.076 [Test worker] DEBUG org.hibernate.engine.internal.TwoPhaseLoad - Attribute (`quantity`)  - enhanced for lazy-loading? - false
11:49:31.076 [Test worker] DEBUG org.hibernate.engine.internal.TwoPhaseLoad - Done materializing entity [web_prak.java.classes.Deliveries_list#166]
11:49:31.076 [Test worker] DEBUG org.hibernate.resource.jdbc.internal.LogicalConnectionManagedImpl - Initiating JDBC connection release from afterTransaction
11:49:31.096 [Test worker] DEBUG org.hibernate.engine.transaction.internal.TransactionImpl - On TransactionImpl creation, JpaCompliance#isJpaTransactionComplianceEnabled == false
11:49:31.096 [Test worker] DEBUG org.hibernate.engine.transaction.internal.TransactionImpl - begin
11:49:31.097 [Test worker] DEBUG org.hibernate.engine.transaction.internal.TransactionImpl - committing
11:49:31.097 [Test worker] DEBUG org.hibernate.event.internal.AbstractFlushingEventListener - Processing flush-time cascades
11:49:31.097 [Test worker] DEBUG org.hibernate.event.internal.AbstractFlushingEventListener - Dirty checking collections
11:49:31.097 [Test worker] DEBUG org.hibernate.event.internal.AbstractFlushingEventListener - Flushed: 0 insertions, 0 updates, 1 deletions to 1 objects
11:49:31.097 [Test worker] DEBUG org.hibernate.event.internal.AbstractFlushingEventListener - Flushed: 0 (re)creations, 0 updates, 0 removals to 0 collections
11:49:31.097 [Test worker] DEBUG org.hibernate.internal.util.EntityPrinter - Listing entities:
11:49:31.097 [Test worker] DEBUG org.hibernate.internal.util.EntityPrinter - web_prak.java.classes.Deliveries_list{deliveries_list_id=165, quantity=5, delivery_id=web_prak.java.classes.Deliveries#247, product_id=web_prak.java.classes.Products#417}
11:49:31.097 [Test worker] DEBUG org.hibernate.SQL - delete from deliveries_list where deliveries_list_id=?
Hibernate: delete from deliveries_list where deliveries_list_id=?
11:49:31.111 [Test worker] DEBUG org.hibernate.resource.jdbc.internal.LogicalConnectionManagedImpl - Initiating JDBC connection release from afterTransaction
11:49:31.111 [Test worker] DEBUG org.hibernate.resource.jdbc.internal.LogicalConnectionManagedImpl - Initiating JDBC connection release from afterTransaction
11:49:31.111 [Test worker] DEBUG org.hibernate.engine.jdbc.internal.JdbcCoordinatorImpl - HHH000420: Closing un-released batch
11:49:31.111 [Test worker] DEBUG org.hibernate.engine.transaction.internal.TransactionImpl - On TransactionImpl creation, JpaCompliance#isJpaTransactionComplianceEnabled == false
11:49:31.111 [Test worker] DEBUG org.hibernate.engine.transaction.internal.TransactionImpl - begin
11:49:31.112 [Test worker] DEBUG org.hibernate.engine.transaction.internal.TransactionImpl - committing
11:49:31.112 [Test worker] DEBUG org.hibernate.event.internal.AbstractFlushingEventListener - Processing flush-time cascades
11:49:31.112 [Test worker] DEBUG org.hibernate.event.internal.AbstractFlushingEventListener - Dirty checking collections
11:49:31.112 [Test worker] DEBUG org.hibernate.event.internal.AbstractFlushingEventListener - Flushed: 0 insertions, 0 updates, 1 deletions to 1 objects
11:49:31.112 [Test worker] DEBUG org.hibernate.event.internal.AbstractFlushingEventListener - Flushed: 0 (re)creations, 0 updates, 0 removals to 0 collections
11:49:31.112 [Test worker] DEBUG org.hibernate.internal.util.EntityPrinter - Listing entities:
11:49:31.112 [Test worker] DEBUG org.hibernate.internal.util.EntityPrinter - web_prak.java.classes.Deliveries_list{deliveries_list_id=166, quantity=5, delivery_id=web_prak.java.classes.Deliveries#247, product_id=web_prak.java.classes.Products#417}
11:49:31.112 [Test worker] DEBUG org.hibernate.SQL - delete from deliveries_list where deliveries_list_id=?
Hibernate: delete from deliveries_list where deliveries_list_id=?
11:49:31.127 [Test worker] DEBUG org.hibernate.resource.jdbc.internal.LogicalConnectionManagedImpl - Initiating JDBC connection release from afterTransaction
11:49:31.127 [Test worker] DEBUG org.hibernate.resource.jdbc.internal.LogicalConnectionManagedImpl - Initiating JDBC connection release from afterTransaction
11:49:31.127 [Test worker] DEBUG org.hibernate.engine.jdbc.internal.JdbcCoordinatorImpl - HHH000420: Closing un-released batch
11:49:31.127 [Test worker] DEBUG org.hibernate.engine.transaction.internal.TransactionImpl - On TransactionImpl creation, JpaCompliance#isJpaTransactionComplianceEnabled == false
11:49:31.127 [Test worker] DEBUG org.hibernate.engine.transaction.internal.TransactionImpl - begin
11:49:31.127 [Test worker] DEBUG org.hibernate.engine.transaction.internal.TransactionImpl - committing
11:49:31.128 [Test worker] DEBUG org.hibernate.event.internal.AbstractFlushingEventListener - Processing flush-time cascades
11:49:31.128 [Test worker] DEBUG org.hibernate.event.internal.AbstractFlushingEventListener - Dirty checking collections
11:49:31.128 [Test worker] DEBUG org.hibernate.event.internal.AbstractFlushingEventListener - Flushed: 0 insertions, 0 updates, 1 deletions to 1 objects
11:49:31.128 [Test worker] DEBUG org.hibernate.event.internal.AbstractFlushingEventListener - Flushed: 0 (re)creations, 0 updates, 0 removals to 0 collections
11:49:31.128 [Test worker] DEBUG org.hibernate.internal.util.EntityPrinter - Listing entities:
11:49:31.128 [Test worker] DEBUG org.hibernate.internal.util.EntityPrinter - web_prak.java.classes.Products{measure=штук, quantity=5, expiration_date_to=2022-08-01, product_id=417, expiration_date_from=2021-08-01, type=Ноутбуки, product_name=Asus Rog Strix, place_id=web_prak.java.classes.Register_place#521}
11:49:31.128 [Test worker] DEBUG org.hibernate.SQL - delete from products where product_id=?
Hibernate: delete from products where product_id=?
11:49:31.144 [Test worker] DEBUG org.hibernate.resource.jdbc.internal.LogicalConnectionManagedImpl - Initiating JDBC connection release from afterTransaction
11:49:31.144 [Test worker] DEBUG org.hibernate.resource.jdbc.internal.LogicalConnectionManagedImpl - Initiating JDBC connection release from afterTransaction
11:49:31.144 [Test worker] DEBUG org.hibernate.engine.jdbc.internal.JdbcCoordinatorImpl - HHH000420: Closing un-released batch
11:49:31.144 [Test worker] DEBUG org.hibernate.engine.transaction.internal.TransactionImpl - On TransactionImpl creation, JpaCompliance#isJpaTransactionComplianceEnabled == false
11:49:31.144 [Test worker] DEBUG org.hibernate.engine.transaction.internal.TransactionImpl - begin
11:49:31.145 [Test worker] DEBUG org.hibernate.engine.transaction.internal.TransactionImpl - committing
11:49:31.145 [Test worker] DEBUG org.hibernate.event.internal.AbstractFlushingEventListener - Processing flush-time cascades
11:49:31.145 [Test worker] DEBUG org.hibernate.event.internal.AbstractFlushingEventListener - Dirty checking collections
11:49:31.145 [Test worker] DEBUG org.hibernate.event.internal.AbstractFlushingEventListener - Flushed: 0 insertions, 0 updates, 1 deletions to 1 objects
11:49:31.145 [Test worker] DEBUG org.hibernate.event.internal.AbstractFlushingEventListener - Flushed: 0 (re)creations, 0 updates, 0 removals to 0 collections
11:49:31.145 [Test worker] DEBUG org.hibernate.internal.util.EntityPrinter - Listing entities:
11:49:31.145 [Test worker] DEBUG org.hibernate.internal.util.EntityPrinter - web_prak.java.classes.Register_place{storage_location=02 10 03, free=нет, place_id=521}
11:49:31.145 [Test worker] DEBUG org.hibernate.SQL - delete from register_place where place_id=?
Hibernate: delete from register_place where place_id=?
11:49:31.160 [Test worker] DEBUG org.hibernate.resource.jdbc.internal.LogicalConnectionManagedImpl - Initiating JDBC connection release from afterTransaction
11:49:31.161 [Test worker] DEBUG org.hibernate.resource.jdbc.internal.LogicalConnectionManagedImpl - Initiating JDBC connection release from afterTransaction
11:49:31.161 [Test worker] DEBUG org.hibernate.engine.jdbc.internal.JdbcCoordinatorImpl - HHH000420: Closing un-released batch
11:49:31.161 [Test worker] DEBUG org.hibernate.engine.transaction.internal.TransactionImpl - On TransactionImpl creation, JpaCompliance#isJpaTransactionComplianceEnabled == false
11:49:31.161 [Test worker] DEBUG org.hibernate.engine.transaction.internal.TransactionImpl - begin
11:49:31.161 [Test worker] DEBUG org.hibernate.engine.transaction.internal.TransactionImpl - committing
11:49:31.161 [Test worker] DEBUG org.hibernate.event.internal.AbstractFlushingEventListener - Processing flush-time cascades
11:49:31.161 [Test worker] DEBUG org.hibernate.event.internal.AbstractFlushingEventListener - Dirty checking collections
11:49:31.161 [Test worker] DEBUG org.hibernate.event.internal.AbstractFlushingEventListener - Flushed: 0 insertions, 0 updates, 1 deletions to 1 objects
11:49:31.161 [Test worker] DEBUG org.hibernate.event.internal.AbstractFlushingEventListener - Flushed: 0 (re)creations, 0 updates, 0 removals to 0 collections
11:49:31.161 [Test worker] DEBUG org.hibernate.internal.util.EntityPrinter - Listing entities:
11:49:31.161 [Test worker] DEBUG org.hibernate.internal.util.EntityPrinter - web_prak.java.classes.Deliveries{delivery_id=247, client_id=web_prak.java.classes.Clients#396, date_issue=2022-02-05, status=завершен}
11:49:31.162 [Test worker] DEBUG org.hibernate.SQL - delete from deliveries where delivery_id=?
Hibernate: delete from deliveries where delivery_id=?
11:49:31.178 [Test worker] DEBUG org.hibernate.resource.jdbc.internal.LogicalConnectionManagedImpl - Initiating JDBC connection release from afterTransaction
11:49:31.178 [Test worker] DEBUG org.hibernate.resource.jdbc.internal.LogicalConnectionManagedImpl - Initiating JDBC connection release from afterTransaction
11:49:31.178 [Test worker] DEBUG org.hibernate.engine.jdbc.internal.JdbcCoordinatorImpl - HHH000420: Closing un-released batch
11:49:31.178 [Test worker] DEBUG org.hibernate.engine.transaction.internal.TransactionImpl - On TransactionImpl creation, JpaCompliance#isJpaTransactionComplianceEnabled == false
11:49:31.178 [Test worker] DEBUG org.hibernate.engine.transaction.internal.TransactionImpl - begin
11:49:31.178 [Test worker] DEBUG org.hibernate.engine.transaction.internal.TransactionImpl - committing
11:49:31.178 [Test worker] DEBUG org.hibernate.event.internal.AbstractFlushingEventListener - Processing flush-time cascades
11:49:31.178 [Test worker] DEBUG org.hibernate.event.internal.AbstractFlushingEventListener - Dirty checking collections
11:49:31.179 [Test worker] DEBUG org.hibernate.event.internal.AbstractFlushingEventListener - Flushed: 0 insertions, 0 updates, 1 deletions to 1 objects
11:49:31.179 [Test worker] DEBUG org.hibernate.event.internal.AbstractFlushingEventListener - Flushed: 0 (re)creations, 0 updates, 0 removals to 0 collections
11:49:31.179 [Test worker] DEBUG org.hibernate.internal.util.EntityPrinter - Listing entities:
11:49:31.179 [Test worker] DEBUG org.hibernate.internal.util.EntityPrinter - web_prak.java.classes.Clients{address=Ярославское шоссе д26, contact=+7 (976) 130-93-80, client_name=Иван Иванов, client_id=396, email=cromaint0@go.com}
11:49:31.179 [Test worker] DEBUG org.hibernate.SQL - delete from clients where client_id=?
Hibernate: delete from clients where client_id=?
11:49:31.194 [Test worker] DEBUG org.hibernate.resource.jdbc.internal.LogicalConnectionManagedImpl - Initiating JDBC connection release from afterTransaction
11:49:31.194 [Test worker] DEBUG org.hibernate.resource.jdbc.internal.LogicalConnectionManagedImpl - Initiating JDBC connection release from afterTransaction
11:49:31.194 [Test worker] DEBUG org.hibernate.engine.jdbc.internal.JdbcCoordinatorImpl - HHH000420: Closing un-released batch
11:49:31.195 [Test worker] DEBUG org.hibernate.engine.transaction.internal.TransactionImpl - On TransactionImpl creation, JpaCompliance#isJpaTransactionComplianceEnabled == false
11:49:31.195 [Test worker] DEBUG org.hibernate.engine.transaction.internal.TransactionImpl - begin
11:49:31.195 [Test worker] DEBUG org.hibernate.engine.spi.ActionQueue - Executing identity-insert immediately
11:49:31.195 [Test worker] DEBUG org.hibernate.SQL - insert into register_place (free, storage_location) values (?, ?)
Hibernate: insert into register_place (free, storage_location) values (?, ?)
11:49:31.196 [Test worker] DEBUG org.hibernate.id.IdentifierGeneratorHelper - Natively generated identity: 522
11:49:31.196 [Test worker] DEBUG org.hibernate.resource.jdbc.internal.ResourceRegistryStandardImpl - HHH000387: ResultSet's statement was not registered
11:49:31.196 [Test worker] DEBUG org.hibernate.engine.transaction.internal.TransactionImpl - committing
11:49:31.196 [Test worker] DEBUG org.hibernate.event.internal.AbstractFlushingEventListener - Processing flush-time cascades
11:49:31.196 [Test worker] DEBUG org.hibernate.event.internal.AbstractFlushingEventListener - Dirty checking collections
11:49:31.196 [Test worker] DEBUG org.hibernate.event.internal.AbstractFlushingEventListener - Flushed: 0 insertions, 0 updates, 0 deletions to 1 objects
11:49:31.196 [Test worker] DEBUG org.hibernate.event.internal.AbstractFlushingEventListener - Flushed: 0 (re)creations, 0 updates, 0 removals to 0 collections
11:49:31.196 [Test worker] DEBUG org.hibernate.internal.util.EntityPrinter - Listing entities:
11:49:31.196 [Test worker] DEBUG org.hibernate.internal.util.EntityPrinter - web_prak.java.classes.Register_place{storage_location=02 10 03, free=нет, place_id=522}
11:49:31.211 [Test worker] DEBUG org.hibernate.resource.jdbc.internal.LogicalConnectionManagedImpl - Initiating JDBC connection release from afterTransaction
11:49:31.211 [Test worker] DEBUG org.hibernate.resource.jdbc.internal.LogicalConnectionManagedImpl - Initiating JDBC connection release from afterTransaction
11:49:31.212 [Test worker] DEBUG org.hibernate.engine.transaction.internal.TransactionImpl - On TransactionImpl creation, JpaCompliance#isJpaTransactionComplianceEnabled == false
11:49:31.212 [Test worker] DEBUG org.hibernate.engine.transaction.internal.TransactionImpl - begin
11:49:31.212 [Test worker] DEBUG org.hibernate.engine.spi.ActionQueue - Executing identity-insert immediately
11:49:31.212 [Test worker] DEBUG org.hibernate.SQL - insert into products (expiration_date_from, expiration_date_to, measure, place_id, product_name, quantity, type) values (?, ?, ?, ?, ?, ?, ?)
Hibernate: insert into products (expiration_date_from, expiration_date_to, measure, place_id, product_name, quantity, type) values (?, ?, ?, ?, ?, ?, ?)
11:49:31.213 [Test worker] DEBUG org.hibernate.id.IdentifierGeneratorHelper - Natively generated identity: 418
11:49:31.213 [Test worker] DEBUG org.hibernate.resource.jdbc.internal.ResourceRegistryStandardImpl - HHH000387: ResultSet's statement was not registered
11:49:31.213 [Test worker] DEBUG org.hibernate.engine.transaction.internal.TransactionImpl - committing
11:49:31.213 [Test worker] DEBUG org.hibernate.event.internal.AbstractFlushingEventListener - Processing flush-time cascades
11:49:31.213 [Test worker] DEBUG org.hibernate.event.internal.AbstractFlushingEventListener - Dirty checking collections
11:49:31.213 [Test worker] DEBUG org.hibernate.event.internal.AbstractFlushingEventListener - Flushed: 0 insertions, 0 updates, 0 deletions to 1 objects
11:49:31.213 [Test worker] DEBUG org.hibernate.event.internal.AbstractFlushingEventListener - Flushed: 0 (re)creations, 0 updates, 0 removals to 0 collections
11:49:31.213 [Test worker] DEBUG org.hibernate.internal.util.EntityPrinter - Listing entities:
11:49:31.214 [Test worker] DEBUG org.hibernate.internal.util.EntityPrinter - web_prak.java.classes.Products{measure=штук, quantity=5, expiration_date_to=2022-08-01, product_id=418, expiration_date_from=2021-08-01, type=Ноутбуки, product_name=Asus Rog Strix, place_id=web_prak.java.classes.Register_place#522}
11:49:31.228 [Test worker] DEBUG org.hibernate.resource.jdbc.internal.LogicalConnectionManagedImpl - Initiating JDBC connection release from afterTransaction
11:49:31.228 [Test worker] DEBUG org.hibernate.resource.jdbc.internal.LogicalConnectionManagedImpl - Initiating JDBC connection release from afterTransaction
11:49:31.229 [Test worker] DEBUG org.hibernate.engine.transaction.internal.TransactionImpl - On TransactionImpl creation, JpaCompliance#isJpaTransactionComplianceEnabled == false
11:49:31.229 [Test worker] DEBUG org.hibernate.engine.transaction.internal.TransactionImpl - begin
11:49:31.229 [Test worker] DEBUG org.hibernate.engine.spi.ActionQueue - Executing identity-insert immediately
11:49:31.229 [Test worker] DEBUG org.hibernate.SQL - insert into clients (address, client_name, contact, email) values (?, ?, ?, ?)
Hibernate: insert into clients (address, client_name, contact, email) values (?, ?, ?, ?)
11:49:31.231 [Test worker] DEBUG org.hibernate.id.IdentifierGeneratorHelper - Natively generated identity: 397
11:49:31.231 [Test worker] DEBUG org.hibernate.resource.jdbc.internal.ResourceRegistryStandardImpl - HHH000387: ResultSet's statement was not registered
11:49:31.232 [Test worker] DEBUG org.hibernate.engine.transaction.internal.TransactionImpl - committing
11:49:31.232 [Test worker] DEBUG org.hibernate.event.internal.AbstractFlushingEventListener - Processing flush-time cascades
11:49:31.232 [Test worker] DEBUG org.hibernate.event.internal.AbstractFlushingEventListener - Dirty checking collections
11:49:31.232 [Test worker] DEBUG org.hibernate.event.internal.AbstractFlushingEventListener - Flushed: 0 insertions, 0 updates, 0 deletions to 1 objects
11:49:31.233 [Test worker] DEBUG org.hibernate.event.internal.AbstractFlushingEventListener - Flushed: 0 (re)creations, 0 updates, 0 removals to 0 collections
11:49:31.233 [Test worker] DEBUG org.hibernate.internal.util.EntityPrinter - Listing entities:
11:49:31.233 [Test worker] DEBUG org.hibernate.internal.util.EntityPrinter - web_prak.java.classes.Clients{address=Ярославское шоссе д26, contact=+7 (976) 130-93-80, client_name=Иван Иванов, client_id=397, email=cromaint0@go.com}
11:49:31.244 [Test worker] DEBUG org.hibernate.resource.jdbc.internal.LogicalConnectionManagedImpl - Initiating JDBC connection release from afterTransaction
11:49:31.245 [Test worker] DEBUG org.hibernate.resource.jdbc.internal.LogicalConnectionManagedImpl - Initiating JDBC connection release from afterTransaction
11:49:31.245 [Test worker] DEBUG org.hibernate.engine.transaction.internal.TransactionImpl - On TransactionImpl creation, JpaCompliance#isJpaTransactionComplianceEnabled == false
11:49:31.245 [Test worker] DEBUG org.hibernate.engine.transaction.internal.TransactionImpl - begin
11:49:31.246 [Test worker] DEBUG org.hibernate.engine.spi.ActionQueue - Executing identity-insert immediately
11:49:31.246 [Test worker] DEBUG org.hibernate.SQL - insert into deliveries (client_id, date_issue, status) values (?, ?, ?)
Hibernate: insert into deliveries (client_id, date_issue, status) values (?, ?, ?)
11:49:31.249 [Test worker] DEBUG org.hibernate.id.IdentifierGeneratorHelper - Natively generated identity: 248
11:49:31.249 [Test worker] DEBUG org.hibernate.resource.jdbc.internal.ResourceRegistryStandardImpl - HHH000387: ResultSet's statement was not registered
11:49:31.250 [Test worker] DEBUG org.hibernate.engine.transaction.internal.TransactionImpl - committing
11:49:31.250 [Test worker] DEBUG org.hibernate.event.internal.AbstractFlushingEventListener - Processing flush-time cascades
11:49:31.250 [Test worker] DEBUG org.hibernate.event.internal.AbstractFlushingEventListener - Dirty checking collections
11:49:31.251 [Test worker] DEBUG org.hibernate.event.internal.AbstractFlushingEventListener - Flushed: 0 insertions, 0 updates, 0 deletions to 1 objects
11:49:31.251 [Test worker] DEBUG org.hibernate.event.internal.AbstractFlushingEventListener - Flushed: 0 (re)creations, 0 updates, 0 removals to 0 collections
11:49:31.251 [Test worker] DEBUG org.hibernate.internal.util.EntityPrinter - Listing entities:
11:49:31.251 [Test worker] DEBUG org.hibernate.internal.util.EntityPrinter - web_prak.java.classes.Deliveries{delivery_id=248, client_id=web_prak.java.classes.Clients#397, date_issue=2022-02-05, status=завершен}
11:49:31.273 [Test worker] DEBUG org.hibernate.resource.jdbc.internal.LogicalConnectionManagedImpl - Initiating JDBC connection release from afterTransaction
11:49:31.273 [Test worker] DEBUG org.hibernate.resource.jdbc.internal.LogicalConnectionManagedImpl - Initiating JDBC connection release from afterTransaction
11:49:31.274 [Test worker] DEBUG org.hibernate.engine.transaction.internal.TransactionImpl - On TransactionImpl creation, JpaCompliance#isJpaTransactionComplianceEnabled == false
11:49:31.274 [Test worker] DEBUG org.hibernate.engine.transaction.internal.TransactionImpl - begin
11:49:31.275 [Test worker] DEBUG org.hibernate.engine.spi.ActionQueue - Executing identity-insert immediately
11:49:31.275 [Test worker] DEBUG org.hibernate.SQL - insert into deliveries_list (delivery_id, product_id, quantity) values (?, ?, ?)
Hibernate: insert into deliveries_list (delivery_id, product_id, quantity) values (?, ?, ?)
11:49:31.279 [Test worker] DEBUG org.hibernate.id.IdentifierGeneratorHelper - Natively generated identity: 167
11:49:31.279 [Test worker] DEBUG org.hibernate.resource.jdbc.internal.ResourceRegistryStandardImpl - HHH000387: ResultSet's statement was not registered
11:49:31.279 [Test worker] DEBUG org.hibernate.engine.transaction.internal.TransactionImpl - committing
11:49:31.280 [Test worker] DEBUG org.hibernate.event.internal.AbstractFlushingEventListener - Processing flush-time cascades
11:49:31.280 [Test worker] DEBUG org.hibernate.event.internal.AbstractFlushingEventListener - Dirty checking collections
11:49:31.280 [Test worker] DEBUG org.hibernate.event.internal.AbstractFlushingEventListener - Flushed: 0 insertions, 0 updates, 0 deletions to 1 objects
11:49:31.280 [Test worker] DEBUG org.hibernate.event.internal.AbstractFlushingEventListener - Flushed: 0 (re)creations, 0 updates, 0 removals to 0 collections
11:49:31.280 [Test worker] DEBUG org.hibernate.internal.util.EntityPrinter - Listing entities:
11:49:31.281 [Test worker] DEBUG org.hibernate.internal.util.EntityPrinter - web_prak.java.classes.Deliveries_list{deliveries_list_id=167, quantity=6, delivery_id=web_prak.java.classes.Deliveries#248, product_id=web_prak.java.classes.Products#418}
11:49:31.300 [Test worker] DEBUG org.hibernate.resource.jdbc.internal.LogicalConnectionManagedImpl - Initiating JDBC connection release from afterTransaction
11:49:31.301 [Test worker] DEBUG org.hibernate.resource.jdbc.internal.LogicalConnectionManagedImpl - Initiating JDBC connection release from afterTransaction
11:49:31.301 [Test worker] DEBUG org.hibernate.engine.transaction.internal.TransactionImpl - On TransactionImpl creation, JpaCompliance#isJpaTransactionComplianceEnabled == false
11:49:31.301 [Test worker] DEBUG org.hibernate.engine.transaction.internal.TransactionImpl - begin
11:49:31.302 [Test worker] DEBUG org.hibernate.engine.spi.ActionQueue - Executing identity-insert immediately
11:49:31.302 [Test worker] DEBUG org.hibernate.SQL - insert into deliveries_list (delivery_id, product_id, quantity) values (?, ?, ?)
Hibernate: insert into deliveries_list (delivery_id, product_id, quantity) values (?, ?, ?)
11:49:31.304 [Test worker] DEBUG org.hibernate.id.IdentifierGeneratorHelper - Natively generated identity: 168
11:49:31.304 [Test worker] DEBUG org.hibernate.resource.jdbc.internal.ResourceRegistryStandardImpl - HHH000387: ResultSet's statement was not registered
11:49:31.305 [Test worker] DEBUG org.hibernate.engine.transaction.internal.TransactionImpl - committing
11:49:31.305 [Test worker] DEBUG org.hibernate.event.internal.AbstractFlushingEventListener - Processing flush-time cascades
11:49:31.305 [Test worker] DEBUG org.hibernate.event.internal.AbstractFlushingEventListener - Dirty checking collections
11:49:31.305 [Test worker] DEBUG org.hibernate.event.internal.AbstractFlushingEventListener - Flushed: 0 insertions, 0 updates, 0 deletions to 1 objects
11:49:31.305 [Test worker] DEBUG org.hibernate.event.internal.AbstractFlushingEventListener - Flushed: 0 (re)creations, 0 updates, 0 removals to 0 collections
11:49:31.305 [Test worker] DEBUG org.hibernate.internal.util.EntityPrinter - Listing entities:
11:49:31.305 [Test worker] DEBUG org.hibernate.internal.util.EntityPrinter - web_prak.java.classes.Deliveries_list{deliveries_list_id=168, quantity=5, delivery_id=web_prak.java.classes.Deliveries#248, product_id=web_prak.java.classes.Products#418}
11:49:31.317 [Test worker] DEBUG org.hibernate.resource.jdbc.internal.LogicalConnectionManagedImpl - Initiating JDBC connection release from afterTransaction
11:49:31.317 [Test worker] DEBUG org.hibernate.resource.jdbc.internal.LogicalConnectionManagedImpl - Initiating JDBC connection release from afterTransaction
11:49:31.319 [Test worker] DEBUG org.hibernate.hql.internal.ast.QueryTranslatorImpl - parse() - HQL: SELECT d FROM web_prak.java.classes.Deliveries_list d JOIN d.delivery_id s WHERE s.delivery_id = :param
11:49:31.323 [Test worker] DEBUG org.hibernate.hql.internal.ast.ErrorTracker - throwQueryException() : no errors
11:49:31.324 [Test worker] DEBUG org.hibernate.hql.internal.ast.QueryTranslatorImpl - --- HQL AST ---
 \-[QUERY] Node: 'query'
    +-[SELECT_FROM] Node: 'SELECT_FROM'
    |  +-[FROM] Node: 'FROM'
    |  |  +-[RANGE] Node: 'RANGE'
    |  |  |  +-[DOT] Node: '.'
    |  |  |  |  +-[DOT] Node: '.'
    |  |  |  |  |  +-[DOT] Node: '.'
    |  |  |  |  |  |  +-[IDENT] Node: 'web_prak'
    |  |  |  |  |  |  \-[IDENT] Node: 'java'
    |  |  |  |  |  \-[IDENT] Node: 'classes'
    |  |  |  |  \-[IDENT] Node: 'Deliveries_list'
    |  |  |  \-[ALIAS] Node: 'd'
    |  |  \-[JOIN] Node: 'JOIN'
    |  |     +-[DOT] Node: '.'
    |  |     |  +-[IDENT] Node: 'd'
    |  |     |  \-[IDENT] Node: 'delivery_id'
    |  |     \-[ALIAS] Node: 's'
    |  \-[SELECT] Node: 'SELECT'
    |     \-[IDENT] Node: 'd'
    \-[WHERE] Node: 'WHERE'
       \-[EQ] Node: '='
          +-[DOT] Node: '.'
          |  +-[IDENT] Node: 's'
          |  \-[IDENT] Node: 'delivery_id'
          \-[COLON] Node: ':'
             \-[IDENT] Node: 'param'

11:49:31.325 [Test worker] DEBUG org.hibernate.hql.internal.antlr.HqlSqlBaseWalker - select << begin [level=1, statement=select]
11:49:31.325 [Test worker] DEBUG org.hibernate.hql.internal.ast.tree.FromElement - FromClause{level=1} : web_prak.java.classes.Deliveries_list (d) -> deliveries0_
11:49:31.326 [Test worker] DEBUG org.hibernate.hql.internal.ast.tree.FromReferenceNode - Resolved : d -> deliveries0_.deliveries_list_id
11:49:31.327 [Test worker] DEBUG org.hibernate.hql.internal.ast.tree.DotNode - getDataType() : delivery_id -> org.hibernate.type.ManyToOneType(web_prak.java.classes.Deliveries)
11:49:31.327 [Test worker] DEBUG org.hibernate.hql.internal.ast.tree.DotNode - dereferenceEntityJoin() : generating join for delivery_id in web_prak.java.classes.Deliveries_list (s) parent = [ {null} ]
11:49:31.329 [Test worker] DEBUG org.hibernate.hql.internal.ast.tree.FromElement - FromClause{level=1} : web_prak.java.classes.Deliveries (s) -> deliveries1_
11:49:31.329 [Test worker] DEBUG org.hibernate.hql.internal.ast.tree.FromClause - addJoinByPathMap() : d.delivery_id -> FromElement{explicit,not a collection join,not a fetch join,fetch non-lazy properties,classAlias=s,role=null,tableName=deliveries,tableAlias=deliveries1_,origin=deliveries_list deliveries0_,columns={deliveries0_.delivery_id,className=web_prak.java.classes.Deliveries}}
11:49:31.329 [Test worker] DEBUG org.hibernate.hql.internal.ast.tree.FromReferenceNode - Resolved : d.delivery_id -> deliveries0_.delivery_id
11:49:31.330 [Test worker] DEBUG org.hibernate.hql.internal.ast.HqlSqlWalker - createFromJoinElement() : -- join tree --
 \-[JOIN_FRAGMENT] FromElement: 'deliveries deliveries1_' FromElement{explicit,not a collection join,not a fetch join,fetch non-lazy properties,classAlias=s,role=web_prak.java.classes.Deliveries_list.delivery_id,tableName=deliveries,tableAlias=deliveries1_,origin=deliveries_list deliveries0_,columns={deliveries0_.delivery_id,className=web_prak.java.classes.Deliveries}}

11:49:31.330 [Test worker] DEBUG org.hibernate.hql.internal.ast.tree.FromReferenceNode - Resolved : d -> deliveries0_.deliveries_list_id
11:49:31.331 [Test worker] DEBUG org.hibernate.hql.internal.ast.tree.FromReferenceNode - Resolved : s -> deliveries1_.delivery_id
11:49:31.332 [Test worker] DEBUG org.hibernate.hql.internal.ast.tree.DotNode - getDataType() : delivery_id -> org.hibernate.type.LongType@1d1bf7bf
11:49:31.332 [Test worker] DEBUG org.hibernate.hql.internal.ast.tree.FromReferenceNode - Resolved : s.delivery_id -> deliveries1_.delivery_id
11:49:31.332 [Test worker] DEBUG org.hibernate.hql.internal.antlr.HqlSqlBaseWalker - select : finishing up [level=1, statement=select]
11:49:31.332 [Test worker] DEBUG org.hibernate.hql.internal.ast.HqlSqlWalker - processQuery() :  ( SELECT ( {select clause} deliveries0_.deliveries_list_id ) ( FromClause{level=1} ( deliveries_list deliveries0_ deliveries deliveries1_ ) ) ( WHERE ( = ( deliveries1_.delivery_id deliveries1_.delivery_id delivery_id ) ? ) ) )
11:49:31.333 [Test worker] DEBUG org.hibernate.hql.internal.ast.util.JoinProcessor - Tables referenced from query nodes:
 \-QueryNode
    +-SelectClause
    | referencedTables(entity Deliveries_list): [deliveries_list]
    |  +-IdentNode
    |  | persister: SingleTableEntityPersister(web_prak.java.classes.Deliveries_list)
    |  | originalText: d
    |  \-SqlFragment
    +-FromClause
    |  \-FromElement
    |     \-FromElement
    \-SqlNode
       \-BinaryLogicOperatorNode
          +-DotNode
          | persister: SingleTableEntityPersister(web_prak.java.classes.Deliveries)
          | path: s.delivery_id
          |  +-IdentNode
          |  | persister: SingleTableEntityPersister(web_prak.java.classes.Deliveries)
          |  | originalText: s
          |  \-IdentNode
          |    persister: null
          |    originalText: delivery_id
          \-ParameterNode

11:49:31.334 [Test worker] DEBUG org.hibernate.hql.internal.ast.util.JoinProcessor - Using FROM fragment [deliveries_list deliveries0_]
11:49:31.334 [Test worker] DEBUG org.hibernate.hql.internal.ast.util.JoinProcessor - Using FROM fragment [inner join deliveries deliveries1_ on deliveries0_.delivery_id=deliveries1_.delivery_id]
11:49:31.334 [Test worker] DEBUG org.hibernate.hql.internal.antlr.HqlSqlBaseWalker - select >> end [level=1, statement=select]
11:49:31.335 [Test worker] DEBUG org.hibernate.hql.internal.ast.QueryTranslatorImpl - --- SQL AST ---
 \-[SELECT] QueryNode: 'SELECT'  querySpaces (deliveries_list,deliveries)
    +-[SELECT_CLAUSE] SelectClause: '{select clause}'
    |  +-[ALIAS_REF] IdentNode: 'deliveries0_.deliveries_list_id as deliveri1_2_' {alias=d, className=web_prak.java.classes.Deliveries_list, tableAlias=deliveries0_}
    |  \-[SQL_TOKEN] SqlFragment: 'deliveries0_.delivery_id as delivery3_2_, deliveries0_.product_id as product_4_2_, deliveries0_.quantity as quantity2_2_'
    +-[FROM] FromClause: 'FROM' FromClause{level=1, fromElementCounter=2, fromElements=2, fromElementByClassAlias=[s, d], fromElementByTableAlias=[deliveries1_, deliveries0_], fromElementsByPath=[d.delivery_id], collectionJoinFromElementsByPath=[], impliedElements=[]}
    |  \-[FROM_FRAGMENT] FromElement: 'deliveries_list deliveries0_' FromElement{explicit,not a collection join,not a fetch join,fetch non-lazy properties,classAlias=d,role=null,tableName=deliveries_list,tableAlias=deliveries0_,origin=null,columns={,className=web_prak.java.classes.Deliveries_list}}
    |     \-[JOIN_FRAGMENT] FromElement: 'inner join deliveries deliveries1_ on deliveries0_.delivery_id=deliveries1_.delivery_id' FromElement{explicit,not a collection join,not a fetch join,fetch non-lazy properties,classAlias=s,role=web_prak.java.classes.Deliveries_list.delivery_id,tableName=deliveries,tableAlias=deliveries1_,origin=deliveries_list deliveries0_,columns={deliveries0_.delivery_id,className=web_prak.java.classes.Deliveries}}
    \-[WHERE] SqlNode: 'WHERE'
       \-[EQ] BinaryLogicOperatorNode: '='
          +-[DOT] DotNode: 'deliveries1_.delivery_id' {propertyName=delivery_id,dereferenceType=PRIMITIVE,getPropertyPath=delivery_id,path=s.delivery_id,tableAlias=deliveries1_,className=web_prak.java.classes.Deliveries,classAlias=s}
          |  +-[ALIAS_REF] IdentNode: 'deliveries1_.delivery_id' {alias=s, className=web_prak.java.classes.Deliveries, tableAlias=deliveries1_}
          |  \-[IDENT] IdentNode: 'delivery_id' {originalText=delivery_id}
          \-[NAMED_PARAM] ParameterNode: '?' {name=param, expectedType=org.hibernate.type.LongType@1d1bf7bf}

11:49:31.335 [Test worker] DEBUG org.hibernate.hql.internal.ast.ErrorTracker - throwQueryException() : no errors
11:49:31.335 [Test worker] DEBUG org.hibernate.hql.internal.ast.QueryTranslatorImpl - HQL: SELECT d FROM web_prak.java.classes.Deliveries_list d JOIN d.delivery_id s WHERE s.delivery_id = :param
11:49:31.335 [Test worker] DEBUG org.hibernate.hql.internal.ast.QueryTranslatorImpl - SQL: select deliveries0_.deliveries_list_id as deliveri1_2_, deliveries0_.delivery_id as delivery3_2_, deliveries0_.product_id as product_4_2_, deliveries0_.quantity as quantity2_2_ from deliveries_list deliveries0_ inner join deliveries deliveries1_ on deliveries0_.delivery_id=deliveries1_.delivery_id where deliveries1_.delivery_id=?
11:49:31.335 [Test worker] DEBUG org.hibernate.hql.internal.ast.ErrorTracker - throwQueryException() : no errors
11:49:31.336 [Test worker] DEBUG org.hibernate.SQL - select deliveries0_.deliveries_list_id as deliveri1_2_, deliveries0_.delivery_id as delivery3_2_, deliveries0_.product_id as product_4_2_, deliveries0_.quantity as quantity2_2_ from deliveries_list deliveries0_ inner join deliveries deliveries1_ on deliveries0_.delivery_id=deliveries1_.delivery_id where deliveries1_.delivery_id=?
Hibernate: select deliveries0_.deliveries_list_id as deliveri1_2_, deliveries0_.delivery_id as delivery3_2_, deliveries0_.product_id as product_4_2_, deliveries0_.quantity as quantity2_2_ from deliveries_list deliveries0_ inner join deliveries deliveries1_ on deliveries0_.delivery_id=deliveries1_.delivery_id where deliveries1_.delivery_id=?
11:49:31.338 [Test worker] DEBUG org.hibernate.loader.Loader - Result set row: 0
11:49:31.338 [Test worker] DEBUG org.hibernate.loader.Loader - Result row: EntityKey[web_prak.java.classes.Deliveries_list#167]
11:49:31.339 [Test worker] DEBUG org.hibernate.loader.Loader - Result set row: 1
11:49:31.339 [Test worker] DEBUG org.hibernate.loader.Loader - Result row: EntityKey[web_prak.java.classes.Deliveries_list#168]
11:49:31.339 [Test worker] DEBUG org.hibernate.engine.internal.TwoPhaseLoad - Resolving attributes for [web_prak.java.classes.Deliveries_list#167]
11:49:31.339 [Test worker] DEBUG org.hibernate.engine.internal.TwoPhaseLoad - Processing attribute `delivery_id` : value = 248
11:49:31.339 [Test worker] DEBUG org.hibernate.engine.internal.TwoPhaseLoad - Attribute (`delivery_id`)  - enhanced for lazy-loading? - false
11:49:31.340 [Test worker] DEBUG org.hibernate.SQL - select deliveries0_.delivery_id as delivery1_1_0_, deliveries0_.client_id as client_i4_1_0_, deliveries0_.date_issue as date_iss2_1_0_, deliveries0_.status as status3_1_0_, clients1_.client_id as client_i1_0_1_, clients1_.address as address2_0_1_, clients1_.client_name as client_n3_0_1_, clients1_.contact as contact4_0_1_, clients1_.email as email5_0_1_ from deliveries deliveries0_ left outer join clients clients1_ on deliveries0_.client_id=clients1_.client_id where deliveries0_.delivery_id=?
Hibernate: select deliveries0_.delivery_id as delivery1_1_0_, deliveries0_.client_id as client_i4_1_0_, deliveries0_.date_issue as date_iss2_1_0_, deliveries0_.status as status3_1_0_, clients1_.client_id as client_i1_0_1_, clients1_.address as address2_0_1_, clients1_.client_name as client_n3_0_1_, clients1_.contact as contact4_0_1_, clients1_.email as email5_0_1_ from deliveries deliveries0_ left outer join clients clients1_ on deliveries0_.client_id=clients1_.client_id where deliveries0_.delivery_id=?
11:49:31.341 [Test worker] DEBUG org.hibernate.loader.plan.exec.process.internal.EntityReferenceInitializerImpl - On call to EntityIdentifierReaderImpl#resolve, EntityKey was already known; should only happen on root returns with an optional identifier specified
11:49:31.342 [Test worker] DEBUG org.hibernate.engine.internal.TwoPhaseLoad - Resolving attributes for [web_prak.java.classes.Deliveries#248]
11:49:31.342 [Test worker] DEBUG org.hibernate.engine.internal.TwoPhaseLoad - Processing attribute `client_id` : value = 397
11:49:31.342 [Test worker] DEBUG org.hibernate.engine.internal.TwoPhaseLoad - Attribute (`client_id`)  - enhanced for lazy-loading? - false
11:49:31.342 [Test worker] DEBUG org.hibernate.engine.internal.TwoPhaseLoad - Processing attribute `date_issue` : value = 2022-02-05
11:49:31.342 [Test worker] DEBUG org.hibernate.engine.internal.TwoPhaseLoad - Attribute (`date_issue`)  - enhanced for lazy-loading? - false
11:49:31.342 [Test worker] DEBUG org.hibernate.engine.internal.TwoPhaseLoad - Processing attribute `status` : value = завершен
11:49:31.342 [Test worker] DEBUG org.hibernate.engine.internal.TwoPhaseLoad - Attribute (`status`)  - enhanced for lazy-loading? - false
11:49:31.342 [Test worker] DEBUG org.hibernate.engine.internal.TwoPhaseLoad - Done materializing entity [web_prak.java.classes.Deliveries#248]
11:49:31.342 [Test worker] DEBUG org.hibernate.engine.internal.TwoPhaseLoad - Resolving attributes for [web_prak.java.classes.Clients#397]
11:49:31.342 [Test worker] DEBUG org.hibernate.engine.internal.TwoPhaseLoad - Processing attribute `address` : value = Ярославское шоссе д26
11:49:31.342 [Test worker] DEBUG org.hibernate.engine.internal.TwoPhaseLoad - Attribute (`address`)  - enhanced for lazy-loading? - false
11:49:31.342 [Test worker] DEBUG org.hibernate.engine.internal.TwoPhaseLoad - Processing attribute `client_name` : value = Иван Иванов
11:49:31.343 [Test worker] DEBUG org.hibernate.engine.internal.TwoPhaseLoad - Attribute (`client_name`)  - enhanced for lazy-loading? - false
11:49:31.343 [Test worker] DEBUG org.hibernate.engine.internal.TwoPhaseLoad - Processing attribute `contact` : value = +7 (976) 130-93-80
11:49:31.343 [Test worker] DEBUG org.hibernate.engine.internal.TwoPhaseLoad - Attribute (`contact`)  - enhanced for lazy-loading? - false
11:49:31.343 [Test worker] DEBUG org.hibernate.engine.internal.TwoPhaseLoad - Processing attribute `email` : value = cromaint0@go.com
11:49:31.343 [Test worker] DEBUG org.hibernate.engine.internal.TwoPhaseLoad - Attribute (`email`)  - enhanced for lazy-loading? - false
11:49:31.343 [Test worker] DEBUG org.hibernate.engine.internal.TwoPhaseLoad - Done materializing entity [web_prak.java.classes.Clients#397]
11:49:31.343 [Test worker] DEBUG org.hibernate.loader.entity.plan.AbstractLoadPlanBasedEntityLoader - Done entity load : web_prak.java.classes.Deliveries#248
11:49:31.343 [Test worker] DEBUG org.hibernate.engine.internal.TwoPhaseLoad - Processing attribute `product_id` : value = 418
11:49:31.343 [Test worker] DEBUG org.hibernate.engine.internal.TwoPhaseLoad - Attribute (`product_id`)  - enhanced for lazy-loading? - false
11:49:31.343 [Test worker] DEBUG org.hibernate.SQL - select products0_.product_id as product_1_3_0_, products0_.expiration_date_from as expirati2_3_0_, products0_.expiration_date_to as expirati3_3_0_, products0_.measure as measure4_3_0_, products0_.place_id as place_id8_3_0_, products0_.product_name as product_5_3_0_, products0_.quantity as quantity6_3_0_, products0_.type as type7_3_0_, register_p1_.place_id as place_id1_4_1_, register_p1_.free as free2_4_1_, register_p1_.storage_location as storage_3_4_1_ from products products0_ left outer join register_place register_p1_ on products0_.place_id=register_p1_.place_id where products0_.product_id=?
Hibernate: select products0_.product_id as product_1_3_0_, products0_.expiration_date_from as expirati2_3_0_, products0_.expiration_date_to as expirati3_3_0_, products0_.measure as measure4_3_0_, products0_.place_id as place_id8_3_0_, products0_.product_name as product_5_3_0_, products0_.quantity as quantity6_3_0_, products0_.type as type7_3_0_, register_p1_.place_id as place_id1_4_1_, register_p1_.free as free2_4_1_, register_p1_.storage_location as storage_3_4_1_ from products products0_ left outer join register_place register_p1_ on products0_.place_id=register_p1_.place_id where products0_.product_id=?
11:49:31.345 [Test worker] DEBUG org.hibernate.loader.plan.exec.process.internal.EntityReferenceInitializerImpl - On call to EntityIdentifierReaderImpl#resolve, EntityKey was already known; should only happen on root returns with an optional identifier specified
11:49:31.345 [Test worker] DEBUG org.hibernate.engine.internal.TwoPhaseLoad - Resolving attributes for [web_prak.java.classes.Products#418]
11:49:31.346 [Test worker] DEBUG org.hibernate.engine.internal.TwoPhaseLoad - Processing attribute `expiration_date_from` : value = 2021-08-01
11:49:31.346 [Test worker] DEBUG org.hibernate.engine.internal.TwoPhaseLoad - Attribute (`expiration_date_from`)  - enhanced for lazy-loading? - false
11:49:31.346 [Test worker] DEBUG org.hibernate.engine.internal.TwoPhaseLoad - Processing attribute `expiration_date_to` : value = 2022-08-01
11:49:31.346 [Test worker] DEBUG org.hibernate.engine.internal.TwoPhaseLoad - Attribute (`expiration_date_to`)  - enhanced for lazy-loading? - false
11:49:31.346 [Test worker] DEBUG org.hibernate.engine.internal.TwoPhaseLoad - Processing attribute `measure` : value = штук
11:49:31.346 [Test worker] DEBUG org.hibernate.engine.internal.TwoPhaseLoad - Attribute (`measure`)  - enhanced for lazy-loading? - false
11:49:31.346 [Test worker] DEBUG org.hibernate.engine.internal.TwoPhaseLoad - Processing attribute `place_id` : value = 522
11:49:31.346 [Test worker] DEBUG org.hibernate.engine.internal.TwoPhaseLoad - Attribute (`place_id`)  - enhanced for lazy-loading? - false
11:49:31.346 [Test worker] DEBUG org.hibernate.engine.internal.TwoPhaseLoad - Processing attribute `product_name` : value = Asus Rog Strix
11:49:31.346 [Test worker] DEBUG org.hibernate.engine.internal.TwoPhaseLoad - Attribute (`product_name`)  - enhanced for lazy-loading? - false
11:49:31.346 [Test worker] DEBUG org.hibernate.engine.internal.TwoPhaseLoad - Processing attribute `quantity` : value = 5
11:49:31.346 [Test worker] DEBUG org.hibernate.engine.internal.TwoPhaseLoad - Attribute (`quantity`)  - enhanced for lazy-loading? - false
11:49:31.346 [Test worker] DEBUG org.hibernate.engine.internal.TwoPhaseLoad - Processing attribute `type` : value = Ноутбуки
11:49:31.346 [Test worker] DEBUG org.hibernate.engine.internal.TwoPhaseLoad - Attribute (`type`)  - enhanced for lazy-loading? - false
11:49:31.346 [Test worker] DEBUG org.hibernate.engine.internal.TwoPhaseLoad - Done materializing entity [web_prak.java.classes.Products#418]
11:49:31.346 [Test worker] DEBUG org.hibernate.engine.internal.TwoPhaseLoad - Resolving attributes for [web_prak.java.classes.Register_place#522]
11:49:31.346 [Test worker] DEBUG org.hibernate.engine.internal.TwoPhaseLoad - Processing attribute `free` : value = нет
11:49:31.346 [Test worker] DEBUG org.hibernate.engine.internal.TwoPhaseLoad - Attribute (`free`)  - enhanced for lazy-loading? - false
11:49:31.346 [Test worker] DEBUG org.hibernate.engine.internal.TwoPhaseLoad - Processing attribute `storage_location` : value = 02 10 03
11:49:31.346 [Test worker] DEBUG org.hibernate.engine.internal.TwoPhaseLoad - Attribute (`storage_location`)  - enhanced for lazy-loading? - false
11:49:31.346 [Test worker] DEBUG org.hibernate.engine.internal.TwoPhaseLoad - Done materializing entity [web_prak.java.classes.Register_place#522]
11:49:31.346 [Test worker] DEBUG org.hibernate.loader.entity.plan.AbstractLoadPlanBasedEntityLoader - Done entity load : web_prak.java.classes.Products#418
11:49:31.346 [Test worker] DEBUG org.hibernate.engine.internal.TwoPhaseLoad - Processing attribute `quantity` : value = 6
11:49:31.346 [Test worker] DEBUG org.hibernate.engine.internal.TwoPhaseLoad - Attribute (`quantity`)  - enhanced for lazy-loading? - false
11:49:31.346 [Test worker] DEBUG org.hibernate.engine.internal.TwoPhaseLoad - Done materializing entity [web_prak.java.classes.Deliveries_list#167]
11:49:31.346 [Test worker] DEBUG org.hibernate.engine.internal.TwoPhaseLoad - Resolving attributes for [web_prak.java.classes.Deliveries_list#168]
11:49:31.346 [Test worker] DEBUG org.hibernate.engine.internal.TwoPhaseLoad - Processing attribute `delivery_id` : value = 248
11:49:31.346 [Test worker] DEBUG org.hibernate.engine.internal.TwoPhaseLoad - Attribute (`delivery_id`)  - enhanced for lazy-loading? - false
11:49:31.347 [Test worker] DEBUG org.hibernate.engine.internal.TwoPhaseLoad - Processing attribute `product_id` : value = 418
11:49:31.347 [Test worker] DEBUG org.hibernate.engine.internal.TwoPhaseLoad - Attribute (`product_id`)  - enhanced for lazy-loading? - false
11:49:31.347 [Test worker] DEBUG org.hibernate.engine.internal.TwoPhaseLoad - Processing attribute `quantity` : value = 5
11:49:31.347 [Test worker] DEBUG org.hibernate.engine.internal.TwoPhaseLoad - Attribute (`quantity`)  - enhanced for lazy-loading? - false
11:49:31.347 [Test worker] DEBUG org.hibernate.engine.internal.TwoPhaseLoad - Done materializing entity [web_prak.java.classes.Deliveries_list#168]
11:49:31.347 [Test worker] DEBUG org.hibernate.resource.jdbc.internal.LogicalConnectionManagedImpl - Initiating JDBC connection release from afterTransaction
11:49:31.348 [Test worker] DEBUG org.hibernate.engine.transaction.internal.TransactionImpl - On TransactionImpl creation, JpaCompliance#isJpaTransactionComplianceEnabled == false
11:49:31.348 [Test worker] DEBUG org.hibernate.engine.transaction.internal.TransactionImpl - begin
11:49:31.348 [Test worker] DEBUG org.hibernate.engine.transaction.internal.TransactionImpl - committing
11:49:31.348 [Test worker] DEBUG org.hibernate.event.internal.AbstractFlushingEventListener - Processing flush-time cascades
11:49:31.348 [Test worker] DEBUG org.hibernate.event.internal.AbstractFlushingEventListener - Dirty checking collections
11:49:31.348 [Test worker] DEBUG org.hibernate.event.internal.AbstractFlushingEventListener - Flushed: 0 insertions, 0 updates, 1 deletions to 1 objects
11:49:31.348 [Test worker] DEBUG org.hibernate.event.internal.AbstractFlushingEventListener - Flushed: 0 (re)creations, 0 updates, 0 removals to 0 collections
11:49:31.348 [Test worker] DEBUG org.hibernate.internal.util.EntityPrinter - Listing entities:
11:49:31.349 [Test worker] DEBUG org.hibernate.internal.util.EntityPrinter - web_prak.java.classes.Deliveries_list{deliveries_list_id=167, quantity=6, delivery_id=web_prak.java.classes.Deliveries#248, product_id=web_prak.java.classes.Products#418}
11:49:31.349 [Test worker] DEBUG org.hibernate.SQL - delete from deliveries_list where deliveries_list_id=?
Hibernate: delete from deliveries_list where deliveries_list_id=?
11:49:31.366 [Test worker] DEBUG org.hibernate.resource.jdbc.internal.LogicalConnectionManagedImpl - Initiating JDBC connection release from afterTransaction
11:49:31.366 [Test worker] DEBUG org.hibernate.resource.jdbc.internal.LogicalConnectionManagedImpl - Initiating JDBC connection release from afterTransaction
11:49:31.367 [Test worker] DEBUG org.hibernate.engine.jdbc.internal.JdbcCoordinatorImpl - HHH000420: Closing un-released batch
11:49:31.367 [Test worker] DEBUG org.hibernate.engine.transaction.internal.TransactionImpl - On TransactionImpl creation, JpaCompliance#isJpaTransactionComplianceEnabled == false
11:49:31.367 [Test worker] DEBUG org.hibernate.engine.transaction.internal.TransactionImpl - begin
11:49:31.367 [Test worker] DEBUG org.hibernate.engine.transaction.internal.TransactionImpl - committing
11:49:31.367 [Test worker] DEBUG org.hibernate.event.internal.AbstractFlushingEventListener - Processing flush-time cascades
11:49:31.367 [Test worker] DEBUG org.hibernate.event.internal.AbstractFlushingEventListener - Dirty checking collections
11:49:31.367 [Test worker] DEBUG org.hibernate.event.internal.AbstractFlushingEventListener - Flushed: 0 insertions, 0 updates, 1 deletions to 1 objects
11:49:31.367 [Test worker] DEBUG org.hibernate.event.internal.AbstractFlushingEventListener - Flushed: 0 (re)creations, 0 updates, 0 removals to 0 collections
11:49:31.367 [Test worker] DEBUG org.hibernate.internal.util.EntityPrinter - Listing entities:
11:49:31.367 [Test worker] DEBUG org.hibernate.internal.util.EntityPrinter - web_prak.java.classes.Deliveries_list{deliveries_list_id=168, quantity=5, delivery_id=web_prak.java.classes.Deliveries#248, product_id=web_prak.java.classes.Products#418}
11:49:31.367 [Test worker] DEBUG org.hibernate.SQL - delete from deliveries_list where deliveries_list_id=?
Hibernate: delete from deliveries_list where deliveries_list_id=?
11:49:31.384 [Test worker] DEBUG org.hibernate.resource.jdbc.internal.LogicalConnectionManagedImpl - Initiating JDBC connection release from afterTransaction
11:49:31.384 [Test worker] DEBUG org.hibernate.resource.jdbc.internal.LogicalConnectionManagedImpl - Initiating JDBC connection release from afterTransaction
11:49:31.384 [Test worker] DEBUG org.hibernate.engine.jdbc.internal.JdbcCoordinatorImpl - HHH000420: Closing un-released batch
11:49:31.384 [Test worker] DEBUG org.hibernate.engine.transaction.internal.TransactionImpl - On TransactionImpl creation, JpaCompliance#isJpaTransactionComplianceEnabled == false
11:49:31.384 [Test worker] DEBUG org.hibernate.engine.transaction.internal.TransactionImpl - begin
11:49:31.384 [Test worker] DEBUG org.hibernate.engine.transaction.internal.TransactionImpl - committing
11:49:31.384 [Test worker] DEBUG org.hibernate.event.internal.AbstractFlushingEventListener - Processing flush-time cascades
11:49:31.384 [Test worker] DEBUG org.hibernate.event.internal.AbstractFlushingEventListener - Dirty checking collections
11:49:31.385 [Test worker] DEBUG org.hibernate.event.internal.AbstractFlushingEventListener - Flushed: 0 insertions, 0 updates, 1 deletions to 1 objects
11:49:31.385 [Test worker] DEBUG org.hibernate.event.internal.AbstractFlushingEventListener - Flushed: 0 (re)creations, 0 updates, 0 removals to 0 collections
11:49:31.385 [Test worker] DEBUG org.hibernate.internal.util.EntityPrinter - Listing entities:
11:49:31.385 [Test worker] DEBUG org.hibernate.internal.util.EntityPrinter - web_prak.java.classes.Products{measure=штук, quantity=5, expiration_date_to=2022-08-01, product_id=418, expiration_date_from=2021-08-01, type=Ноутбуки, product_name=Asus Rog Strix, place_id=web_prak.java.classes.Register_place#522}
11:49:31.385 [Test worker] DEBUG org.hibernate.SQL - delete from products where product_id=?
Hibernate: delete from products where product_id=?
11:49:31.400 [Test worker] DEBUG org.hibernate.resource.jdbc.internal.LogicalConnectionManagedImpl - Initiating JDBC connection release from afterTransaction
11:49:31.400 [Test worker] DEBUG org.hibernate.resource.jdbc.internal.LogicalConnectionManagedImpl - Initiating JDBC connection release from afterTransaction
11:49:31.400 [Test worker] DEBUG org.hibernate.engine.jdbc.internal.JdbcCoordinatorImpl - HHH000420: Closing un-released batch
11:49:31.400 [Test worker] DEBUG org.hibernate.engine.transaction.internal.TransactionImpl - On TransactionImpl creation, JpaCompliance#isJpaTransactionComplianceEnabled == false
11:49:31.400 [Test worker] DEBUG org.hibernate.engine.transaction.internal.TransactionImpl - begin
11:49:31.401 [Test worker] DEBUG org.hibernate.engine.transaction.internal.TransactionImpl - committing
11:49:31.401 [Test worker] DEBUG org.hibernate.event.internal.AbstractFlushingEventListener - Processing flush-time cascades
11:49:31.401 [Test worker] DEBUG org.hibernate.event.internal.AbstractFlushingEventListener - Dirty checking collections
11:49:31.401 [Test worker] DEBUG org.hibernate.event.internal.AbstractFlushingEventListener - Flushed: 0 insertions, 0 updates, 1 deletions to 1 objects
11:49:31.401 [Test worker] DEBUG org.hibernate.event.internal.AbstractFlushingEventListener - Flushed: 0 (re)creations, 0 updates, 0 removals to 0 collections
11:49:31.401 [Test worker] DEBUG org.hibernate.internal.util.EntityPrinter - Listing entities:
11:49:31.401 [Test worker] DEBUG org.hibernate.internal.util.EntityPrinter - web_prak.java.classes.Register_place{storage_location=02 10 03, free=нет, place_id=522}
11:49:31.401 [Test worker] DEBUG org.hibernate.SQL - delete from register_place where place_id=?
Hibernate: delete from register_place where place_id=?
11:49:31.417 [Test worker] DEBUG org.hibernate.resource.jdbc.internal.LogicalConnectionManagedImpl - Initiating JDBC connection release from afterTransaction
11:49:31.417 [Test worker] DEBUG org.hibernate.resource.jdbc.internal.LogicalConnectionManagedImpl - Initiating JDBC connection release from afterTransaction
11:49:31.417 [Test worker] DEBUG org.hibernate.engine.jdbc.internal.JdbcCoordinatorImpl - HHH000420: Closing un-released batch
11:49:31.417 [Test worker] DEBUG org.hibernate.engine.transaction.internal.TransactionImpl - On TransactionImpl creation, JpaCompliance#isJpaTransactionComplianceEnabled == false
11:49:31.417 [Test worker] DEBUG org.hibernate.engine.transaction.internal.TransactionImpl - begin
11:49:31.418 [Test worker] DEBUG org.hibernate.engine.transaction.internal.TransactionImpl - committing
11:49:31.418 [Test worker] DEBUG org.hibernate.event.internal.AbstractFlushingEventListener - Processing flush-time cascades
11:49:31.418 [Test worker] DEBUG org.hibernate.event.internal.AbstractFlushingEventListener - Dirty checking collections
11:49:31.418 [Test worker] DEBUG org.hibernate.event.internal.AbstractFlushingEventListener - Flushed: 0 insertions, 0 updates, 1 deletions to 1 objects
11:49:31.418 [Test worker] DEBUG org.hibernate.event.internal.AbstractFlushingEventListener - Flushed: 0 (re)creations, 0 updates, 0 removals to 0 collections
11:49:31.418 [Test worker] DEBUG org.hibernate.internal.util.EntityPrinter - Listing entities:
11:49:31.418 [Test worker] DEBUG org.hibernate.internal.util.EntityPrinter - web_prak.java.classes.Deliveries{delivery_id=248, client_id=web_prak.java.classes.Clients#397, date_issue=2022-02-05, status=завершен}
11:49:31.419 [Test worker] DEBUG org.hibernate.SQL - delete from deliveries where delivery_id=?
Hibernate: delete from deliveries where delivery_id=?
11:49:31.434 [Test worker] DEBUG org.hibernate.resource.jdbc.internal.LogicalConnectionManagedImpl - Initiating JDBC connection release from afterTransaction
11:49:31.434 [Test worker] DEBUG org.hibernate.resource.jdbc.internal.LogicalConnectionManagedImpl - Initiating JDBC connection release from afterTransaction
11:49:31.434 [Test worker] DEBUG org.hibernate.engine.jdbc.internal.JdbcCoordinatorImpl - HHH000420: Closing un-released batch
11:49:31.434 [Test worker] DEBUG org.hibernate.engine.transaction.internal.TransactionImpl - On TransactionImpl creation, JpaCompliance#isJpaTransactionComplianceEnabled == false
11:49:31.434 [Test worker] DEBUG org.hibernate.engine.transaction.internal.TransactionImpl - begin
11:49:31.435 [Test worker] DEBUG org.hibernate.engine.transaction.internal.TransactionImpl - committing
11:49:31.436 [Test worker] DEBUG org.hibernate.event.internal.AbstractFlushingEventListener - Processing flush-time cascades
11:49:31.436 [Test worker] DEBUG org.hibernate.event.internal.AbstractFlushingEventListener - Dirty checking collections
11:49:31.436 [Test worker] DEBUG org.hibernate.event.internal.AbstractFlushingEventListener - Flushed: 0 insertions, 0 updates, 1 deletions to 1 objects
11:49:31.436 [Test worker] DEBUG org.hibernate.event.internal.AbstractFlushingEventListener - Flushed: 0 (re)creations, 0 updates, 0 removals to 0 collections
11:49:31.437 [Test worker] DEBUG org.hibernate.internal.util.EntityPrinter - Listing entities:
11:49:31.438 [Test worker] DEBUG org.hibernate.internal.util.EntityPrinter - web_prak.java.classes.Clients{address=Ярославское шоссе д26, contact=+7 (976) 130-93-80, client_name=Иван Иванов, client_id=397, email=cromaint0@go.com}
11:49:31.438 [Test worker] DEBUG org.hibernate.SQL - delete from clients where client_id=?
Hibernate: delete from clients where client_id=?
11:49:31.462 [Test worker] DEBUG org.hibernate.resource.jdbc.internal.LogicalConnectionManagedImpl - Initiating JDBC connection release from afterTransaction
11:49:31.462 [Test worker] DEBUG org.hibernate.resource.jdbc.internal.LogicalConnectionManagedImpl - Initiating JDBC connection release from afterTransaction
11:49:31.463 [Test worker] DEBUG org.hibernate.engine.jdbc.internal.JdbcCoordinatorImpl - HHH000420: Closing un-released batch
11:49:31.465 [Test worker] DEBUG org.hibernate.engine.transaction.internal.TransactionImpl - On TransactionImpl creation, JpaCompliance#isJpaTransactionComplianceEnabled == false
11:49:31.465 [Test worker] DEBUG org.hibernate.engine.transaction.internal.TransactionImpl - begin
11:49:31.466 [Test worker] DEBUG org.hibernate.engine.spi.ActionQueue - Executing identity-insert immediately
11:49:31.466 [Test worker] DEBUG org.hibernate.SQL - insert into register_place (free, storage_location) values (?, ?)
Hibernate: insert into register_place (free, storage_location) values (?, ?)
11:49:31.469 [Test worker] DEBUG org.hibernate.id.IdentifierGeneratorHelper - Natively generated identity: 523
11:49:31.469 [Test worker] DEBUG org.hibernate.resource.jdbc.internal.ResourceRegistryStandardImpl - HHH000387: ResultSet's statement was not registered
11:49:31.469 [Test worker] DEBUG org.hibernate.engine.transaction.internal.TransactionImpl - committing
11:49:31.469 [Test worker] DEBUG org.hibernate.event.internal.AbstractFlushingEventListener - Processing flush-time cascades
11:49:31.469 [Test worker] DEBUG org.hibernate.event.internal.AbstractFlushingEventListener - Dirty checking collections
11:49:31.470 [Test worker] DEBUG org.hibernate.event.internal.AbstractFlushingEventListener - Flushed: 0 insertions, 0 updates, 0 deletions to 1 objects
11:49:31.470 [Test worker] DEBUG org.hibernate.event.internal.AbstractFlushingEventListener - Flushed: 0 (re)creations, 0 updates, 0 removals to 0 collections
11:49:31.470 [Test worker] DEBUG org.hibernate.internal.util.EntityPrinter - Listing entities:
11:49:31.470 [Test worker] DEBUG org.hibernate.internal.util.EntityPrinter - web_prak.java.classes.Register_place{storage_location=02 10 03, free=нет, place_id=523}
11:49:31.495 [Test worker] DEBUG org.hibernate.resource.jdbc.internal.LogicalConnectionManagedImpl - Initiating JDBC connection release from afterTransaction
11:49:31.496 [Test worker] DEBUG org.hibernate.resource.jdbc.internal.LogicalConnectionManagedImpl - Initiating JDBC connection release from afterTransaction
11:49:31.497 [Test worker] DEBUG org.hibernate.engine.transaction.internal.TransactionImpl - On TransactionImpl creation, JpaCompliance#isJpaTransactionComplianceEnabled == false
11:49:31.497 [Test worker] DEBUG org.hibernate.engine.transaction.internal.TransactionImpl - begin
11:49:31.497 [Test worker] DEBUG org.hibernate.engine.spi.ActionQueue - Executing identity-insert immediately
11:49:31.498 [Test worker] DEBUG org.hibernate.SQL - insert into products (expiration_date_from, expiration_date_to, measure, place_id, product_name, quantity, type) values (?, ?, ?, ?, ?, ?, ?)
Hibernate: insert into products (expiration_date_from, expiration_date_to, measure, place_id, product_name, quantity, type) values (?, ?, ?, ?, ?, ?, ?)
11:49:31.501 [Test worker] DEBUG org.hibernate.id.IdentifierGeneratorHelper - Natively generated identity: 419
11:49:31.501 [Test worker] DEBUG org.hibernate.resource.jdbc.internal.ResourceRegistryStandardImpl - HHH000387: ResultSet's statement was not registered
11:49:31.502 [Test worker] DEBUG org.hibernate.engine.transaction.internal.TransactionImpl - committing
11:49:31.502 [Test worker] DEBUG org.hibernate.event.internal.AbstractFlushingEventListener - Processing flush-time cascades
11:49:31.502 [Test worker] DEBUG org.hibernate.event.internal.AbstractFlushingEventListener - Dirty checking collections
11:49:31.503 [Test worker] DEBUG org.hibernate.event.internal.AbstractFlushingEventListener - Flushed: 0 insertions, 0 updates, 0 deletions to 1 objects
11:49:31.503 [Test worker] DEBUG org.hibernate.event.internal.AbstractFlushingEventListener - Flushed: 0 (re)creations, 0 updates, 0 removals to 0 collections
11:49:31.503 [Test worker] DEBUG org.hibernate.internal.util.EntityPrinter - Listing entities:
11:49:31.503 [Test worker] DEBUG org.hibernate.internal.util.EntityPrinter - web_prak.java.classes.Products{measure=штук, quantity=5, expiration_date_to=2022-08-01, product_id=419, expiration_date_from=2021-08-01, type=Ноутбуки, product_name=Asus Rog Strix, place_id=web_prak.java.classes.Register_place#523}
11:49:31.523 [Test worker] DEBUG org.hibernate.resource.jdbc.internal.LogicalConnectionManagedImpl - Initiating JDBC connection release from afterTransaction
11:49:31.523 [Test worker] DEBUG org.hibernate.resource.jdbc.internal.LogicalConnectionManagedImpl - Initiating JDBC connection release from afterTransaction
11:49:31.524 [Test worker] DEBUG org.hibernate.engine.transaction.internal.TransactionImpl - On TransactionImpl creation, JpaCompliance#isJpaTransactionComplianceEnabled == false
11:49:31.524 [Test worker] DEBUG org.hibernate.engine.transaction.internal.TransactionImpl - begin
11:49:31.524 [Test worker] DEBUG org.hibernate.engine.spi.ActionQueue - Executing identity-insert immediately
11:49:31.524 [Test worker] DEBUG org.hibernate.SQL - insert into clients (address, client_name, contact, email) values (?, ?, ?, ?)
Hibernate: insert into clients (address, client_name, contact, email) values (?, ?, ?, ?)
11:49:31.527 [Test worker] DEBUG org.hibernate.id.IdentifierGeneratorHelper - Natively generated identity: 398
11:49:31.527 [Test worker] DEBUG org.hibernate.resource.jdbc.internal.ResourceRegistryStandardImpl - HHH000387: ResultSet's statement was not registered
11:49:31.527 [Test worker] DEBUG org.hibernate.engine.transaction.internal.TransactionImpl - committing
11:49:31.528 [Test worker] DEBUG org.hibernate.event.internal.AbstractFlushingEventListener - Processing flush-time cascades
11:49:31.528 [Test worker] DEBUG org.hibernate.event.internal.AbstractFlushingEventListener - Dirty checking collections
11:49:31.528 [Test worker] DEBUG org.hibernate.event.internal.AbstractFlushingEventListener - Flushed: 0 insertions, 0 updates, 0 deletions to 1 objects
11:49:31.528 [Test worker] DEBUG org.hibernate.event.internal.AbstractFlushingEventListener - Flushed: 0 (re)creations, 0 updates, 0 removals to 0 collections
11:49:31.528 [Test worker] DEBUG org.hibernate.internal.util.EntityPrinter - Listing entities:
11:49:31.528 [Test worker] DEBUG org.hibernate.internal.util.EntityPrinter - web_prak.java.classes.Clients{address=Ярославское шоссе д26, contact=+7 (976) 130-93-80, client_name=Иван Иванов, client_id=398, email=cromaint0@go.com}
11:49:31.540 [Test worker] DEBUG org.hibernate.resource.jdbc.internal.LogicalConnectionManagedImpl - Initiating JDBC connection release from afterTransaction
11:49:31.540 [Test worker] DEBUG org.hibernate.resource.jdbc.internal.LogicalConnectionManagedImpl - Initiating JDBC connection release from afterTransaction
11:49:31.541 [Test worker] DEBUG org.hibernate.engine.transaction.internal.TransactionImpl - On TransactionImpl creation, JpaCompliance#isJpaTransactionComplianceEnabled == false
11:49:31.541 [Test worker] DEBUG org.hibernate.engine.transaction.internal.TransactionImpl - begin
11:49:31.541 [Test worker] DEBUG org.hibernate.engine.spi.ActionQueue - Executing identity-insert immediately
11:49:31.541 [Test worker] DEBUG org.hibernate.SQL - insert into deliveries (client_id, date_issue, status) values (?, ?, ?)
Hibernate: insert into deliveries (client_id, date_issue, status) values (?, ?, ?)
11:49:31.544 [Test worker] DEBUG org.hibernate.id.IdentifierGeneratorHelper - Natively generated identity: 249
11:49:31.544 [Test worker] DEBUG org.hibernate.resource.jdbc.internal.ResourceRegistryStandardImpl - HHH000387: ResultSet's statement was not registered
11:49:31.545 [Test worker] DEBUG org.hibernate.engine.transaction.internal.TransactionImpl - committing
11:49:31.545 [Test worker] DEBUG org.hibernate.event.internal.AbstractFlushingEventListener - Processing flush-time cascades
11:49:31.545 [Test worker] DEBUG org.hibernate.event.internal.AbstractFlushingEventListener - Dirty checking collections
11:49:31.545 [Test worker] DEBUG org.hibernate.event.internal.AbstractFlushingEventListener - Flushed: 0 insertions, 0 updates, 0 deletions to 1 objects
11:49:31.545 [Test worker] DEBUG org.hibernate.event.internal.AbstractFlushingEventListener - Flushed: 0 (re)creations, 0 updates, 0 removals to 0 collections
11:49:31.545 [Test worker] DEBUG org.hibernate.internal.util.EntityPrinter - Listing entities:
11:49:31.545 [Test worker] DEBUG org.hibernate.internal.util.EntityPrinter - web_prak.java.classes.Deliveries{delivery_id=249, client_id=web_prak.java.classes.Clients#398, date_issue=2022-02-05, status=завершен}
11:49:31.556 [Test worker] DEBUG org.hibernate.resource.jdbc.internal.LogicalConnectionManagedImpl - Initiating JDBC connection release from afterTransaction
11:49:31.557 [Test worker] DEBUG org.hibernate.resource.jdbc.internal.LogicalConnectionManagedImpl - Initiating JDBC connection release from afterTransaction
11:49:31.557 [Test worker] DEBUG org.hibernate.engine.transaction.internal.TransactionImpl - On TransactionImpl creation, JpaCompliance#isJpaTransactionComplianceEnabled == false
11:49:31.557 [Test worker] DEBUG org.hibernate.engine.transaction.internal.TransactionImpl - begin
11:49:31.558 [Test worker] DEBUG org.hibernate.engine.spi.ActionQueue - Executing identity-insert immediately
11:49:31.558 [Test worker] DEBUG org.hibernate.SQL - insert into deliveries_list (delivery_id, product_id, quantity) values (?, ?, ?)
Hibernate: insert into deliveries_list (delivery_id, product_id, quantity) values (?, ?, ?)
11:49:31.561 [Test worker] DEBUG org.hibernate.id.IdentifierGeneratorHelper - Natively generated identity: 169
11:49:31.561 [Test worker] DEBUG org.hibernate.resource.jdbc.internal.ResourceRegistryStandardImpl - HHH000387: ResultSet's statement was not registered
11:49:31.561 [Test worker] DEBUG org.hibernate.engine.transaction.internal.TransactionImpl - committing
11:49:31.562 [Test worker] DEBUG org.hibernate.event.internal.AbstractFlushingEventListener - Processing flush-time cascades
11:49:31.562 [Test worker] DEBUG org.hibernate.event.internal.AbstractFlushingEventListener - Dirty checking collections
11:49:31.562 [Test worker] DEBUG org.hibernate.event.internal.AbstractFlushingEventListener - Flushed: 0 insertions, 0 updates, 0 deletions to 1 objects
11:49:31.562 [Test worker] DEBUG org.hibernate.event.internal.AbstractFlushingEventListener - Flushed: 0 (re)creations, 0 updates, 0 removals to 0 collections
11:49:31.562 [Test worker] DEBUG org.hibernate.internal.util.EntityPrinter - Listing entities:
11:49:31.562 [Test worker] DEBUG org.hibernate.internal.util.EntityPrinter - web_prak.java.classes.Deliveries_list{deliveries_list_id=169, quantity=5, delivery_id=web_prak.java.classes.Deliveries#249, product_id=web_prak.java.classes.Products#419}
11:49:31.584 [Test worker] DEBUG org.hibernate.resource.jdbc.internal.LogicalConnectionManagedImpl - Initiating JDBC connection release from afterTransaction
11:49:31.585 [Test worker] DEBUG org.hibernate.resource.jdbc.internal.LogicalConnectionManagedImpl - Initiating JDBC connection release from afterTransaction
11:49:31.585 [Test worker] DEBUG org.hibernate.engine.transaction.internal.TransactionImpl - On TransactionImpl creation, JpaCompliance#isJpaTransactionComplianceEnabled == false
11:49:31.585 [Test worker] DEBUG org.hibernate.engine.transaction.internal.TransactionImpl - begin
11:49:31.585 [Test worker] DEBUG org.hibernate.engine.spi.ActionQueue - Executing identity-insert immediately
11:49:31.585 [Test worker] DEBUG org.hibernate.SQL - insert into deliveries_list (delivery_id, product_id, quantity) values (?, ?, ?)
Hibernate: insert into deliveries_list (delivery_id, product_id, quantity) values (?, ?, ?)
11:49:31.587 [Test worker] DEBUG org.hibernate.id.IdentifierGeneratorHelper - Natively generated identity: 170
11:49:31.587 [Test worker] DEBUG org.hibernate.resource.jdbc.internal.ResourceRegistryStandardImpl - HHH000387: ResultSet's statement was not registered
11:49:31.587 [Test worker] DEBUG org.hibernate.engine.transaction.internal.TransactionImpl - committing
11:49:31.587 [Test worker] DEBUG org.hibernate.event.internal.AbstractFlushingEventListener - Processing flush-time cascades
11:49:31.587 [Test worker] DEBUG org.hibernate.event.internal.AbstractFlushingEventListener - Dirty checking collections
11:49:31.587 [Test worker] DEBUG org.hibernate.event.internal.AbstractFlushingEventListener - Flushed: 0 insertions, 0 updates, 0 deletions to 1 objects
11:49:31.587 [Test worker] DEBUG org.hibernate.event.internal.AbstractFlushingEventListener - Flushed: 0 (re)creations, 0 updates, 0 removals to 0 collections
11:49:31.587 [Test worker] DEBUG org.hibernate.internal.util.EntityPrinter - Listing entities:
11:49:31.587 [Test worker] DEBUG org.hibernate.internal.util.EntityPrinter - web_prak.java.classes.Deliveries_list{deliveries_list_id=170, quantity=5, delivery_id=web_prak.java.classes.Deliveries#249, product_id=web_prak.java.classes.Products#419}
11:49:31.601 [Test worker] DEBUG org.hibernate.resource.jdbc.internal.LogicalConnectionManagedImpl - Initiating JDBC connection release from afterTransaction
11:49:31.601 [Test worker] DEBUG org.hibernate.resource.jdbc.internal.LogicalConnectionManagedImpl - Initiating JDBC connection release from afterTransaction
11:49:31.601 [Test worker] DEBUG org.hibernate.hql.internal.ast.QueryTranslatorImpl - parse() - HQL: FROM web_prak.java.classes.Deliveries_list WHERE quantity >= :param
11:49:31.602 [Test worker] DEBUG org.hibernate.hql.internal.ast.ErrorTracker - throwQueryException() : no errors
11:49:31.602 [Test worker] DEBUG org.hibernate.hql.internal.ast.QueryTranslatorImpl - --- HQL AST ---
 \-[QUERY] Node: 'query'
    +-[SELECT_FROM] Node: 'SELECT_FROM'
    |  \-[FROM] Node: 'FROM'
    |     \-[RANGE] Node: 'RANGE'
    |        \-[DOT] Node: '.'
    |           +-[DOT] Node: '.'
    |           |  +-[DOT] Node: '.'
    |           |  |  +-[IDENT] Node: 'web_prak'
    |           |  |  \-[IDENT] Node: 'java'
    |           |  \-[IDENT] Node: 'classes'
    |           \-[IDENT] Node: 'Deliveries_list'
    \-[WHERE] Node: 'WHERE'
       \-[GE] Node: '>='
          +-[IDENT] Node: 'quantity'
          \-[COLON] Node: ':'
             \-[IDENT] Node: 'param'

11:49:31.602 [Test worker] DEBUG org.hibernate.hql.internal.antlr.HqlSqlBaseWalker - select << begin [level=1, statement=select]
11:49:31.603 [Test worker] DEBUG org.hibernate.hql.internal.ast.tree.FromElement - FromClause{level=1} : web_prak.java.classes.Deliveries_list (<no alias>) -> deliveries0_
11:49:31.603 [Test worker] DEBUG org.hibernate.hql.internal.ast.tree.FromReferenceNode - Resolved : {synthetic-alias} -> {synthetic-alias}
11:49:31.603 [Test worker] DEBUG org.hibernate.hql.internal.ast.tree.DotNode - getDataType() : quantity -> org.hibernate.type.IntegerType@7d8b66d9
11:49:31.603 [Test worker] DEBUG org.hibernate.hql.internal.ast.tree.FromReferenceNode - Resolved : {synthetic-alias}.quantity -> deliveries0_.quantity
11:49:31.603 [Test worker] DEBUG org.hibernate.hql.internal.antlr.HqlSqlBaseWalker - select : finishing up [level=1, statement=select]
11:49:31.603 [Test worker] DEBUG org.hibernate.hql.internal.ast.HqlSqlWalker - processQuery() :  ( SELECT ( FromClause{level=1} deliveries_list deliveries0_ ) ( WHERE ( >= ( deliveries0_.quantity {synthetic-alias} quantity ) ? ) ) )
11:49:31.603 [Test worker] DEBUG org.hibernate.hql.internal.ast.HqlSqlWalker - Derived SELECT clause created.
11:49:31.604 [Test worker] DEBUG org.hibernate.hql.internal.ast.util.JoinProcessor - Tables referenced from query nodes:
 \-QueryNode
    +-SelectClause
    | referencedTables(entity Deliveries_list): [deliveries_list]
    |  +-SelectExpressionImpl
    |  | persister: SingleTableEntityPersister(web_prak.java.classes.Deliveries_list)
    |  \-SqlFragment
    +-FromClause
    |  \-FromElement
    \-SqlNode
       \-BinaryLogicOperatorNode
          +-DotNode
          | persister: SingleTableEntityPersister(web_prak.java.classes.Deliveries_list)
          | path: {synthetic-alias}.quantity
          |  +-IdentNode
          |  | persister: SingleTableEntityPersister(web_prak.java.classes.Deliveries_list)
          |  | originalText: {synthetic-alias}
          |  \-IdentNode
          |    persister: null
          |    originalText: quantity
          \-ParameterNode

11:49:31.604 [Test worker] DEBUG org.hibernate.hql.internal.ast.util.JoinProcessor - Using FROM fragment [deliveries_list deliveries0_]
11:49:31.604 [Test worker] DEBUG org.hibernate.hql.internal.antlr.HqlSqlBaseWalker - select >> end [level=1, statement=select]
11:49:31.604 [Test worker] DEBUG org.hibernate.hql.internal.ast.QueryTranslatorImpl - --- SQL AST ---
 \-[SELECT] QueryNode: 'SELECT'  querySpaces (deliveries_list)
    +-[SELECT_CLAUSE] SelectClause: '{derived select clause}'
    |  +-[SELECT_EXPR] SelectExpressionImpl: 'deliveries0_.deliveries_list_id as deliveri1_2_' {FromElement{explicit,not a collection join,not a fetch join,fetch non-lazy properties,classAlias=null,role=null,tableName=deliveries_list,tableAlias=deliveries0_,origin=null,columns={,className=web_prak.java.classes.Deliveries_list}}}
    |  \-[SQL_TOKEN] SqlFragment: 'deliveries0_.delivery_id as delivery3_2_, deliveries0_.product_id as product_4_2_, deliveries0_.quantity as quantity2_2_'
    +-[FROM] FromClause: 'FROM' FromClause{level=1, fromElementCounter=1, fromElements=1, fromElementByClassAlias=[], fromElementByTableAlias=[deliveries0_], fromElementsByPath=[], collectionJoinFromElementsByPath=[], impliedElements=[]}
    |  \-[FROM_FRAGMENT] FromElement: 'deliveries_list deliveries0_' FromElement{explicit,not a collection join,not a fetch join,fetch non-lazy properties,classAlias=null,role=null,tableName=deliveries_list,tableAlias=deliveries0_,origin=null,columns={,className=web_prak.java.classes.Deliveries_list}}
    \-[WHERE] SqlNode: 'WHERE'
       \-[GE] BinaryLogicOperatorNode: '>='
          +-[DOT] DotNode: 'deliveries0_.quantity' {propertyName=quantity,dereferenceType=PRIMITIVE,getPropertyPath=quantity,path={synthetic-alias}.quantity,tableAlias=deliveries0_,className=web_prak.java.classes.Deliveries_list,classAlias=null}
          |  +-[IDENT] IdentNode: '{synthetic-alias}' {originalText={synthetic-alias}}
          |  \-[IDENT] IdentNode: 'quantity' {originalText=quantity}
          \-[NAMED_PARAM] ParameterNode: '?' {name=param, expectedType=org.hibernate.type.IntegerType@7d8b66d9}

11:49:31.604 [Test worker] DEBUG org.hibernate.hql.internal.ast.ErrorTracker - throwQueryException() : no errors
11:49:31.604 [Test worker] DEBUG org.hibernate.hql.internal.ast.QueryTranslatorImpl - HQL: FROM web_prak.java.classes.Deliveries_list WHERE quantity >= :param
11:49:31.604 [Test worker] DEBUG org.hibernate.hql.internal.ast.QueryTranslatorImpl - SQL: select deliveries0_.deliveries_list_id as deliveri1_2_, deliveries0_.delivery_id as delivery3_2_, deliveries0_.product_id as product_4_2_, deliveries0_.quantity as quantity2_2_ from deliveries_list deliveries0_ where deliveries0_.quantity>=?
11:49:31.604 [Test worker] DEBUG org.hibernate.hql.internal.ast.ErrorTracker - throwQueryException() : no errors
11:49:31.605 [Test worker] DEBUG org.hibernate.SQL - select deliveries0_.deliveries_list_id as deliveri1_2_, deliveries0_.delivery_id as delivery3_2_, deliveries0_.product_id as product_4_2_, deliveries0_.quantity as quantity2_2_ from deliveries_list deliveries0_ where deliveries0_.quantity>=?
Hibernate: select deliveries0_.deliveries_list_id as deliveri1_2_, deliveries0_.delivery_id as delivery3_2_, deliveries0_.product_id as product_4_2_, deliveries0_.quantity as quantity2_2_ from deliveries_list deliveries0_ where deliveries0_.quantity>=?
11:49:31.606 [Test worker] DEBUG org.hibernate.loader.Loader - Result set row: 0
11:49:31.606 [Test worker] DEBUG org.hibernate.loader.Loader - Result row: EntityKey[web_prak.java.classes.Deliveries_list#169]
11:49:31.606 [Test worker] DEBUG org.hibernate.loader.Loader - Result set row: 1
11:49:31.606 [Test worker] DEBUG org.hibernate.loader.Loader - Result row: EntityKey[web_prak.java.classes.Deliveries_list#170]
11:49:31.607 [Test worker] DEBUG org.hibernate.engine.internal.TwoPhaseLoad - Resolving attributes for [web_prak.java.classes.Deliveries_list#169]
11:49:31.607 [Test worker] DEBUG org.hibernate.engine.internal.TwoPhaseLoad - Processing attribute `delivery_id` : value = 249
11:49:31.607 [Test worker] DEBUG org.hibernate.engine.internal.TwoPhaseLoad - Attribute (`delivery_id`)  - enhanced for lazy-loading? - false
11:49:31.607 [Test worker] DEBUG org.hibernate.SQL - select deliveries0_.delivery_id as delivery1_1_0_, deliveries0_.client_id as client_i4_1_0_, deliveries0_.date_issue as date_iss2_1_0_, deliveries0_.status as status3_1_0_, clients1_.client_id as client_i1_0_1_, clients1_.address as address2_0_1_, clients1_.client_name as client_n3_0_1_, clients1_.contact as contact4_0_1_, clients1_.email as email5_0_1_ from deliveries deliveries0_ left outer join clients clients1_ on deliveries0_.client_id=clients1_.client_id where deliveries0_.delivery_id=?
Hibernate: select deliveries0_.delivery_id as delivery1_1_0_, deliveries0_.client_id as client_i4_1_0_, deliveries0_.date_issue as date_iss2_1_0_, deliveries0_.status as status3_1_0_, clients1_.client_id as client_i1_0_1_, clients1_.address as address2_0_1_, clients1_.client_name as client_n3_0_1_, clients1_.contact as contact4_0_1_, clients1_.email as email5_0_1_ from deliveries deliveries0_ left outer join clients clients1_ on deliveries0_.client_id=clients1_.client_id where deliveries0_.delivery_id=?
11:49:31.608 [Test worker] DEBUG org.hibernate.loader.plan.exec.process.internal.EntityReferenceInitializerImpl - On call to EntityIdentifierReaderImpl#resolve, EntityKey was already known; should only happen on root returns with an optional identifier specified
11:49:31.609 [Test worker] DEBUG org.hibernate.engine.internal.TwoPhaseLoad - Resolving attributes for [web_prak.java.classes.Deliveries#249]
11:49:31.609 [Test worker] DEBUG org.hibernate.engine.internal.TwoPhaseLoad - Processing attribute `client_id` : value = 398
11:49:31.609 [Test worker] DEBUG org.hibernate.engine.internal.TwoPhaseLoad - Attribute (`client_id`)  - enhanced for lazy-loading? - false
11:49:31.609 [Test worker] DEBUG org.hibernate.engine.internal.TwoPhaseLoad - Processing attribute `date_issue` : value = 2022-02-05
11:49:31.609 [Test worker] DEBUG org.hibernate.engine.internal.TwoPhaseLoad - Attribute (`date_issue`)  - enhanced for lazy-loading? - false
11:49:31.609 [Test worker] DEBUG org.hibernate.engine.internal.TwoPhaseLoad - Processing attribute `status` : value = завершен
11:49:31.609 [Test worker] DEBUG org.hibernate.engine.internal.TwoPhaseLoad - Attribute (`status`)  - enhanced for lazy-loading? - false
11:49:31.609 [Test worker] DEBUG org.hibernate.engine.internal.TwoPhaseLoad - Done materializing entity [web_prak.java.classes.Deliveries#249]
11:49:31.609 [Test worker] DEBUG org.hibernate.engine.internal.TwoPhaseLoad - Resolving attributes for [web_prak.java.classes.Clients#398]
11:49:31.609 [Test worker] DEBUG org.hibernate.engine.internal.TwoPhaseLoad - Processing attribute `address` : value = Ярославское шоссе д26
11:49:31.609 [Test worker] DEBUG org.hibernate.engine.internal.TwoPhaseLoad - Attribute (`address`)  - enhanced for lazy-loading? - false
11:49:31.609 [Test worker] DEBUG org.hibernate.engine.internal.TwoPhaseLoad - Processing attribute `client_name` : value = Иван Иванов
11:49:31.609 [Test worker] DEBUG org.hibernate.engine.internal.TwoPhaseLoad - Attribute (`client_name`)  - enhanced for lazy-loading? - false
11:49:31.609 [Test worker] DEBUG org.hibernate.engine.internal.TwoPhaseLoad - Processing attribute `contact` : value = +7 (976) 130-93-80
11:49:31.609 [Test worker] DEBUG org.hibernate.engine.internal.TwoPhaseLoad - Attribute (`contact`)  - enhanced for lazy-loading? - false
11:49:31.609 [Test worker] DEBUG org.hibernate.engine.internal.TwoPhaseLoad - Processing attribute `email` : value = cromaint0@go.com
11:49:31.609 [Test worker] DEBUG org.hibernate.engine.internal.TwoPhaseLoad - Attribute (`email`)  - enhanced for lazy-loading? - false
11:49:31.609 [Test worker] DEBUG org.hibernate.engine.internal.TwoPhaseLoad - Done materializing entity [web_prak.java.classes.Clients#398]
11:49:31.609 [Test worker] DEBUG org.hibernate.loader.entity.plan.AbstractLoadPlanBasedEntityLoader - Done entity load : web_prak.java.classes.Deliveries#249
11:49:31.609 [Test worker] DEBUG org.hibernate.engine.internal.TwoPhaseLoad - Processing attribute `product_id` : value = 419
11:49:31.609 [Test worker] DEBUG org.hibernate.engine.internal.TwoPhaseLoad - Attribute (`product_id`)  - enhanced for lazy-loading? - false
11:49:31.609 [Test worker] DEBUG org.hibernate.SQL - select products0_.product_id as product_1_3_0_, products0_.expiration_date_from as expirati2_3_0_, products0_.expiration_date_to as expirati3_3_0_, products0_.measure as measure4_3_0_, products0_.place_id as place_id8_3_0_, products0_.product_name as product_5_3_0_, products0_.quantity as quantity6_3_0_, products0_.type as type7_3_0_, register_p1_.place_id as place_id1_4_1_, register_p1_.free as free2_4_1_, register_p1_.storage_location as storage_3_4_1_ from products products0_ left outer join register_place register_p1_ on products0_.place_id=register_p1_.place_id where products0_.product_id=?
Hibernate: select products0_.product_id as product_1_3_0_, products0_.expiration_date_from as expirati2_3_0_, products0_.expiration_date_to as expirati3_3_0_, products0_.measure as measure4_3_0_, products0_.place_id as place_id8_3_0_, products0_.product_name as product_5_3_0_, products0_.quantity as quantity6_3_0_, products0_.type as type7_3_0_, register_p1_.place_id as place_id1_4_1_, register_p1_.free as free2_4_1_, register_p1_.storage_location as storage_3_4_1_ from products products0_ left outer join register_place register_p1_ on products0_.place_id=register_p1_.place_id where products0_.product_id=?
11:49:31.610 [Test worker] DEBUG org.hibernate.loader.plan.exec.process.internal.EntityReferenceInitializerImpl - On call to EntityIdentifierReaderImpl#resolve, EntityKey was already known; should only happen on root returns with an optional identifier specified
11:49:31.611 [Test worker] DEBUG org.hibernate.engine.internal.TwoPhaseLoad - Resolving attributes for [web_prak.java.classes.Products#419]
11:49:31.611 [Test worker] DEBUG org.hibernate.engine.internal.TwoPhaseLoad - Processing attribute `expiration_date_from` : value = 2021-08-01
11:49:31.611 [Test worker] DEBUG org.hibernate.engine.internal.TwoPhaseLoad - Attribute (`expiration_date_from`)  - enhanced for lazy-loading? - false
11:49:31.611 [Test worker] DEBUG org.hibernate.engine.internal.TwoPhaseLoad - Processing attribute `expiration_date_to` : value = 2022-08-01
11:49:31.611 [Test worker] DEBUG org.hibernate.engine.internal.TwoPhaseLoad - Attribute (`expiration_date_to`)  - enhanced for lazy-loading? - false
11:49:31.611 [Test worker] DEBUG org.hibernate.engine.internal.TwoPhaseLoad - Processing attribute `measure` : value = штук
11:49:31.611 [Test worker] DEBUG org.hibernate.engine.internal.TwoPhaseLoad - Attribute (`measure`)  - enhanced for lazy-loading? - false
11:49:31.611 [Test worker] DEBUG org.hibernate.engine.internal.TwoPhaseLoad - Processing attribute `place_id` : value = 523
11:49:31.611 [Test worker] DEBUG org.hibernate.engine.internal.TwoPhaseLoad - Attribute (`place_id`)  - enhanced for lazy-loading? - false
11:49:31.611 [Test worker] DEBUG org.hibernate.engine.internal.TwoPhaseLoad - Processing attribute `product_name` : value = Asus Rog Strix
11:49:31.611 [Test worker] DEBUG org.hibernate.engine.internal.TwoPhaseLoad - Attribute (`product_name`)  - enhanced for lazy-loading? - false
11:49:31.611 [Test worker] DEBUG org.hibernate.engine.internal.TwoPhaseLoad - Processing attribute `quantity` : value = 5
11:49:31.611 [Test worker] DEBUG org.hibernate.engine.internal.TwoPhaseLoad - Attribute (`quantity`)  - enhanced for lazy-loading? - false
11:49:31.611 [Test worker] DEBUG org.hibernate.engine.internal.TwoPhaseLoad - Processing attribute `type` : value = Ноутбуки
11:49:31.611 [Test worker] DEBUG org.hibernate.engine.internal.TwoPhaseLoad - Attribute (`type`)  - enhanced for lazy-loading? - false
11:49:31.612 [Test worker] DEBUG org.hibernate.engine.internal.TwoPhaseLoad - Done materializing entity [web_prak.java.classes.Products#419]
11:49:31.612 [Test worker] DEBUG org.hibernate.engine.internal.TwoPhaseLoad - Resolving attributes for [web_prak.java.classes.Register_place#523]
11:49:31.612 [Test worker] DEBUG org.hibernate.engine.internal.TwoPhaseLoad - Processing attribute `free` : value = нет
11:49:31.612 [Test worker] DEBUG org.hibernate.engine.internal.TwoPhaseLoad - Attribute (`free`)  - enhanced for lazy-loading? - false
11:49:31.612 [Test worker] DEBUG org.hibernate.engine.internal.TwoPhaseLoad - Processing attribute `storage_location` : value = 02 10 03
11:49:31.612 [Test worker] DEBUG org.hibernate.engine.internal.TwoPhaseLoad - Attribute (`storage_location`)  - enhanced for lazy-loading? - false
11:49:31.612 [Test worker] DEBUG org.hibernate.engine.internal.TwoPhaseLoad - Done materializing entity [web_prak.java.classes.Register_place#523]
11:49:31.612 [Test worker] DEBUG org.hibernate.loader.entity.plan.AbstractLoadPlanBasedEntityLoader - Done entity load : web_prak.java.classes.Products#419
11:49:31.612 [Test worker] DEBUG org.hibernate.engine.internal.TwoPhaseLoad - Processing attribute `quantity` : value = 5
11:49:31.612 [Test worker] DEBUG org.hibernate.engine.internal.TwoPhaseLoad - Attribute (`quantity`)  - enhanced for lazy-loading? - false
11:49:31.612 [Test worker] DEBUG org.hibernate.engine.internal.TwoPhaseLoad - Done materializing entity [web_prak.java.classes.Deliveries_list#169]
11:49:31.612 [Test worker] DEBUG org.hibernate.engine.internal.TwoPhaseLoad - Resolving attributes for [web_prak.java.classes.Deliveries_list#170]
11:49:31.612 [Test worker] DEBUG org.hibernate.engine.internal.TwoPhaseLoad - Processing attribute `delivery_id` : value = 249
11:49:31.612 [Test worker] DEBUG org.hibernate.engine.internal.TwoPhaseLoad - Attribute (`delivery_id`)  - enhanced for lazy-loading? - false
11:49:31.612 [Test worker] DEBUG org.hibernate.engine.internal.TwoPhaseLoad - Processing attribute `product_id` : value = 419
11:49:31.612 [Test worker] DEBUG org.hibernate.engine.internal.TwoPhaseLoad - Attribute (`product_id`)  - enhanced for lazy-loading? - false
11:49:31.612 [Test worker] DEBUG org.hibernate.engine.internal.TwoPhaseLoad - Processing attribute `quantity` : value = 5
11:49:31.612 [Test worker] DEBUG org.hibernate.engine.internal.TwoPhaseLoad - Attribute (`quantity`)  - enhanced for lazy-loading? - false
11:49:31.612 [Test worker] DEBUG org.hibernate.engine.internal.TwoPhaseLoad - Done materializing entity [web_prak.java.classes.Deliveries_list#170]
11:49:31.613 [Test worker] DEBUG org.hibernate.resource.jdbc.internal.LogicalConnectionManagedImpl - Initiating JDBC connection release from afterTransaction
11:49:31.614 [Test worker] DEBUG org.hibernate.engine.transaction.internal.TransactionImpl - On TransactionImpl creation, JpaCompliance#isJpaTransactionComplianceEnabled == false
11:49:31.615 [Test worker] DEBUG org.hibernate.engine.transaction.internal.TransactionImpl - begin
11:49:31.615 [Test worker] DEBUG org.hibernate.engine.transaction.internal.TransactionImpl - committing
11:49:31.615 [Test worker] DEBUG org.hibernate.event.internal.AbstractFlushingEventListener - Processing flush-time cascades
11:49:31.616 [Test worker] DEBUG org.hibernate.event.internal.AbstractFlushingEventListener - Dirty checking collections
11:49:31.616 [Test worker] DEBUG org.hibernate.event.internal.AbstractFlushingEventListener - Flushed: 0 insertions, 0 updates, 1 deletions to 1 objects
11:49:31.616 [Test worker] DEBUG org.hibernate.event.internal.AbstractFlushingEventListener - Flushed: 0 (re)creations, 0 updates, 0 removals to 0 collections
11:49:31.616 [Test worker] DEBUG org.hibernate.internal.util.EntityPrinter - Listing entities:
11:49:31.616 [Test worker] DEBUG org.hibernate.internal.util.EntityPrinter - web_prak.java.classes.Deliveries_list{deliveries_list_id=169, quantity=5, delivery_id=web_prak.java.classes.Deliveries#249, product_id=web_prak.java.classes.Products#419}
11:49:31.616 [Test worker] DEBUG org.hibernate.SQL - delete from deliveries_list where deliveries_list_id=?
Hibernate: delete from deliveries_list where deliveries_list_id=?
11:49:31.629 [Test worker] DEBUG org.hibernate.resource.jdbc.internal.LogicalConnectionManagedImpl - Initiating JDBC connection release from afterTransaction
11:49:31.629 [Test worker] DEBUG org.hibernate.resource.jdbc.internal.LogicalConnectionManagedImpl - Initiating JDBC connection release from afterTransaction
11:49:31.629 [Test worker] DEBUG org.hibernate.engine.jdbc.internal.JdbcCoordinatorImpl - HHH000420: Closing un-released batch
11:49:31.629 [Test worker] DEBUG org.hibernate.engine.transaction.internal.TransactionImpl - On TransactionImpl creation, JpaCompliance#isJpaTransactionComplianceEnabled == false
11:49:31.629 [Test worker] DEBUG org.hibernate.engine.transaction.internal.TransactionImpl - begin
11:49:31.629 [Test worker] DEBUG org.hibernate.engine.transaction.internal.TransactionImpl - committing
11:49:31.629 [Test worker] DEBUG org.hibernate.event.internal.AbstractFlushingEventListener - Processing flush-time cascades
11:49:31.630 [Test worker] DEBUG org.hibernate.event.internal.AbstractFlushingEventListener - Dirty checking collections
11:49:31.630 [Test worker] DEBUG org.hibernate.event.internal.AbstractFlushingEventListener - Flushed: 0 insertions, 0 updates, 1 deletions to 1 objects
11:49:31.630 [Test worker] DEBUG org.hibernate.event.internal.AbstractFlushingEventListener - Flushed: 0 (re)creations, 0 updates, 0 removals to 0 collections
11:49:31.630 [Test worker] DEBUG org.hibernate.internal.util.EntityPrinter - Listing entities:
11:49:31.630 [Test worker] DEBUG org.hibernate.internal.util.EntityPrinter - web_prak.java.classes.Deliveries_list{deliveries_list_id=170, quantity=5, delivery_id=web_prak.java.classes.Deliveries#249, product_id=web_prak.java.classes.Products#419}
11:49:31.630 [Test worker] DEBUG org.hibernate.SQL - delete from deliveries_list where deliveries_list_id=?
Hibernate: delete from deliveries_list where deliveries_list_id=?
11:49:31.645 [Test worker] DEBUG org.hibernate.resource.jdbc.internal.LogicalConnectionManagedImpl - Initiating JDBC connection release from afterTransaction
11:49:31.646 [Test worker] DEBUG org.hibernate.resource.jdbc.internal.LogicalConnectionManagedImpl - Initiating JDBC connection release from afterTransaction
11:49:31.646 [Test worker] DEBUG org.hibernate.engine.jdbc.internal.JdbcCoordinatorImpl - HHH000420: Closing un-released batch
11:49:31.646 [Test worker] DEBUG org.hibernate.engine.transaction.internal.TransactionImpl - On TransactionImpl creation, JpaCompliance#isJpaTransactionComplianceEnabled == false
11:49:31.646 [Test worker] DEBUG org.hibernate.engine.transaction.internal.TransactionImpl - begin
11:49:31.646 [Test worker] DEBUG org.hibernate.engine.transaction.internal.TransactionImpl - committing
11:49:31.646 [Test worker] DEBUG org.hibernate.event.internal.AbstractFlushingEventListener - Processing flush-time cascades
11:49:31.646 [Test worker] DEBUG org.hibernate.event.internal.AbstractFlushingEventListener - Dirty checking collections
11:49:31.646 [Test worker] DEBUG org.hibernate.event.internal.AbstractFlushingEventListener - Flushed: 0 insertions, 0 updates, 1 deletions to 1 objects
11:49:31.646 [Test worker] DEBUG org.hibernate.event.internal.AbstractFlushingEventListener - Flushed: 0 (re)creations, 0 updates, 0 removals to 0 collections
11:49:31.646 [Test worker] DEBUG org.hibernate.internal.util.EntityPrinter - Listing entities:
11:49:31.646 [Test worker] DEBUG org.hibernate.internal.util.EntityPrinter - web_prak.java.classes.Products{measure=штук, quantity=5, expiration_date_to=2022-08-01, product_id=419, expiration_date_from=2021-08-01, type=Ноутбуки, product_name=Asus Rog Strix, place_id=web_prak.java.classes.Register_place#523}
11:49:31.646 [Test worker] DEBUG org.hibernate.SQL - delete from products where product_id=?
Hibernate: delete from products where product_id=?
11:49:31.662 [Test worker] DEBUG org.hibernate.resource.jdbc.internal.LogicalConnectionManagedImpl - Initiating JDBC connection release from afterTransaction
11:49:31.663 [Test worker] DEBUG org.hibernate.resource.jdbc.internal.LogicalConnectionManagedImpl - Initiating JDBC connection release from afterTransaction
11:49:31.663 [Test worker] DEBUG org.hibernate.engine.jdbc.internal.JdbcCoordinatorImpl - HHH000420: Closing un-released batch
11:49:31.663 [Test worker] DEBUG org.hibernate.engine.transaction.internal.TransactionImpl - On TransactionImpl creation, JpaCompliance#isJpaTransactionComplianceEnabled == false
11:49:31.663 [Test worker] DEBUG org.hibernate.engine.transaction.internal.TransactionImpl - begin
11:49:31.663 [Test worker] DEBUG org.hibernate.engine.transaction.internal.TransactionImpl - committing
11:49:31.663 [Test worker] DEBUG org.hibernate.event.internal.AbstractFlushingEventListener - Processing flush-time cascades
11:49:31.663 [Test worker] DEBUG org.hibernate.event.internal.AbstractFlushingEventListener - Dirty checking collections
11:49:31.663 [Test worker] DEBUG org.hibernate.event.internal.AbstractFlushingEventListener - Flushed: 0 insertions, 0 updates, 1 deletions to 1 objects
11:49:31.663 [Test worker] DEBUG org.hibernate.event.internal.AbstractFlushingEventListener - Flushed: 0 (re)creations, 0 updates, 0 removals to 0 collections
11:49:31.663 [Test worker] DEBUG org.hibernate.internal.util.EntityPrinter - Listing entities:
11:49:31.663 [Test worker] DEBUG org.hibernate.internal.util.EntityPrinter - web_prak.java.classes.Register_place{storage_location=02 10 03, free=нет, place_id=523}
11:49:31.663 [Test worker] DEBUG org.hibernate.SQL - delete from register_place where place_id=?
Hibernate: delete from register_place where place_id=?
11:49:31.679 [Test worker] DEBUG org.hibernate.resource.jdbc.internal.LogicalConnectionManagedImpl - Initiating JDBC connection release from afterTransaction
11:49:31.680 [Test worker] DEBUG org.hibernate.resource.jdbc.internal.LogicalConnectionManagedImpl - Initiating JDBC connection release from afterTransaction
11:49:31.681 [Test worker] DEBUG org.hibernate.engine.jdbc.internal.JdbcCoordinatorImpl - HHH000420: Closing un-released batch
11:49:31.681 [Test worker] DEBUG org.hibernate.engine.transaction.internal.TransactionImpl - On TransactionImpl creation, JpaCompliance#isJpaTransactionComplianceEnabled == false
11:49:31.681 [Test worker] DEBUG org.hibernate.engine.transaction.internal.TransactionImpl - begin
11:49:31.682 [Test worker] DEBUG org.hibernate.engine.transaction.internal.TransactionImpl - committing
11:49:31.682 [Test worker] DEBUG org.hibernate.event.internal.AbstractFlushingEventListener - Processing flush-time cascades
11:49:31.682 [Test worker] DEBUG org.hibernate.event.internal.AbstractFlushingEventListener - Dirty checking collections
11:49:31.682 [Test worker] DEBUG org.hibernate.event.internal.AbstractFlushingEventListener - Flushed: 0 insertions, 0 updates, 1 deletions to 1 objects
11:49:31.682 [Test worker] DEBUG org.hibernate.event.internal.AbstractFlushingEventListener - Flushed: 0 (re)creations, 0 updates, 0 removals to 0 collections
11:49:31.682 [Test worker] DEBUG org.hibernate.internal.util.EntityPrinter - Listing entities:
11:49:31.682 [Test worker] DEBUG org.hibernate.internal.util.EntityPrinter - web_prak.java.classes.Deliveries{delivery_id=249, client_id=web_prak.java.classes.Clients#398, date_issue=2022-02-05, status=завершен}
11:49:31.682 [Test worker] DEBUG org.hibernate.SQL - delete from deliveries where delivery_id=?
Hibernate: delete from deliveries where delivery_id=?
11:49:31.948 [Test worker] DEBUG org.hibernate.resource.jdbc.internal.LogicalConnectionManagedImpl - Initiating JDBC connection release from afterTransaction
11:49:31.948 [Test worker] DEBUG org.hibernate.resource.jdbc.internal.LogicalConnectionManagedImpl - Initiating JDBC connection release from afterTransaction
11:49:31.948 [Test worker] DEBUG org.hibernate.engine.jdbc.internal.JdbcCoordinatorImpl - HHH000420: Closing un-released batch
11:49:31.948 [Test worker] DEBUG org.hibernate.engine.transaction.internal.TransactionImpl - On TransactionImpl creation, JpaCompliance#isJpaTransactionComplianceEnabled == false
11:49:31.948 [Test worker] DEBUG org.hibernate.engine.transaction.internal.TransactionImpl - begin
11:49:31.948 [Test worker] DEBUG org.hibernate.engine.transaction.internal.TransactionImpl - committing
11:49:31.948 [Test worker] DEBUG org.hibernate.event.internal.AbstractFlushingEventListener - Processing flush-time cascades
11:49:31.949 [Test worker] DEBUG org.hibernate.event.internal.AbstractFlushingEventListener - Dirty checking collections
11:49:31.949 [Test worker] DEBUG org.hibernate.event.internal.AbstractFlushingEventListener - Flushed: 0 insertions, 0 updates, 1 deletions to 1 objects
11:49:31.949 [Test worker] DEBUG org.hibernate.event.internal.AbstractFlushingEventListener - Flushed: 0 (re)creations, 0 updates, 0 removals to 0 collections
11:49:31.949 [Test worker] DEBUG org.hibernate.internal.util.EntityPrinter - Listing entities:
11:49:31.949 [Test worker] DEBUG org.hibernate.internal.util.EntityPrinter - web_prak.java.classes.Clients{address=Ярославское шоссе д26, contact=+7 (976) 130-93-80, client_name=Иван Иванов, client_id=398, email=cromaint0@go.com}
11:49:31.949 [Test worker] DEBUG org.hibernate.SQL - delete from clients where client_id=?
Hibernate: delete from clients where client_id=?
11:49:32.216 [Test worker] DEBUG org.hibernate.resource.jdbc.internal.LogicalConnectionManagedImpl - Initiating JDBC connection release from afterTransaction
11:49:32.217 [Test worker] DEBUG org.hibernate.resource.jdbc.internal.LogicalConnectionManagedImpl - Initiating JDBC connection release from afterTransaction
11:49:32.217 [Test worker] DEBUG org.hibernate.engine.jdbc.internal.JdbcCoordinatorImpl - HHH000420: Closing un-released batch
11:49:32.217 [Test worker] DEBUG org.hibernate.engine.transaction.internal.TransactionImpl - On TransactionImpl creation, JpaCompliance#isJpaTransactionComplianceEnabled == false
11:49:32.217 [Test worker] DEBUG org.hibernate.engine.transaction.internal.TransactionImpl - begin
11:49:32.218 [Test worker] DEBUG org.hibernate.engine.spi.ActionQueue - Executing identity-insert immediately
11:49:32.218 [Test worker] DEBUG org.hibernate.SQL - insert into register_place (free, storage_location) values (?, ?)
Hibernate: insert into register_place (free, storage_location) values (?, ?)
11:49:32.218 [Test worker] DEBUG org.hibernate.id.IdentifierGeneratorHelper - Natively generated identity: 524
11:49:32.218 [Test worker] DEBUG org.hibernate.resource.jdbc.internal.ResourceRegistryStandardImpl - HHH000387: ResultSet's statement was not registered
11:49:32.218 [Test worker] DEBUG org.hibernate.engine.transaction.internal.TransactionImpl - committing
11:49:32.218 [Test worker] DEBUG org.hibernate.event.internal.AbstractFlushingEventListener - Processing flush-time cascades
11:49:32.219 [Test worker] DEBUG org.hibernate.event.internal.AbstractFlushingEventListener - Dirty checking collections
11:49:32.219 [Test worker] DEBUG org.hibernate.event.internal.AbstractFlushingEventListener - Flushed: 0 insertions, 0 updates, 0 deletions to 1 objects
11:49:32.219 [Test worker] DEBUG org.hibernate.event.internal.AbstractFlushingEventListener - Flushed: 0 (re)creations, 0 updates, 0 removals to 0 collections
11:49:32.219 [Test worker] DEBUG org.hibernate.internal.util.EntityPrinter - Listing entities:
11:49:32.219 [Test worker] DEBUG org.hibernate.internal.util.EntityPrinter - web_prak.java.classes.Register_place{storage_location=02 10 03, free=нет, place_id=524}
11:49:32.814 [Test worker] DEBUG org.hibernate.resource.jdbc.internal.LogicalConnectionManagedImpl - Initiating JDBC connection release from afterTransaction
11:49:32.815 [Test worker] DEBUG org.hibernate.resource.jdbc.internal.LogicalConnectionManagedImpl - Initiating JDBC connection release from afterTransaction
11:49:32.816 [Test worker] DEBUG org.hibernate.engine.transaction.internal.TransactionImpl - On TransactionImpl creation, JpaCompliance#isJpaTransactionComplianceEnabled == false
11:49:32.816 [Test worker] DEBUG org.hibernate.engine.transaction.internal.TransactionImpl - begin
11:49:32.816 [Test worker] DEBUG org.hibernate.engine.spi.ActionQueue - Executing identity-insert immediately
11:49:32.816 [Test worker] DEBUG org.hibernate.SQL - insert into products (expiration_date_from, expiration_date_to, measure, place_id, product_name, quantity, type) values (?, ?, ?, ?, ?, ?, ?)
Hibernate: insert into products (expiration_date_from, expiration_date_to, measure, place_id, product_name, quantity, type) values (?, ?, ?, ?, ?, ?, ?)
11:49:32.820 [Test worker] DEBUG org.hibernate.id.IdentifierGeneratorHelper - Natively generated identity: 420
11:49:32.820 [Test worker] DEBUG org.hibernate.resource.jdbc.internal.ResourceRegistryStandardImpl - HHH000387: ResultSet's statement was not registered
11:49:32.821 [Test worker] DEBUG org.hibernate.engine.transaction.internal.TransactionImpl - committing
11:49:32.821 [Test worker] DEBUG org.hibernate.event.internal.AbstractFlushingEventListener - Processing flush-time cascades
11:49:32.821 [Test worker] DEBUG org.hibernate.event.internal.AbstractFlushingEventListener - Dirty checking collections
11:49:32.821 [Test worker] DEBUG org.hibernate.event.internal.AbstractFlushingEventListener - Flushed: 0 insertions, 0 updates, 0 deletions to 1 objects
11:49:32.821 [Test worker] DEBUG org.hibernate.event.internal.AbstractFlushingEventListener - Flushed: 0 (re)creations, 0 updates, 0 removals to 0 collections
11:49:32.821 [Test worker] DEBUG org.hibernate.internal.util.EntityPrinter - Listing entities:
11:49:32.822 [Test worker] DEBUG org.hibernate.internal.util.EntityPrinter - web_prak.java.classes.Products{measure=штук, quantity=5, expiration_date_to=2022-08-01, product_id=420, expiration_date_from=2021-08-01, type=Ноутбуки, product_name=Asus Rog Strix, place_id=web_prak.java.classes.Register_place#524}
11:49:32.842 [Test worker] DEBUG org.hibernate.resource.jdbc.internal.LogicalConnectionManagedImpl - Initiating JDBC connection release from afterTransaction
11:49:32.842 [Test worker] DEBUG org.hibernate.resource.jdbc.internal.LogicalConnectionManagedImpl - Initiating JDBC connection release from afterTransaction
11:49:32.842 [Test worker] DEBUG org.hibernate.engine.transaction.internal.TransactionImpl - On TransactionImpl creation, JpaCompliance#isJpaTransactionComplianceEnabled == false
11:49:32.842 [Test worker] DEBUG org.hibernate.engine.transaction.internal.TransactionImpl - begin
11:49:32.842 [Test worker] DEBUG org.hibernate.engine.spi.ActionQueue - Executing identity-insert immediately
11:49:32.842 [Test worker] DEBUG org.hibernate.SQL - insert into clients (address, client_name, contact, email) values (?, ?, ?, ?)
Hibernate: insert into clients (address, client_name, contact, email) values (?, ?, ?, ?)
11:49:32.843 [Test worker] DEBUG org.hibernate.id.IdentifierGeneratorHelper - Natively generated identity: 399
11:49:32.843 [Test worker] DEBUG org.hibernate.resource.jdbc.internal.ResourceRegistryStandardImpl - HHH000387: ResultSet's statement was not registered
11:49:32.843 [Test worker] DEBUG org.hibernate.engine.transaction.internal.TransactionImpl - committing
11:49:32.843 [Test worker] DEBUG org.hibernate.event.internal.AbstractFlushingEventListener - Processing flush-time cascades
11:49:32.843 [Test worker] DEBUG org.hibernate.event.internal.AbstractFlushingEventListener - Dirty checking collections
11:49:32.843 [Test worker] DEBUG org.hibernate.event.internal.AbstractFlushingEventListener - Flushed: 0 insertions, 0 updates, 0 deletions to 1 objects
11:49:32.843 [Test worker] DEBUG org.hibernate.event.internal.AbstractFlushingEventListener - Flushed: 0 (re)creations, 0 updates, 0 removals to 0 collections
11:49:32.843 [Test worker] DEBUG org.hibernate.internal.util.EntityPrinter - Listing entities:
11:49:32.843 [Test worker] DEBUG org.hibernate.internal.util.EntityPrinter - web_prak.java.classes.Clients{address=Ярославское шоссе д26, contact=+7 (976) 130-93-80, client_name=Иван Иванов, client_id=399, email=cromaint0@go.com}
11:49:32.859 [Test worker] DEBUG org.hibernate.resource.jdbc.internal.LogicalConnectionManagedImpl - Initiating JDBC connection release from afterTransaction
11:49:32.859 [Test worker] DEBUG org.hibernate.resource.jdbc.internal.LogicalConnectionManagedImpl - Initiating JDBC connection release from afterTransaction
11:49:32.859 [Test worker] DEBUG org.hibernate.engine.transaction.internal.TransactionImpl - On TransactionImpl creation, JpaCompliance#isJpaTransactionComplianceEnabled == false
11:49:32.859 [Test worker] DEBUG org.hibernate.engine.transaction.internal.TransactionImpl - begin
11:49:32.859 [Test worker] DEBUG org.hibernate.engine.spi.ActionQueue - Executing identity-insert immediately
11:49:32.860 [Test worker] DEBUG org.hibernate.SQL - insert into deliveries (client_id, date_issue, status) values (?, ?, ?)
Hibernate: insert into deliveries (client_id, date_issue, status) values (?, ?, ?)
11:49:32.861 [Test worker] DEBUG org.hibernate.id.IdentifierGeneratorHelper - Natively generated identity: 250
11:49:32.861 [Test worker] DEBUG org.hibernate.resource.jdbc.internal.ResourceRegistryStandardImpl - HHH000387: ResultSet's statement was not registered
11:49:32.861 [Test worker] DEBUG org.hibernate.engine.transaction.internal.TransactionImpl - committing
11:49:32.861 [Test worker] DEBUG org.hibernate.event.internal.AbstractFlushingEventListener - Processing flush-time cascades
11:49:32.861 [Test worker] DEBUG org.hibernate.event.internal.AbstractFlushingEventListener - Dirty checking collections
11:49:32.861 [Test worker] DEBUG org.hibernate.event.internal.AbstractFlushingEventListener - Flushed: 0 insertions, 0 updates, 0 deletions to 1 objects
11:49:32.861 [Test worker] DEBUG org.hibernate.event.internal.AbstractFlushingEventListener - Flushed: 0 (re)creations, 0 updates, 0 removals to 0 collections
11:49:32.862 [Test worker] DEBUG org.hibernate.internal.util.EntityPrinter - Listing entities:
11:49:32.862 [Test worker] DEBUG org.hibernate.internal.util.EntityPrinter - web_prak.java.classes.Deliveries{delivery_id=250, client_id=web_prak.java.classes.Clients#399, date_issue=2022-02-05, status=завершен}
11:49:32.875 [Test worker] DEBUG org.hibernate.resource.jdbc.internal.LogicalConnectionManagedImpl - Initiating JDBC connection release from afterTransaction
11:49:32.876 [Test worker] DEBUG org.hibernate.resource.jdbc.internal.LogicalConnectionManagedImpl - Initiating JDBC connection release from afterTransaction
11:49:32.876 [Test worker] DEBUG org.hibernate.engine.transaction.internal.TransactionImpl - On TransactionImpl creation, JpaCompliance#isJpaTransactionComplianceEnabled == false
11:49:32.876 [Test worker] DEBUG org.hibernate.engine.transaction.internal.TransactionImpl - begin
11:49:32.876 [Test worker] DEBUG org.hibernate.engine.spi.ActionQueue - Executing identity-insert immediately
11:49:32.877 [Test worker] DEBUG org.hibernate.SQL - insert into deliveries_list (delivery_id, product_id, quantity) values (?, ?, ?)
Hibernate: insert into deliveries_list (delivery_id, product_id, quantity) values (?, ?, ?)
11:49:32.879 [Test worker] DEBUG org.hibernate.id.IdentifierGeneratorHelper - Natively generated identity: 171
11:49:32.879 [Test worker] DEBUG org.hibernate.resource.jdbc.internal.ResourceRegistryStandardImpl - HHH000387: ResultSet's statement was not registered
11:49:32.879 [Test worker] DEBUG org.hibernate.engine.transaction.internal.TransactionImpl - committing
11:49:32.879 [Test worker] DEBUG org.hibernate.event.internal.AbstractFlushingEventListener - Processing flush-time cascades
11:49:32.879 [Test worker] DEBUG org.hibernate.event.internal.AbstractFlushingEventListener - Dirty checking collections
11:49:32.880 [Test worker] DEBUG org.hibernate.event.internal.AbstractFlushingEventListener - Flushed: 0 insertions, 0 updates, 0 deletions to 1 objects
11:49:32.880 [Test worker] DEBUG org.hibernate.event.internal.AbstractFlushingEventListener - Flushed: 0 (re)creations, 0 updates, 0 removals to 0 collections
11:49:32.880 [Test worker] DEBUG org.hibernate.internal.util.EntityPrinter - Listing entities:
11:49:32.880 [Test worker] DEBUG org.hibernate.internal.util.EntityPrinter - web_prak.java.classes.Deliveries_list{deliveries_list_id=171, quantity=5, delivery_id=web_prak.java.classes.Deliveries#250, product_id=web_prak.java.classes.Products#420}
11:49:32.893 [Test worker] DEBUG org.hibernate.resource.jdbc.internal.LogicalConnectionManagedImpl - Initiating JDBC connection release from afterTransaction
11:49:32.893 [Test worker] DEBUG org.hibernate.resource.jdbc.internal.LogicalConnectionManagedImpl - Initiating JDBC connection release from afterTransaction
11:49:32.893 [Test worker] DEBUG org.hibernate.engine.transaction.internal.TransactionImpl - On TransactionImpl creation, JpaCompliance#isJpaTransactionComplianceEnabled == false
11:49:32.893 [Test worker] DEBUG org.hibernate.engine.transaction.internal.TransactionImpl - begin
11:49:32.894 [Test worker] DEBUG org.hibernate.engine.spi.ActionQueue - Executing identity-insert immediately
11:49:32.894 [Test worker] DEBUG org.hibernate.SQL - insert into deliveries_list (delivery_id, product_id, quantity) values (?, ?, ?)
Hibernate: insert into deliveries_list (delivery_id, product_id, quantity) values (?, ?, ?)
11:49:32.896 [Test worker] DEBUG org.hibernate.id.IdentifierGeneratorHelper - Natively generated identity: 172
11:49:32.897 [Test worker] DEBUG org.hibernate.resource.jdbc.internal.ResourceRegistryStandardImpl - HHH000387: ResultSet's statement was not registered
11:49:32.897 [Test worker] DEBUG org.hibernate.engine.transaction.internal.TransactionImpl - committing
11:49:32.897 [Test worker] DEBUG org.hibernate.event.internal.AbstractFlushingEventListener - Processing flush-time cascades
11:49:32.897 [Test worker] DEBUG org.hibernate.event.internal.AbstractFlushingEventListener - Dirty checking collections
11:49:32.897 [Test worker] DEBUG org.hibernate.event.internal.AbstractFlushingEventListener - Flushed: 0 insertions, 0 updates, 0 deletions to 1 objects
11:49:32.897 [Test worker] DEBUG org.hibernate.event.internal.AbstractFlushingEventListener - Flushed: 0 (re)creations, 0 updates, 0 removals to 0 collections
11:49:32.898 [Test worker] DEBUG org.hibernate.internal.util.EntityPrinter - Listing entities:
11:49:32.898 [Test worker] DEBUG org.hibernate.internal.util.EntityPrinter - web_prak.java.classes.Deliveries_list{deliveries_list_id=172, quantity=5, delivery_id=web_prak.java.classes.Deliveries#250, product_id=web_prak.java.classes.Products#420}
11:49:32.909 [Test worker] DEBUG org.hibernate.resource.jdbc.internal.LogicalConnectionManagedImpl - Initiating JDBC connection release from afterTransaction
11:49:32.909 [Test worker] DEBUG org.hibernate.resource.jdbc.internal.LogicalConnectionManagedImpl - Initiating JDBC connection release from afterTransaction
11:49:32.909 [Test worker] DEBUG org.hibernate.hql.internal.ast.QueryTranslatorImpl - parse() - HQL: FROM web_prak.java.classes.Deliveries_list WHERE quantity <= :param
11:49:32.910 [Test worker] DEBUG org.hibernate.hql.internal.ast.ErrorTracker - throwQueryException() : no errors
11:49:32.910 [Test worker] DEBUG org.hibernate.hql.internal.ast.QueryTranslatorImpl - --- HQL AST ---
 \-[QUERY] Node: 'query'
    +-[SELECT_FROM] Node: 'SELECT_FROM'
    |  \-[FROM] Node: 'FROM'
    |     \-[RANGE] Node: 'RANGE'
    |        \-[DOT] Node: '.'
    |           +-[DOT] Node: '.'
    |           |  +-[DOT] Node: '.'
    |           |  |  +-[IDENT] Node: 'web_prak'
    |           |  |  \-[IDENT] Node: 'java'
    |           |  \-[IDENT] Node: 'classes'
    |           \-[IDENT] Node: 'Deliveries_list'
    \-[WHERE] Node: 'WHERE'
       \-[LE] Node: '<='
          +-[IDENT] Node: 'quantity'
          \-[COLON] Node: ':'
             \-[IDENT] Node: 'param'

11:49:32.910 [Test worker] DEBUG org.hibernate.hql.internal.antlr.HqlSqlBaseWalker - select << begin [level=1, statement=select]
11:49:32.911 [Test worker] DEBUG org.hibernate.hql.internal.ast.tree.FromElement - FromClause{level=1} : web_prak.java.classes.Deliveries_list (<no alias>) -> deliveries0_
11:49:32.911 [Test worker] DEBUG org.hibernate.hql.internal.ast.tree.FromReferenceNode - Resolved : {synthetic-alias} -> {synthetic-alias}
11:49:32.911 [Test worker] DEBUG org.hibernate.hql.internal.ast.tree.DotNode - getDataType() : quantity -> org.hibernate.type.IntegerType@7d8b66d9
11:49:32.911 [Test worker] DEBUG org.hibernate.hql.internal.ast.tree.FromReferenceNode - Resolved : {synthetic-alias}.quantity -> deliveries0_.quantity
11:49:32.911 [Test worker] DEBUG org.hibernate.hql.internal.antlr.HqlSqlBaseWalker - select : finishing up [level=1, statement=select]
11:49:32.911 [Test worker] DEBUG org.hibernate.hql.internal.ast.HqlSqlWalker - processQuery() :  ( SELECT ( FromClause{level=1} deliveries_list deliveries0_ ) ( WHERE ( <= ( deliveries0_.quantity {synthetic-alias} quantity ) ? ) ) )
11:49:32.911 [Test worker] DEBUG org.hibernate.hql.internal.ast.HqlSqlWalker - Derived SELECT clause created.
11:49:32.911 [Test worker] DEBUG org.hibernate.hql.internal.ast.util.JoinProcessor - Tables referenced from query nodes:
 \-QueryNode
    +-SelectClause
    | referencedTables(entity Deliveries_list): [deliveries_list]
    |  +-SelectExpressionImpl
    |  | persister: SingleTableEntityPersister(web_prak.java.classes.Deliveries_list)
    |  \-SqlFragment
    +-FromClause
    |  \-FromElement
    \-SqlNode
       \-BinaryLogicOperatorNode
          +-DotNode
          | persister: SingleTableEntityPersister(web_prak.java.classes.Deliveries_list)
          | path: {synthetic-alias}.quantity
          |  +-IdentNode
          |  | persister: SingleTableEntityPersister(web_prak.java.classes.Deliveries_list)
          |  | originalText: {synthetic-alias}
          |  \-IdentNode
          |    persister: null
          |    originalText: quantity
          \-ParameterNode

11:49:32.911 [Test worker] DEBUG org.hibernate.hql.internal.ast.util.JoinProcessor - Using FROM fragment [deliveries_list deliveries0_]
11:49:32.911 [Test worker] DEBUG org.hibernate.hql.internal.antlr.HqlSqlBaseWalker - select >> end [level=1, statement=select]
11:49:32.911 [Test worker] DEBUG org.hibernate.hql.internal.ast.QueryTranslatorImpl - --- SQL AST ---
 \-[SELECT] QueryNode: 'SELECT'  querySpaces (deliveries_list)
    +-[SELECT_CLAUSE] SelectClause: '{derived select clause}'
    |  +-[SELECT_EXPR] SelectExpressionImpl: 'deliveries0_.deliveries_list_id as deliveri1_2_' {FromElement{explicit,not a collection join,not a fetch join,fetch non-lazy properties,classAlias=null,role=null,tableName=deliveries_list,tableAlias=deliveries0_,origin=null,columns={,className=web_prak.java.classes.Deliveries_list}}}
    |  \-[SQL_TOKEN] SqlFragment: 'deliveries0_.delivery_id as delivery3_2_, deliveries0_.product_id as product_4_2_, deliveries0_.quantity as quantity2_2_'
    +-[FROM] FromClause: 'FROM' FromClause{level=1, fromElementCounter=1, fromElements=1, fromElementByClassAlias=[], fromElementByTableAlias=[deliveries0_], fromElementsByPath=[], collectionJoinFromElementsByPath=[], impliedElements=[]}
    |  \-[FROM_FRAGMENT] FromElement: 'deliveries_list deliveries0_' FromElement{explicit,not a collection join,not a fetch join,fetch non-lazy properties,classAlias=null,role=null,tableName=deliveries_list,tableAlias=deliveries0_,origin=null,columns={,className=web_prak.java.classes.Deliveries_list}}
    \-[WHERE] SqlNode: 'WHERE'
       \-[LE] BinaryLogicOperatorNode: '<='
          +-[DOT] DotNode: 'deliveries0_.quantity' {propertyName=quantity,dereferenceType=PRIMITIVE,getPropertyPath=quantity,path={synthetic-alias}.quantity,tableAlias=deliveries0_,className=web_prak.java.classes.Deliveries_list,classAlias=null}
          |  +-[IDENT] IdentNode: '{synthetic-alias}' {originalText={synthetic-alias}}
          |  \-[IDENT] IdentNode: 'quantity' {originalText=quantity}
          \-[NAMED_PARAM] ParameterNode: '?' {name=param, expectedType=org.hibernate.type.IntegerType@7d8b66d9}

11:49:32.912 [Test worker] DEBUG org.hibernate.hql.internal.ast.ErrorTracker - throwQueryException() : no errors
11:49:32.912 [Test worker] DEBUG org.hibernate.hql.internal.ast.QueryTranslatorImpl - HQL: FROM web_prak.java.classes.Deliveries_list WHERE quantity <= :param
11:49:32.912 [Test worker] DEBUG org.hibernate.hql.internal.ast.QueryTranslatorImpl - SQL: select deliveries0_.deliveries_list_id as deliveri1_2_, deliveries0_.delivery_id as delivery3_2_, deliveries0_.product_id as product_4_2_, deliveries0_.quantity as quantity2_2_ from deliveries_list deliveries0_ where deliveries0_.quantity<=?
11:49:32.912 [Test worker] DEBUG org.hibernate.hql.internal.ast.ErrorTracker - throwQueryException() : no errors
11:49:32.912 [Test worker] DEBUG org.hibernate.SQL - select deliveries0_.deliveries_list_id as deliveri1_2_, deliveries0_.delivery_id as delivery3_2_, deliveries0_.product_id as product_4_2_, deliveries0_.quantity as quantity2_2_ from deliveries_list deliveries0_ where deliveries0_.quantity<=?
Hibernate: select deliveries0_.deliveries_list_id as deliveri1_2_, deliveries0_.delivery_id as delivery3_2_, deliveries0_.product_id as product_4_2_, deliveries0_.quantity as quantity2_2_ from deliveries_list deliveries0_ where deliveries0_.quantity<=?
11:49:32.913 [Test worker] DEBUG org.hibernate.loader.Loader - Result set row: 0
11:49:32.913 [Test worker] DEBUG org.hibernate.loader.Loader - Result row: EntityKey[web_prak.java.classes.Deliveries_list#171]
11:49:32.913 [Test worker] DEBUG org.hibernate.loader.Loader - Result set row: 1
11:49:32.913 [Test worker] DEBUG org.hibernate.loader.Loader - Result row: EntityKey[web_prak.java.classes.Deliveries_list#172]
11:49:32.913 [Test worker] DEBUG org.hibernate.engine.internal.TwoPhaseLoad - Resolving attributes for [web_prak.java.classes.Deliveries_list#171]
11:49:32.913 [Test worker] DEBUG org.hibernate.engine.internal.TwoPhaseLoad - Processing attribute `delivery_id` : value = 250
11:49:32.913 [Test worker] DEBUG org.hibernate.engine.internal.TwoPhaseLoad - Attribute (`delivery_id`)  - enhanced for lazy-loading? - false
11:49:32.913 [Test worker] DEBUG org.hibernate.SQL - select deliveries0_.delivery_id as delivery1_1_0_, deliveries0_.client_id as client_i4_1_0_, deliveries0_.date_issue as date_iss2_1_0_, deliveries0_.status as status3_1_0_, clients1_.client_id as client_i1_0_1_, clients1_.address as address2_0_1_, clients1_.client_name as client_n3_0_1_, clients1_.contact as contact4_0_1_, clients1_.email as email5_0_1_ from deliveries deliveries0_ left outer join clients clients1_ on deliveries0_.client_id=clients1_.client_id where deliveries0_.delivery_id=?
Hibernate: select deliveries0_.delivery_id as delivery1_1_0_, deliveries0_.client_id as client_i4_1_0_, deliveries0_.date_issue as date_iss2_1_0_, deliveries0_.status as status3_1_0_, clients1_.client_id as client_i1_0_1_, clients1_.address as address2_0_1_, clients1_.client_name as client_n3_0_1_, clients1_.contact as contact4_0_1_, clients1_.email as email5_0_1_ from deliveries deliveries0_ left outer join clients clients1_ on deliveries0_.client_id=clients1_.client_id where deliveries0_.delivery_id=?
11:49:32.914 [Test worker] DEBUG org.hibernate.loader.plan.exec.process.internal.EntityReferenceInitializerImpl - On call to EntityIdentifierReaderImpl#resolve, EntityKey was already known; should only happen on root returns with an optional identifier specified
11:49:32.914 [Test worker] DEBUG org.hibernate.engine.internal.TwoPhaseLoad - Resolving attributes for [web_prak.java.classes.Deliveries#250]
11:49:32.914 [Test worker] DEBUG org.hibernate.engine.internal.TwoPhaseLoad - Processing attribute `client_id` : value = 399
11:49:32.914 [Test worker] DEBUG org.hibernate.engine.internal.TwoPhaseLoad - Attribute (`client_id`)  - enhanced for lazy-loading? - false
11:49:32.914 [Test worker] DEBUG org.hibernate.engine.internal.TwoPhaseLoad - Processing attribute `date_issue` : value = 2022-02-05
11:49:32.914 [Test worker] DEBUG org.hibernate.engine.internal.TwoPhaseLoad - Attribute (`date_issue`)  - enhanced for lazy-loading? - false
11:49:32.914 [Test worker] DEBUG org.hibernate.engine.internal.TwoPhaseLoad - Processing attribute `status` : value = завершен
11:49:32.914 [Test worker] DEBUG org.hibernate.engine.internal.TwoPhaseLoad - Attribute (`status`)  - enhanced for lazy-loading? - false
11:49:32.914 [Test worker] DEBUG org.hibernate.engine.internal.TwoPhaseLoad - Done materializing entity [web_prak.java.classes.Deliveries#250]
11:49:32.914 [Test worker] DEBUG org.hibernate.engine.internal.TwoPhaseLoad - Resolving attributes for [web_prak.java.classes.Clients#399]
11:49:32.914 [Test worker] DEBUG org.hibernate.engine.internal.TwoPhaseLoad - Processing attribute `address` : value = Ярославское шоссе д26
11:49:32.914 [Test worker] DEBUG org.hibernate.engine.internal.TwoPhaseLoad - Attribute (`address`)  - enhanced for lazy-loading? - false
11:49:32.914 [Test worker] DEBUG org.hibernate.engine.internal.TwoPhaseLoad - Processing attribute `client_name` : value = Иван Иванов
11:49:32.914 [Test worker] DEBUG org.hibernate.engine.internal.TwoPhaseLoad - Attribute (`client_name`)  - enhanced for lazy-loading? - false
11:49:32.914 [Test worker] DEBUG org.hibernate.engine.internal.TwoPhaseLoad - Processing attribute `contact` : value = +7 (976) 130-93-80
11:49:32.914 [Test worker] DEBUG org.hibernate.engine.internal.TwoPhaseLoad - Attribute (`contact`)  - enhanced for lazy-loading? - false
11:49:32.914 [Test worker] DEBUG org.hibernate.engine.internal.TwoPhaseLoad - Processing attribute `email` : value = cromaint0@go.com
11:49:32.914 [Test worker] DEBUG org.hibernate.engine.internal.TwoPhaseLoad - Attribute (`email`)  - enhanced for lazy-loading? - false
11:49:32.914 [Test worker] DEBUG org.hibernate.engine.internal.TwoPhaseLoad - Done materializing entity [web_prak.java.classes.Clients#399]
11:49:32.915 [Test worker] DEBUG org.hibernate.loader.entity.plan.AbstractLoadPlanBasedEntityLoader - Done entity load : web_prak.java.classes.Deliveries#250
11:49:32.915 [Test worker] DEBUG org.hibernate.engine.internal.TwoPhaseLoad - Processing attribute `product_id` : value = 420
11:49:32.915 [Test worker] DEBUG org.hibernate.engine.internal.TwoPhaseLoad - Attribute (`product_id`)  - enhanced for lazy-loading? - false
11:49:32.915 [Test worker] DEBUG org.hibernate.SQL - select products0_.product_id as product_1_3_0_, products0_.expiration_date_from as expirati2_3_0_, products0_.expiration_date_to as expirati3_3_0_, products0_.measure as measure4_3_0_, products0_.place_id as place_id8_3_0_, products0_.product_name as product_5_3_0_, products0_.quantity as quantity6_3_0_, products0_.type as type7_3_0_, register_p1_.place_id as place_id1_4_1_, register_p1_.free as free2_4_1_, register_p1_.storage_location as storage_3_4_1_ from products products0_ left outer join register_place register_p1_ on products0_.place_id=register_p1_.place_id where products0_.product_id=?
Hibernate: select products0_.product_id as product_1_3_0_, products0_.expiration_date_from as expirati2_3_0_, products0_.expiration_date_to as expirati3_3_0_, products0_.measure as measure4_3_0_, products0_.place_id as place_id8_3_0_, products0_.product_name as product_5_3_0_, products0_.quantity as quantity6_3_0_, products0_.type as type7_3_0_, register_p1_.place_id as place_id1_4_1_, register_p1_.free as free2_4_1_, register_p1_.storage_location as storage_3_4_1_ from products products0_ left outer join register_place register_p1_ on products0_.place_id=register_p1_.place_id where products0_.product_id=?
11:49:32.915 [Test worker] DEBUG org.hibernate.loader.plan.exec.process.internal.EntityReferenceInitializerImpl - On call to EntityIdentifierReaderImpl#resolve, EntityKey was already known; should only happen on root returns with an optional identifier specified
11:49:32.916 [Test worker] DEBUG org.hibernate.engine.internal.TwoPhaseLoad - Resolving attributes for [web_prak.java.classes.Products#420]
11:49:32.916 [Test worker] DEBUG org.hibernate.engine.internal.TwoPhaseLoad - Processing attribute `expiration_date_from` : value = 2021-08-01
11:49:32.916 [Test worker] DEBUG org.hibernate.engine.internal.TwoPhaseLoad - Attribute (`expiration_date_from`)  - enhanced for lazy-loading? - false
11:49:32.916 [Test worker] DEBUG org.hibernate.engine.internal.TwoPhaseLoad - Processing attribute `expiration_date_to` : value = 2022-08-01
11:49:32.916 [Test worker] DEBUG org.hibernate.engine.internal.TwoPhaseLoad - Attribute (`expiration_date_to`)  - enhanced for lazy-loading? - false
11:49:32.916 [Test worker] DEBUG org.hibernate.engine.internal.TwoPhaseLoad - Processing attribute `measure` : value = штук
11:49:32.916 [Test worker] DEBUG org.hibernate.engine.internal.TwoPhaseLoad - Attribute (`measure`)  - enhanced for lazy-loading? - false
11:49:32.916 [Test worker] DEBUG org.hibernate.engine.internal.TwoPhaseLoad - Processing attribute `place_id` : value = 524
11:49:32.916 [Test worker] DEBUG org.hibernate.engine.internal.TwoPhaseLoad - Attribute (`place_id`)  - enhanced for lazy-loading? - false
11:49:32.916 [Test worker] DEBUG org.hibernate.engine.internal.TwoPhaseLoad - Processing attribute `product_name` : value = Asus Rog Strix
11:49:32.916 [Test worker] DEBUG org.hibernate.engine.internal.TwoPhaseLoad - Attribute (`product_name`)  - enhanced for lazy-loading? - false
11:49:32.916 [Test worker] DEBUG org.hibernate.engine.internal.TwoPhaseLoad - Processing attribute `quantity` : value = 5
11:49:32.916 [Test worker] DEBUG org.hibernate.engine.internal.TwoPhaseLoad - Attribute (`quantity`)  - enhanced for lazy-loading? - false
11:49:32.916 [Test worker] DEBUG org.hibernate.engine.internal.TwoPhaseLoad - Processing attribute `type` : value = Ноутбуки
11:49:32.916 [Test worker] DEBUG org.hibernate.engine.internal.TwoPhaseLoad - Attribute (`type`)  - enhanced for lazy-loading? - false
11:49:32.916 [Test worker] DEBUG org.hibernate.engine.internal.TwoPhaseLoad - Done materializing entity [web_prak.java.classes.Products#420]
11:49:32.916 [Test worker] DEBUG org.hibernate.engine.internal.TwoPhaseLoad - Resolving attributes for [web_prak.java.classes.Register_place#524]
11:49:32.916 [Test worker] DEBUG org.hibernate.engine.internal.TwoPhaseLoad - Processing attribute `free` : value = нет
11:49:32.916 [Test worker] DEBUG org.hibernate.engine.internal.TwoPhaseLoad - Attribute (`free`)  - enhanced for lazy-loading? - false
11:49:32.916 [Test worker] DEBUG org.hibernate.engine.internal.TwoPhaseLoad - Processing attribute `storage_location` : value = 02 10 03
11:49:32.916 [Test worker] DEBUG org.hibernate.engine.internal.TwoPhaseLoad - Attribute (`storage_location`)  - enhanced for lazy-loading? - false
11:49:32.916 [Test worker] DEBUG org.hibernate.engine.internal.TwoPhaseLoad - Done materializing entity [web_prak.java.classes.Register_place#524]
11:49:32.916 [Test worker] DEBUG org.hibernate.loader.entity.plan.AbstractLoadPlanBasedEntityLoader - Done entity load : web_prak.java.classes.Products#420
11:49:32.916 [Test worker] DEBUG org.hibernate.engine.internal.TwoPhaseLoad - Processing attribute `quantity` : value = 5
11:49:32.916 [Test worker] DEBUG org.hibernate.engine.internal.TwoPhaseLoad - Attribute (`quantity`)  - enhanced for lazy-loading? - false
11:49:32.916 [Test worker] DEBUG org.hibernate.engine.internal.TwoPhaseLoad - Done materializing entity [web_prak.java.classes.Deliveries_list#171]
11:49:32.916 [Test worker] DEBUG org.hibernate.engine.internal.TwoPhaseLoad - Resolving attributes for [web_prak.java.classes.Deliveries_list#172]
11:49:32.916 [Test worker] DEBUG org.hibernate.engine.internal.TwoPhaseLoad - Processing attribute `delivery_id` : value = 250
11:49:32.916 [Test worker] DEBUG org.hibernate.engine.internal.TwoPhaseLoad - Attribute (`delivery_id`)  - enhanced for lazy-loading? - false
11:49:32.916 [Test worker] DEBUG org.hibernate.engine.internal.TwoPhaseLoad - Processing attribute `product_id` : value = 420
11:49:32.916 [Test worker] DEBUG org.hibernate.engine.internal.TwoPhaseLoad - Attribute (`product_id`)  - enhanced for lazy-loading? - false
11:49:32.916 [Test worker] DEBUG org.hibernate.engine.internal.TwoPhaseLoad - Processing attribute `quantity` : value = 5
11:49:32.916 [Test worker] DEBUG org.hibernate.engine.internal.TwoPhaseLoad - Attribute (`quantity`)  - enhanced for lazy-loading? - false
11:49:32.916 [Test worker] DEBUG org.hibernate.engine.internal.TwoPhaseLoad - Done materializing entity [web_prak.java.classes.Deliveries_list#172]
11:49:32.917 [Test worker] DEBUG org.hibernate.resource.jdbc.internal.LogicalConnectionManagedImpl - Initiating JDBC connection release from afterTransaction
11:49:32.917 [Test worker] DEBUG org.hibernate.engine.transaction.internal.TransactionImpl - On TransactionImpl creation, JpaCompliance#isJpaTransactionComplianceEnabled == false
11:49:32.917 [Test worker] DEBUG org.hibernate.engine.transaction.internal.TransactionImpl - begin
11:49:32.917 [Test worker] DEBUG org.hibernate.engine.transaction.internal.TransactionImpl - committing
11:49:32.918 [Test worker] DEBUG org.hibernate.event.internal.AbstractFlushingEventListener - Processing flush-time cascades
11:49:32.918 [Test worker] DEBUG org.hibernate.event.internal.AbstractFlushingEventListener - Dirty checking collections
11:49:32.918 [Test worker] DEBUG org.hibernate.event.internal.AbstractFlushingEventListener - Flushed: 0 insertions, 0 updates, 1 deletions to 1 objects
11:49:32.918 [Test worker] DEBUG org.hibernate.event.internal.AbstractFlushingEventListener - Flushed: 0 (re)creations, 0 updates, 0 removals to 0 collections
11:49:32.918 [Test worker] DEBUG org.hibernate.internal.util.EntityPrinter - Listing entities:
11:49:32.918 [Test worker] DEBUG org.hibernate.internal.util.EntityPrinter - web_prak.java.classes.Deliveries_list{deliveries_list_id=171, quantity=5, delivery_id=web_prak.java.classes.Deliveries#250, product_id=web_prak.java.classes.Products#420}
11:49:32.918 [Test worker] DEBUG org.hibernate.SQL - delete from deliveries_list where deliveries_list_id=?
Hibernate: delete from deliveries_list where deliveries_list_id=?
11:49:32.937 [Test worker] DEBUG org.hibernate.resource.jdbc.internal.LogicalConnectionManagedImpl - Initiating JDBC connection release from afterTransaction
11:49:32.938 [Test worker] DEBUG org.hibernate.resource.jdbc.internal.LogicalConnectionManagedImpl - Initiating JDBC connection release from afterTransaction
11:49:32.938 [Test worker] DEBUG org.hibernate.engine.jdbc.internal.JdbcCoordinatorImpl - HHH000420: Closing un-released batch
11:49:32.938 [Test worker] DEBUG org.hibernate.engine.transaction.internal.TransactionImpl - On TransactionImpl creation, JpaCompliance#isJpaTransactionComplianceEnabled == false
11:49:32.938 [Test worker] DEBUG org.hibernate.engine.transaction.internal.TransactionImpl - begin
11:49:32.939 [Test worker] DEBUG org.hibernate.engine.transaction.internal.TransactionImpl - committing
11:49:32.939 [Test worker] DEBUG org.hibernate.event.internal.AbstractFlushingEventListener - Processing flush-time cascades
11:49:32.939 [Test worker] DEBUG org.hibernate.event.internal.AbstractFlushingEventListener - Dirty checking collections
11:49:32.939 [Test worker] DEBUG org.hibernate.event.internal.AbstractFlushingEventListener - Flushed: 0 insertions, 0 updates, 1 deletions to 1 objects
11:49:32.939 [Test worker] DEBUG org.hibernate.event.internal.AbstractFlushingEventListener - Flushed: 0 (re)creations, 0 updates, 0 removals to 0 collections
11:49:32.939 [Test worker] DEBUG org.hibernate.internal.util.EntityPrinter - Listing entities:
11:49:32.939 [Test worker] DEBUG org.hibernate.internal.util.EntityPrinter - web_prak.java.classes.Deliveries_list{deliveries_list_id=172, quantity=5, delivery_id=web_prak.java.classes.Deliveries#250, product_id=web_prak.java.classes.Products#420}
11:49:32.940 [Test worker] DEBUG org.hibernate.SQL - delete from deliveries_list where deliveries_list_id=?
Hibernate: delete from deliveries_list where deliveries_list_id=?
11:49:32.954 [Test worker] DEBUG org.hibernate.resource.jdbc.internal.LogicalConnectionManagedImpl - Initiating JDBC connection release from afterTransaction
11:49:32.954 [Test worker] DEBUG org.hibernate.resource.jdbc.internal.LogicalConnectionManagedImpl - Initiating JDBC connection release from afterTransaction
11:49:32.954 [Test worker] DEBUG org.hibernate.engine.jdbc.internal.JdbcCoordinatorImpl - HHH000420: Closing un-released batch
11:49:32.954 [Test worker] DEBUG org.hibernate.engine.transaction.internal.TransactionImpl - On TransactionImpl creation, JpaCompliance#isJpaTransactionComplianceEnabled == false
11:49:32.954 [Test worker] DEBUG org.hibernate.engine.transaction.internal.TransactionImpl - begin
11:49:32.955 [Test worker] DEBUG org.hibernate.engine.transaction.internal.TransactionImpl - committing
11:49:32.955 [Test worker] DEBUG org.hibernate.event.internal.AbstractFlushingEventListener - Processing flush-time cascades
11:49:32.955 [Test worker] DEBUG org.hibernate.event.internal.AbstractFlushingEventListener - Dirty checking collections
11:49:32.956 [Test worker] DEBUG org.hibernate.event.internal.AbstractFlushingEventListener - Flushed: 0 insertions, 0 updates, 1 deletions to 1 objects
11:49:32.956 [Test worker] DEBUG org.hibernate.event.internal.AbstractFlushingEventListener - Flushed: 0 (re)creations, 0 updates, 0 removals to 0 collections
11:49:32.956 [Test worker] DEBUG org.hibernate.internal.util.EntityPrinter - Listing entities:
11:49:32.956 [Test worker] DEBUG org.hibernate.internal.util.EntityPrinter - web_prak.java.classes.Products{measure=штук, quantity=5, expiration_date_to=2022-08-01, product_id=420, expiration_date_from=2021-08-01, type=Ноутбуки, product_name=Asus Rog Strix, place_id=web_prak.java.classes.Register_place#524}
11:49:32.956 [Test worker] DEBUG org.hibernate.SQL - delete from products where product_id=?
Hibernate: delete from products where product_id=?
11:49:32.971 [Test worker] DEBUG org.hibernate.resource.jdbc.internal.LogicalConnectionManagedImpl - Initiating JDBC connection release from afterTransaction
11:49:32.971 [Test worker] DEBUG org.hibernate.resource.jdbc.internal.LogicalConnectionManagedImpl - Initiating JDBC connection release from afterTransaction
11:49:32.971 [Test worker] DEBUG org.hibernate.engine.jdbc.internal.JdbcCoordinatorImpl - HHH000420: Closing un-released batch
11:49:32.971 [Test worker] DEBUG org.hibernate.engine.transaction.internal.TransactionImpl - On TransactionImpl creation, JpaCompliance#isJpaTransactionComplianceEnabled == false
11:49:32.971 [Test worker] DEBUG org.hibernate.engine.transaction.internal.TransactionImpl - begin
11:49:32.971 [Test worker] DEBUG org.hibernate.engine.transaction.internal.TransactionImpl - committing
11:49:32.971 [Test worker] DEBUG org.hibernate.event.internal.AbstractFlushingEventListener - Processing flush-time cascades
11:49:32.971 [Test worker] DEBUG org.hibernate.event.internal.AbstractFlushingEventListener - Dirty checking collections
11:49:32.971 [Test worker] DEBUG org.hibernate.event.internal.AbstractFlushingEventListener - Flushed: 0 insertions, 0 updates, 1 deletions to 1 objects
11:49:32.971 [Test worker] DEBUG org.hibernate.event.internal.AbstractFlushingEventListener - Flushed: 0 (re)creations, 0 updates, 0 removals to 0 collections
11:49:32.971 [Test worker] DEBUG org.hibernate.internal.util.EntityPrinter - Listing entities:
11:49:32.971 [Test worker] DEBUG org.hibernate.internal.util.EntityPrinter - web_prak.java.classes.Register_place{storage_location=02 10 03, free=нет, place_id=524}
11:49:32.972 [Test worker] DEBUG org.hibernate.SQL - delete from register_place where place_id=?
Hibernate: delete from register_place where place_id=?
11:49:32.987 [Test worker] DEBUG org.hibernate.resource.jdbc.internal.LogicalConnectionManagedImpl - Initiating JDBC connection release from afterTransaction
11:49:32.987 [Test worker] DEBUG org.hibernate.resource.jdbc.internal.LogicalConnectionManagedImpl - Initiating JDBC connection release from afterTransaction
11:49:32.987 [Test worker] DEBUG org.hibernate.engine.jdbc.internal.JdbcCoordinatorImpl - HHH000420: Closing un-released batch
11:49:32.987 [Test worker] DEBUG org.hibernate.engine.transaction.internal.TransactionImpl - On TransactionImpl creation, JpaCompliance#isJpaTransactionComplianceEnabled == false
11:49:32.987 [Test worker] DEBUG org.hibernate.engine.transaction.internal.TransactionImpl - begin
11:49:32.988 [Test worker] DEBUG org.hibernate.engine.transaction.internal.TransactionImpl - committing
11:49:32.988 [Test worker] DEBUG org.hibernate.event.internal.AbstractFlushingEventListener - Processing flush-time cascades
11:49:32.988 [Test worker] DEBUG org.hibernate.event.internal.AbstractFlushingEventListener - Dirty checking collections
11:49:32.988 [Test worker] DEBUG org.hibernate.event.internal.AbstractFlushingEventListener - Flushed: 0 insertions, 0 updates, 1 deletions to 1 objects
11:49:32.988 [Test worker] DEBUG org.hibernate.event.internal.AbstractFlushingEventListener - Flushed: 0 (re)creations, 0 updates, 0 removals to 0 collections
11:49:32.988 [Test worker] DEBUG org.hibernate.internal.util.EntityPrinter - Listing entities:
11:49:32.988 [Test worker] DEBUG org.hibernate.internal.util.EntityPrinter - web_prak.java.classes.Deliveries{delivery_id=250, client_id=web_prak.java.classes.Clients#399, date_issue=2022-02-05, status=завершен}
11:49:32.988 [Test worker] DEBUG org.hibernate.SQL - delete from deliveries where delivery_id=?
Hibernate: delete from deliveries where delivery_id=?
11:49:33.004 [Test worker] DEBUG org.hibernate.resource.jdbc.internal.LogicalConnectionManagedImpl - Initiating JDBC connection release from afterTransaction
11:49:33.004 [Test worker] DEBUG org.hibernate.resource.jdbc.internal.LogicalConnectionManagedImpl - Initiating JDBC connection release from afterTransaction
11:49:33.004 [Test worker] DEBUG org.hibernate.engine.jdbc.internal.JdbcCoordinatorImpl - HHH000420: Closing un-released batch
11:49:33.004 [Test worker] DEBUG org.hibernate.engine.transaction.internal.TransactionImpl - On TransactionImpl creation, JpaCompliance#isJpaTransactionComplianceEnabled == false
11:49:33.004 [Test worker] DEBUG org.hibernate.engine.transaction.internal.TransactionImpl - begin
11:49:33.005 [Test worker] DEBUG org.hibernate.engine.transaction.internal.TransactionImpl - committing
11:49:33.005 [Test worker] DEBUG org.hibernate.event.internal.AbstractFlushingEventListener - Processing flush-time cascades
11:49:33.005 [Test worker] DEBUG org.hibernate.event.internal.AbstractFlushingEventListener - Dirty checking collections
11:49:33.005 [Test worker] DEBUG org.hibernate.event.internal.AbstractFlushingEventListener - Flushed: 0 insertions, 0 updates, 1 deletions to 1 objects
11:49:33.005 [Test worker] DEBUG org.hibernate.event.internal.AbstractFlushingEventListener - Flushed: 0 (re)creations, 0 updates, 0 removals to 0 collections
11:49:33.005 [Test worker] DEBUG org.hibernate.internal.util.EntityPrinter - Listing entities:
11:49:33.005 [Test worker] DEBUG org.hibernate.internal.util.EntityPrinter - web_prak.java.classes.Clients{address=Ярославское шоссе д26, contact=+7 (976) 130-93-80, client_name=Иван Иванов, client_id=399, email=cromaint0@go.com}
11:49:33.005 [Test worker] DEBUG org.hibernate.SQL - delete from clients where client_id=?
Hibernate: delete from clients where client_id=?
11:49:33.021 [Test worker] DEBUG org.hibernate.resource.jdbc.internal.LogicalConnectionManagedImpl - Initiating JDBC connection release from afterTransaction
11:49:33.021 [Test worker] DEBUG org.hibernate.resource.jdbc.internal.LogicalConnectionManagedImpl - Initiating JDBC connection release from afterTransaction
11:49:33.021 [Test worker] DEBUG org.hibernate.engine.jdbc.internal.JdbcCoordinatorImpl - HHH000420: Closing un-released batch
11:49:33.022 [Test worker] DEBUG org.hibernate.engine.transaction.internal.TransactionImpl - On TransactionImpl creation, JpaCompliance#isJpaTransactionComplianceEnabled == false
11:49:33.022 [Test worker] DEBUG org.hibernate.engine.transaction.internal.TransactionImpl - begin
11:49:33.022 [Test worker] DEBUG org.hibernate.engine.spi.ActionQueue - Executing identity-insert immediately
11:49:33.022 [Test worker] DEBUG org.hibernate.SQL - insert into register_place (free, storage_location) values (?, ?)
Hibernate: insert into register_place (free, storage_location) values (?, ?)
11:49:33.023 [Test worker] DEBUG org.hibernate.id.IdentifierGeneratorHelper - Natively generated identity: 525
11:49:33.023 [Test worker] DEBUG org.hibernate.resource.jdbc.internal.ResourceRegistryStandardImpl - HHH000387: ResultSet's statement was not registered
11:49:33.024 [Test worker] DEBUG org.hibernate.engine.transaction.internal.TransactionImpl - committing
11:49:33.024 [Test worker] DEBUG org.hibernate.event.internal.AbstractFlushingEventListener - Processing flush-time cascades
11:49:33.024 [Test worker] DEBUG org.hibernate.event.internal.AbstractFlushingEventListener - Dirty checking collections
11:49:33.024 [Test worker] DEBUG org.hibernate.event.internal.AbstractFlushingEventListener - Flushed: 0 insertions, 0 updates, 0 deletions to 1 objects
11:49:33.024 [Test worker] DEBUG org.hibernate.event.internal.AbstractFlushingEventListener - Flushed: 0 (re)creations, 0 updates, 0 removals to 0 collections
11:49:33.024 [Test worker] DEBUG org.hibernate.internal.util.EntityPrinter - Listing entities:
11:49:33.024 [Test worker] DEBUG org.hibernate.internal.util.EntityPrinter - web_prak.java.classes.Register_place{storage_location=02 10 03, free=нет, place_id=525}
11:49:33.038 [Test worker] DEBUG org.hibernate.resource.jdbc.internal.LogicalConnectionManagedImpl - Initiating JDBC connection release from afterTransaction
11:49:33.038 [Test worker] DEBUG org.hibernate.resource.jdbc.internal.LogicalConnectionManagedImpl - Initiating JDBC connection release from afterTransaction
11:49:33.039 [Test worker] DEBUG org.hibernate.engine.transaction.internal.TransactionImpl - On TransactionImpl creation, JpaCompliance#isJpaTransactionComplianceEnabled == false
11:49:33.039 [Test worker] DEBUG org.hibernate.engine.transaction.internal.TransactionImpl - begin
11:49:33.039 [Test worker] DEBUG org.hibernate.engine.spi.ActionQueue - Executing identity-insert immediately
11:49:33.039 [Test worker] DEBUG org.hibernate.SQL - insert into products (expiration_date_from, expiration_date_to, measure, place_id, product_name, quantity, type) values (?, ?, ?, ?, ?, ?, ?)
Hibernate: insert into products (expiration_date_from, expiration_date_to, measure, place_id, product_name, quantity, type) values (?, ?, ?, ?, ?, ?, ?)
11:49:33.042 [Test worker] DEBUG org.hibernate.id.IdentifierGeneratorHelper - Natively generated identity: 421
11:49:33.042 [Test worker] DEBUG org.hibernate.resource.jdbc.internal.ResourceRegistryStandardImpl - HHH000387: ResultSet's statement was not registered
11:49:33.042 [Test worker] DEBUG org.hibernate.engine.transaction.internal.TransactionImpl - committing
11:49:33.042 [Test worker] DEBUG org.hibernate.event.internal.AbstractFlushingEventListener - Processing flush-time cascades
11:49:33.042 [Test worker] DEBUG org.hibernate.event.internal.AbstractFlushingEventListener - Dirty checking collections
11:49:33.043 [Test worker] DEBUG org.hibernate.event.internal.AbstractFlushingEventListener - Flushed: 0 insertions, 0 updates, 0 deletions to 1 objects
11:49:33.043 [Test worker] DEBUG org.hibernate.event.internal.AbstractFlushingEventListener - Flushed: 0 (re)creations, 0 updates, 0 removals to 0 collections
11:49:33.043 [Test worker] DEBUG org.hibernate.internal.util.EntityPrinter - Listing entities:
11:49:33.043 [Test worker] DEBUG org.hibernate.internal.util.EntityPrinter - web_prak.java.classes.Products{measure=штук, quantity=5, expiration_date_to=2022-08-01, product_id=421, expiration_date_from=2021-08-01, type=Ноутбуки, product_name=Asus Rog Strix, place_id=web_prak.java.classes.Register_place#525}
11:49:33.054 [Test worker] DEBUG org.hibernate.resource.jdbc.internal.LogicalConnectionManagedImpl - Initiating JDBC connection release from afterTransaction
11:49:33.055 [Test worker] DEBUG org.hibernate.resource.jdbc.internal.LogicalConnectionManagedImpl - Initiating JDBC connection release from afterTransaction
11:49:33.055 [Test worker] DEBUG org.hibernate.engine.transaction.internal.TransactionImpl - On TransactionImpl creation, JpaCompliance#isJpaTransactionComplianceEnabled == false
11:49:33.055 [Test worker] DEBUG org.hibernate.engine.transaction.internal.TransactionImpl - begin
11:49:33.055 [Test worker] DEBUG org.hibernate.engine.spi.ActionQueue - Executing identity-insert immediately
11:49:33.056 [Test worker] DEBUG org.hibernate.SQL - insert into clients (address, client_name, contact, email) values (?, ?, ?, ?)
Hibernate: insert into clients (address, client_name, contact, email) values (?, ?, ?, ?)
11:49:33.057 [Test worker] DEBUG org.hibernate.id.IdentifierGeneratorHelper - Natively generated identity: 400
11:49:33.058 [Test worker] DEBUG org.hibernate.resource.jdbc.internal.ResourceRegistryStandardImpl - HHH000387: ResultSet's statement was not registered
11:49:33.058 [Test worker] DEBUG org.hibernate.engine.transaction.internal.TransactionImpl - committing
11:49:33.058 [Test worker] DEBUG org.hibernate.event.internal.AbstractFlushingEventListener - Processing flush-time cascades
11:49:33.058 [Test worker] DEBUG org.hibernate.event.internal.AbstractFlushingEventListener - Dirty checking collections
11:49:33.058 [Test worker] DEBUG org.hibernate.event.internal.AbstractFlushingEventListener - Flushed: 0 insertions, 0 updates, 0 deletions to 1 objects
11:49:33.058 [Test worker] DEBUG org.hibernate.event.internal.AbstractFlushingEventListener - Flushed: 0 (re)creations, 0 updates, 0 removals to 0 collections
11:49:33.058 [Test worker] DEBUG org.hibernate.internal.util.EntityPrinter - Listing entities:
11:49:33.058 [Test worker] DEBUG org.hibernate.internal.util.EntityPrinter - web_prak.java.classes.Clients{address=Ярославское шоссе д26, contact=+7 (976) 130-93-80, client_name=Иван Иванов, client_id=400, email=cromaint0@go.com}
11:49:33.071 [Test worker] DEBUG org.hibernate.resource.jdbc.internal.LogicalConnectionManagedImpl - Initiating JDBC connection release from afterTransaction
11:49:33.071 [Test worker] DEBUG org.hibernate.resource.jdbc.internal.LogicalConnectionManagedImpl - Initiating JDBC connection release from afterTransaction
11:49:33.071 [Test worker] DEBUG org.hibernate.engine.transaction.internal.TransactionImpl - On TransactionImpl creation, JpaCompliance#isJpaTransactionComplianceEnabled == false
11:49:33.071 [Test worker] DEBUG org.hibernate.engine.transaction.internal.TransactionImpl - begin
11:49:33.072 [Test worker] DEBUG org.hibernate.engine.spi.ActionQueue - Executing identity-insert immediately
11:49:33.072 [Test worker] DEBUG org.hibernate.SQL - insert into deliveries (client_id, date_issue, status) values (?, ?, ?)
Hibernate: insert into deliveries (client_id, date_issue, status) values (?, ?, ?)
11:49:33.075 [Test worker] DEBUG org.hibernate.id.IdentifierGeneratorHelper - Natively generated identity: 251
11:49:33.075 [Test worker] DEBUG org.hibernate.resource.jdbc.internal.ResourceRegistryStandardImpl - HHH000387: ResultSet's statement was not registered
11:49:33.076 [Test worker] DEBUG org.hibernate.engine.transaction.internal.TransactionImpl - committing
11:49:33.076 [Test worker] DEBUG org.hibernate.event.internal.AbstractFlushingEventListener - Processing flush-time cascades
11:49:33.076 [Test worker] DEBUG org.hibernate.event.internal.AbstractFlushingEventListener - Dirty checking collections
11:49:33.076 [Test worker] DEBUG org.hibernate.event.internal.AbstractFlushingEventListener - Flushed: 0 insertions, 0 updates, 0 deletions to 1 objects
11:49:33.076 [Test worker] DEBUG org.hibernate.event.internal.AbstractFlushingEventListener - Flushed: 0 (re)creations, 0 updates, 0 removals to 0 collections
11:49:33.076 [Test worker] DEBUG org.hibernate.internal.util.EntityPrinter - Listing entities:
11:49:33.076 [Test worker] DEBUG org.hibernate.internal.util.EntityPrinter - web_prak.java.classes.Deliveries{delivery_id=251, client_id=web_prak.java.classes.Clients#400, date_issue=2022-02-05, status=завершен}
11:49:33.088 [Test worker] DEBUG org.hibernate.resource.jdbc.internal.LogicalConnectionManagedImpl - Initiating JDBC connection release from afterTransaction
11:49:33.088 [Test worker] DEBUG org.hibernate.resource.jdbc.internal.LogicalConnectionManagedImpl - Initiating JDBC connection release from afterTransaction
11:49:33.089 [Test worker] DEBUG org.hibernate.engine.transaction.internal.TransactionImpl - On TransactionImpl creation, JpaCompliance#isJpaTransactionComplianceEnabled == false
11:49:33.089 [Test worker] DEBUG org.hibernate.engine.transaction.internal.TransactionImpl - begin
11:49:33.089 [Test worker] DEBUG org.hibernate.engine.spi.ActionQueue - Executing identity-insert immediately
11:49:33.090 [Test worker] DEBUG org.hibernate.SQL - insert into deliveries_list (delivery_id, product_id, quantity) values (?, ?, ?)
Hibernate: insert into deliveries_list (delivery_id, product_id, quantity) values (?, ?, ?)
11:49:33.092 [Test worker] DEBUG org.hibernate.id.IdentifierGeneratorHelper - Natively generated identity: 173
11:49:33.092 [Test worker] DEBUG org.hibernate.resource.jdbc.internal.ResourceRegistryStandardImpl - HHH000387: ResultSet's statement was not registered
11:49:33.093 [Test worker] DEBUG org.hibernate.engine.transaction.internal.TransactionImpl - committing
11:49:33.093 [Test worker] DEBUG org.hibernate.event.internal.AbstractFlushingEventListener - Processing flush-time cascades
11:49:33.093 [Test worker] DEBUG org.hibernate.event.internal.AbstractFlushingEventListener - Dirty checking collections
11:49:33.094 [Test worker] DEBUG org.hibernate.event.internal.AbstractFlushingEventListener - Flushed: 0 insertions, 0 updates, 0 deletions to 1 objects
11:49:33.094 [Test worker] DEBUG org.hibernate.event.internal.AbstractFlushingEventListener - Flushed: 0 (re)creations, 0 updates, 0 removals to 0 collections
11:49:33.094 [Test worker] DEBUG org.hibernate.internal.util.EntityPrinter - Listing entities:
11:49:33.094 [Test worker] DEBUG org.hibernate.internal.util.EntityPrinter - web_prak.java.classes.Deliveries_list{deliveries_list_id=173, quantity=6, delivery_id=web_prak.java.classes.Deliveries#251, product_id=web_prak.java.classes.Products#421}
11:49:33.115 [Test worker] DEBUG org.hibernate.resource.jdbc.internal.LogicalConnectionManagedImpl - Initiating JDBC connection release from afterTransaction
11:49:33.116 [Test worker] DEBUG org.hibernate.resource.jdbc.internal.LogicalConnectionManagedImpl - Initiating JDBC connection release from afterTransaction
11:49:33.116 [Test worker] DEBUG org.hibernate.engine.transaction.internal.TransactionImpl - On TransactionImpl creation, JpaCompliance#isJpaTransactionComplianceEnabled == false
11:49:33.116 [Test worker] DEBUG org.hibernate.engine.transaction.internal.TransactionImpl - begin
11:49:33.117 [Test worker] DEBUG org.hibernate.engine.spi.ActionQueue - Executing identity-insert immediately
11:49:33.117 [Test worker] DEBUG org.hibernate.SQL - insert into deliveries_list (delivery_id, product_id, quantity) values (?, ?, ?)
Hibernate: insert into deliveries_list (delivery_id, product_id, quantity) values (?, ?, ?)
11:49:33.118 [Test worker] DEBUG org.hibernate.id.IdentifierGeneratorHelper - Natively generated identity: 174
11:49:33.118 [Test worker] DEBUG org.hibernate.resource.jdbc.internal.ResourceRegistryStandardImpl - HHH000387: ResultSet's statement was not registered
11:49:33.119 [Test worker] DEBUG org.hibernate.engine.transaction.internal.TransactionImpl - committing
11:49:33.119 [Test worker] DEBUG org.hibernate.event.internal.AbstractFlushingEventListener - Processing flush-time cascades
11:49:33.119 [Test worker] DEBUG org.hibernate.event.internal.AbstractFlushingEventListener - Dirty checking collections
11:49:33.119 [Test worker] DEBUG org.hibernate.event.internal.AbstractFlushingEventListener - Flushed: 0 insertions, 0 updates, 0 deletions to 1 objects
11:49:33.119 [Test worker] DEBUG org.hibernate.event.internal.AbstractFlushingEventListener - Flushed: 0 (re)creations, 0 updates, 0 removals to 0 collections
11:49:33.119 [Test worker] DEBUG org.hibernate.internal.util.EntityPrinter - Listing entities:
11:49:33.119 [Test worker] DEBUG org.hibernate.internal.util.EntityPrinter - web_prak.java.classes.Deliveries_list{deliveries_list_id=174, quantity=5, delivery_id=web_prak.java.classes.Deliveries#251, product_id=web_prak.java.classes.Products#421}
11:49:33.132 [Test worker] DEBUG org.hibernate.resource.jdbc.internal.LogicalConnectionManagedImpl - Initiating JDBC connection release from afterTransaction
11:49:33.132 [Test worker] DEBUG org.hibernate.resource.jdbc.internal.LogicalConnectionManagedImpl - Initiating JDBC connection release from afterTransaction
11:49:33.133 [Test worker] DEBUG org.hibernate.hql.internal.ast.QueryTranslatorImpl - parse() - HQL: SELECT d FROM web_prak.java.classes.Deliveries_list d JOIN d.product_id s WHERE s.product_id = :param
11:49:33.134 [Test worker] DEBUG org.hibernate.hql.internal.ast.ErrorTracker - throwQueryException() : no errors
11:49:33.134 [Test worker] DEBUG org.hibernate.hql.internal.ast.QueryTranslatorImpl - --- HQL AST ---
 \-[QUERY] Node: 'query'
    +-[SELECT_FROM] Node: 'SELECT_FROM'
    |  +-[FROM] Node: 'FROM'
    |  |  +-[RANGE] Node: 'RANGE'
    |  |  |  +-[DOT] Node: '.'
    |  |  |  |  +-[DOT] Node: '.'
    |  |  |  |  |  +-[DOT] Node: '.'
    |  |  |  |  |  |  +-[IDENT] Node: 'web_prak'
    |  |  |  |  |  |  \-[IDENT] Node: 'java'
    |  |  |  |  |  \-[IDENT] Node: 'classes'
    |  |  |  |  \-[IDENT] Node: 'Deliveries_list'
    |  |  |  \-[ALIAS] Node: 'd'
    |  |  \-[JOIN] Node: 'JOIN'
    |  |     +-[DOT] Node: '.'
    |  |     |  +-[IDENT] Node: 'd'
    |  |     |  \-[IDENT] Node: 'product_id'
    |  |     \-[ALIAS] Node: 's'
    |  \-[SELECT] Node: 'SELECT'
    |     \-[IDENT] Node: 'd'
    \-[WHERE] Node: 'WHERE'
       \-[EQ] Node: '='
          +-[DOT] Node: '.'
          |  +-[IDENT] Node: 's'
          |  \-[IDENT] Node: 'product_id'
          \-[COLON] Node: ':'
             \-[IDENT] Node: 'param'

11:49:33.134 [Test worker] DEBUG org.hibernate.hql.internal.antlr.HqlSqlBaseWalker - select << begin [level=1, statement=select]
11:49:33.135 [Test worker] DEBUG org.hibernate.hql.internal.ast.tree.FromElement - FromClause{level=1} : web_prak.java.classes.Deliveries_list (d) -> deliveries0_
11:49:33.135 [Test worker] DEBUG org.hibernate.hql.internal.ast.tree.FromReferenceNode - Resolved : d -> deliveries0_.deliveries_list_id
11:49:33.135 [Test worker] DEBUG org.hibernate.hql.internal.ast.tree.DotNode - getDataType() : product_id -> org.hibernate.type.ManyToOneType(web_prak.java.classes.Products)
11:49:33.135 [Test worker] DEBUG org.hibernate.hql.internal.ast.tree.DotNode - dereferenceEntityJoin() : generating join for product_id in web_prak.java.classes.Deliveries_list (s) parent = [ {null} ]
11:49:33.135 [Test worker] DEBUG org.hibernate.hql.internal.ast.tree.FromElement - FromClause{level=1} : web_prak.java.classes.Products (s) -> products1_
11:49:33.135 [Test worker] DEBUG org.hibernate.hql.internal.ast.tree.FromClause - addJoinByPathMap() : d.product_id -> FromElement{explicit,not a collection join,not a fetch join,fetch non-lazy properties,classAlias=s,role=null,tableName=products,tableAlias=products1_,origin=deliveries_list deliveries0_,columns={deliveries0_.product_id,className=web_prak.java.classes.Products}}
11:49:33.135 [Test worker] DEBUG org.hibernate.hql.internal.ast.tree.FromReferenceNode - Resolved : d.product_id -> deliveries0_.product_id
11:49:33.135 [Test worker] DEBUG org.hibernate.hql.internal.ast.HqlSqlWalker - createFromJoinElement() : -- join tree --
 \-[JOIN_FRAGMENT] FromElement: 'products products1_' FromElement{explicit,not a collection join,not a fetch join,fetch non-lazy properties,classAlias=s,role=web_prak.java.classes.Deliveries_list.product_id,tableName=products,tableAlias=products1_,origin=deliveries_list deliveries0_,columns={deliveries0_.product_id,className=web_prak.java.classes.Products}}

11:49:33.135 [Test worker] DEBUG org.hibernate.hql.internal.ast.tree.FromReferenceNode - Resolved : d -> deliveries0_.deliveries_list_id
11:49:33.135 [Test worker] DEBUG org.hibernate.hql.internal.ast.tree.FromReferenceNode - Resolved : s -> products1_.product_id
11:49:33.135 [Test worker] DEBUG org.hibernate.hql.internal.ast.tree.DotNode - getDataType() : product_id -> org.hibernate.type.LongType@1d1bf7bf
11:49:33.136 [Test worker] DEBUG org.hibernate.hql.internal.ast.tree.FromReferenceNode - Resolved : s.product_id -> products1_.product_id
11:49:33.136 [Test worker] DEBUG org.hibernate.hql.internal.antlr.HqlSqlBaseWalker - select : finishing up [level=1, statement=select]
11:49:33.136 [Test worker] DEBUG org.hibernate.hql.internal.ast.HqlSqlWalker - processQuery() :  ( SELECT ( {select clause} deliveries0_.deliveries_list_id ) ( FromClause{level=1} ( deliveries_list deliveries0_ products products1_ ) ) ( WHERE ( = ( products1_.product_id products1_.product_id product_id ) ? ) ) )
11:49:33.136 [Test worker] DEBUG org.hibernate.hql.internal.ast.util.JoinProcessor - Tables referenced from query nodes:
 \-QueryNode
    +-SelectClause
    | referencedTables(entity Deliveries_list): [deliveries_list]
    |  +-IdentNode
    |  | persister: SingleTableEntityPersister(web_prak.java.classes.Deliveries_list)
    |  | originalText: d
    |  \-SqlFragment
    +-FromClause
    |  \-FromElement
    |     \-FromElement
    \-SqlNode
       \-BinaryLogicOperatorNode
          +-DotNode
          | persister: SingleTableEntityPersister(web_prak.java.classes.Products)
          | path: s.product_id
          |  +-IdentNode
          |  | persister: SingleTableEntityPersister(web_prak.java.classes.Products)
          |  | originalText: s
          |  \-IdentNode
          |    persister: null
          |    originalText: product_id
          \-ParameterNode

11:49:33.136 [Test worker] DEBUG org.hibernate.hql.internal.ast.util.JoinProcessor - Using FROM fragment [deliveries_list deliveries0_]
11:49:33.136 [Test worker] DEBUG org.hibernate.hql.internal.ast.util.JoinProcessor - Using FROM fragment [inner join products products1_ on deliveries0_.product_id=products1_.product_id]
11:49:33.136 [Test worker] DEBUG org.hibernate.hql.internal.antlr.HqlSqlBaseWalker - select >> end [level=1, statement=select]
11:49:33.136 [Test worker] DEBUG org.hibernate.hql.internal.ast.QueryTranslatorImpl - --- SQL AST ---
 \-[SELECT] QueryNode: 'SELECT'  querySpaces (deliveries_list,products)
    +-[SELECT_CLAUSE] SelectClause: '{select clause}'
    |  +-[ALIAS_REF] IdentNode: 'deliveries0_.deliveries_list_id as deliveri1_2_' {alias=d, className=web_prak.java.classes.Deliveries_list, tableAlias=deliveries0_}
    |  \-[SQL_TOKEN] SqlFragment: 'deliveries0_.delivery_id as delivery3_2_, deliveries0_.product_id as product_4_2_, deliveries0_.quantity as quantity2_2_'
    +-[FROM] FromClause: 'FROM' FromClause{level=1, fromElementCounter=2, fromElements=2, fromElementByClassAlias=[s, d], fromElementByTableAlias=[deliveries0_, products1_], fromElementsByPath=[d.product_id], collectionJoinFromElementsByPath=[], impliedElements=[]}
    |  \-[FROM_FRAGMENT] FromElement: 'deliveries_list deliveries0_' FromElement{explicit,not a collection join,not a fetch join,fetch non-lazy properties,classAlias=d,role=null,tableName=deliveries_list,tableAlias=deliveries0_,origin=null,columns={,className=web_prak.java.classes.Deliveries_list}}
    |     \-[JOIN_FRAGMENT] FromElement: 'inner join products products1_ on deliveries0_.product_id=products1_.product_id' FromElement{explicit,not a collection join,not a fetch join,fetch non-lazy properties,classAlias=s,role=web_prak.java.classes.Deliveries_list.product_id,tableName=products,tableAlias=products1_,origin=deliveries_list deliveries0_,columns={deliveries0_.product_id,className=web_prak.java.classes.Products}}
    \-[WHERE] SqlNode: 'WHERE'
       \-[EQ] BinaryLogicOperatorNode: '='
          +-[DOT] DotNode: 'products1_.product_id' {propertyName=product_id,dereferenceType=PRIMITIVE,getPropertyPath=product_id,path=s.product_id,tableAlias=products1_,className=web_prak.java.classes.Products,classAlias=s}
          |  +-[ALIAS_REF] IdentNode: 'products1_.product_id' {alias=s, className=web_prak.java.classes.Products, tableAlias=products1_}
          |  \-[IDENT] IdentNode: 'product_id' {originalText=product_id}
          \-[NAMED_PARAM] ParameterNode: '?' {name=param, expectedType=org.hibernate.type.LongType@1d1bf7bf}

11:49:33.136 [Test worker] DEBUG org.hibernate.hql.internal.ast.ErrorTracker - throwQueryException() : no errors
11:49:33.137 [Test worker] DEBUG org.hibernate.hql.internal.ast.QueryTranslatorImpl - HQL: SELECT d FROM web_prak.java.classes.Deliveries_list d JOIN d.product_id s WHERE s.product_id = :param
11:49:33.137 [Test worker] DEBUG org.hibernate.hql.internal.ast.QueryTranslatorImpl - SQL: select deliveries0_.deliveries_list_id as deliveri1_2_, deliveries0_.delivery_id as delivery3_2_, deliveries0_.product_id as product_4_2_, deliveries0_.quantity as quantity2_2_ from deliveries_list deliveries0_ inner join products products1_ on deliveries0_.product_id=products1_.product_id where products1_.product_id=?
11:49:33.137 [Test worker] DEBUG org.hibernate.hql.internal.ast.ErrorTracker - throwQueryException() : no errors
11:49:33.137 [Test worker] DEBUG org.hibernate.SQL - select deliveries0_.deliveries_list_id as deliveri1_2_, deliveries0_.delivery_id as delivery3_2_, deliveries0_.product_id as product_4_2_, deliveries0_.quantity as quantity2_2_ from deliveries_list deliveries0_ inner join products products1_ on deliveries0_.product_id=products1_.product_id where products1_.product_id=?
Hibernate: select deliveries0_.deliveries_list_id as deliveri1_2_, deliveries0_.delivery_id as delivery3_2_, deliveries0_.product_id as product_4_2_, deliveries0_.quantity as quantity2_2_ from deliveries_list deliveries0_ inner join products products1_ on deliveries0_.product_id=products1_.product_id where products1_.product_id=?
11:49:33.138 [Test worker] DEBUG org.hibernate.loader.Loader - Result set row: 0
11:49:33.138 [Test worker] DEBUG org.hibernate.loader.Loader - Result row: EntityKey[web_prak.java.classes.Deliveries_list#173]
11:49:33.138 [Test worker] DEBUG org.hibernate.loader.Loader - Result set row: 1
11:49:33.138 [Test worker] DEBUG org.hibernate.loader.Loader - Result row: EntityKey[web_prak.java.classes.Deliveries_list#174]
11:49:33.138 [Test worker] DEBUG org.hibernate.engine.internal.TwoPhaseLoad - Resolving attributes for [web_prak.java.classes.Deliveries_list#173]
11:49:33.138 [Test worker] DEBUG org.hibernate.engine.internal.TwoPhaseLoad - Processing attribute `delivery_id` : value = 251
11:49:33.138 [Test worker] DEBUG org.hibernate.engine.internal.TwoPhaseLoad - Attribute (`delivery_id`)  - enhanced for lazy-loading? - false
11:49:33.138 [Test worker] DEBUG org.hibernate.SQL - select deliveries0_.delivery_id as delivery1_1_0_, deliveries0_.client_id as client_i4_1_0_, deliveries0_.date_issue as date_iss2_1_0_, deliveries0_.status as status3_1_0_, clients1_.client_id as client_i1_0_1_, clients1_.address as address2_0_1_, clients1_.client_name as client_n3_0_1_, clients1_.contact as contact4_0_1_, clients1_.email as email5_0_1_ from deliveries deliveries0_ left outer join clients clients1_ on deliveries0_.client_id=clients1_.client_id where deliveries0_.delivery_id=?
Hibernate: select deliveries0_.delivery_id as delivery1_1_0_, deliveries0_.client_id as client_i4_1_0_, deliveries0_.date_issue as date_iss2_1_0_, deliveries0_.status as status3_1_0_, clients1_.client_id as client_i1_0_1_, clients1_.address as address2_0_1_, clients1_.client_name as client_n3_0_1_, clients1_.contact as contact4_0_1_, clients1_.email as email5_0_1_ from deliveries deliveries0_ left outer join clients clients1_ on deliveries0_.client_id=clients1_.client_id where deliveries0_.delivery_id=?
11:49:33.139 [Test worker] DEBUG org.hibernate.loader.plan.exec.process.internal.EntityReferenceInitializerImpl - On call to EntityIdentifierReaderImpl#resolve, EntityKey was already known; should only happen on root returns with an optional identifier specified
11:49:33.140 [Test worker] DEBUG org.hibernate.engine.internal.TwoPhaseLoad - Resolving attributes for [web_prak.java.classes.Deliveries#251]
11:49:33.140 [Test worker] DEBUG org.hibernate.engine.internal.TwoPhaseLoad - Processing attribute `client_id` : value = 400
11:49:33.140 [Test worker] DEBUG org.hibernate.engine.internal.TwoPhaseLoad - Attribute (`client_id`)  - enhanced for lazy-loading? - false
11:49:33.140 [Test worker] DEBUG org.hibernate.engine.internal.TwoPhaseLoad - Processing attribute `date_issue` : value = 2022-02-05
11:49:33.140 [Test worker] DEBUG org.hibernate.engine.internal.TwoPhaseLoad - Attribute (`date_issue`)  - enhanced for lazy-loading? - false
11:49:33.140 [Test worker] DEBUG org.hibernate.engine.internal.TwoPhaseLoad - Processing attribute `status` : value = завершен
11:49:33.140 [Test worker] DEBUG org.hibernate.engine.internal.TwoPhaseLoad - Attribute (`status`)  - enhanced for lazy-loading? - false
11:49:33.140 [Test worker] DEBUG org.hibernate.engine.internal.TwoPhaseLoad - Done materializing entity [web_prak.java.classes.Deliveries#251]
11:49:33.140 [Test worker] DEBUG org.hibernate.engine.internal.TwoPhaseLoad - Resolving attributes for [web_prak.java.classes.Clients#400]
11:49:33.140 [Test worker] DEBUG org.hibernate.engine.internal.TwoPhaseLoad - Processing attribute `address` : value = Ярославское шоссе д26
11:49:33.140 [Test worker] DEBUG org.hibernate.engine.internal.TwoPhaseLoad - Attribute (`address`)  - enhanced for lazy-loading? - false
11:49:33.140 [Test worker] DEBUG org.hibernate.engine.internal.TwoPhaseLoad - Processing attribute `client_name` : value = Иван Иванов
11:49:33.140 [Test worker] DEBUG org.hibernate.engine.internal.TwoPhaseLoad - Attribute (`client_name`)  - enhanced for lazy-loading? - false
11:49:33.140 [Test worker] DEBUG org.hibernate.engine.internal.TwoPhaseLoad - Processing attribute `contact` : value = +7 (976) 130-93-80
11:49:33.140 [Test worker] DEBUG org.hibernate.engine.internal.TwoPhaseLoad - Attribute (`contact`)  - enhanced for lazy-loading? - false
11:49:33.140 [Test worker] DEBUG org.hibernate.engine.internal.TwoPhaseLoad - Processing attribute `email` : value = cromaint0@go.com
11:49:33.140 [Test worker] DEBUG org.hibernate.engine.internal.TwoPhaseLoad - Attribute (`email`)  - enhanced for lazy-loading? - false
11:49:33.140 [Test worker] DEBUG org.hibernate.engine.internal.TwoPhaseLoad - Done materializing entity [web_prak.java.classes.Clients#400]
11:49:33.140 [Test worker] DEBUG org.hibernate.loader.entity.plan.AbstractLoadPlanBasedEntityLoader - Done entity load : web_prak.java.classes.Deliveries#251
11:49:33.140 [Test worker] DEBUG org.hibernate.engine.internal.TwoPhaseLoad - Processing attribute `product_id` : value = 421
11:49:33.140 [Test worker] DEBUG org.hibernate.engine.internal.TwoPhaseLoad - Attribute (`product_id`)  - enhanced for lazy-loading? - false
11:49:33.140 [Test worker] DEBUG org.hibernate.SQL - select products0_.product_id as product_1_3_0_, products0_.expiration_date_from as expirati2_3_0_, products0_.expiration_date_to as expirati3_3_0_, products0_.measure as measure4_3_0_, products0_.place_id as place_id8_3_0_, products0_.product_name as product_5_3_0_, products0_.quantity as quantity6_3_0_, products0_.type as type7_3_0_, register_p1_.place_id as place_id1_4_1_, register_p1_.free as free2_4_1_, register_p1_.storage_location as storage_3_4_1_ from products products0_ left outer join register_place register_p1_ on products0_.place_id=register_p1_.place_id where products0_.product_id=?
Hibernate: select products0_.product_id as product_1_3_0_, products0_.expiration_date_from as expirati2_3_0_, products0_.expiration_date_to as expirati3_3_0_, products0_.measure as measure4_3_0_, products0_.place_id as place_id8_3_0_, products0_.product_name as product_5_3_0_, products0_.quantity as quantity6_3_0_, products0_.type as type7_3_0_, register_p1_.place_id as place_id1_4_1_, register_p1_.free as free2_4_1_, register_p1_.storage_location as storage_3_4_1_ from products products0_ left outer join register_place register_p1_ on products0_.place_id=register_p1_.place_id where products0_.product_id=?
11:49:33.141 [Test worker] DEBUG org.hibernate.loader.plan.exec.process.internal.EntityReferenceInitializerImpl - On call to EntityIdentifierReaderImpl#resolve, EntityKey was already known; should only happen on root returns with an optional identifier specified
11:49:33.141 [Test worker] DEBUG org.hibernate.engine.internal.TwoPhaseLoad - Resolving attributes for [web_prak.java.classes.Products#421]
11:49:33.141 [Test worker] DEBUG org.hibernate.engine.internal.TwoPhaseLoad - Processing attribute `expiration_date_from` : value = 2021-08-01
11:49:33.141 [Test worker] DEBUG org.hibernate.engine.internal.TwoPhaseLoad - Attribute (`expiration_date_from`)  - enhanced for lazy-loading? - false
11:49:33.141 [Test worker] DEBUG org.hibernate.engine.internal.TwoPhaseLoad - Processing attribute `expiration_date_to` : value = 2022-08-01
11:49:33.141 [Test worker] DEBUG org.hibernate.engine.internal.TwoPhaseLoad - Attribute (`expiration_date_to`)  - enhanced for lazy-loading? - false
11:49:33.141 [Test worker] DEBUG org.hibernate.engine.internal.TwoPhaseLoad - Processing attribute `measure` : value = штук
11:49:33.141 [Test worker] DEBUG org.hibernate.engine.internal.TwoPhaseLoad - Attribute (`measure`)  - enhanced for lazy-loading? - false
11:49:33.141 [Test worker] DEBUG org.hibernate.engine.internal.TwoPhaseLoad - Processing attribute `place_id` : value = 525
11:49:33.141 [Test worker] DEBUG org.hibernate.engine.internal.TwoPhaseLoad - Attribute (`place_id`)  - enhanced for lazy-loading? - false
11:49:33.142 [Test worker] DEBUG org.hibernate.engine.internal.TwoPhaseLoad - Processing attribute `product_name` : value = Asus Rog Strix
11:49:33.142 [Test worker] DEBUG org.hibernate.engine.internal.TwoPhaseLoad - Attribute (`product_name`)  - enhanced for lazy-loading? - false
11:49:33.142 [Test worker] DEBUG org.hibernate.engine.internal.TwoPhaseLoad - Processing attribute `quantity` : value = 5
11:49:33.142 [Test worker] DEBUG org.hibernate.engine.internal.TwoPhaseLoad - Attribute (`quantity`)  - enhanced for lazy-loading? - false
11:49:33.142 [Test worker] DEBUG org.hibernate.engine.internal.TwoPhaseLoad - Processing attribute `type` : value = Ноутбуки
11:49:33.142 [Test worker] DEBUG org.hibernate.engine.internal.TwoPhaseLoad - Attribute (`type`)  - enhanced for lazy-loading? - false
11:49:33.142 [Test worker] DEBUG org.hibernate.engine.internal.TwoPhaseLoad - Done materializing entity [web_prak.java.classes.Products#421]
11:49:33.142 [Test worker] DEBUG org.hibernate.engine.internal.TwoPhaseLoad - Resolving attributes for [web_prak.java.classes.Register_place#525]
11:49:33.142 [Test worker] DEBUG org.hibernate.engine.internal.TwoPhaseLoad - Processing attribute `free` : value = нет
11:49:33.142 [Test worker] DEBUG org.hibernate.engine.internal.TwoPhaseLoad - Attribute (`free`)  - enhanced for lazy-loading? - false
11:49:33.142 [Test worker] DEBUG org.hibernate.engine.internal.TwoPhaseLoad - Processing attribute `storage_location` : value = 02 10 03
11:49:33.142 [Test worker] DEBUG org.hibernate.engine.internal.TwoPhaseLoad - Attribute (`storage_location`)  - enhanced for lazy-loading? - false
11:49:33.142 [Test worker] DEBUG org.hibernate.engine.internal.TwoPhaseLoad - Done materializing entity [web_prak.java.classes.Register_place#525]
11:49:33.142 [Test worker] DEBUG org.hibernate.loader.entity.plan.AbstractLoadPlanBasedEntityLoader - Done entity load : web_prak.java.classes.Products#421
11:49:33.142 [Test worker] DEBUG org.hibernate.engine.internal.TwoPhaseLoad - Processing attribute `quantity` : value = 6
11:49:33.142 [Test worker] DEBUG org.hibernate.engine.internal.TwoPhaseLoad - Attribute (`quantity`)  - enhanced for lazy-loading? - false
11:49:33.142 [Test worker] DEBUG org.hibernate.engine.internal.TwoPhaseLoad - Done materializing entity [web_prak.java.classes.Deliveries_list#173]
11:49:33.142 [Test worker] DEBUG org.hibernate.engine.internal.TwoPhaseLoad - Resolving attributes for [web_prak.java.classes.Deliveries_list#174]
11:49:33.142 [Test worker] DEBUG org.hibernate.engine.internal.TwoPhaseLoad - Processing attribute `delivery_id` : value = 251
11:49:33.142 [Test worker] DEBUG org.hibernate.engine.internal.TwoPhaseLoad - Attribute (`delivery_id`)  - enhanced for lazy-loading? - false
11:49:33.142 [Test worker] DEBUG org.hibernate.engine.internal.TwoPhaseLoad - Processing attribute `product_id` : value = 421
11:49:33.142 [Test worker] DEBUG org.hibernate.engine.internal.TwoPhaseLoad - Attribute (`product_id`)  - enhanced for lazy-loading? - false
11:49:33.142 [Test worker] DEBUG org.hibernate.engine.internal.TwoPhaseLoad - Processing attribute `quantity` : value = 5
11:49:33.142 [Test worker] DEBUG org.hibernate.engine.internal.TwoPhaseLoad - Attribute (`quantity`)  - enhanced for lazy-loading? - false
11:49:33.142 [Test worker] DEBUG org.hibernate.engine.internal.TwoPhaseLoad - Done materializing entity [web_prak.java.classes.Deliveries_list#174]
11:49:33.142 [Test worker] DEBUG org.hibernate.resource.jdbc.internal.LogicalConnectionManagedImpl - Initiating JDBC connection release from afterTransaction
11:49:33.143 [Test worker] DEBUG org.hibernate.engine.transaction.internal.TransactionImpl - On TransactionImpl creation, JpaCompliance#isJpaTransactionComplianceEnabled == false
11:49:33.143 [Test worker] DEBUG org.hibernate.engine.transaction.internal.TransactionImpl - begin
11:49:33.143 [Test worker] DEBUG org.hibernate.engine.transaction.internal.TransactionImpl - committing
11:49:33.143 [Test worker] DEBUG org.hibernate.event.internal.AbstractFlushingEventListener - Processing flush-time cascades
11:49:33.143 [Test worker] DEBUG org.hibernate.event.internal.AbstractFlushingEventListener - Dirty checking collections
11:49:33.143 [Test worker] DEBUG org.hibernate.event.internal.AbstractFlushingEventListener - Flushed: 0 insertions, 0 updates, 1 deletions to 1 objects
11:49:33.143 [Test worker] DEBUG org.hibernate.event.internal.AbstractFlushingEventListener - Flushed: 0 (re)creations, 0 updates, 0 removals to 0 collections
11:49:33.143 [Test worker] DEBUG org.hibernate.internal.util.EntityPrinter - Listing entities:
11:49:33.143 [Test worker] DEBUG org.hibernate.internal.util.EntityPrinter - web_prak.java.classes.Deliveries_list{deliveries_list_id=173, quantity=6, delivery_id=web_prak.java.classes.Deliveries#251, product_id=web_prak.java.classes.Products#421}
11:49:33.143 [Test worker] DEBUG org.hibernate.SQL - delete from deliveries_list where deliveries_list_id=?
Hibernate: delete from deliveries_list where deliveries_list_id=?
11:49:33.159 [Test worker] DEBUG org.hibernate.resource.jdbc.internal.LogicalConnectionManagedImpl - Initiating JDBC connection release from afterTransaction
11:49:33.159 [Test worker] DEBUG org.hibernate.resource.jdbc.internal.LogicalConnectionManagedImpl - Initiating JDBC connection release from afterTransaction
11:49:33.159 [Test worker] DEBUG org.hibernate.engine.jdbc.internal.JdbcCoordinatorImpl - HHH000420: Closing un-released batch
11:49:33.160 [Test worker] DEBUG org.hibernate.engine.transaction.internal.TransactionImpl - On TransactionImpl creation, JpaCompliance#isJpaTransactionComplianceEnabled == false
11:49:33.160 [Test worker] DEBUG org.hibernate.engine.transaction.internal.TransactionImpl - begin
11:49:33.160 [Test worker] DEBUG org.hibernate.engine.transaction.internal.TransactionImpl - committing
11:49:33.160 [Test worker] DEBUG org.hibernate.event.internal.AbstractFlushingEventListener - Processing flush-time cascades
11:49:33.160 [Test worker] DEBUG org.hibernate.event.internal.AbstractFlushingEventListener - Dirty checking collections
11:49:33.160 [Test worker] DEBUG org.hibernate.event.internal.AbstractFlushingEventListener - Flushed: 0 insertions, 0 updates, 1 deletions to 1 objects
11:49:33.160 [Test worker] DEBUG org.hibernate.event.internal.AbstractFlushingEventListener - Flushed: 0 (re)creations, 0 updates, 0 removals to 0 collections
11:49:33.160 [Test worker] DEBUG org.hibernate.internal.util.EntityPrinter - Listing entities:
11:49:33.160 [Test worker] DEBUG org.hibernate.internal.util.EntityPrinter - web_prak.java.classes.Deliveries_list{deliveries_list_id=174, quantity=5, delivery_id=web_prak.java.classes.Deliveries#251, product_id=web_prak.java.classes.Products#421}
11:49:33.160 [Test worker] DEBUG org.hibernate.SQL - delete from deliveries_list where deliveries_list_id=?
Hibernate: delete from deliveries_list where deliveries_list_id=?
11:49:33.177 [Test worker] DEBUG org.hibernate.resource.jdbc.internal.LogicalConnectionManagedImpl - Initiating JDBC connection release from afterTransaction
11:49:33.177 [Test worker] DEBUG org.hibernate.resource.jdbc.internal.LogicalConnectionManagedImpl - Initiating JDBC connection release from afterTransaction
11:49:33.177 [Test worker] DEBUG org.hibernate.engine.jdbc.internal.JdbcCoordinatorImpl - HHH000420: Closing un-released batch
11:49:33.177 [Test worker] DEBUG org.hibernate.engine.transaction.internal.TransactionImpl - On TransactionImpl creation, JpaCompliance#isJpaTransactionComplianceEnabled == false
11:49:33.177 [Test worker] DEBUG org.hibernate.engine.transaction.internal.TransactionImpl - begin
11:49:33.177 [Test worker] DEBUG org.hibernate.engine.transaction.internal.TransactionImpl - committing
11:49:33.177 [Test worker] DEBUG org.hibernate.event.internal.AbstractFlushingEventListener - Processing flush-time cascades
11:49:33.177 [Test worker] DEBUG org.hibernate.event.internal.AbstractFlushingEventListener - Dirty checking collections
11:49:33.178 [Test worker] DEBUG org.hibernate.event.internal.AbstractFlushingEventListener - Flushed: 0 insertions, 0 updates, 1 deletions to 1 objects
11:49:33.178 [Test worker] DEBUG org.hibernate.event.internal.AbstractFlushingEventListener - Flushed: 0 (re)creations, 0 updates, 0 removals to 0 collections
11:49:33.178 [Test worker] DEBUG org.hibernate.internal.util.EntityPrinter - Listing entities:
11:49:33.178 [Test worker] DEBUG org.hibernate.internal.util.EntityPrinter - web_prak.java.classes.Products{measure=штук, quantity=5, expiration_date_to=2022-08-01, product_id=421, expiration_date_from=2021-08-01, type=Ноутбуки, product_name=Asus Rog Strix, place_id=web_prak.java.classes.Register_place#525}
11:49:33.178 [Test worker] DEBUG org.hibernate.SQL - delete from products where product_id=?
Hibernate: delete from products where product_id=?
11:49:33.193 [Test worker] DEBUG org.hibernate.resource.jdbc.internal.LogicalConnectionManagedImpl - Initiating JDBC connection release from afterTransaction
11:49:33.193 [Test worker] DEBUG org.hibernate.resource.jdbc.internal.LogicalConnectionManagedImpl - Initiating JDBC connection release from afterTransaction
11:49:33.193 [Test worker] DEBUG org.hibernate.engine.jdbc.internal.JdbcCoordinatorImpl - HHH000420: Closing un-released batch
11:49:33.193 [Test worker] DEBUG org.hibernate.engine.transaction.internal.TransactionImpl - On TransactionImpl creation, JpaCompliance#isJpaTransactionComplianceEnabled == false
11:49:33.194 [Test worker] DEBUG org.hibernate.engine.transaction.internal.TransactionImpl - begin
11:49:33.194 [Test worker] DEBUG org.hibernate.engine.transaction.internal.TransactionImpl - committing
11:49:33.194 [Test worker] DEBUG org.hibernate.event.internal.AbstractFlushingEventListener - Processing flush-time cascades
11:49:33.194 [Test worker] DEBUG org.hibernate.event.internal.AbstractFlushingEventListener - Dirty checking collections
11:49:33.194 [Test worker] DEBUG org.hibernate.event.internal.AbstractFlushingEventListener - Flushed: 0 insertions, 0 updates, 1 deletions to 1 objects
11:49:33.194 [Test worker] DEBUG org.hibernate.event.internal.AbstractFlushingEventListener - Flushed: 0 (re)creations, 0 updates, 0 removals to 0 collections
11:49:33.194 [Test worker] DEBUG org.hibernate.internal.util.EntityPrinter - Listing entities:
11:49:33.194 [Test worker] DEBUG org.hibernate.internal.util.EntityPrinter - web_prak.java.classes.Register_place{storage_location=02 10 03, free=нет, place_id=525}
11:49:33.194 [Test worker] DEBUG org.hibernate.SQL - delete from register_place where place_id=?
Hibernate: delete from register_place where place_id=?
11:49:33.210 [Test worker] DEBUG org.hibernate.resource.jdbc.internal.LogicalConnectionManagedImpl - Initiating JDBC connection release from afterTransaction
11:49:33.211 [Test worker] DEBUG org.hibernate.resource.jdbc.internal.LogicalConnectionManagedImpl - Initiating JDBC connection release from afterTransaction
11:49:33.211 [Test worker] DEBUG org.hibernate.engine.jdbc.internal.JdbcCoordinatorImpl - HHH000420: Closing un-released batch
11:49:33.211 [Test worker] DEBUG org.hibernate.engine.transaction.internal.TransactionImpl - On TransactionImpl creation, JpaCompliance#isJpaTransactionComplianceEnabled == false
11:49:33.211 [Test worker] DEBUG org.hibernate.engine.transaction.internal.TransactionImpl - begin
11:49:33.211 [Test worker] DEBUG org.hibernate.engine.transaction.internal.TransactionImpl - committing
11:49:33.211 [Test worker] DEBUG org.hibernate.event.internal.AbstractFlushingEventListener - Processing flush-time cascades
11:49:33.212 [Test worker] DEBUG org.hibernate.event.internal.AbstractFlushingEventListener - Dirty checking collections
11:49:33.212 [Test worker] DEBUG org.hibernate.event.internal.AbstractFlushingEventListener - Flushed: 0 insertions, 0 updates, 1 deletions to 1 objects
11:49:33.212 [Test worker] DEBUG org.hibernate.event.internal.AbstractFlushingEventListener - Flushed: 0 (re)creations, 0 updates, 0 removals to 0 collections
11:49:33.212 [Test worker] DEBUG org.hibernate.internal.util.EntityPrinter - Listing entities:
11:49:33.212 [Test worker] DEBUG org.hibernate.internal.util.EntityPrinter - web_prak.java.classes.Deliveries{delivery_id=251, client_id=web_prak.java.classes.Clients#400, date_issue=2022-02-05, status=завершен}
11:49:33.212 [Test worker] DEBUG org.hibernate.SQL - delete from deliveries where delivery_id=?
Hibernate: delete from deliveries where delivery_id=?
11:49:33.227 [Test worker] DEBUG org.hibernate.resource.jdbc.internal.LogicalConnectionManagedImpl - Initiating JDBC connection release from afterTransaction
11:49:33.227 [Test worker] DEBUG org.hibernate.resource.jdbc.internal.LogicalConnectionManagedImpl - Initiating JDBC connection release from afterTransaction
11:49:33.227 [Test worker] DEBUG org.hibernate.engine.jdbc.internal.JdbcCoordinatorImpl - HHH000420: Closing un-released batch
11:49:33.228 [Test worker] DEBUG org.hibernate.engine.transaction.internal.TransactionImpl - On TransactionImpl creation, JpaCompliance#isJpaTransactionComplianceEnabled == false
11:49:33.228 [Test worker] DEBUG org.hibernate.engine.transaction.internal.TransactionImpl - begin
11:49:33.228 [Test worker] DEBUG org.hibernate.engine.transaction.internal.TransactionImpl - committing
11:49:33.228 [Test worker] DEBUG org.hibernate.event.internal.AbstractFlushingEventListener - Processing flush-time cascades
11:49:33.228 [Test worker] DEBUG org.hibernate.event.internal.AbstractFlushingEventListener - Dirty checking collections
11:49:33.229 [Test worker] DEBUG org.hibernate.event.internal.AbstractFlushingEventListener - Flushed: 0 insertions, 0 updates, 1 deletions to 1 objects
11:49:33.229 [Test worker] DEBUG org.hibernate.event.internal.AbstractFlushingEventListener - Flushed: 0 (re)creations, 0 updates, 0 removals to 0 collections
11:49:33.229 [Test worker] DEBUG org.hibernate.internal.util.EntityPrinter - Listing entities:
11:49:33.229 [Test worker] DEBUG org.hibernate.internal.util.EntityPrinter - web_prak.java.classes.Clients{address=Ярославское шоссе д26, contact=+7 (976) 130-93-80, client_name=Иван Иванов, client_id=400, email=cromaint0@go.com}
11:49:33.229 [Test worker] DEBUG org.hibernate.SQL - delete from clients where client_id=?
Hibernate: delete from clients where client_id=?
11:49:33.244 [Test worker] DEBUG org.hibernate.resource.jdbc.internal.LogicalConnectionManagedImpl - Initiating JDBC connection release from afterTransaction
11:49:33.244 [Test worker] DEBUG org.hibernate.resource.jdbc.internal.LogicalConnectionManagedImpl - Initiating JDBC connection release from afterTransaction
11:49:33.245 [Test worker] DEBUG org.hibernate.engine.jdbc.internal.JdbcCoordinatorImpl - HHH000420: Closing un-released batch
11:49:33.246 [Test worker] DEBUG org.hibernate.engine.transaction.internal.TransactionImpl - On TransactionImpl creation, JpaCompliance#isJpaTransactionComplianceEnabled == false
11:49:33.246 [Test worker] DEBUG org.hibernate.engine.transaction.internal.TransactionImpl - begin
11:49:33.247 [Test worker] DEBUG org.hibernate.engine.spi.ActionQueue - Executing identity-insert immediately
11:49:33.247 [Test worker] DEBUG org.hibernate.SQL - insert into register_place (free, storage_location) values (?, ?)
Hibernate: insert into register_place (free, storage_location) values (?, ?)
11:49:33.249 [Test worker] DEBUG org.hibernate.id.IdentifierGeneratorHelper - Natively generated identity: 526
11:49:33.249 [Test worker] DEBUG org.hibernate.resource.jdbc.internal.ResourceRegistryStandardImpl - HHH000387: ResultSet's statement was not registered
11:49:33.249 [Test worker] DEBUG org.hibernate.engine.transaction.internal.TransactionImpl - committing
11:49:33.249 [Test worker] DEBUG org.hibernate.event.internal.AbstractFlushingEventListener - Processing flush-time cascades
11:49:33.249 [Test worker] DEBUG org.hibernate.event.internal.AbstractFlushingEventListener - Dirty checking collections
11:49:33.250 [Test worker] DEBUG org.hibernate.event.internal.AbstractFlushingEventListener - Flushed: 0 insertions, 0 updates, 0 deletions to 1 objects
11:49:33.250 [Test worker] DEBUG org.hibernate.event.internal.AbstractFlushingEventListener - Flushed: 0 (re)creations, 0 updates, 0 removals to 0 collections
11:49:33.250 [Test worker] DEBUG org.hibernate.internal.util.EntityPrinter - Listing entities:
11:49:33.250 [Test worker] DEBUG org.hibernate.internal.util.EntityPrinter - web_prak.java.classes.Register_place{storage_location=02 10 03, free=нет, place_id=526}
11:49:33.260 [Test worker] DEBUG org.hibernate.resource.jdbc.internal.LogicalConnectionManagedImpl - Initiating JDBC connection release from afterTransaction
11:49:33.261 [Test worker] DEBUG org.hibernate.resource.jdbc.internal.LogicalConnectionManagedImpl - Initiating JDBC connection release from afterTransaction
11:49:33.261 [Test worker] DEBUG org.hibernate.engine.transaction.internal.TransactionImpl - On TransactionImpl creation, JpaCompliance#isJpaTransactionComplianceEnabled == false
11:49:33.261 [Test worker] DEBUG org.hibernate.engine.transaction.internal.TransactionImpl - begin
11:49:33.262 [Test worker] DEBUG org.hibernate.engine.spi.ActionQueue - Executing identity-insert immediately
11:49:33.262 [Test worker] DEBUG org.hibernate.SQL - insert into products (expiration_date_from, expiration_date_to, measure, place_id, product_name, quantity, type) values (?, ?, ?, ?, ?, ?, ?)
Hibernate: insert into products (expiration_date_from, expiration_date_to, measure, place_id, product_name, quantity, type) values (?, ?, ?, ?, ?, ?, ?)
11:49:33.265 [Test worker] DEBUG org.hibernate.id.IdentifierGeneratorHelper - Natively generated identity: 422
11:49:33.265 [Test worker] DEBUG org.hibernate.resource.jdbc.internal.ResourceRegistryStandardImpl - HHH000387: ResultSet's statement was not registered
11:49:33.265 [Test worker] DEBUG org.hibernate.engine.transaction.internal.TransactionImpl - committing
11:49:33.265 [Test worker] DEBUG org.hibernate.event.internal.AbstractFlushingEventListener - Processing flush-time cascades
11:49:33.265 [Test worker] DEBUG org.hibernate.event.internal.AbstractFlushingEventListener - Dirty checking collections
11:49:33.266 [Test worker] DEBUG org.hibernate.event.internal.AbstractFlushingEventListener - Flushed: 0 insertions, 0 updates, 0 deletions to 1 objects
11:49:33.266 [Test worker] DEBUG org.hibernate.event.internal.AbstractFlushingEventListener - Flushed: 0 (re)creations, 0 updates, 0 removals to 0 collections
11:49:33.266 [Test worker] DEBUG org.hibernate.internal.util.EntityPrinter - Listing entities:
11:49:33.266 [Test worker] DEBUG org.hibernate.internal.util.EntityPrinter - web_prak.java.classes.Products{measure=штук, quantity=5, expiration_date_to=2022-08-01, product_id=422, expiration_date_from=2021-08-01, type=Ноутбуки, product_name=Asus Rog Strix, place_id=web_prak.java.classes.Register_place#526}
11:49:33.278 [Test worker] DEBUG org.hibernate.resource.jdbc.internal.LogicalConnectionManagedImpl - Initiating JDBC connection release from afterTransaction
11:49:33.278 [Test worker] DEBUG org.hibernate.resource.jdbc.internal.LogicalConnectionManagedImpl - Initiating JDBC connection release from afterTransaction
11:49:33.278 [Test worker] DEBUG org.hibernate.engine.transaction.internal.TransactionImpl - On TransactionImpl creation, JpaCompliance#isJpaTransactionComplianceEnabled == false
11:49:33.279 [Test worker] DEBUG org.hibernate.engine.transaction.internal.TransactionImpl - begin
11:49:33.279 [Test worker] DEBUG org.hibernate.engine.spi.ActionQueue - Executing identity-insert immediately
11:49:33.280 [Test worker] DEBUG org.hibernate.SQL - insert into clients (address, client_name, contact, email) values (?, ?, ?, ?)
Hibernate: insert into clients (address, client_name, contact, email) values (?, ?, ?, ?)
11:49:33.282 [Test worker] DEBUG org.hibernate.id.IdentifierGeneratorHelper - Natively generated identity: 401
11:49:33.282 [Test worker] DEBUG org.hibernate.resource.jdbc.internal.ResourceRegistryStandardImpl - HHH000387: ResultSet's statement was not registered
11:49:33.283 [Test worker] DEBUG org.hibernate.engine.transaction.internal.TransactionImpl - committing
11:49:33.283 [Test worker] DEBUG org.hibernate.event.internal.AbstractFlushingEventListener - Processing flush-time cascades
11:49:33.283 [Test worker] DEBUG org.hibernate.event.internal.AbstractFlushingEventListener - Dirty checking collections
11:49:33.283 [Test worker] DEBUG org.hibernate.event.internal.AbstractFlushingEventListener - Flushed: 0 insertions, 0 updates, 0 deletions to 1 objects
11:49:33.284 [Test worker] DEBUG org.hibernate.event.internal.AbstractFlushingEventListener - Flushed: 0 (re)creations, 0 updates, 0 removals to 0 collections
11:49:33.284 [Test worker] DEBUG org.hibernate.internal.util.EntityPrinter - Listing entities:
11:49:33.284 [Test worker] DEBUG org.hibernate.internal.util.EntityPrinter - web_prak.java.classes.Clients{address=Ярославское шоссе д26, contact=+7 (976) 130-93-80, client_name=Иван Иванов, client_id=401, email=cromaint0@go.com}
11:49:33.294 [Test worker] DEBUG org.hibernate.resource.jdbc.internal.LogicalConnectionManagedImpl - Initiating JDBC connection release from afterTransaction
11:49:33.294 [Test worker] DEBUG org.hibernate.resource.jdbc.internal.LogicalConnectionManagedImpl - Initiating JDBC connection release from afterTransaction
11:49:33.294 [Test worker] DEBUG org.hibernate.engine.transaction.internal.TransactionImpl - On TransactionImpl creation, JpaCompliance#isJpaTransactionComplianceEnabled == false
11:49:33.294 [Test worker] DEBUG org.hibernate.engine.transaction.internal.TransactionImpl - begin
11:49:33.295 [Test worker] DEBUG org.hibernate.engine.spi.ActionQueue - Executing identity-insert immediately
11:49:33.295 [Test worker] DEBUG org.hibernate.SQL - insert into deliveries (client_id, date_issue, status) values (?, ?, ?)
Hibernate: insert into deliveries (client_id, date_issue, status) values (?, ?, ?)
11:49:33.296 [Test worker] DEBUG org.hibernate.id.IdentifierGeneratorHelper - Natively generated identity: 252
11:49:33.297 [Test worker] DEBUG org.hibernate.resource.jdbc.internal.ResourceRegistryStandardImpl - HHH000387: ResultSet's statement was not registered
11:49:33.297 [Test worker] DEBUG org.hibernate.engine.transaction.internal.TransactionImpl - committing
11:49:33.297 [Test worker] DEBUG org.hibernate.event.internal.AbstractFlushingEventListener - Processing flush-time cascades
11:49:33.297 [Test worker] DEBUG org.hibernate.event.internal.AbstractFlushingEventListener - Dirty checking collections
11:49:33.297 [Test worker] DEBUG org.hibernate.event.internal.AbstractFlushingEventListener - Flushed: 0 insertions, 0 updates, 0 deletions to 1 objects
11:49:33.297 [Test worker] DEBUG org.hibernate.event.internal.AbstractFlushingEventListener - Flushed: 0 (re)creations, 0 updates, 0 removals to 0 collections
11:49:33.297 [Test worker] DEBUG org.hibernate.internal.util.EntityPrinter - Listing entities:
11:49:33.297 [Test worker] DEBUG org.hibernate.internal.util.EntityPrinter - web_prak.java.classes.Deliveries{delivery_id=252, client_id=web_prak.java.classes.Clients#401, date_issue=2022-02-05, status=завершен}
11:49:33.311 [Test worker] DEBUG org.hibernate.resource.jdbc.internal.LogicalConnectionManagedImpl - Initiating JDBC connection release from afterTransaction
11:49:33.311 [Test worker] DEBUG org.hibernate.resource.jdbc.internal.LogicalConnectionManagedImpl - Initiating JDBC connection release from afterTransaction
11:49:33.312 [Test worker] DEBUG org.hibernate.engine.transaction.internal.TransactionImpl - On TransactionImpl creation, JpaCompliance#isJpaTransactionComplianceEnabled == false
11:49:33.312 [Test worker] DEBUG org.hibernate.engine.transaction.internal.TransactionImpl - begin
11:49:33.312 [Test worker] DEBUG org.hibernate.engine.spi.ActionQueue - Executing identity-insert immediately
11:49:33.312 [Test worker] DEBUG org.hibernate.SQL - insert into deliveries_list (delivery_id, product_id, quantity) values (?, ?, ?)
Hibernate: insert into deliveries_list (delivery_id, product_id, quantity) values (?, ?, ?)
11:49:33.313 [Test worker] DEBUG org.hibernate.id.IdentifierGeneratorHelper - Natively generated identity: 175
11:49:33.313 [Test worker] DEBUG org.hibernate.resource.jdbc.internal.ResourceRegistryStandardImpl - HHH000387: ResultSet's statement was not registered
11:49:33.313 [Test worker] DEBUG org.hibernate.engine.transaction.internal.TransactionImpl - committing
11:49:33.314 [Test worker] DEBUG org.hibernate.event.internal.AbstractFlushingEventListener - Processing flush-time cascades
11:49:33.314 [Test worker] DEBUG org.hibernate.event.internal.AbstractFlushingEventListener - Dirty checking collections
11:49:33.314 [Test worker] DEBUG org.hibernate.event.internal.AbstractFlushingEventListener - Flushed: 0 insertions, 0 updates, 0 deletions to 1 objects
11:49:33.314 [Test worker] DEBUG org.hibernate.event.internal.AbstractFlushingEventListener - Flushed: 0 (re)creations, 0 updates, 0 removals to 0 collections
11:49:33.314 [Test worker] DEBUG org.hibernate.internal.util.EntityPrinter - Listing entities:
11:49:33.314 [Test worker] DEBUG org.hibernate.internal.util.EntityPrinter - web_prak.java.classes.Deliveries_list{deliveries_list_id=175, quantity=5, delivery_id=web_prak.java.classes.Deliveries#252, product_id=web_prak.java.classes.Products#422}
11:49:33.328 [Test worker] DEBUG org.hibernate.resource.jdbc.internal.LogicalConnectionManagedImpl - Initiating JDBC connection release from afterTransaction
11:49:33.328 [Test worker] DEBUG org.hibernate.resource.jdbc.internal.LogicalConnectionManagedImpl - Initiating JDBC connection release from afterTransaction
11:49:33.328 [Test worker] DEBUG org.hibernate.engine.transaction.internal.TransactionImpl - On TransactionImpl creation, JpaCompliance#isJpaTransactionComplianceEnabled == false
11:49:33.328 [Test worker] DEBUG org.hibernate.engine.transaction.internal.TransactionImpl - begin
11:49:33.328 [Test worker] DEBUG org.hibernate.engine.spi.ActionQueue - Executing identity-insert immediately
11:49:33.329 [Test worker] DEBUG org.hibernate.SQL - insert into deliveries_list (delivery_id, product_id, quantity) values (?, ?, ?)
Hibernate: insert into deliveries_list (delivery_id, product_id, quantity) values (?, ?, ?)
11:49:33.330 [Test worker] DEBUG org.hibernate.id.IdentifierGeneratorHelper - Natively generated identity: 176
11:49:33.330 [Test worker] DEBUG org.hibernate.resource.jdbc.internal.ResourceRegistryStandardImpl - HHH000387: ResultSet's statement was not registered
11:49:33.330 [Test worker] DEBUG org.hibernate.engine.transaction.internal.TransactionImpl - committing
11:49:33.331 [Test worker] DEBUG org.hibernate.event.internal.AbstractFlushingEventListener - Processing flush-time cascades
11:49:33.331 [Test worker] DEBUG org.hibernate.event.internal.AbstractFlushingEventListener - Dirty checking collections
11:49:33.331 [Test worker] DEBUG org.hibernate.event.internal.AbstractFlushingEventListener - Flushed: 0 insertions, 0 updates, 0 deletions to 1 objects
11:49:33.331 [Test worker] DEBUG org.hibernate.event.internal.AbstractFlushingEventListener - Flushed: 0 (re)creations, 0 updates, 0 removals to 0 collections
11:49:33.331 [Test worker] DEBUG org.hibernate.internal.util.EntityPrinter - Listing entities:
11:49:33.331 [Test worker] DEBUG org.hibernate.internal.util.EntityPrinter - web_prak.java.classes.Deliveries_list{deliveries_list_id=176, quantity=5, delivery_id=web_prak.java.classes.Deliveries#252, product_id=web_prak.java.classes.Products#422}
11:49:33.345 [Test worker] DEBUG org.hibernate.resource.jdbc.internal.LogicalConnectionManagedImpl - Initiating JDBC connection release from afterTransaction
11:49:33.345 [Test worker] DEBUG org.hibernate.resource.jdbc.internal.LogicalConnectionManagedImpl - Initiating JDBC connection release from afterTransaction
11:49:33.346 [Test worker] DEBUG org.hibernate.hql.internal.ast.QueryTranslatorImpl - parse() - HQL: FROM web_prak.java.classes.Deliveries_list WHERE quantity = :param
11:49:33.347 [Test worker] DEBUG org.hibernate.hql.internal.ast.ErrorTracker - throwQueryException() : no errors
11:49:33.348 [Test worker] DEBUG org.hibernate.hql.internal.ast.QueryTranslatorImpl - --- HQL AST ---
 \-[QUERY] Node: 'query'
    +-[SELECT_FROM] Node: 'SELECT_FROM'
    |  \-[FROM] Node: 'FROM'
    |     \-[RANGE] Node: 'RANGE'
    |        \-[DOT] Node: '.'
    |           +-[DOT] Node: '.'
    |           |  +-[DOT] Node: '.'
    |           |  |  +-[IDENT] Node: 'web_prak'
    |           |  |  \-[IDENT] Node: 'java'
    |           |  \-[IDENT] Node: 'classes'
    |           \-[IDENT] Node: 'Deliveries_list'
    \-[WHERE] Node: 'WHERE'
       \-[EQ] Node: '='
          +-[IDENT] Node: 'quantity'
          \-[COLON] Node: ':'
             \-[IDENT] Node: 'param'

11:49:33.348 [Test worker] DEBUG org.hibernate.hql.internal.antlr.HqlSqlBaseWalker - select << begin [level=1, statement=select]
11:49:33.349 [Test worker] DEBUG org.hibernate.hql.internal.ast.tree.FromElement - FromClause{level=1} : web_prak.java.classes.Deliveries_list (<no alias>) -> deliveries0_
11:49:33.349 [Test worker] DEBUG org.hibernate.hql.internal.ast.tree.FromReferenceNode - Resolved : {synthetic-alias} -> {synthetic-alias}
11:49:33.349 [Test worker] DEBUG org.hibernate.hql.internal.ast.tree.DotNode - getDataType() : quantity -> org.hibernate.type.IntegerType@7d8b66d9
11:49:33.349 [Test worker] DEBUG org.hibernate.hql.internal.ast.tree.FromReferenceNode - Resolved : {synthetic-alias}.quantity -> deliveries0_.quantity
11:49:33.350 [Test worker] DEBUG org.hibernate.hql.internal.antlr.HqlSqlBaseWalker - select : finishing up [level=1, statement=select]
11:49:33.350 [Test worker] DEBUG org.hibernate.hql.internal.ast.HqlSqlWalker - processQuery() :  ( SELECT ( FromClause{level=1} deliveries_list deliveries0_ ) ( WHERE ( = ( deliveries0_.quantity {synthetic-alias} quantity ) ? ) ) )
11:49:33.350 [Test worker] DEBUG org.hibernate.hql.internal.ast.HqlSqlWalker - Derived SELECT clause created.
11:49:33.351 [Test worker] DEBUG org.hibernate.hql.internal.ast.util.JoinProcessor - Tables referenced from query nodes:
 \-QueryNode
    +-SelectClause
    | referencedTables(entity Deliveries_list): [deliveries_list]
    |  +-SelectExpressionImpl
    |  | persister: SingleTableEntityPersister(web_prak.java.classes.Deliveries_list)
    |  \-SqlFragment
    +-FromClause
    |  \-FromElement
    \-SqlNode
       \-BinaryLogicOperatorNode
          +-DotNode
          | persister: SingleTableEntityPersister(web_prak.java.classes.Deliveries_list)
          | path: {synthetic-alias}.quantity
          |  +-IdentNode
          |  | persister: SingleTableEntityPersister(web_prak.java.classes.Deliveries_list)
          |  | originalText: {synthetic-alias}
          |  \-IdentNode
          |    persister: null
          |    originalText: quantity
          \-ParameterNode

11:49:33.351 [Test worker] DEBUG org.hibernate.hql.internal.ast.util.JoinProcessor - Using FROM fragment [deliveries_list deliveries0_]
11:49:33.352 [Test worker] DEBUG org.hibernate.hql.internal.antlr.HqlSqlBaseWalker - select >> end [level=1, statement=select]
11:49:33.352 [Test worker] DEBUG org.hibernate.hql.internal.ast.QueryTranslatorImpl - --- SQL AST ---
 \-[SELECT] QueryNode: 'SELECT'  querySpaces (deliveries_list)
    +-[SELECT_CLAUSE] SelectClause: '{derived select clause}'
    |  +-[SELECT_EXPR] SelectExpressionImpl: 'deliveries0_.deliveries_list_id as deliveri1_2_' {FromElement{explicit,not a collection join,not a fetch join,fetch non-lazy properties,classAlias=null,role=null,tableName=deliveries_list,tableAlias=deliveries0_,origin=null,columns={,className=web_prak.java.classes.Deliveries_list}}}
    |  \-[SQL_TOKEN] SqlFragment: 'deliveries0_.delivery_id as delivery3_2_, deliveries0_.product_id as product_4_2_, deliveries0_.quantity as quantity2_2_'
    +-[FROM] FromClause: 'FROM' FromClause{level=1, fromElementCounter=1, fromElements=1, fromElementByClassAlias=[], fromElementByTableAlias=[deliveries0_], fromElementsByPath=[], collectionJoinFromElementsByPath=[], impliedElements=[]}
    |  \-[FROM_FRAGMENT] FromElement: 'deliveries_list deliveries0_' FromElement{explicit,not a collection join,not a fetch join,fetch non-lazy properties,classAlias=null,role=null,tableName=deliveries_list,tableAlias=deliveries0_,origin=null,columns={,className=web_prak.java.classes.Deliveries_list}}
    \-[WHERE] SqlNode: 'WHERE'
       \-[EQ] BinaryLogicOperatorNode: '='
          +-[DOT] DotNode: 'deliveries0_.quantity' {propertyName=quantity,dereferenceType=PRIMITIVE,getPropertyPath=quantity,path={synthetic-alias}.quantity,tableAlias=deliveries0_,className=web_prak.java.classes.Deliveries_list,classAlias=null}
          |  +-[IDENT] IdentNode: '{synthetic-alias}' {originalText={synthetic-alias}}
          |  \-[IDENT] IdentNode: 'quantity' {originalText=quantity}
          \-[NAMED_PARAM] ParameterNode: '?' {name=param, expectedType=org.hibernate.type.IntegerType@7d8b66d9}

11:49:33.352 [Test worker] DEBUG org.hibernate.hql.internal.ast.ErrorTracker - throwQueryException() : no errors
11:49:33.352 [Test worker] DEBUG org.hibernate.hql.internal.ast.QueryTranslatorImpl - HQL: FROM web_prak.java.classes.Deliveries_list WHERE quantity = :param
11:49:33.353 [Test worker] DEBUG org.hibernate.hql.internal.ast.QueryTranslatorImpl - SQL: select deliveries0_.deliveries_list_id as deliveri1_2_, deliveries0_.delivery_id as delivery3_2_, deliveries0_.product_id as product_4_2_, deliveries0_.quantity as quantity2_2_ from deliveries_list deliveries0_ where deliveries0_.quantity=?
11:49:33.353 [Test worker] DEBUG org.hibernate.hql.internal.ast.ErrorTracker - throwQueryException() : no errors
11:49:33.353 [Test worker] DEBUG org.hibernate.SQL - select deliveries0_.deliveries_list_id as deliveri1_2_, deliveries0_.delivery_id as delivery3_2_, deliveries0_.product_id as product_4_2_, deliveries0_.quantity as quantity2_2_ from deliveries_list deliveries0_ where deliveries0_.quantity=?
Hibernate: select deliveries0_.deliveries_list_id as deliveri1_2_, deliveries0_.delivery_id as delivery3_2_, deliveries0_.product_id as product_4_2_, deliveries0_.quantity as quantity2_2_ from deliveries_list deliveries0_ where deliveries0_.quantity=?
11:49:33.355 [Test worker] DEBUG org.hibernate.loader.Loader - Result set row: 0
11:49:33.356 [Test worker] DEBUG org.hibernate.loader.Loader - Result row: EntityKey[web_prak.java.classes.Deliveries_list#175]
11:49:33.356 [Test worker] DEBUG org.hibernate.loader.Loader - Result set row: 1
11:49:33.356 [Test worker] DEBUG org.hibernate.loader.Loader - Result row: EntityKey[web_prak.java.classes.Deliveries_list#176]
11:49:33.357 [Test worker] DEBUG org.hibernate.engine.internal.TwoPhaseLoad - Resolving attributes for [web_prak.java.classes.Deliveries_list#175]
11:49:33.357 [Test worker] DEBUG org.hibernate.engine.internal.TwoPhaseLoad - Processing attribute `delivery_id` : value = 252
11:49:33.357 [Test worker] DEBUG org.hibernate.engine.internal.TwoPhaseLoad - Attribute (`delivery_id`)  - enhanced for lazy-loading? - false
11:49:33.357 [Test worker] DEBUG org.hibernate.SQL - select deliveries0_.delivery_id as delivery1_1_0_, deliveries0_.client_id as client_i4_1_0_, deliveries0_.date_issue as date_iss2_1_0_, deliveries0_.status as status3_1_0_, clients1_.client_id as client_i1_0_1_, clients1_.address as address2_0_1_, clients1_.client_name as client_n3_0_1_, clients1_.contact as contact4_0_1_, clients1_.email as email5_0_1_ from deliveries deliveries0_ left outer join clients clients1_ on deliveries0_.client_id=clients1_.client_id where deliveries0_.delivery_id=?
Hibernate: select deliveries0_.delivery_id as delivery1_1_0_, deliveries0_.client_id as client_i4_1_0_, deliveries0_.date_issue as date_iss2_1_0_, deliveries0_.status as status3_1_0_, clients1_.client_id as client_i1_0_1_, clients1_.address as address2_0_1_, clients1_.client_name as client_n3_0_1_, clients1_.contact as contact4_0_1_, clients1_.email as email5_0_1_ from deliveries deliveries0_ left outer join clients clients1_ on deliveries0_.client_id=clients1_.client_id where deliveries0_.delivery_id=?
11:49:33.359 [Test worker] DEBUG org.hibernate.loader.plan.exec.process.internal.EntityReferenceInitializerImpl - On call to EntityIdentifierReaderImpl#resolve, EntityKey was already known; should only happen on root returns with an optional identifier specified
11:49:33.362 [Test worker] DEBUG org.hibernate.engine.internal.TwoPhaseLoad - Resolving attributes for [web_prak.java.classes.Deliveries#252]
11:49:33.362 [Test worker] DEBUG org.hibernate.engine.internal.TwoPhaseLoad - Processing attribute `client_id` : value = 401
11:49:33.362 [Test worker] DEBUG org.hibernate.engine.internal.TwoPhaseLoad - Attribute (`client_id`)  - enhanced for lazy-loading? - false
11:49:33.362 [Test worker] DEBUG org.hibernate.engine.internal.TwoPhaseLoad - Processing attribute `date_issue` : value = 2022-02-05
11:49:33.363 [Test worker] DEBUG org.hibernate.engine.internal.TwoPhaseLoad - Attribute (`date_issue`)  - enhanced for lazy-loading? - false
11:49:33.363 [Test worker] DEBUG org.hibernate.engine.internal.TwoPhaseLoad - Processing attribute `status` : value = завершен
11:49:33.363 [Test worker] DEBUG org.hibernate.engine.internal.TwoPhaseLoad - Attribute (`status`)  - enhanced for lazy-loading? - false
11:49:33.363 [Test worker] DEBUG org.hibernate.engine.internal.TwoPhaseLoad - Done materializing entity [web_prak.java.classes.Deliveries#252]
11:49:33.363 [Test worker] DEBUG org.hibernate.engine.internal.TwoPhaseLoad - Resolving attributes for [web_prak.java.classes.Clients#401]
11:49:33.363 [Test worker] DEBUG org.hibernate.engine.internal.TwoPhaseLoad - Processing attribute `address` : value = Ярославское шоссе д26
11:49:33.363 [Test worker] DEBUG org.hibernate.engine.internal.TwoPhaseLoad - Attribute (`address`)  - enhanced for lazy-loading? - false
11:49:33.363 [Test worker] DEBUG org.hibernate.engine.internal.TwoPhaseLoad - Processing attribute `client_name` : value = Иван Иванов
11:49:33.363 [Test worker] DEBUG org.hibernate.engine.internal.TwoPhaseLoad - Attribute (`client_name`)  - enhanced for lazy-loading? - false
11:49:33.363 [Test worker] DEBUG org.hibernate.engine.internal.TwoPhaseLoad - Processing attribute `contact` : value = +7 (976) 130-93-80
11:49:33.363 [Test worker] DEBUG org.hibernate.engine.internal.TwoPhaseLoad - Attribute (`contact`)  - enhanced for lazy-loading? - false
11:49:33.363 [Test worker] DEBUG org.hibernate.engine.internal.TwoPhaseLoad - Processing attribute `email` : value = cromaint0@go.com
11:49:33.363 [Test worker] DEBUG org.hibernate.engine.internal.TwoPhaseLoad - Attribute (`email`)  - enhanced for lazy-loading? - false
11:49:33.364 [Test worker] DEBUG org.hibernate.engine.internal.TwoPhaseLoad - Done materializing entity [web_prak.java.classes.Clients#401]
11:49:33.364 [Test worker] DEBUG org.hibernate.loader.entity.plan.AbstractLoadPlanBasedEntityLoader - Done entity load : web_prak.java.classes.Deliveries#252
11:49:33.364 [Test worker] DEBUG org.hibernate.engine.internal.TwoPhaseLoad - Processing attribute `product_id` : value = 422
11:49:33.364 [Test worker] DEBUG org.hibernate.engine.internal.TwoPhaseLoad - Attribute (`product_id`)  - enhanced for lazy-loading? - false
11:49:33.364 [Test worker] DEBUG org.hibernate.SQL - select products0_.product_id as product_1_3_0_, products0_.expiration_date_from as expirati2_3_0_, products0_.expiration_date_to as expirati3_3_0_, products0_.measure as measure4_3_0_, products0_.place_id as place_id8_3_0_, products0_.product_name as product_5_3_0_, products0_.quantity as quantity6_3_0_, products0_.type as type7_3_0_, register_p1_.place_id as place_id1_4_1_, register_p1_.free as free2_4_1_, register_p1_.storage_location as storage_3_4_1_ from products products0_ left outer join register_place register_p1_ on products0_.place_id=register_p1_.place_id where products0_.product_id=?
Hibernate: select products0_.product_id as product_1_3_0_, products0_.expiration_date_from as expirati2_3_0_, products0_.expiration_date_to as expirati3_3_0_, products0_.measure as measure4_3_0_, products0_.place_id as place_id8_3_0_, products0_.product_name as product_5_3_0_, products0_.quantity as quantity6_3_0_, products0_.type as type7_3_0_, register_p1_.place_id as place_id1_4_1_, register_p1_.free as free2_4_1_, register_p1_.storage_location as storage_3_4_1_ from products products0_ left outer join register_place register_p1_ on products0_.place_id=register_p1_.place_id where products0_.product_id=?
11:49:33.366 [Test worker] DEBUG org.hibernate.loader.plan.exec.process.internal.EntityReferenceInitializerImpl - On call to EntityIdentifierReaderImpl#resolve, EntityKey was already known; should only happen on root returns with an optional identifier specified
11:49:33.367 [Test worker] DEBUG org.hibernate.engine.internal.TwoPhaseLoad - Resolving attributes for [web_prak.java.classes.Products#422]
11:49:33.368 [Test worker] DEBUG org.hibernate.engine.internal.TwoPhaseLoad - Processing attribute `expiration_date_from` : value = 2021-08-01
11:49:33.368 [Test worker] DEBUG org.hibernate.engine.internal.TwoPhaseLoad - Attribute (`expiration_date_from`)  - enhanced for lazy-loading? - false
11:49:33.368 [Test worker] DEBUG org.hibernate.engine.internal.TwoPhaseLoad - Processing attribute `expiration_date_to` : value = 2022-08-01
11:49:33.368 [Test worker] DEBUG org.hibernate.engine.internal.TwoPhaseLoad - Attribute (`expiration_date_to`)  - enhanced for lazy-loading? - false
11:49:33.368 [Test worker] DEBUG org.hibernate.engine.internal.TwoPhaseLoad - Processing attribute `measure` : value = штук
11:49:33.368 [Test worker] DEBUG org.hibernate.engine.internal.TwoPhaseLoad - Attribute (`measure`)  - enhanced for lazy-loading? - false
11:49:33.368 [Test worker] DEBUG org.hibernate.engine.internal.TwoPhaseLoad - Processing attribute `place_id` : value = 526
11:49:33.368 [Test worker] DEBUG org.hibernate.engine.internal.TwoPhaseLoad - Attribute (`place_id`)  - enhanced for lazy-loading? - false
11:49:33.368 [Test worker] DEBUG org.hibernate.engine.internal.TwoPhaseLoad - Processing attribute `product_name` : value = Asus Rog Strix
11:49:33.368 [Test worker] DEBUG org.hibernate.engine.internal.TwoPhaseLoad - Attribute (`product_name`)  - enhanced for lazy-loading? - false
11:49:33.368 [Test worker] DEBUG org.hibernate.engine.internal.TwoPhaseLoad - Processing attribute `quantity` : value = 5
11:49:33.368 [Test worker] DEBUG org.hibernate.engine.internal.TwoPhaseLoad - Attribute (`quantity`)  - enhanced for lazy-loading? - false
11:49:33.368 [Test worker] DEBUG org.hibernate.engine.internal.TwoPhaseLoad - Processing attribute `type` : value = Ноутбуки
11:49:33.368 [Test worker] DEBUG org.hibernate.engine.internal.TwoPhaseLoad - Attribute (`type`)  - enhanced for lazy-loading? - false
11:49:33.368 [Test worker] DEBUG org.hibernate.engine.internal.TwoPhaseLoad - Done materializing entity [web_prak.java.classes.Products#422]
11:49:33.369 [Test worker] DEBUG org.hibernate.engine.internal.TwoPhaseLoad - Resolving attributes for [web_prak.java.classes.Register_place#526]
11:49:33.369 [Test worker] DEBUG org.hibernate.engine.internal.TwoPhaseLoad - Processing attribute `free` : value = нет
11:49:33.369 [Test worker] DEBUG org.hibernate.engine.internal.TwoPhaseLoad - Attribute (`free`)  - enhanced for lazy-loading? - false
11:49:33.369 [Test worker] DEBUG org.hibernate.engine.internal.TwoPhaseLoad - Processing attribute `storage_location` : value = 02 10 03
11:49:33.369 [Test worker] DEBUG org.hibernate.engine.internal.TwoPhaseLoad - Attribute (`storage_location`)  - enhanced for lazy-loading? - false
11:49:33.369 [Test worker] DEBUG org.hibernate.engine.internal.TwoPhaseLoad - Done materializing entity [web_prak.java.classes.Register_place#526]
11:49:33.369 [Test worker] DEBUG org.hibernate.loader.entity.plan.AbstractLoadPlanBasedEntityLoader - Done entity load : web_prak.java.classes.Products#422
11:49:33.369 [Test worker] DEBUG org.hibernate.engine.internal.TwoPhaseLoad - Processing attribute `quantity` : value = 5
11:49:33.369 [Test worker] DEBUG org.hibernate.engine.internal.TwoPhaseLoad - Attribute (`quantity`)  - enhanced for lazy-loading? - false
11:49:33.369 [Test worker] DEBUG org.hibernate.engine.internal.TwoPhaseLoad - Done materializing entity [web_prak.java.classes.Deliveries_list#175]
11:49:33.369 [Test worker] DEBUG org.hibernate.engine.internal.TwoPhaseLoad - Resolving attributes for [web_prak.java.classes.Deliveries_list#176]
11:49:33.369 [Test worker] DEBUG org.hibernate.engine.internal.TwoPhaseLoad - Processing attribute `delivery_id` : value = 252
11:49:33.369 [Test worker] DEBUG org.hibernate.engine.internal.TwoPhaseLoad - Attribute (`delivery_id`)  - enhanced for lazy-loading? - false
11:49:33.369 [Test worker] DEBUG org.hibernate.engine.internal.TwoPhaseLoad - Processing attribute `product_id` : value = 422
11:49:33.370 [Test worker] DEBUG org.hibernate.engine.internal.TwoPhaseLoad - Attribute (`product_id`)  - enhanced for lazy-loading? - false
11:49:33.370 [Test worker] DEBUG org.hibernate.engine.internal.TwoPhaseLoad - Processing attribute `quantity` : value = 5
11:49:33.370 [Test worker] DEBUG org.hibernate.engine.internal.TwoPhaseLoad - Attribute (`quantity`)  - enhanced for lazy-loading? - false
11:49:33.370 [Test worker] DEBUG org.hibernate.engine.internal.TwoPhaseLoad - Done materializing entity [web_prak.java.classes.Deliveries_list#176]
11:49:33.370 [Test worker] DEBUG org.hibernate.resource.jdbc.internal.LogicalConnectionManagedImpl - Initiating JDBC connection release from afterTransaction
11:49:33.372 [Test worker] DEBUG org.hibernate.engine.transaction.internal.TransactionImpl - On TransactionImpl creation, JpaCompliance#isJpaTransactionComplianceEnabled == false
11:49:33.372 [Test worker] DEBUG org.hibernate.engine.transaction.internal.TransactionImpl - begin
11:49:33.373 [Test worker] DEBUG org.hibernate.engine.transaction.internal.TransactionImpl - committing
11:49:33.373 [Test worker] DEBUG org.hibernate.event.internal.AbstractFlushingEventListener - Processing flush-time cascades
11:49:33.373 [Test worker] DEBUG org.hibernate.event.internal.AbstractFlushingEventListener - Dirty checking collections
11:49:33.373 [Test worker] DEBUG org.hibernate.event.internal.AbstractFlushingEventListener - Flushed: 0 insertions, 0 updates, 1 deletions to 1 objects
11:49:33.373 [Test worker] DEBUG org.hibernate.event.internal.AbstractFlushingEventListener - Flushed: 0 (re)creations, 0 updates, 0 removals to 0 collections
11:49:33.373 [Test worker] DEBUG org.hibernate.internal.util.EntityPrinter - Listing entities:
11:49:33.373 [Test worker] DEBUG org.hibernate.internal.util.EntityPrinter - web_prak.java.classes.Deliveries_list{deliveries_list_id=175, quantity=5, delivery_id=web_prak.java.classes.Deliveries#252, product_id=web_prak.java.classes.Products#422}
11:49:33.373 [Test worker] DEBUG org.hibernate.SQL - delete from deliveries_list where deliveries_list_id=?
Hibernate: delete from deliveries_list where deliveries_list_id=?
11:49:33.394 [Test worker] DEBUG org.hibernate.resource.jdbc.internal.LogicalConnectionManagedImpl - Initiating JDBC connection release from afterTransaction
11:49:33.394 [Test worker] DEBUG org.hibernate.resource.jdbc.internal.LogicalConnectionManagedImpl - Initiating JDBC connection release from afterTransaction
11:49:33.394 [Test worker] DEBUG org.hibernate.engine.jdbc.internal.JdbcCoordinatorImpl - HHH000420: Closing un-released batch
11:49:33.394 [Test worker] DEBUG org.hibernate.engine.transaction.internal.TransactionImpl - On TransactionImpl creation, JpaCompliance#isJpaTransactionComplianceEnabled == false
11:49:33.394 [Test worker] DEBUG org.hibernate.engine.transaction.internal.TransactionImpl - begin
11:49:33.395 [Test worker] DEBUG org.hibernate.engine.transaction.internal.TransactionImpl - committing
11:49:33.395 [Test worker] DEBUG org.hibernate.event.internal.AbstractFlushingEventListener - Processing flush-time cascades
11:49:33.395 [Test worker] DEBUG org.hibernate.event.internal.AbstractFlushingEventListener - Dirty checking collections
11:49:33.395 [Test worker] DEBUG org.hibernate.event.internal.AbstractFlushingEventListener - Flushed: 0 insertions, 0 updates, 1 deletions to 1 objects
11:49:33.395 [Test worker] DEBUG org.hibernate.event.internal.AbstractFlushingEventListener - Flushed: 0 (re)creations, 0 updates, 0 removals to 0 collections
11:49:33.395 [Test worker] DEBUG org.hibernate.internal.util.EntityPrinter - Listing entities:
11:49:33.395 [Test worker] DEBUG org.hibernate.internal.util.EntityPrinter - web_prak.java.classes.Deliveries_list{deliveries_list_id=176, quantity=5, delivery_id=web_prak.java.classes.Deliveries#252, product_id=web_prak.java.classes.Products#422}
11:49:33.395 [Test worker] DEBUG org.hibernate.SQL - delete from deliveries_list where deliveries_list_id=?
Hibernate: delete from deliveries_list where deliveries_list_id=?
11:49:33.411 [Test worker] DEBUG org.hibernate.resource.jdbc.internal.LogicalConnectionManagedImpl - Initiating JDBC connection release from afterTransaction
11:49:33.411 [Test worker] DEBUG org.hibernate.resource.jdbc.internal.LogicalConnectionManagedImpl - Initiating JDBC connection release from afterTransaction
11:49:33.411 [Test worker] DEBUG org.hibernate.engine.jdbc.internal.JdbcCoordinatorImpl - HHH000420: Closing un-released batch
11:49:33.412 [Test worker] DEBUG org.hibernate.engine.transaction.internal.TransactionImpl - On TransactionImpl creation, JpaCompliance#isJpaTransactionComplianceEnabled == false
11:49:33.412 [Test worker] DEBUG org.hibernate.engine.transaction.internal.TransactionImpl - begin
11:49:33.412 [Test worker] DEBUG org.hibernate.engine.transaction.internal.TransactionImpl - committing
11:49:33.412 [Test worker] DEBUG org.hibernate.event.internal.AbstractFlushingEventListener - Processing flush-time cascades
11:49:33.412 [Test worker] DEBUG org.hibernate.event.internal.AbstractFlushingEventListener - Dirty checking collections
11:49:33.412 [Test worker] DEBUG org.hibernate.event.internal.AbstractFlushingEventListener - Flushed: 0 insertions, 0 updates, 1 deletions to 1 objects
11:49:33.412 [Test worker] DEBUG org.hibernate.event.internal.AbstractFlushingEventListener - Flushed: 0 (re)creations, 0 updates, 0 removals to 0 collections
11:49:33.412 [Test worker] DEBUG org.hibernate.internal.util.EntityPrinter - Listing entities:
11:49:33.412 [Test worker] DEBUG org.hibernate.internal.util.EntityPrinter - web_prak.java.classes.Products{measure=штук, quantity=5, expiration_date_to=2022-08-01, product_id=422, expiration_date_from=2021-08-01, type=Ноутбуки, product_name=Asus Rog Strix, place_id=web_prak.java.classes.Register_place#526}
11:49:33.412 [Test worker] DEBUG org.hibernate.SQL - delete from products where product_id=?
Hibernate: delete from products where product_id=?
11:49:33.428 [Test worker] DEBUG org.hibernate.resource.jdbc.internal.LogicalConnectionManagedImpl - Initiating JDBC connection release from afterTransaction
11:49:33.428 [Test worker] DEBUG org.hibernate.resource.jdbc.internal.LogicalConnectionManagedImpl - Initiating JDBC connection release from afterTransaction
11:49:33.428 [Test worker] DEBUG org.hibernate.engine.jdbc.internal.JdbcCoordinatorImpl - HHH000420: Closing un-released batch
11:49:33.428 [Test worker] DEBUG org.hibernate.engine.transaction.internal.TransactionImpl - On TransactionImpl creation, JpaCompliance#isJpaTransactionComplianceEnabled == false
11:49:33.428 [Test worker] DEBUG org.hibernate.engine.transaction.internal.TransactionImpl - begin
11:49:33.428 [Test worker] DEBUG org.hibernate.engine.transaction.internal.TransactionImpl - committing
11:49:33.428 [Test worker] DEBUG org.hibernate.event.internal.AbstractFlushingEventListener - Processing flush-time cascades
11:49:33.428 [Test worker] DEBUG org.hibernate.event.internal.AbstractFlushingEventListener - Dirty checking collections
11:49:33.428 [Test worker] DEBUG org.hibernate.event.internal.AbstractFlushingEventListener - Flushed: 0 insertions, 0 updates, 1 deletions to 1 objects
11:49:33.428 [Test worker] DEBUG org.hibernate.event.internal.AbstractFlushingEventListener - Flushed: 0 (re)creations, 0 updates, 0 removals to 0 collections
11:49:33.429 [Test worker] DEBUG org.hibernate.internal.util.EntityPrinter - Listing entities:
11:49:33.429 [Test worker] DEBUG org.hibernate.internal.util.EntityPrinter - web_prak.java.classes.Register_place{storage_location=02 10 03, free=нет, place_id=526}
11:49:33.429 [Test worker] DEBUG org.hibernate.SQL - delete from register_place where place_id=?
Hibernate: delete from register_place where place_id=?
11:49:33.445 [Test worker] DEBUG org.hibernate.resource.jdbc.internal.LogicalConnectionManagedImpl - Initiating JDBC connection release from afterTransaction
11:49:33.445 [Test worker] DEBUG org.hibernate.resource.jdbc.internal.LogicalConnectionManagedImpl - Initiating JDBC connection release from afterTransaction
11:49:33.445 [Test worker] DEBUG org.hibernate.engine.jdbc.internal.JdbcCoordinatorImpl - HHH000420: Closing un-released batch
11:49:33.445 [Test worker] DEBUG org.hibernate.engine.transaction.internal.TransactionImpl - On TransactionImpl creation, JpaCompliance#isJpaTransactionComplianceEnabled == false
11:49:33.445 [Test worker] DEBUG org.hibernate.engine.transaction.internal.TransactionImpl - begin
11:49:33.446 [Test worker] DEBUG org.hibernate.engine.transaction.internal.TransactionImpl - committing
11:49:33.446 [Test worker] DEBUG org.hibernate.event.internal.AbstractFlushingEventListener - Processing flush-time cascades
11:49:33.446 [Test worker] DEBUG org.hibernate.event.internal.AbstractFlushingEventListener - Dirty checking collections
11:49:33.446 [Test worker] DEBUG org.hibernate.event.internal.AbstractFlushingEventListener - Flushed: 0 insertions, 0 updates, 1 deletions to 1 objects
11:49:33.446 [Test worker] DEBUG org.hibernate.event.internal.AbstractFlushingEventListener - Flushed: 0 (re)creations, 0 updates, 0 removals to 0 collections
11:49:33.446 [Test worker] DEBUG org.hibernate.internal.util.EntityPrinter - Listing entities:
11:49:33.446 [Test worker] DEBUG org.hibernate.internal.util.EntityPrinter - web_prak.java.classes.Deliveries{delivery_id=252, client_id=web_prak.java.classes.Clients#401, date_issue=2022-02-05, status=завершен}
11:49:33.446 [Test worker] DEBUG org.hibernate.SQL - delete from deliveries where delivery_id=?
Hibernate: delete from deliveries where delivery_id=?
11:49:33.461 [Test worker] DEBUG org.hibernate.resource.jdbc.internal.LogicalConnectionManagedImpl - Initiating JDBC connection release from afterTransaction
11:49:33.461 [Test worker] DEBUG org.hibernate.resource.jdbc.internal.LogicalConnectionManagedImpl - Initiating JDBC connection release from afterTransaction
11:49:33.461 [Test worker] DEBUG org.hibernate.engine.jdbc.internal.JdbcCoordinatorImpl - HHH000420: Closing un-released batch
11:49:33.461 [Test worker] DEBUG org.hibernate.engine.transaction.internal.TransactionImpl - On TransactionImpl creation, JpaCompliance#isJpaTransactionComplianceEnabled == false
11:49:33.461 [Test worker] DEBUG org.hibernate.engine.transaction.internal.TransactionImpl - begin
11:49:33.462 [Test worker] DEBUG org.hibernate.engine.transaction.internal.TransactionImpl - committing
11:49:33.462 [Test worker] DEBUG org.hibernate.event.internal.AbstractFlushingEventListener - Processing flush-time cascades
11:49:33.462 [Test worker] DEBUG org.hibernate.event.internal.AbstractFlushingEventListener - Dirty checking collections
11:49:33.462 [Test worker] DEBUG org.hibernate.event.internal.AbstractFlushingEventListener - Flushed: 0 insertions, 0 updates, 1 deletions to 1 objects
11:49:33.462 [Test worker] DEBUG org.hibernate.event.internal.AbstractFlushingEventListener - Flushed: 0 (re)creations, 0 updates, 0 removals to 0 collections
11:49:33.462 [Test worker] DEBUG org.hibernate.internal.util.EntityPrinter - Listing entities:
11:49:33.462 [Test worker] DEBUG org.hibernate.internal.util.EntityPrinter - web_prak.java.classes.Clients{address=Ярославское шоссе д26, contact=+7 (976) 130-93-80, client_name=Иван Иванов, client_id=401, email=cromaint0@go.com}
11:49:33.462 [Test worker] DEBUG org.hibernate.SQL - delete from clients where client_id=?
Hibernate: delete from clients where client_id=?
11:49:33.478 [Test worker] DEBUG org.hibernate.resource.jdbc.internal.LogicalConnectionManagedImpl - Initiating JDBC connection release from afterTransaction
11:49:33.479 [Test worker] DEBUG org.hibernate.resource.jdbc.internal.LogicalConnectionManagedImpl - Initiating JDBC connection release from afterTransaction
11:49:33.479 [Test worker] DEBUG org.hibernate.engine.jdbc.internal.JdbcCoordinatorImpl - HHH000420: Closing un-released batch
11:49:33.480 [Test worker] DEBUG org.hibernate.engine.transaction.internal.TransactionImpl - On TransactionImpl creation, JpaCompliance#isJpaTransactionComplianceEnabled == false
11:49:33.480 [Test worker] DEBUG org.hibernate.engine.transaction.internal.TransactionImpl - begin
11:49:33.480 [Test worker] DEBUG org.hibernate.engine.spi.ActionQueue - Executing identity-insert immediately
11:49:33.480 [Test worker] DEBUG org.hibernate.SQL - insert into register_place (free, storage_location) values (?, ?)
Hibernate: insert into register_place (free, storage_location) values (?, ?)
11:49:33.481 [Test worker] DEBUG org.hibernate.id.IdentifierGeneratorHelper - Natively generated identity: 527
11:49:33.481 [Test worker] DEBUG org.hibernate.resource.jdbc.internal.ResourceRegistryStandardImpl - HHH000387: ResultSet's statement was not registered
11:49:33.481 [Test worker] DEBUG org.hibernate.engine.transaction.internal.TransactionImpl - committing
11:49:33.481 [Test worker] DEBUG org.hibernate.event.internal.AbstractFlushingEventListener - Processing flush-time cascades
11:49:33.481 [Test worker] DEBUG org.hibernate.event.internal.AbstractFlushingEventListener - Dirty checking collections
11:49:33.481 [Test worker] DEBUG org.hibernate.event.internal.AbstractFlushingEventListener - Flushed: 0 insertions, 0 updates, 0 deletions to 1 objects
11:49:33.481 [Test worker] DEBUG org.hibernate.event.internal.AbstractFlushingEventListener - Flushed: 0 (re)creations, 0 updates, 0 removals to 0 collections
11:49:33.481 [Test worker] DEBUG org.hibernate.internal.util.EntityPrinter - Listing entities:
11:49:33.481 [Test worker] DEBUG org.hibernate.internal.util.EntityPrinter - web_prak.java.classes.Register_place{storage_location=02 10 03, free=нет, place_id=527}
11:49:33.512 [Test worker] DEBUG org.hibernate.resource.jdbc.internal.LogicalConnectionManagedImpl - Initiating JDBC connection release from afterTransaction
11:49:33.512 [Test worker] DEBUG org.hibernate.resource.jdbc.internal.LogicalConnectionManagedImpl - Initiating JDBC connection release from afterTransaction
11:49:33.513 [Test worker] DEBUG org.hibernate.engine.transaction.internal.TransactionImpl - On TransactionImpl creation, JpaCompliance#isJpaTransactionComplianceEnabled == false
11:49:33.513 [Test worker] DEBUG org.hibernate.engine.transaction.internal.TransactionImpl - begin
11:49:33.513 [Test worker] DEBUG org.hibernate.engine.spi.ActionQueue - Executing identity-insert immediately
11:49:33.514 [Test worker] DEBUG org.hibernate.SQL - insert into products (expiration_date_from, expiration_date_to, measure, place_id, product_name, quantity, type) values (?, ?, ?, ?, ?, ?, ?)
Hibernate: insert into products (expiration_date_from, expiration_date_to, measure, place_id, product_name, quantity, type) values (?, ?, ?, ?, ?, ?, ?)
11:49:33.516 [Test worker] DEBUG org.hibernate.id.IdentifierGeneratorHelper - Natively generated identity: 423
11:49:33.517 [Test worker] DEBUG org.hibernate.resource.jdbc.internal.ResourceRegistryStandardImpl - HHH000387: ResultSet's statement was not registered
11:49:33.517 [Test worker] DEBUG org.hibernate.engine.transaction.internal.TransactionImpl - committing
11:49:33.517 [Test worker] DEBUG org.hibernate.event.internal.AbstractFlushingEventListener - Processing flush-time cascades
11:49:33.517 [Test worker] DEBUG org.hibernate.event.internal.AbstractFlushingEventListener - Dirty checking collections
11:49:33.518 [Test worker] DEBUG org.hibernate.event.internal.AbstractFlushingEventListener - Flushed: 0 insertions, 0 updates, 0 deletions to 1 objects
11:49:33.518 [Test worker] DEBUG org.hibernate.event.internal.AbstractFlushingEventListener - Flushed: 0 (re)creations, 0 updates, 0 removals to 0 collections
11:49:33.518 [Test worker] DEBUG org.hibernate.internal.util.EntityPrinter - Listing entities:
11:49:33.518 [Test worker] DEBUG org.hibernate.internal.util.EntityPrinter - web_prak.java.classes.Products{measure=штук, quantity=5, expiration_date_to=2022-08-01, product_id=423, expiration_date_from=2021-08-01, type=Ноутбуки, product_name=Asus Rog Strix, place_id=web_prak.java.classes.Register_place#527}
11:49:33.540 [Test worker] DEBUG org.hibernate.resource.jdbc.internal.LogicalConnectionManagedImpl - Initiating JDBC connection release from afterTransaction
11:49:33.540 [Test worker] DEBUG org.hibernate.resource.jdbc.internal.LogicalConnectionManagedImpl - Initiating JDBC connection release from afterTransaction
11:49:33.540 [Test worker] DEBUG org.hibernate.engine.transaction.internal.TransactionImpl - On TransactionImpl creation, JpaCompliance#isJpaTransactionComplianceEnabled == false
11:49:33.541 [Test worker] DEBUG org.hibernate.engine.transaction.internal.TransactionImpl - begin
11:49:33.541 [Test worker] DEBUG org.hibernate.engine.spi.ActionQueue - Executing identity-insert immediately
11:49:33.541 [Test worker] DEBUG org.hibernate.SQL - insert into clients (address, client_name, contact, email) values (?, ?, ?, ?)
Hibernate: insert into clients (address, client_name, contact, email) values (?, ?, ?, ?)
11:49:33.543 [Test worker] DEBUG org.hibernate.id.IdentifierGeneratorHelper - Natively generated identity: 402
11:49:33.544 [Test worker] DEBUG org.hibernate.resource.jdbc.internal.ResourceRegistryStandardImpl - HHH000387: ResultSet's statement was not registered
11:49:33.544 [Test worker] DEBUG org.hibernate.engine.transaction.internal.TransactionImpl - committing
11:49:33.544 [Test worker] DEBUG org.hibernate.event.internal.AbstractFlushingEventListener - Processing flush-time cascades
11:49:33.544 [Test worker] DEBUG org.hibernate.event.internal.AbstractFlushingEventListener - Dirty checking collections
11:49:33.545 [Test worker] DEBUG org.hibernate.event.internal.AbstractFlushingEventListener - Flushed: 0 insertions, 0 updates, 0 deletions to 1 objects
11:49:33.545 [Test worker] DEBUG org.hibernate.event.internal.AbstractFlushingEventListener - Flushed: 0 (re)creations, 0 updates, 0 removals to 0 collections
11:49:33.545 [Test worker] DEBUG org.hibernate.internal.util.EntityPrinter - Listing entities:
11:49:33.545 [Test worker] DEBUG org.hibernate.internal.util.EntityPrinter - web_prak.java.classes.Clients{address=Ярославское шоссе д26, contact=+7 (976) 130-93-80, client_name=Иван Иванов, client_id=402, email=cromaint0@go.com}
11:49:33.556 [Test worker] DEBUG org.hibernate.resource.jdbc.internal.LogicalConnectionManagedImpl - Initiating JDBC connection release from afterTransaction
11:49:33.557 [Test worker] DEBUG org.hibernate.resource.jdbc.internal.LogicalConnectionManagedImpl - Initiating JDBC connection release from afterTransaction
11:49:33.557 [Test worker] DEBUG org.hibernate.engine.transaction.internal.TransactionImpl - On TransactionImpl creation, JpaCompliance#isJpaTransactionComplianceEnabled == false
11:49:33.557 [Test worker] DEBUG org.hibernate.engine.transaction.internal.TransactionImpl - begin
11:49:33.558 [Test worker] DEBUG org.hibernate.engine.spi.ActionQueue - Executing identity-insert immediately
11:49:33.558 [Test worker] DEBUG org.hibernate.SQL - insert into deliveries (client_id, date_issue, status) values (?, ?, ?)
Hibernate: insert into deliveries (client_id, date_issue, status) values (?, ?, ?)
11:49:33.560 [Test worker] DEBUG org.hibernate.id.IdentifierGeneratorHelper - Natively generated identity: 253
11:49:33.560 [Test worker] DEBUG org.hibernate.resource.jdbc.internal.ResourceRegistryStandardImpl - HHH000387: ResultSet's statement was not registered
11:49:33.560 [Test worker] DEBUG org.hibernate.engine.transaction.internal.TransactionImpl - committing
11:49:33.560 [Test worker] DEBUG org.hibernate.event.internal.AbstractFlushingEventListener - Processing flush-time cascades
11:49:33.560 [Test worker] DEBUG org.hibernate.event.internal.AbstractFlushingEventListener - Dirty checking collections
11:49:33.560 [Test worker] DEBUG org.hibernate.event.internal.AbstractFlushingEventListener - Flushed: 0 insertions, 0 updates, 0 deletions to 1 objects
11:49:33.560 [Test worker] DEBUG org.hibernate.event.internal.AbstractFlushingEventListener - Flushed: 0 (re)creations, 0 updates, 0 removals to 0 collections
11:49:33.560 [Test worker] DEBUG org.hibernate.internal.util.EntityPrinter - Listing entities:
11:49:33.561 [Test worker] DEBUG org.hibernate.internal.util.EntityPrinter - web_prak.java.classes.Deliveries{delivery_id=253, client_id=web_prak.java.classes.Clients#402, date_issue=2022-02-05, status=завершен}
11:49:33.573 [Test worker] DEBUG org.hibernate.resource.jdbc.internal.LogicalConnectionManagedImpl - Initiating JDBC connection release from afterTransaction
11:49:33.573 [Test worker] DEBUG org.hibernate.resource.jdbc.internal.LogicalConnectionManagedImpl - Initiating JDBC connection release from afterTransaction
11:49:33.573 [Test worker] DEBUG org.hibernate.engine.transaction.internal.TransactionImpl - On TransactionImpl creation, JpaCompliance#isJpaTransactionComplianceEnabled == false
11:49:33.573 [Test worker] DEBUG org.hibernate.engine.transaction.internal.TransactionImpl - begin
11:49:33.573 [Test worker] DEBUG org.hibernate.engine.spi.ActionQueue - Executing identity-insert immediately
11:49:33.573 [Test worker] DEBUG org.hibernate.SQL - insert into deliveries_list (delivery_id, product_id, quantity) values (?, ?, ?)
Hibernate: insert into deliveries_list (delivery_id, product_id, quantity) values (?, ?, ?)
11:49:33.574 [Test worker] DEBUG org.hibernate.id.IdentifierGeneratorHelper - Natively generated identity: 177
11:49:33.574 [Test worker] DEBUG org.hibernate.resource.jdbc.internal.ResourceRegistryStandardImpl - HHH000387: ResultSet's statement was not registered
11:49:33.575 [Test worker] DEBUG org.hibernate.engine.transaction.internal.TransactionImpl - committing
11:49:33.575 [Test worker] DEBUG org.hibernate.event.internal.AbstractFlushingEventListener - Processing flush-time cascades
11:49:33.575 [Test worker] DEBUG org.hibernate.event.internal.AbstractFlushingEventListener - Dirty checking collections
11:49:33.575 [Test worker] DEBUG org.hibernate.event.internal.AbstractFlushingEventListener - Flushed: 0 insertions, 0 updates, 0 deletions to 1 objects
11:49:33.575 [Test worker] DEBUG org.hibernate.event.internal.AbstractFlushingEventListener - Flushed: 0 (re)creations, 0 updates, 0 removals to 0 collections
11:49:33.575 [Test worker] DEBUG org.hibernate.internal.util.EntityPrinter - Listing entities:
11:49:33.575 [Test worker] DEBUG org.hibernate.internal.util.EntityPrinter - web_prak.java.classes.Deliveries_list{deliveries_list_id=177, quantity=6, delivery_id=web_prak.java.classes.Deliveries#253, product_id=web_prak.java.classes.Products#423}
11:49:33.590 [Test worker] DEBUG org.hibernate.resource.jdbc.internal.LogicalConnectionManagedImpl - Initiating JDBC connection release from afterTransaction
11:49:33.590 [Test worker] DEBUG org.hibernate.resource.jdbc.internal.LogicalConnectionManagedImpl - Initiating JDBC connection release from afterTransaction
11:49:33.591 [Test worker] DEBUG org.hibernate.SQL - select deliveries0_.deliveries_list_id as deliveri1_2_0_, deliveries0_.delivery_id as delivery3_2_0_, deliveries0_.product_id as product_4_2_0_, deliveries0_.quantity as quantity2_2_0_, deliveries1_.delivery_id as delivery1_1_1_, deliveries1_.client_id as client_i4_1_1_, deliveries1_.date_issue as date_iss2_1_1_, deliveries1_.status as status3_1_1_, clients2_.client_id as client_i1_0_2_, clients2_.address as address2_0_2_, clients2_.client_name as client_n3_0_2_, clients2_.contact as contact4_0_2_, clients2_.email as email5_0_2_, products3_.product_id as product_1_3_3_, products3_.expiration_date_from as expirati2_3_3_, products3_.expiration_date_to as expirati3_3_3_, products3_.measure as measure4_3_3_, products3_.place_id as place_id8_3_3_, products3_.product_name as product_5_3_3_, products3_.quantity as quantity6_3_3_, products3_.type as type7_3_3_, register_p4_.place_id as place_id1_4_4_, register_p4_.free as free2_4_4_, register_p4_.storage_location as storage_3_4_4_ from deliveries_list deliveries0_ left outer join deliveries deliveries1_ on deliveries0_.delivery_id=deliveries1_.delivery_id left outer join clients clients2_ on deliveries1_.client_id=clients2_.client_id left outer join products products3_ on deliveries0_.product_id=products3_.product_id left outer join register_place register_p4_ on products3_.place_id=register_p4_.place_id where deliveries0_.deliveries_list_id=?
Hibernate: select deliveries0_.deliveries_list_id as deliveri1_2_0_, deliveries0_.delivery_id as delivery3_2_0_, deliveries0_.product_id as product_4_2_0_, deliveries0_.quantity as quantity2_2_0_, deliveries1_.delivery_id as delivery1_1_1_, deliveries1_.client_id as client_i4_1_1_, deliveries1_.date_issue as date_iss2_1_1_, deliveries1_.status as status3_1_1_, clients2_.client_id as client_i1_0_2_, clients2_.address as address2_0_2_, clients2_.client_name as client_n3_0_2_, clients2_.contact as contact4_0_2_, clients2_.email as email5_0_2_, products3_.product_id as product_1_3_3_, products3_.expiration_date_from as expirati2_3_3_, products3_.expiration_date_to as expirati3_3_3_, products3_.measure as measure4_3_3_, products3_.place_id as place_id8_3_3_, products3_.product_name as product_5_3_3_, products3_.quantity as quantity6_3_3_, products3_.type as type7_3_3_, register_p4_.place_id as place_id1_4_4_, register_p4_.free as free2_4_4_, register_p4_.storage_location as storage_3_4_4_ from deliveries_list deliveries0_ left outer join deliveries deliveries1_ on deliveries0_.delivery_id=deliveries1_.delivery_id left outer join clients clients2_ on deliveries1_.client_id=clients2_.client_id left outer join products products3_ on deliveries0_.product_id=products3_.product_id left outer join register_place register_p4_ on products3_.place_id=register_p4_.place_id where deliveries0_.deliveries_list_id=?
11:49:33.592 [Test worker] DEBUG org.hibernate.loader.plan.exec.process.internal.EntityReferenceInitializerImpl - On call to EntityIdentifierReaderImpl#resolve, EntityKey was already known; should only happen on root returns with an optional identifier specified
11:49:33.593 [Test worker] DEBUG org.hibernate.engine.internal.TwoPhaseLoad - Resolving attributes for [web_prak.java.classes.Deliveries_list#177]
11:49:33.593 [Test worker] DEBUG org.hibernate.engine.internal.TwoPhaseLoad - Processing attribute `delivery_id` : value = 253
11:49:33.594 [Test worker] DEBUG org.hibernate.engine.internal.TwoPhaseLoad - Attribute (`delivery_id`)  - enhanced for lazy-loading? - false
11:49:33.594 [Test worker] DEBUG org.hibernate.engine.internal.TwoPhaseLoad - Processing attribute `product_id` : value = 423
11:49:33.594 [Test worker] DEBUG org.hibernate.engine.internal.TwoPhaseLoad - Attribute (`product_id`)  - enhanced for lazy-loading? - false
11:49:33.594 [Test worker] DEBUG org.hibernate.engine.internal.TwoPhaseLoad - Processing attribute `quantity` : value = 6
11:49:33.594 [Test worker] DEBUG org.hibernate.engine.internal.TwoPhaseLoad - Attribute (`quantity`)  - enhanced for lazy-loading? - false
11:49:33.594 [Test worker] DEBUG org.hibernate.engine.internal.TwoPhaseLoad - Done materializing entity [web_prak.java.classes.Deliveries_list#177]
11:49:33.594 [Test worker] DEBUG org.hibernate.engine.internal.TwoPhaseLoad - Resolving attributes for [web_prak.java.classes.Deliveries#253]
11:49:33.594 [Test worker] DEBUG org.hibernate.engine.internal.TwoPhaseLoad - Processing attribute `client_id` : value = 402
11:49:33.594 [Test worker] DEBUG org.hibernate.engine.internal.TwoPhaseLoad - Attribute (`client_id`)  - enhanced for lazy-loading? - false
11:49:33.594 [Test worker] DEBUG org.hibernate.engine.internal.TwoPhaseLoad - Processing attribute `date_issue` : value = 2022-02-05
11:49:33.594 [Test worker] DEBUG org.hibernate.engine.internal.TwoPhaseLoad - Attribute (`date_issue`)  - enhanced for lazy-loading? - false
11:49:33.594 [Test worker] DEBUG org.hibernate.engine.internal.TwoPhaseLoad - Processing attribute `status` : value = завершен
11:49:33.594 [Test worker] DEBUG org.hibernate.engine.internal.TwoPhaseLoad - Attribute (`status`)  - enhanced for lazy-loading? - false
11:49:33.594 [Test worker] DEBUG org.hibernate.engine.internal.TwoPhaseLoad - Done materializing entity [web_prak.java.classes.Deliveries#253]
11:49:33.594 [Test worker] DEBUG org.hibernate.engine.internal.TwoPhaseLoad - Resolving attributes for [web_prak.java.classes.Clients#402]
11:49:33.594 [Test worker] DEBUG org.hibernate.engine.internal.TwoPhaseLoad - Processing attribute `address` : value = Ярославское шоссе д26
11:49:33.594 [Test worker] DEBUG org.hibernate.engine.internal.TwoPhaseLoad - Attribute (`address`)  - enhanced for lazy-loading? - false
11:49:33.594 [Test worker] DEBUG org.hibernate.engine.internal.TwoPhaseLoad - Processing attribute `client_name` : value = Иван Иванов
11:49:33.594 [Test worker] DEBUG org.hibernate.engine.internal.TwoPhaseLoad - Attribute (`client_name`)  - enhanced for lazy-loading? - false
11:49:33.594 [Test worker] DEBUG org.hibernate.engine.internal.TwoPhaseLoad - Processing attribute `contact` : value = +7 (976) 130-93-80
11:49:33.594 [Test worker] DEBUG org.hibernate.engine.internal.TwoPhaseLoad - Attribute (`contact`)  - enhanced for lazy-loading? - false
11:49:33.594 [Test worker] DEBUG org.hibernate.engine.internal.TwoPhaseLoad - Processing attribute `email` : value = cromaint0@go.com
11:49:33.594 [Test worker] DEBUG org.hibernate.engine.internal.TwoPhaseLoad - Attribute (`email`)  - enhanced for lazy-loading? - false
11:49:33.594 [Test worker] DEBUG org.hibernate.engine.internal.TwoPhaseLoad - Done materializing entity [web_prak.java.classes.Clients#402]
11:49:33.595 [Test worker] DEBUG org.hibernate.engine.internal.TwoPhaseLoad - Resolving attributes for [web_prak.java.classes.Products#423]
11:49:33.595 [Test worker] DEBUG org.hibernate.engine.internal.TwoPhaseLoad - Processing attribute `expiration_date_from` : value = 2021-08-01
11:49:33.595 [Test worker] DEBUG org.hibernate.engine.internal.TwoPhaseLoad - Attribute (`expiration_date_from`)  - enhanced for lazy-loading? - false
11:49:33.595 [Test worker] DEBUG org.hibernate.engine.internal.TwoPhaseLoad - Processing attribute `expiration_date_to` : value = 2022-08-01
11:49:33.595 [Test worker] DEBUG org.hibernate.engine.internal.TwoPhaseLoad - Attribute (`expiration_date_to`)  - enhanced for lazy-loading? - false
11:49:33.595 [Test worker] DEBUG org.hibernate.engine.internal.TwoPhaseLoad - Processing attribute `measure` : value = штук
11:49:33.595 [Test worker] DEBUG org.hibernate.engine.internal.TwoPhaseLoad - Attribute (`measure`)  - enhanced for lazy-loading? - false
11:49:33.595 [Test worker] DEBUG org.hibernate.engine.internal.TwoPhaseLoad - Processing attribute `place_id` : value = 527
11:49:33.595 [Test worker] DEBUG org.hibernate.engine.internal.TwoPhaseLoad - Attribute (`place_id`)  - enhanced for lazy-loading? - false
11:49:33.595 [Test worker] DEBUG org.hibernate.engine.internal.TwoPhaseLoad - Processing attribute `product_name` : value = Asus Rog Strix
11:49:33.595 [Test worker] DEBUG org.hibernate.engine.internal.TwoPhaseLoad - Attribute (`product_name`)  - enhanced for lazy-loading? - false
11:49:33.595 [Test worker] DEBUG org.hibernate.engine.internal.TwoPhaseLoad - Processing attribute `quantity` : value = 5
11:49:33.595 [Test worker] DEBUG org.hibernate.engine.internal.TwoPhaseLoad - Attribute (`quantity`)  - enhanced for lazy-loading? - false
11:49:33.595 [Test worker] DEBUG org.hibernate.engine.internal.TwoPhaseLoad - Processing attribute `type` : value = Ноутбуки
11:49:33.595 [Test worker] DEBUG org.hibernate.engine.internal.TwoPhaseLoad - Attribute (`type`)  - enhanced for lazy-loading? - false
11:49:33.595 [Test worker] DEBUG org.hibernate.engine.internal.TwoPhaseLoad - Done materializing entity [web_prak.java.classes.Products#423]
11:49:33.595 [Test worker] DEBUG org.hibernate.engine.internal.TwoPhaseLoad - Resolving attributes for [web_prak.java.classes.Register_place#527]
11:49:33.595 [Test worker] DEBUG org.hibernate.engine.internal.TwoPhaseLoad - Processing attribute `free` : value = нет
11:49:33.595 [Test worker] DEBUG org.hibernate.engine.internal.TwoPhaseLoad - Attribute (`free`)  - enhanced for lazy-loading? - false
11:49:33.595 [Test worker] DEBUG org.hibernate.engine.internal.TwoPhaseLoad - Processing attribute `storage_location` : value = 02 10 03
11:49:33.595 [Test worker] DEBUG org.hibernate.engine.internal.TwoPhaseLoad - Attribute (`storage_location`)  - enhanced for lazy-loading? - false
11:49:33.595 [Test worker] DEBUG org.hibernate.engine.internal.TwoPhaseLoad - Done materializing entity [web_prak.java.classes.Register_place#527]
11:49:33.595 [Test worker] DEBUG org.hibernate.loader.entity.plan.AbstractLoadPlanBasedEntityLoader - Done entity load : web_prak.java.classes.Deliveries_list#177
11:49:33.595 [Test worker] DEBUG org.hibernate.resource.jdbc.internal.LogicalConnectionManagedImpl - Initiating JDBC connection release from afterTransaction
11:49:33.596 [Test worker] DEBUG org.hibernate.engine.transaction.internal.TransactionImpl - On TransactionImpl creation, JpaCompliance#isJpaTransactionComplianceEnabled == false
11:49:33.596 [Test worker] DEBUG org.hibernate.engine.transaction.internal.TransactionImpl - begin
11:49:33.597 [Test worker] DEBUG org.hibernate.engine.transaction.internal.TransactionImpl - committing
11:49:33.597 [Test worker] DEBUG org.hibernate.event.internal.AbstractFlushingEventListener - Processing flush-time cascades
11:49:33.597 [Test worker] DEBUG org.hibernate.event.internal.AbstractFlushingEventListener - Dirty checking collections
11:49:33.597 [Test worker] DEBUG org.hibernate.event.internal.AbstractFlushingEventListener - Flushed: 0 insertions, 0 updates, 1 deletions to 1 objects
11:49:33.597 [Test worker] DEBUG org.hibernate.event.internal.AbstractFlushingEventListener - Flushed: 0 (re)creations, 0 updates, 0 removals to 0 collections
11:49:33.597 [Test worker] DEBUG org.hibernate.internal.util.EntityPrinter - Listing entities:
11:49:33.597 [Test worker] DEBUG org.hibernate.internal.util.EntityPrinter - web_prak.java.classes.Deliveries_list{deliveries_list_id=177, quantity=6, delivery_id=web_prak.java.classes.Deliveries#253, product_id=web_prak.java.classes.Products#423}
11:49:33.597 [Test worker] DEBUG org.hibernate.SQL - delete from deliveries_list where deliveries_list_id=?
Hibernate: delete from deliveries_list where deliveries_list_id=?
11:49:33.618 [Test worker] DEBUG org.hibernate.resource.jdbc.internal.LogicalConnectionManagedImpl - Initiating JDBC connection release from afterTransaction
11:49:33.618 [Test worker] DEBUG org.hibernate.resource.jdbc.internal.LogicalConnectionManagedImpl - Initiating JDBC connection release from afterTransaction
11:49:33.618 [Test worker] DEBUG org.hibernate.engine.jdbc.internal.JdbcCoordinatorImpl - HHH000420: Closing un-released batch
11:49:33.618 [Test worker] DEBUG org.hibernate.engine.transaction.internal.TransactionImpl - On TransactionImpl creation, JpaCompliance#isJpaTransactionComplianceEnabled == false
11:49:33.618 [Test worker] DEBUG org.hibernate.engine.transaction.internal.TransactionImpl - begin
11:49:33.618 [Test worker] DEBUG org.hibernate.engine.transaction.internal.TransactionImpl - committing
11:49:33.618 [Test worker] DEBUG org.hibernate.event.internal.AbstractFlushingEventListener - Processing flush-time cascades
11:49:33.618 [Test worker] DEBUG org.hibernate.event.internal.AbstractFlushingEventListener - Dirty checking collections
11:49:33.618 [Test worker] DEBUG org.hibernate.event.internal.AbstractFlushingEventListener - Flushed: 0 insertions, 0 updates, 1 deletions to 1 objects
11:49:33.618 [Test worker] DEBUG org.hibernate.event.internal.AbstractFlushingEventListener - Flushed: 0 (re)creations, 0 updates, 0 removals to 0 collections
11:49:33.618 [Test worker] DEBUG org.hibernate.internal.util.EntityPrinter - Listing entities:
11:49:33.618 [Test worker] DEBUG org.hibernate.internal.util.EntityPrinter - web_prak.java.classes.Products{measure=штук, quantity=5, expiration_date_to=2022-08-01, product_id=423, expiration_date_from=2021-08-01, type=Ноутбуки, product_name=Asus Rog Strix, place_id=web_prak.java.classes.Register_place#527}
11:49:33.619 [Test worker] DEBUG org.hibernate.SQL - delete from products where product_id=?
Hibernate: delete from products where product_id=?
11:49:33.635 [Test worker] DEBUG org.hibernate.resource.jdbc.internal.LogicalConnectionManagedImpl - Initiating JDBC connection release from afterTransaction
11:49:33.635 [Test worker] DEBUG org.hibernate.resource.jdbc.internal.LogicalConnectionManagedImpl - Initiating JDBC connection release from afterTransaction
11:49:33.635 [Test worker] DEBUG org.hibernate.engine.jdbc.internal.JdbcCoordinatorImpl - HHH000420: Closing un-released batch
11:49:33.635 [Test worker] DEBUG org.hibernate.engine.transaction.internal.TransactionImpl - On TransactionImpl creation, JpaCompliance#isJpaTransactionComplianceEnabled == false
11:49:33.635 [Test worker] DEBUG org.hibernate.engine.transaction.internal.TransactionImpl - begin
11:49:33.635 [Test worker] DEBUG org.hibernate.engine.transaction.internal.TransactionImpl - committing
11:49:33.635 [Test worker] DEBUG org.hibernate.event.internal.AbstractFlushingEventListener - Processing flush-time cascades
11:49:33.636 [Test worker] DEBUG org.hibernate.event.internal.AbstractFlushingEventListener - Dirty checking collections
11:49:33.636 [Test worker] DEBUG org.hibernate.event.internal.AbstractFlushingEventListener - Flushed: 0 insertions, 0 updates, 1 deletions to 1 objects
11:49:33.636 [Test worker] DEBUG org.hibernate.event.internal.AbstractFlushingEventListener - Flushed: 0 (re)creations, 0 updates, 0 removals to 0 collections
11:49:33.636 [Test worker] DEBUG org.hibernate.internal.util.EntityPrinter - Listing entities:
11:49:33.636 [Test worker] DEBUG org.hibernate.internal.util.EntityPrinter - web_prak.java.classes.Register_place{storage_location=02 10 03, free=нет, place_id=527}
11:49:33.636 [Test worker] DEBUG org.hibernate.SQL - delete from register_place where place_id=?
Hibernate: delete from register_place where place_id=?
11:49:33.651 [Test worker] DEBUG org.hibernate.resource.jdbc.internal.LogicalConnectionManagedImpl - Initiating JDBC connection release from afterTransaction
11:49:33.652 [Test worker] DEBUG org.hibernate.resource.jdbc.internal.LogicalConnectionManagedImpl - Initiating JDBC connection release from afterTransaction
11:49:33.652 [Test worker] DEBUG org.hibernate.engine.jdbc.internal.JdbcCoordinatorImpl - HHH000420: Closing un-released batch
11:49:33.652 [Test worker] DEBUG org.hibernate.engine.transaction.internal.TransactionImpl - On TransactionImpl creation, JpaCompliance#isJpaTransactionComplianceEnabled == false
11:49:33.652 [Test worker] DEBUG org.hibernate.engine.transaction.internal.TransactionImpl - begin
11:49:33.653 [Test worker] DEBUG org.hibernate.engine.transaction.internal.TransactionImpl - committing
11:49:33.653 [Test worker] DEBUG org.hibernate.event.internal.AbstractFlushingEventListener - Processing flush-time cascades
11:49:33.653 [Test worker] DEBUG org.hibernate.event.internal.AbstractFlushingEventListener - Dirty checking collections
11:49:33.653 [Test worker] DEBUG org.hibernate.event.internal.AbstractFlushingEventListener - Flushed: 0 insertions, 0 updates, 1 deletions to 1 objects
11:49:33.653 [Test worker] DEBUG org.hibernate.event.internal.AbstractFlushingEventListener - Flushed: 0 (re)creations, 0 updates, 0 removals to 0 collections
11:49:33.653 [Test worker] DEBUG org.hibernate.internal.util.EntityPrinter - Listing entities:
11:49:33.653 [Test worker] DEBUG org.hibernate.internal.util.EntityPrinter - web_prak.java.classes.Deliveries{delivery_id=253, client_id=web_prak.java.classes.Clients#402, date_issue=2022-02-05, status=завершен}
11:49:33.653 [Test worker] DEBUG org.hibernate.SQL - delete from deliveries where delivery_id=?
Hibernate: delete from deliveries where delivery_id=?
11:49:33.668 [Test worker] DEBUG org.hibernate.resource.jdbc.internal.LogicalConnectionManagedImpl - Initiating JDBC connection release from afterTransaction
11:49:33.669 [Test worker] DEBUG org.hibernate.resource.jdbc.internal.LogicalConnectionManagedImpl - Initiating JDBC connection release from afterTransaction
11:49:33.669 [Test worker] DEBUG org.hibernate.engine.jdbc.internal.JdbcCoordinatorImpl - HHH000420: Closing un-released batch
11:49:33.669 [Test worker] DEBUG org.hibernate.engine.transaction.internal.TransactionImpl - On TransactionImpl creation, JpaCompliance#isJpaTransactionComplianceEnabled == false
11:49:33.669 [Test worker] DEBUG org.hibernate.engine.transaction.internal.TransactionImpl - begin
11:49:33.670 [Test worker] DEBUG org.hibernate.engine.transaction.internal.TransactionImpl - committing
11:49:33.670 [Test worker] DEBUG org.hibernate.event.internal.AbstractFlushingEventListener - Processing flush-time cascades
11:49:33.670 [Test worker] DEBUG org.hibernate.event.internal.AbstractFlushingEventListener - Dirty checking collections
11:49:33.670 [Test worker] DEBUG org.hibernate.event.internal.AbstractFlushingEventListener - Flushed: 0 insertions, 0 updates, 1 deletions to 1 objects
11:49:33.670 [Test worker] DEBUG org.hibernate.event.internal.AbstractFlushingEventListener - Flushed: 0 (re)creations, 0 updates, 0 removals to 0 collections
11:49:33.670 [Test worker] DEBUG org.hibernate.internal.util.EntityPrinter - Listing entities:
11:49:33.670 [Test worker] DEBUG org.hibernate.internal.util.EntityPrinter - web_prak.java.classes.Clients{address=Ярославское шоссе д26, contact=+7 (976) 130-93-80, client_name=Иван Иванов, client_id=402, email=cromaint0@go.com}
11:49:33.671 [Test worker] DEBUG org.hibernate.SQL - delete from clients where client_id=?
Hibernate: delete from clients where client_id=?
11:49:33.685 [Test worker] DEBUG org.hibernate.resource.jdbc.internal.LogicalConnectionManagedImpl - Initiating JDBC connection release from afterTransaction
11:49:33.685 [Test worker] DEBUG org.hibernate.resource.jdbc.internal.LogicalConnectionManagedImpl - Initiating JDBC connection release from afterTransaction
11:49:33.685 [Test worker] DEBUG org.hibernate.engine.jdbc.internal.JdbcCoordinatorImpl - HHH000420: Closing un-released batch
11:49:33.687 [Test worker] DEBUG org.hibernate.engine.transaction.internal.TransactionImpl - On TransactionImpl creation, JpaCompliance#isJpaTransactionComplianceEnabled == false
11:49:33.687 [Test worker] DEBUG org.hibernate.engine.transaction.internal.TransactionImpl - begin
11:49:33.687 [Test worker] DEBUG org.hibernate.engine.spi.ActionQueue - Executing identity-insert immediately
11:49:33.688 [Test worker] DEBUG org.hibernate.SQL - insert into register_place (free, storage_location) values (?, ?)
Hibernate: insert into register_place (free, storage_location) values (?, ?)
11:49:33.689 [Test worker] DEBUG org.hibernate.id.IdentifierGeneratorHelper - Natively generated identity: 528
11:49:33.689 [Test worker] DEBUG org.hibernate.resource.jdbc.internal.ResourceRegistryStandardImpl - HHH000387: ResultSet's statement was not registered
11:49:33.690 [Test worker] DEBUG org.hibernate.engine.transaction.internal.TransactionImpl - committing
11:49:33.690 [Test worker] DEBUG org.hibernate.event.internal.AbstractFlushingEventListener - Processing flush-time cascades
11:49:33.690 [Test worker] DEBUG org.hibernate.event.internal.AbstractFlushingEventListener - Dirty checking collections
11:49:33.690 [Test worker] DEBUG org.hibernate.event.internal.AbstractFlushingEventListener - Flushed: 0 insertions, 0 updates, 0 deletions to 1 objects
11:49:33.690 [Test worker] DEBUG org.hibernate.event.internal.AbstractFlushingEventListener - Flushed: 0 (re)creations, 0 updates, 0 removals to 0 collections
11:49:33.690 [Test worker] DEBUG org.hibernate.internal.util.EntityPrinter - Listing entities:
11:49:33.690 [Test worker] DEBUG org.hibernate.internal.util.EntityPrinter - web_prak.java.classes.Register_place{storage_location=02 10 03, free=нет, place_id=528}
11:49:33.702 [Test worker] DEBUG org.hibernate.resource.jdbc.internal.LogicalConnectionManagedImpl - Initiating JDBC connection release from afterTransaction
11:49:33.702 [Test worker] DEBUG org.hibernate.resource.jdbc.internal.LogicalConnectionManagedImpl - Initiating JDBC connection release from afterTransaction
11:49:33.703 [Test worker] DEBUG org.hibernate.engine.transaction.internal.TransactionImpl - On TransactionImpl creation, JpaCompliance#isJpaTransactionComplianceEnabled == false
11:49:33.703 [Test worker] DEBUG org.hibernate.engine.transaction.internal.TransactionImpl - begin
11:49:33.703 [Test worker] DEBUG org.hibernate.engine.spi.ActionQueue - Executing identity-insert immediately
11:49:33.703 [Test worker] DEBUG org.hibernate.SQL - insert into products (expiration_date_from, expiration_date_to, measure, place_id, product_name, quantity, type) values (?, ?, ?, ?, ?, ?, ?)
Hibernate: insert into products (expiration_date_from, expiration_date_to, measure, place_id, product_name, quantity, type) values (?, ?, ?, ?, ?, ?, ?)
11:49:33.706 [Test worker] DEBUG org.hibernate.id.IdentifierGeneratorHelper - Natively generated identity: 424
11:49:33.706 [Test worker] DEBUG org.hibernate.resource.jdbc.internal.ResourceRegistryStandardImpl - HHH000387: ResultSet's statement was not registered
11:49:33.707 [Test worker] DEBUG org.hibernate.engine.transaction.internal.TransactionImpl - committing
11:49:33.707 [Test worker] DEBUG org.hibernate.event.internal.AbstractFlushingEventListener - Processing flush-time cascades
11:49:33.707 [Test worker] DEBUG org.hibernate.event.internal.AbstractFlushingEventListener - Dirty checking collections
11:49:33.707 [Test worker] DEBUG org.hibernate.event.internal.AbstractFlushingEventListener - Flushed: 0 insertions, 0 updates, 0 deletions to 1 objects
11:49:33.707 [Test worker] DEBUG org.hibernate.event.internal.AbstractFlushingEventListener - Flushed: 0 (re)creations, 0 updates, 0 removals to 0 collections
11:49:33.707 [Test worker] DEBUG org.hibernate.internal.util.EntityPrinter - Listing entities:
11:49:33.707 [Test worker] DEBUG org.hibernate.internal.util.EntityPrinter - web_prak.java.classes.Products{measure=штук, quantity=5, expiration_date_to=2022-08-01, product_id=424, expiration_date_from=2021-08-01, type=Ноутбуки, product_name=Asus Rog Strix, place_id=web_prak.java.classes.Register_place#528}
11:49:33.719 [Test worker] DEBUG org.hibernate.resource.jdbc.internal.LogicalConnectionManagedImpl - Initiating JDBC connection release from afterTransaction
11:49:33.719 [Test worker] DEBUG org.hibernate.resource.jdbc.internal.LogicalConnectionManagedImpl - Initiating JDBC connection release from afterTransaction
11:49:33.719 [Test worker] DEBUG org.hibernate.engine.transaction.internal.TransactionImpl - On TransactionImpl creation, JpaCompliance#isJpaTransactionComplianceEnabled == false
11:49:33.719 [Test worker] DEBUG org.hibernate.engine.transaction.internal.TransactionImpl - begin
11:49:33.720 [Test worker] DEBUG org.hibernate.engine.spi.ActionQueue - Executing identity-insert immediately
11:49:33.720 [Test worker] DEBUG org.hibernate.SQL - insert into clients (address, client_name, contact, email) values (?, ?, ?, ?)
Hibernate: insert into clients (address, client_name, contact, email) values (?, ?, ?, ?)
11:49:33.721 [Test worker] DEBUG org.hibernate.id.IdentifierGeneratorHelper - Natively generated identity: 403
11:49:33.721 [Test worker] DEBUG org.hibernate.resource.jdbc.internal.ResourceRegistryStandardImpl - HHH000387: ResultSet's statement was not registered
11:49:33.722 [Test worker] DEBUG org.hibernate.engine.transaction.internal.TransactionImpl - committing
11:49:33.722 [Test worker] DEBUG org.hibernate.event.internal.AbstractFlushingEventListener - Processing flush-time cascades
11:49:33.722 [Test worker] DEBUG org.hibernate.event.internal.AbstractFlushingEventListener - Dirty checking collections
11:49:33.722 [Test worker] DEBUG org.hibernate.event.internal.AbstractFlushingEventListener - Flushed: 0 insertions, 0 updates, 0 deletions to 1 objects
11:49:33.722 [Test worker] DEBUG org.hibernate.event.internal.AbstractFlushingEventListener - Flushed: 0 (re)creations, 0 updates, 0 removals to 0 collections
11:49:33.722 [Test worker] DEBUG org.hibernate.internal.util.EntityPrinter - Listing entities:
11:49:33.722 [Test worker] DEBUG org.hibernate.internal.util.EntityPrinter - web_prak.java.classes.Clients{address=Ярославское шоссе д26, contact=+7 (976) 130-93-80, client_name=Иван Иванов, client_id=403, email=cromaint0@go.com}
11:49:33.736 [Test worker] DEBUG org.hibernate.resource.jdbc.internal.LogicalConnectionManagedImpl - Initiating JDBC connection release from afterTransaction
11:49:33.736 [Test worker] DEBUG org.hibernate.resource.jdbc.internal.LogicalConnectionManagedImpl - Initiating JDBC connection release from afterTransaction
11:49:33.737 [Test worker] DEBUG org.hibernate.engine.transaction.internal.TransactionImpl - On TransactionImpl creation, JpaCompliance#isJpaTransactionComplianceEnabled == false
11:49:33.737 [Test worker] DEBUG org.hibernate.engine.transaction.internal.TransactionImpl - begin
11:49:33.737 [Test worker] DEBUG org.hibernate.engine.spi.ActionQueue - Executing identity-insert immediately
11:49:33.737 [Test worker] DEBUG org.hibernate.SQL - insert into deliveries (client_id, date_issue, status) values (?, ?, ?)
Hibernate: insert into deliveries (client_id, date_issue, status) values (?, ?, ?)
11:49:33.740 [Test worker] DEBUG org.hibernate.id.IdentifierGeneratorHelper - Natively generated identity: 254
11:49:33.740 [Test worker] DEBUG org.hibernate.resource.jdbc.internal.ResourceRegistryStandardImpl - HHH000387: ResultSet's statement was not registered
11:49:33.740 [Test worker] DEBUG org.hibernate.engine.transaction.internal.TransactionImpl - committing
11:49:33.740 [Test worker] DEBUG org.hibernate.event.internal.AbstractFlushingEventListener - Processing flush-time cascades
11:49:33.740 [Test worker] DEBUG org.hibernate.event.internal.AbstractFlushingEventListener - Dirty checking collections
11:49:33.741 [Test worker] DEBUG org.hibernate.event.internal.AbstractFlushingEventListener - Flushed: 0 insertions, 0 updates, 0 deletions to 1 objects
11:49:33.741 [Test worker] DEBUG org.hibernate.event.internal.AbstractFlushingEventListener - Flushed: 0 (re)creations, 0 updates, 0 removals to 0 collections
11:49:33.741 [Test worker] DEBUG org.hibernate.internal.util.EntityPrinter - Listing entities:
11:49:33.741 [Test worker] DEBUG org.hibernate.internal.util.EntityPrinter - web_prak.java.classes.Deliveries{delivery_id=254, client_id=web_prak.java.classes.Clients#403, date_issue=2022-02-05, status=завершен}
11:49:33.752 [Test worker] DEBUG org.hibernate.resource.jdbc.internal.LogicalConnectionManagedImpl - Initiating JDBC connection release from afterTransaction
11:49:33.752 [Test worker] DEBUG org.hibernate.resource.jdbc.internal.LogicalConnectionManagedImpl - Initiating JDBC connection release from afterTransaction
11:49:33.753 [Test worker] DEBUG org.hibernate.engine.transaction.internal.TransactionImpl - On TransactionImpl creation, JpaCompliance#isJpaTransactionComplianceEnabled == false
11:49:33.753 [Test worker] DEBUG org.hibernate.engine.transaction.internal.TransactionImpl - begin
11:49:33.753 [Test worker] DEBUG org.hibernate.engine.spi.ActionQueue - Executing identity-insert immediately
11:49:33.753 [Test worker] DEBUG org.hibernate.SQL - insert into deliveries_list (delivery_id, product_id, quantity) values (?, ?, ?)
Hibernate: insert into deliveries_list (delivery_id, product_id, quantity) values (?, ?, ?)
11:49:33.755 [Test worker] DEBUG org.hibernate.id.IdentifierGeneratorHelper - Natively generated identity: 178
11:49:33.755 [Test worker] DEBUG org.hibernate.resource.jdbc.internal.ResourceRegistryStandardImpl - HHH000387: ResultSet's statement was not registered
11:49:33.756 [Test worker] DEBUG org.hibernate.engine.transaction.internal.TransactionImpl - committing
11:49:33.756 [Test worker] DEBUG org.hibernate.event.internal.AbstractFlushingEventListener - Processing flush-time cascades
11:49:33.756 [Test worker] DEBUG org.hibernate.event.internal.AbstractFlushingEventListener - Dirty checking collections
11:49:33.756 [Test worker] DEBUG org.hibernate.event.internal.AbstractFlushingEventListener - Flushed: 0 insertions, 0 updates, 0 deletions to 1 objects
11:49:33.756 [Test worker] DEBUG org.hibernate.event.internal.AbstractFlushingEventListener - Flushed: 0 (re)creations, 0 updates, 0 removals to 0 collections
11:49:33.756 [Test worker] DEBUG org.hibernate.internal.util.EntityPrinter - Listing entities:
11:49:33.756 [Test worker] DEBUG org.hibernate.internal.util.EntityPrinter - web_prak.java.classes.Deliveries_list{deliveries_list_id=178, quantity=6, delivery_id=web_prak.java.classes.Deliveries#254, product_id=web_prak.java.classes.Products#424}
11:49:33.769 [Test worker] DEBUG org.hibernate.resource.jdbc.internal.LogicalConnectionManagedImpl - Initiating JDBC connection release from afterTransaction
11:49:33.770 [Test worker] DEBUG org.hibernate.resource.jdbc.internal.LogicalConnectionManagedImpl - Initiating JDBC connection release from afterTransaction
11:49:33.770 [Test worker] DEBUG org.hibernate.SQL - select deliveries0_.deliveries_list_id as deliveri1_2_0_, deliveries0_.delivery_id as delivery3_2_0_, deliveries0_.product_id as product_4_2_0_, deliveries0_.quantity as quantity2_2_0_, deliveries1_.delivery_id as delivery1_1_1_, deliveries1_.client_id as client_i4_1_1_, deliveries1_.date_issue as date_iss2_1_1_, deliveries1_.status as status3_1_1_, clients2_.client_id as client_i1_0_2_, clients2_.address as address2_0_2_, clients2_.client_name as client_n3_0_2_, clients2_.contact as contact4_0_2_, clients2_.email as email5_0_2_, products3_.product_id as product_1_3_3_, products3_.expiration_date_from as expirati2_3_3_, products3_.expiration_date_to as expirati3_3_3_, products3_.measure as measure4_3_3_, products3_.place_id as place_id8_3_3_, products3_.product_name as product_5_3_3_, products3_.quantity as quantity6_3_3_, products3_.type as type7_3_3_, register_p4_.place_id as place_id1_4_4_, register_p4_.free as free2_4_4_, register_p4_.storage_location as storage_3_4_4_ from deliveries_list deliveries0_ left outer join deliveries deliveries1_ on deliveries0_.delivery_id=deliveries1_.delivery_id left outer join clients clients2_ on deliveries1_.client_id=clients2_.client_id left outer join products products3_ on deliveries0_.product_id=products3_.product_id left outer join register_place register_p4_ on products3_.place_id=register_p4_.place_id where deliveries0_.deliveries_list_id=?
Hibernate: select deliveries0_.deliveries_list_id as deliveri1_2_0_, deliveries0_.delivery_id as delivery3_2_0_, deliveries0_.product_id as product_4_2_0_, deliveries0_.quantity as quantity2_2_0_, deliveries1_.delivery_id as delivery1_1_1_, deliveries1_.client_id as client_i4_1_1_, deliveries1_.date_issue as date_iss2_1_1_, deliveries1_.status as status3_1_1_, clients2_.client_id as client_i1_0_2_, clients2_.address as address2_0_2_, clients2_.client_name as client_n3_0_2_, clients2_.contact as contact4_0_2_, clients2_.email as email5_0_2_, products3_.product_id as product_1_3_3_, products3_.expiration_date_from as expirati2_3_3_, products3_.expiration_date_to as expirati3_3_3_, products3_.measure as measure4_3_3_, products3_.place_id as place_id8_3_3_, products3_.product_name as product_5_3_3_, products3_.quantity as quantity6_3_3_, products3_.type as type7_3_3_, register_p4_.place_id as place_id1_4_4_, register_p4_.free as free2_4_4_, register_p4_.storage_location as storage_3_4_4_ from deliveries_list deliveries0_ left outer join deliveries deliveries1_ on deliveries0_.delivery_id=deliveries1_.delivery_id left outer join clients clients2_ on deliveries1_.client_id=clients2_.client_id left outer join products products3_ on deliveries0_.product_id=products3_.product_id left outer join register_place register_p4_ on products3_.place_id=register_p4_.place_id where deliveries0_.deliveries_list_id=?
11:49:33.774 [Test worker] DEBUG org.hibernate.loader.plan.exec.process.internal.EntityReferenceInitializerImpl - On call to EntityIdentifierReaderImpl#resolve, EntityKey was already known; should only happen on root returns with an optional identifier specified
11:49:33.777 [Test worker] DEBUG org.hibernate.engine.internal.TwoPhaseLoad - Resolving attributes for [web_prak.java.classes.Deliveries_list#178]
11:49:33.777 [Test worker] DEBUG org.hibernate.engine.internal.TwoPhaseLoad - Processing attribute `delivery_id` : value = 254
11:49:33.777 [Test worker] DEBUG org.hibernate.engine.internal.TwoPhaseLoad - Attribute (`delivery_id`)  - enhanced for lazy-loading? - false
11:49:33.777 [Test worker] DEBUG org.hibernate.engine.internal.TwoPhaseLoad - Processing attribute `product_id` : value = 424
11:49:33.777 [Test worker] DEBUG org.hibernate.engine.internal.TwoPhaseLoad - Attribute (`product_id`)  - enhanced for lazy-loading? - false
11:49:33.778 [Test worker] DEBUG org.hibernate.engine.internal.TwoPhaseLoad - Processing attribute `quantity` : value = 6
11:49:33.778 [Test worker] DEBUG org.hibernate.engine.internal.TwoPhaseLoad - Attribute (`quantity`)  - enhanced for lazy-loading? - false
11:49:33.778 [Test worker] DEBUG org.hibernate.engine.internal.TwoPhaseLoad - Done materializing entity [web_prak.java.classes.Deliveries_list#178]
11:49:33.778 [Test worker] DEBUG org.hibernate.engine.internal.TwoPhaseLoad - Resolving attributes for [web_prak.java.classes.Deliveries#254]
11:49:33.778 [Test worker] DEBUG org.hibernate.engine.internal.TwoPhaseLoad - Processing attribute `client_id` : value = 403
11:49:33.778 [Test worker] DEBUG org.hibernate.engine.internal.TwoPhaseLoad - Attribute (`client_id`)  - enhanced for lazy-loading? - false
11:49:33.778 [Test worker] DEBUG org.hibernate.engine.internal.TwoPhaseLoad - Processing attribute `date_issue` : value = 2022-02-05
11:49:33.778 [Test worker] DEBUG org.hibernate.engine.internal.TwoPhaseLoad - Attribute (`date_issue`)  - enhanced for lazy-loading? - false
11:49:33.778 [Test worker] DEBUG org.hibernate.engine.internal.TwoPhaseLoad - Processing attribute `status` : value = завершен
11:49:33.778 [Test worker] DEBUG org.hibernate.engine.internal.TwoPhaseLoad - Attribute (`status`)  - enhanced for lazy-loading? - false
11:49:33.778 [Test worker] DEBUG org.hibernate.engine.internal.TwoPhaseLoad - Done materializing entity [web_prak.java.classes.Deliveries#254]
11:49:33.778 [Test worker] DEBUG org.hibernate.engine.internal.TwoPhaseLoad - Resolving attributes for [web_prak.java.classes.Clients#403]
11:49:33.779 [Test worker] DEBUG org.hibernate.engine.internal.TwoPhaseLoad - Processing attribute `address` : value = Ярославское шоссе д26
11:49:33.779 [Test worker] DEBUG org.hibernate.engine.internal.TwoPhaseLoad - Attribute (`address`)  - enhanced for lazy-loading? - false
11:49:33.779 [Test worker] DEBUG org.hibernate.engine.internal.TwoPhaseLoad - Processing attribute `client_name` : value = Иван Иванов
11:49:33.779 [Test worker] DEBUG org.hibernate.engine.internal.TwoPhaseLoad - Attribute (`client_name`)  - enhanced for lazy-loading? - false
11:49:33.779 [Test worker] DEBUG org.hibernate.engine.internal.TwoPhaseLoad - Processing attribute `contact` : value = +7 (976) 130-93-80
11:49:33.779 [Test worker] DEBUG org.hibernate.engine.internal.TwoPhaseLoad - Attribute (`contact`)  - enhanced for lazy-loading? - false
11:49:33.779 [Test worker] DEBUG org.hibernate.engine.internal.TwoPhaseLoad - Processing attribute `email` : value = cromaint0@go.com
11:49:33.779 [Test worker] DEBUG org.hibernate.engine.internal.TwoPhaseLoad - Attribute (`email`)  - enhanced for lazy-loading? - false
11:49:33.779 [Test worker] DEBUG org.hibernate.engine.internal.TwoPhaseLoad - Done materializing entity [web_prak.java.classes.Clients#403]
11:49:33.779 [Test worker] DEBUG org.hibernate.engine.internal.TwoPhaseLoad - Resolving attributes for [web_prak.java.classes.Products#424]
11:49:33.779 [Test worker] DEBUG org.hibernate.engine.internal.TwoPhaseLoad - Processing attribute `expiration_date_from` : value = 2021-08-01
11:49:33.779 [Test worker] DEBUG org.hibernate.engine.internal.TwoPhaseLoad - Attribute (`expiration_date_from`)  - enhanced for lazy-loading? - false
11:49:33.779 [Test worker] DEBUG org.hibernate.engine.internal.TwoPhaseLoad - Processing attribute `expiration_date_to` : value = 2022-08-01
11:49:33.779 [Test worker] DEBUG org.hibernate.engine.internal.TwoPhaseLoad - Attribute (`expiration_date_to`)  - enhanced for lazy-loading? - false
11:49:33.779 [Test worker] DEBUG org.hibernate.engine.internal.TwoPhaseLoad - Processing attribute `measure` : value = штук
11:49:33.779 [Test worker] DEBUG org.hibernate.engine.internal.TwoPhaseLoad - Attribute (`measure`)  - enhanced for lazy-loading? - false
11:49:33.779 [Test worker] DEBUG org.hibernate.engine.internal.TwoPhaseLoad - Processing attribute `place_id` : value = 528
11:49:33.779 [Test worker] DEBUG org.hibernate.engine.internal.TwoPhaseLoad - Attribute (`place_id`)  - enhanced for lazy-loading? - false
11:49:33.780 [Test worker] DEBUG org.hibernate.engine.internal.TwoPhaseLoad - Processing attribute `product_name` : value = Asus Rog Strix
11:49:33.780 [Test worker] DEBUG org.hibernate.engine.internal.TwoPhaseLoad - Attribute (`product_name`)  - enhanced for lazy-loading? - false
11:49:33.780 [Test worker] DEBUG org.hibernate.engine.internal.TwoPhaseLoad - Processing attribute `quantity` : value = 5
11:49:33.780 [Test worker] DEBUG org.hibernate.engine.internal.TwoPhaseLoad - Attribute (`quantity`)  - enhanced for lazy-loading? - false
11:49:33.780 [Test worker] DEBUG org.hibernate.engine.internal.TwoPhaseLoad - Processing attribute `type` : value = Ноутбуки
11:49:33.780 [Test worker] DEBUG org.hibernate.engine.internal.TwoPhaseLoad - Attribute (`type`)  - enhanced for lazy-loading? - false
11:49:33.780 [Test worker] DEBUG org.hibernate.engine.internal.TwoPhaseLoad - Done materializing entity [web_prak.java.classes.Products#424]
11:49:33.780 [Test worker] DEBUG org.hibernate.engine.internal.TwoPhaseLoad - Resolving attributes for [web_prak.java.classes.Register_place#528]
11:49:33.780 [Test worker] DEBUG org.hibernate.engine.internal.TwoPhaseLoad - Processing attribute `free` : value = нет
11:49:33.780 [Test worker] DEBUG org.hibernate.engine.internal.TwoPhaseLoad - Attribute (`free`)  - enhanced for lazy-loading? - false
11:49:33.780 [Test worker] DEBUG org.hibernate.engine.internal.TwoPhaseLoad - Processing attribute `storage_location` : value = 02 10 03
11:49:33.780 [Test worker] DEBUG org.hibernate.engine.internal.TwoPhaseLoad - Attribute (`storage_location`)  - enhanced for lazy-loading? - false
11:49:33.780 [Test worker] DEBUG org.hibernate.engine.internal.TwoPhaseLoad - Done materializing entity [web_prak.java.classes.Register_place#528]
11:49:33.781 [Test worker] DEBUG org.hibernate.loader.entity.plan.AbstractLoadPlanBasedEntityLoader - Done entity load : web_prak.java.classes.Deliveries_list#178
11:49:33.781 [Test worker] DEBUG org.hibernate.resource.jdbc.internal.LogicalConnectionManagedImpl - Initiating JDBC connection release from afterTransaction
11:49:33.782 [Test worker] DEBUG org.hibernate.engine.transaction.internal.TransactionImpl - On TransactionImpl creation, JpaCompliance#isJpaTransactionComplianceEnabled == false
11:49:33.782 [Test worker] DEBUG org.hibernate.engine.transaction.internal.TransactionImpl - begin
11:49:33.782 [Test worker] DEBUG org.hibernate.engine.transaction.internal.TransactionImpl - committing
11:49:33.782 [Test worker] DEBUG org.hibernate.event.internal.AbstractFlushingEventListener - Processing flush-time cascades
11:49:33.782 [Test worker] DEBUG org.hibernate.event.internal.AbstractFlushingEventListener - Dirty checking collections
11:49:33.783 [Test worker] DEBUG org.hibernate.event.internal.AbstractFlushingEventListener - Flushed: 0 insertions, 1 updates, 0 deletions to 1 objects
11:49:33.783 [Test worker] DEBUG org.hibernate.event.internal.AbstractFlushingEventListener - Flushed: 0 (re)creations, 0 updates, 0 removals to 0 collections
11:49:33.783 [Test worker] DEBUG org.hibernate.internal.util.EntityPrinter - Listing entities:
11:49:33.783 [Test worker] DEBUG org.hibernate.internal.util.EntityPrinter - web_prak.java.classes.Deliveries_list{deliveries_list_id=178, quantity=7, delivery_id=web_prak.java.classes.Deliveries#254, product_id=web_prak.java.classes.Products#424}
11:49:33.783 [Test worker] DEBUG org.hibernate.SQL - update deliveries_list set delivery_id=?, product_id=?, quantity=? where deliveries_list_id=?
Hibernate: update deliveries_list set delivery_id=?, product_id=?, quantity=? where deliveries_list_id=?
11:49:33.796 [Test worker] DEBUG org.hibernate.resource.jdbc.internal.LogicalConnectionManagedImpl - Initiating JDBC connection release from afterTransaction
11:49:33.797 [Test worker] DEBUG org.hibernate.resource.jdbc.internal.LogicalConnectionManagedImpl - Initiating JDBC connection release from afterTransaction
11:49:33.797 [Test worker] DEBUG org.hibernate.engine.jdbc.internal.JdbcCoordinatorImpl - HHH000420: Closing un-released batch
11:49:33.797 [Test worker] DEBUG org.hibernate.SQL - select deliveries0_.deliveries_list_id as deliveri1_2_0_, deliveries0_.delivery_id as delivery3_2_0_, deliveries0_.product_id as product_4_2_0_, deliveries0_.quantity as quantity2_2_0_, deliveries1_.delivery_id as delivery1_1_1_, deliveries1_.client_id as client_i4_1_1_, deliveries1_.date_issue as date_iss2_1_1_, deliveries1_.status as status3_1_1_, clients2_.client_id as client_i1_0_2_, clients2_.address as address2_0_2_, clients2_.client_name as client_n3_0_2_, clients2_.contact as contact4_0_2_, clients2_.email as email5_0_2_, products3_.product_id as product_1_3_3_, products3_.expiration_date_from as expirati2_3_3_, products3_.expiration_date_to as expirati3_3_3_, products3_.measure as measure4_3_3_, products3_.place_id as place_id8_3_3_, products3_.product_name as product_5_3_3_, products3_.quantity as quantity6_3_3_, products3_.type as type7_3_3_, register_p4_.place_id as place_id1_4_4_, register_p4_.free as free2_4_4_, register_p4_.storage_location as storage_3_4_4_ from deliveries_list deliveries0_ left outer join deliveries deliveries1_ on deliveries0_.delivery_id=deliveries1_.delivery_id left outer join clients clients2_ on deliveries1_.client_id=clients2_.client_id left outer join products products3_ on deliveries0_.product_id=products3_.product_id left outer join register_place register_p4_ on products3_.place_id=register_p4_.place_id where deliveries0_.deliveries_list_id=?
Hibernate: select deliveries0_.deliveries_list_id as deliveri1_2_0_, deliveries0_.delivery_id as delivery3_2_0_, deliveries0_.product_id as product_4_2_0_, deliveries0_.quantity as quantity2_2_0_, deliveries1_.delivery_id as delivery1_1_1_, deliveries1_.client_id as client_i4_1_1_, deliveries1_.date_issue as date_iss2_1_1_, deliveries1_.status as status3_1_1_, clients2_.client_id as client_i1_0_2_, clients2_.address as address2_0_2_, clients2_.client_name as client_n3_0_2_, clients2_.contact as contact4_0_2_, clients2_.email as email5_0_2_, products3_.product_id as product_1_3_3_, products3_.expiration_date_from as expirati2_3_3_, products3_.expiration_date_to as expirati3_3_3_, products3_.measure as measure4_3_3_, products3_.place_id as place_id8_3_3_, products3_.product_name as product_5_3_3_, products3_.quantity as quantity6_3_3_, products3_.type as type7_3_3_, register_p4_.place_id as place_id1_4_4_, register_p4_.free as free2_4_4_, register_p4_.storage_location as storage_3_4_4_ from deliveries_list deliveries0_ left outer join deliveries deliveries1_ on deliveries0_.delivery_id=deliveries1_.delivery_id left outer join clients clients2_ on deliveries1_.client_id=clients2_.client_id left outer join products products3_ on deliveries0_.product_id=products3_.product_id left outer join register_place register_p4_ on products3_.place_id=register_p4_.place_id where deliveries0_.deliveries_list_id=?
11:49:33.801 [Test worker] DEBUG org.hibernate.loader.plan.exec.process.internal.EntityReferenceInitializerImpl - On call to EntityIdentifierReaderImpl#resolve, EntityKey was already known; should only happen on root returns with an optional identifier specified
11:49:33.802 [Test worker] DEBUG org.hibernate.engine.internal.TwoPhaseLoad - Resolving attributes for [web_prak.java.classes.Deliveries_list#178]
11:49:33.802 [Test worker] DEBUG org.hibernate.engine.internal.TwoPhaseLoad - Processing attribute `delivery_id` : value = 254
11:49:33.802 [Test worker] DEBUG org.hibernate.engine.internal.TwoPhaseLoad - Attribute (`delivery_id`)  - enhanced for lazy-loading? - false
11:49:33.802 [Test worker] DEBUG org.hibernate.engine.internal.TwoPhaseLoad - Processing attribute `product_id` : value = 424
11:49:33.803 [Test worker] DEBUG org.hibernate.engine.internal.TwoPhaseLoad - Attribute (`product_id`)  - enhanced for lazy-loading? - false
11:49:33.803 [Test worker] DEBUG org.hibernate.engine.internal.TwoPhaseLoad - Processing attribute `quantity` : value = 7
11:49:33.803 [Test worker] DEBUG org.hibernate.engine.internal.TwoPhaseLoad - Attribute (`quantity`)  - enhanced for lazy-loading? - false
11:49:33.803 [Test worker] DEBUG org.hibernate.engine.internal.TwoPhaseLoad - Done materializing entity [web_prak.java.classes.Deliveries_list#178]
11:49:33.803 [Test worker] DEBUG org.hibernate.engine.internal.TwoPhaseLoad - Resolving attributes for [web_prak.java.classes.Deliveries#254]
11:49:33.803 [Test worker] DEBUG org.hibernate.engine.internal.TwoPhaseLoad - Processing attribute `client_id` : value = 403
11:49:33.803 [Test worker] DEBUG org.hibernate.engine.internal.TwoPhaseLoad - Attribute (`client_id`)  - enhanced for lazy-loading? - false
11:49:33.803 [Test worker] DEBUG org.hibernate.engine.internal.TwoPhaseLoad - Processing attribute `date_issue` : value = 2022-02-05
11:49:33.803 [Test worker] DEBUG org.hibernate.engine.internal.TwoPhaseLoad - Attribute (`date_issue`)  - enhanced for lazy-loading? - false
11:49:33.803 [Test worker] DEBUG org.hibernate.engine.internal.TwoPhaseLoad - Processing attribute `status` : value = завершен
11:49:33.803 [Test worker] DEBUG org.hibernate.engine.internal.TwoPhaseLoad - Attribute (`status`)  - enhanced for lazy-loading? - false
11:49:33.803 [Test worker] DEBUG org.hibernate.engine.internal.TwoPhaseLoad - Done materializing entity [web_prak.java.classes.Deliveries#254]
11:49:33.803 [Test worker] DEBUG org.hibernate.engine.internal.TwoPhaseLoad - Resolving attributes for [web_prak.java.classes.Clients#403]
11:49:33.803 [Test worker] DEBUG org.hibernate.engine.internal.TwoPhaseLoad - Processing attribute `address` : value = Ярославское шоссе д26
11:49:33.803 [Test worker] DEBUG org.hibernate.engine.internal.TwoPhaseLoad - Attribute (`address`)  - enhanced for lazy-loading? - false
11:49:33.803 [Test worker] DEBUG org.hibernate.engine.internal.TwoPhaseLoad - Processing attribute `client_name` : value = Иван Иванов
11:49:33.803 [Test worker] DEBUG org.hibernate.engine.internal.TwoPhaseLoad - Attribute (`client_name`)  - enhanced for lazy-loading? - false
11:49:33.803 [Test worker] DEBUG org.hibernate.engine.internal.TwoPhaseLoad - Processing attribute `contact` : value = +7 (976) 130-93-80
11:49:33.803 [Test worker] DEBUG org.hibernate.engine.internal.TwoPhaseLoad - Attribute (`contact`)  - enhanced for lazy-loading? - false
11:49:33.803 [Test worker] DEBUG org.hibernate.engine.internal.TwoPhaseLoad - Processing attribute `email` : value = cromaint0@go.com
11:49:33.803 [Test worker] DEBUG org.hibernate.engine.internal.TwoPhaseLoad - Attribute (`email`)  - enhanced for lazy-loading? - false
11:49:33.803 [Test worker] DEBUG org.hibernate.engine.internal.TwoPhaseLoad - Done materializing entity [web_prak.java.classes.Clients#403]
11:49:33.804 [Test worker] DEBUG org.hibernate.engine.internal.TwoPhaseLoad - Resolving attributes for [web_prak.java.classes.Products#424]
11:49:33.804 [Test worker] DEBUG org.hibernate.engine.internal.TwoPhaseLoad - Processing attribute `expiration_date_from` : value = 2021-08-01
11:49:33.804 [Test worker] DEBUG org.hibernate.engine.internal.TwoPhaseLoad - Attribute (`expiration_date_from`)  - enhanced for lazy-loading? - false
11:49:33.804 [Test worker] DEBUG org.hibernate.engine.internal.TwoPhaseLoad - Processing attribute `expiration_date_to` : value = 2022-08-01
11:49:33.804 [Test worker] DEBUG org.hibernate.engine.internal.TwoPhaseLoad - Attribute (`expiration_date_to`)  - enhanced for lazy-loading? - false
11:49:33.804 [Test worker] DEBUG org.hibernate.engine.internal.TwoPhaseLoad - Processing attribute `measure` : value = штук
11:49:33.804 [Test worker] DEBUG org.hibernate.engine.internal.TwoPhaseLoad - Attribute (`measure`)  - enhanced for lazy-loading? - false
11:49:33.804 [Test worker] DEBUG org.hibernate.engine.internal.TwoPhaseLoad - Processing attribute `place_id` : value = 528
11:49:33.804 [Test worker] DEBUG org.hibernate.engine.internal.TwoPhaseLoad - Attribute (`place_id`)  - enhanced for lazy-loading? - false
11:49:33.804 [Test worker] DEBUG org.hibernate.engine.internal.TwoPhaseLoad - Processing attribute `product_name` : value = Asus Rog Strix
11:49:33.804 [Test worker] DEBUG org.hibernate.engine.internal.TwoPhaseLoad - Attribute (`product_name`)  - enhanced for lazy-loading? - false
11:49:33.804 [Test worker] DEBUG org.hibernate.engine.internal.TwoPhaseLoad - Processing attribute `quantity` : value = 5
11:49:33.804 [Test worker] DEBUG org.hibernate.engine.internal.TwoPhaseLoad - Attribute (`quantity`)  - enhanced for lazy-loading? - false
11:49:33.804 [Test worker] DEBUG org.hibernate.engine.internal.TwoPhaseLoad - Processing attribute `type` : value = Ноутбуки
11:49:33.804 [Test worker] DEBUG org.hibernate.engine.internal.TwoPhaseLoad - Attribute (`type`)  - enhanced for lazy-loading? - false
11:49:33.804 [Test worker] DEBUG org.hibernate.engine.internal.TwoPhaseLoad - Done materializing entity [web_prak.java.classes.Products#424]
11:49:33.804 [Test worker] DEBUG org.hibernate.engine.internal.TwoPhaseLoad - Resolving attributes for [web_prak.java.classes.Register_place#528]
11:49:33.804 [Test worker] DEBUG org.hibernate.engine.internal.TwoPhaseLoad - Processing attribute `free` : value = нет
11:49:33.804 [Test worker] DEBUG org.hibernate.engine.internal.TwoPhaseLoad - Attribute (`free`)  - enhanced for lazy-loading? - false
11:49:33.804 [Test worker] DEBUG org.hibernate.engine.internal.TwoPhaseLoad - Processing attribute `storage_location` : value = 02 10 03
11:49:33.804 [Test worker] DEBUG org.hibernate.engine.internal.TwoPhaseLoad - Attribute (`storage_location`)  - enhanced for lazy-loading? - false
11:49:33.804 [Test worker] DEBUG org.hibernate.engine.internal.TwoPhaseLoad - Done materializing entity [web_prak.java.classes.Register_place#528]
11:49:33.805 [Test worker] DEBUG org.hibernate.loader.entity.plan.AbstractLoadPlanBasedEntityLoader - Done entity load : web_prak.java.classes.Deliveries_list#178
11:49:33.805 [Test worker] DEBUG org.hibernate.resource.jdbc.internal.LogicalConnectionManagedImpl - Initiating JDBC connection release from afterTransaction
11:49:33.806 [Test worker] DEBUG org.hibernate.engine.transaction.internal.TransactionImpl - On TransactionImpl creation, JpaCompliance#isJpaTransactionComplianceEnabled == false
11:49:33.806 [Test worker] DEBUG org.hibernate.engine.transaction.internal.TransactionImpl - begin
11:49:33.806 [Test worker] DEBUG org.hibernate.engine.transaction.internal.TransactionImpl - committing
11:49:33.806 [Test worker] DEBUG org.hibernate.event.internal.AbstractFlushingEventListener - Processing flush-time cascades
11:49:33.806 [Test worker] DEBUG org.hibernate.event.internal.AbstractFlushingEventListener - Dirty checking collections
11:49:33.806 [Test worker] DEBUG org.hibernate.event.internal.AbstractFlushingEventListener - Flushed: 0 insertions, 0 updates, 1 deletions to 1 objects
11:49:33.806 [Test worker] DEBUG org.hibernate.event.internal.AbstractFlushingEventListener - Flushed: 0 (re)creations, 0 updates, 0 removals to 0 collections
11:49:33.806 [Test worker] DEBUG org.hibernate.internal.util.EntityPrinter - Listing entities:
11:49:33.806 [Test worker] DEBUG org.hibernate.internal.util.EntityPrinter - web_prak.java.classes.Deliveries_list{deliveries_list_id=178, quantity=7, delivery_id=web_prak.java.classes.Deliveries#254, product_id=web_prak.java.classes.Products#424}
11:49:33.806 [Test worker] DEBUG org.hibernate.SQL - delete from deliveries_list where deliveries_list_id=?
Hibernate: delete from deliveries_list where deliveries_list_id=?
11:49:33.824 [Test worker] DEBUG org.hibernate.resource.jdbc.internal.LogicalConnectionManagedImpl - Initiating JDBC connection release from afterTransaction
11:49:33.824 [Test worker] DEBUG org.hibernate.resource.jdbc.internal.LogicalConnectionManagedImpl - Initiating JDBC connection release from afterTransaction
11:49:33.824 [Test worker] DEBUG org.hibernate.engine.jdbc.internal.JdbcCoordinatorImpl - HHH000420: Closing un-released batch
11:49:33.824 [Test worker] DEBUG org.hibernate.engine.transaction.internal.TransactionImpl - On TransactionImpl creation, JpaCompliance#isJpaTransactionComplianceEnabled == false
11:49:33.824 [Test worker] DEBUG org.hibernate.engine.transaction.internal.TransactionImpl - begin
11:49:33.824 [Test worker] DEBUG org.hibernate.engine.transaction.internal.TransactionImpl - committing
11:49:33.824 [Test worker] DEBUG org.hibernate.event.internal.AbstractFlushingEventListener - Processing flush-time cascades
11:49:33.824 [Test worker] DEBUG org.hibernate.event.internal.AbstractFlushingEventListener - Dirty checking collections
11:49:33.824 [Test worker] DEBUG org.hibernate.event.internal.AbstractFlushingEventListener - Flushed: 0 insertions, 0 updates, 1 deletions to 1 objects
11:49:33.825 [Test worker] DEBUG org.hibernate.event.internal.AbstractFlushingEventListener - Flushed: 0 (re)creations, 0 updates, 0 removals to 0 collections
11:49:33.825 [Test worker] DEBUG org.hibernate.internal.util.EntityPrinter - Listing entities:
11:49:33.825 [Test worker] DEBUG org.hibernate.internal.util.EntityPrinter - web_prak.java.classes.Products{measure=штук, quantity=5, expiration_date_to=2022-08-01, product_id=424, expiration_date_from=2021-08-01, type=Ноутбуки, product_name=Asus Rog Strix, place_id=web_prak.java.classes.Register_place#528}
11:49:33.825 [Test worker] DEBUG org.hibernate.SQL - delete from products where product_id=?
Hibernate: delete from products where product_id=?
11:49:33.841 [Test worker] DEBUG org.hibernate.resource.jdbc.internal.LogicalConnectionManagedImpl - Initiating JDBC connection release from afterTransaction
11:49:33.841 [Test worker] DEBUG org.hibernate.resource.jdbc.internal.LogicalConnectionManagedImpl - Initiating JDBC connection release from afterTransaction
11:49:33.841 [Test worker] DEBUG org.hibernate.engine.jdbc.internal.JdbcCoordinatorImpl - HHH000420: Closing un-released batch
11:49:33.841 [Test worker] DEBUG org.hibernate.engine.transaction.internal.TransactionImpl - On TransactionImpl creation, JpaCompliance#isJpaTransactionComplianceEnabled == false
11:49:33.841 [Test worker] DEBUG org.hibernate.engine.transaction.internal.TransactionImpl - begin
11:49:33.841 [Test worker] DEBUG org.hibernate.engine.transaction.internal.TransactionImpl - committing
11:49:33.841 [Test worker] DEBUG org.hibernate.event.internal.AbstractFlushingEventListener - Processing flush-time cascades
11:49:33.841 [Test worker] DEBUG org.hibernate.event.internal.AbstractFlushingEventListener - Dirty checking collections
11:49:33.841 [Test worker] DEBUG org.hibernate.event.internal.AbstractFlushingEventListener - Flushed: 0 insertions, 0 updates, 1 deletions to 1 objects
11:49:33.842 [Test worker] DEBUG org.hibernate.event.internal.AbstractFlushingEventListener - Flushed: 0 (re)creations, 0 updates, 0 removals to 0 collections
11:49:33.842 [Test worker] DEBUG org.hibernate.internal.util.EntityPrinter - Listing entities:
11:49:33.842 [Test worker] DEBUG org.hibernate.internal.util.EntityPrinter - web_prak.java.classes.Register_place{storage_location=02 10 03, free=нет, place_id=528}
11:49:33.842 [Test worker] DEBUG org.hibernate.SQL - delete from register_place where place_id=?
Hibernate: delete from register_place where place_id=?
11:49:33.858 [Test worker] DEBUG org.hibernate.resource.jdbc.internal.LogicalConnectionManagedImpl - Initiating JDBC connection release from afterTransaction
11:49:33.858 [Test worker] DEBUG org.hibernate.resource.jdbc.internal.LogicalConnectionManagedImpl - Initiating JDBC connection release from afterTransaction
11:49:33.858 [Test worker] DEBUG org.hibernate.engine.jdbc.internal.JdbcCoordinatorImpl - HHH000420: Closing un-released batch
11:49:33.858 [Test worker] DEBUG org.hibernate.engine.transaction.internal.TransactionImpl - On TransactionImpl creation, JpaCompliance#isJpaTransactionComplianceEnabled == false
11:49:33.858 [Test worker] DEBUG org.hibernate.engine.transaction.internal.TransactionImpl - begin
11:49:33.858 [Test worker] DEBUG org.hibernate.engine.transaction.internal.TransactionImpl - committing
11:49:33.858 [Test worker] DEBUG org.hibernate.event.internal.AbstractFlushingEventListener - Processing flush-time cascades
11:49:33.858 [Test worker] DEBUG org.hibernate.event.internal.AbstractFlushingEventListener - Dirty checking collections
11:49:33.858 [Test worker] DEBUG org.hibernate.event.internal.AbstractFlushingEventListener - Flushed: 0 insertions, 0 updates, 1 deletions to 1 objects
11:49:33.858 [Test worker] DEBUG org.hibernate.event.internal.AbstractFlushingEventListener - Flushed: 0 (re)creations, 0 updates, 0 removals to 0 collections
11:49:33.858 [Test worker] DEBUG org.hibernate.internal.util.EntityPrinter - Listing entities:
11:49:33.858 [Test worker] DEBUG org.hibernate.internal.util.EntityPrinter - web_prak.java.classes.Deliveries{delivery_id=254, client_id=web_prak.java.classes.Clients#403, date_issue=2022-02-05, status=завершен}
11:49:33.858 [Test worker] DEBUG org.hibernate.SQL - delete from deliveries where delivery_id=?
Hibernate: delete from deliveries where delivery_id=?
11:49:33.877 [Test worker] DEBUG org.hibernate.resource.jdbc.internal.LogicalConnectionManagedImpl - Initiating JDBC connection release from afterTransaction
11:49:33.877 [Test worker] DEBUG org.hibernate.resource.jdbc.internal.LogicalConnectionManagedImpl - Initiating JDBC connection release from afterTransaction
11:49:33.877 [Test worker] DEBUG org.hibernate.engine.jdbc.internal.JdbcCoordinatorImpl - HHH000420: Closing un-released batch
11:49:33.877 [Test worker] DEBUG org.hibernate.engine.transaction.internal.TransactionImpl - On TransactionImpl creation, JpaCompliance#isJpaTransactionComplianceEnabled == false
11:49:33.878 [Test worker] DEBUG org.hibernate.engine.transaction.internal.TransactionImpl - begin
11:49:33.878 [Test worker] DEBUG org.hibernate.engine.transaction.internal.TransactionImpl - committing
11:49:33.878 [Test worker] DEBUG org.hibernate.event.internal.AbstractFlushingEventListener - Processing flush-time cascades
11:49:33.878 [Test worker] DEBUG org.hibernate.event.internal.AbstractFlushingEventListener - Dirty checking collections
11:49:33.878 [Test worker] DEBUG org.hibernate.event.internal.AbstractFlushingEventListener - Flushed: 0 insertions, 0 updates, 1 deletions to 1 objects
11:49:33.878 [Test worker] DEBUG org.hibernate.event.internal.AbstractFlushingEventListener - Flushed: 0 (re)creations, 0 updates, 0 removals to 0 collections
11:49:33.878 [Test worker] DEBUG org.hibernate.internal.util.EntityPrinter - Listing entities:
11:49:33.878 [Test worker] DEBUG org.hibernate.internal.util.EntityPrinter - web_prak.java.classes.Clients{address=Ярославское шоссе д26, contact=+7 (976) 130-93-80, client_name=Иван Иванов, client_id=403, email=cromaint0@go.com}
11:49:33.878 [Test worker] DEBUG org.hibernate.SQL - delete from clients where client_id=?
Hibernate: delete from clients where client_id=?
11:49:33.894 [Test worker] DEBUG org.hibernate.resource.jdbc.internal.LogicalConnectionManagedImpl - Initiating JDBC connection release from afterTransaction
11:49:33.894 [Test worker] DEBUG org.hibernate.resource.jdbc.internal.LogicalConnectionManagedImpl - Initiating JDBC connection release from afterTransaction
11:49:33.894 [Test worker] DEBUG org.hibernate.engine.jdbc.internal.JdbcCoordinatorImpl - HHH000420: Closing un-released batch
11:49:33.894 [Test worker] DEBUG org.hibernate.SQL - select deliveries0_.deliveries_list_id as deliveri1_2_0_, deliveries0_.delivery_id as delivery3_2_0_, deliveries0_.product_id as product_4_2_0_, deliveries0_.quantity as quantity2_2_0_, deliveries1_.delivery_id as delivery1_1_1_, deliveries1_.client_id as client_i4_1_1_, deliveries1_.date_issue as date_iss2_1_1_, deliveries1_.status as status3_1_1_, clients2_.client_id as client_i1_0_2_, clients2_.address as address2_0_2_, clients2_.client_name as client_n3_0_2_, clients2_.contact as contact4_0_2_, clients2_.email as email5_0_2_, products3_.product_id as product_1_3_3_, products3_.expiration_date_from as expirati2_3_3_, products3_.expiration_date_to as expirati3_3_3_, products3_.measure as measure4_3_3_, products3_.place_id as place_id8_3_3_, products3_.product_name as product_5_3_3_, products3_.quantity as quantity6_3_3_, products3_.type as type7_3_3_, register_p4_.place_id as place_id1_4_4_, register_p4_.free as free2_4_4_, register_p4_.storage_location as storage_3_4_4_ from deliveries_list deliveries0_ left outer join deliveries deliveries1_ on deliveries0_.delivery_id=deliveries1_.delivery_id left outer join clients clients2_ on deliveries1_.client_id=clients2_.client_id left outer join products products3_ on deliveries0_.product_id=products3_.product_id left outer join register_place register_p4_ on products3_.place_id=register_p4_.place_id where deliveries0_.deliveries_list_id=?
Hibernate: select deliveries0_.deliveries_list_id as deliveri1_2_0_, deliveries0_.delivery_id as delivery3_2_0_, deliveries0_.product_id as product_4_2_0_, deliveries0_.quantity as quantity2_2_0_, deliveries1_.delivery_id as delivery1_1_1_, deliveries1_.client_id as client_i4_1_1_, deliveries1_.date_issue as date_iss2_1_1_, deliveries1_.status as status3_1_1_, clients2_.client_id as client_i1_0_2_, clients2_.address as address2_0_2_, clients2_.client_name as client_n3_0_2_, clients2_.contact as contact4_0_2_, clients2_.email as email5_0_2_, products3_.product_id as product_1_3_3_, products3_.expiration_date_from as expirati2_3_3_, products3_.expiration_date_to as expirati3_3_3_, products3_.measure as measure4_3_3_, products3_.place_id as place_id8_3_3_, products3_.product_name as product_5_3_3_, products3_.quantity as quantity6_3_3_, products3_.type as type7_3_3_, register_p4_.place_id as place_id1_4_4_, register_p4_.free as free2_4_4_, register_p4_.storage_location as storage_3_4_4_ from deliveries_list deliveries0_ left outer join deliveries deliveries1_ on deliveries0_.delivery_id=deliveries1_.delivery_id left outer join clients clients2_ on deliveries1_.client_id=clients2_.client_id left outer join products products3_ on deliveries0_.product_id=products3_.product_id left outer join register_place register_p4_ on products3_.place_id=register_p4_.place_id where deliveries0_.deliveries_list_id=?
11:49:33.895 [Test worker] DEBUG org.hibernate.loader.entity.plan.AbstractLoadPlanBasedEntityLoader - Done entity load : web_prak.java.classes.Deliveries_list#178
11:49:33.895 [Test worker] DEBUG org.hibernate.resource.jdbc.internal.LogicalConnectionManagedImpl - Initiating JDBC connection release from afterTransaction
]]></system-out>
  <system-err><![CDATA[]]></system-err>
</testsuite>
