<?xml version="1.0" encoding="UTF-8"?>
<testsuite name="systemTests.SeleniumTests" tests="1" skipped="0" failures="0" errors="0" timestamp="2022-05-04T01:45:57" hostname="bekzat-Lenovo-Legion-Y530-15ICH" time="5.383">
  <properties/>
  <testcase name="supplyAddEditDeleteTest" classname="systemTests.SeleniumTests" time="5.383"/>
  <system-out><![CDATA[04:45:47.534 [Test worker] DEBUG io.netty.util.internal.logging.InternalLoggerFactory - Using SLF4J as the default logging framework
04:45:47.536 [Test worker] DEBUG io.netty.util.ResourceLeakDetector - -Dio.netty.leakDetection.level: simple
04:45:47.536 [Test worker] DEBUG io.netty.util.ResourceLeakDetector - -Dio.netty.leakDetection.targetRecords: 4
04:45:47.539 [Test worker] DEBUG io.netty.util.ResourceLeakDetectorFactory - Loaded default ResourceLeakDetector: io.netty.util.ResourceLeakDetector@332796d3
04:45:47.550 [Test worker] DEBUG io.netty.util.internal.PlatformDependent0 - -Dio.netty.noUnsafe: false
04:45:47.551 [Test worker] DEBUG io.netty.util.internal.PlatformDependent0 - Java version: 17
04:45:47.552 [Test worker] DEBUG io.netty.util.internal.PlatformDependent0 - sun.misc.Unsafe.theUnsafe: available
04:45:47.552 [Test worker] DEBUG io.netty.util.internal.PlatformDependent0 - sun.misc.Unsafe.copyMemory: available
04:45:47.553 [Test worker] DEBUG io.netty.util.internal.PlatformDependent0 - java.nio.Buffer.address: available
04:45:47.553 [Test worker] DEBUG io.netty.util.internal.PlatformDependent0 - direct buffer constructor: unavailable: Reflective setAccessible(true) disabled
04:45:47.554 [Test worker] DEBUG io.netty.util.internal.PlatformDependent0 - java.nio.Bits.unaligned: available, true
04:45:47.555 [Test worker] DEBUG io.netty.util.internal.PlatformDependent0 - jdk.internal.misc.Unsafe.allocateUninitializedArray(int): unavailable: class io.netty.util.internal.PlatformDependent0$6 cannot access class jdk.internal.misc.Unsafe (in module java.base) because module java.base does not export jdk.internal.misc to unnamed module @51f116b8
04:45:47.556 [Test worker] DEBUG io.netty.util.internal.PlatformDependent0 - java.nio.DirectByteBuffer.<init>(long, int): unavailable
04:45:47.556 [Test worker] DEBUG io.netty.util.internal.PlatformDependent - sun.misc.Unsafe: available
04:45:47.566 [Test worker] DEBUG io.netty.util.internal.PlatformDependent - maxDirectMemory: 536870912 bytes (maybe)
04:45:47.567 [Test worker] DEBUG io.netty.util.internal.PlatformDependent - -Dio.netty.tmpdir: /tmp (java.io.tmpdir)
04:45:47.567 [Test worker] DEBUG io.netty.util.internal.PlatformDependent - -Dio.netty.bitMode: 64 (sun.arch.data.model)
04:45:47.568 [Test worker] DEBUG io.netty.util.internal.PlatformDependent - -Dio.netty.maxDirectMemory: -1 bytes
04:45:47.569 [Test worker] DEBUG io.netty.util.internal.PlatformDependent - -Dio.netty.uninitializedArrayAllocationThreshold: -1
04:45:47.570 [Test worker] DEBUG io.netty.util.internal.CleanerJava9 - java.nio.ByteBuffer.cleaner(): available
04:45:47.570 [Test worker] DEBUG io.netty.util.internal.PlatformDependent - -Dio.netty.noPreferDirect: false
04:45:47.578 [Test worker] DEBUG io.netty.util.internal.PlatformDependent - org.jctools-core.MpscChunkedArrayQueue: available
04:45:47.591 [Test worker] DEBUG io.netty.util.internal.InternalThreadLocalMap - -Dio.netty.threadLocalMap.stringBuilder.initialSize: 1024
04:45:47.592 [Test worker] DEBUG io.netty.util.internal.InternalThreadLocalMap - -Dio.netty.threadLocalMap.stringBuilder.maxSize: 4096
04:45:47.696 [Test worker] DEBUG io.netty.handler.ssl.JdkSslContext - Default protocols (JDK): [TLSv1.3, TLSv1.2] 
04:45:47.697 [Test worker] DEBUG io.netty.handler.ssl.JdkSslContext - Default cipher suites (JDK): [TLS_ECDHE_ECDSA_WITH_AES_256_GCM_SHA384, TLS_ECDHE_ECDSA_WITH_AES_128_GCM_SHA256, TLS_ECDHE_RSA_WITH_AES_128_GCM_SHA256, TLS_ECDHE_RSA_WITH_AES_256_GCM_SHA384, TLS_ECDHE_RSA_WITH_AES_128_CBC_SHA, TLS_ECDHE_RSA_WITH_AES_256_CBC_SHA, TLS_RSA_WITH_AES_128_GCM_SHA256, TLS_RSA_WITH_AES_128_CBC_SHA, TLS_RSA_WITH_AES_256_CBC_SHA, TLS_AES_128_GCM_SHA256, TLS_AES_256_GCM_SHA384]
04:45:47.712 [Test worker] DEBUG io.netty.channel.MultithreadEventLoopGroup - -Dio.netty.eventLoopThreads: 24
04:45:47.717 [Test worker] DEBUG io.netty.channel.nio.NioEventLoop - -Dio.netty.noKeySetOptimization: false
04:45:47.718 [Test worker] DEBUG io.netty.channel.nio.NioEventLoop - -Dio.netty.selectorAutoRebuildThreshold: 512
04:45:47.732 [Test worker] DEBUG io.netty.buffer.PooledByteBufAllocator - -Dio.netty.allocator.numHeapArenas: 5
04:45:47.732 [Test worker] DEBUG io.netty.buffer.PooledByteBufAllocator - -Dio.netty.allocator.numDirectArenas: 5
04:45:47.732 [Test worker] DEBUG io.netty.buffer.PooledByteBufAllocator - -Dio.netty.allocator.pageSize: 8192
04:45:47.732 [Test worker] DEBUG io.netty.buffer.PooledByteBufAllocator - -Dio.netty.allocator.maxOrder: 11
04:45:47.732 [Test worker] DEBUG io.netty.buffer.PooledByteBufAllocator - -Dio.netty.allocator.chunkSize: 16777216
04:45:47.732 [Test worker] DEBUG io.netty.buffer.PooledByteBufAllocator - -Dio.netty.allocator.smallCacheSize: 256
04:45:47.732 [Test worker] DEBUG io.netty.buffer.PooledByteBufAllocator - -Dio.netty.allocator.normalCacheSize: 64
04:45:47.732 [Test worker] DEBUG io.netty.buffer.PooledByteBufAllocator - -Dio.netty.allocator.maxCachedBufferCapacity: 32768
04:45:47.733 [Test worker] DEBUG io.netty.buffer.PooledByteBufAllocator - -Dio.netty.allocator.cacheTrimInterval: 8192
04:45:47.733 [Test worker] DEBUG io.netty.buffer.PooledByteBufAllocator - -Dio.netty.allocator.cacheTrimIntervalMillis: 0
04:45:47.733 [Test worker] DEBUG io.netty.buffer.PooledByteBufAllocator - -Dio.netty.allocator.useCacheForAllThreads: true
04:45:47.733 [Test worker] DEBUG io.netty.buffer.PooledByteBufAllocator - -Dio.netty.allocator.maxCachedByteBuffersPerChunk: 1023
04:45:47.738 [Test worker] DEBUG io.netty.buffer.ByteBufUtil - -Dio.netty.allocator.type: pooled
04:45:47.738 [Test worker] DEBUG io.netty.buffer.ByteBufUtil - -Dio.netty.threadLocalDirectBufferSize: 0
04:45:47.739 [Test worker] DEBUG io.netty.buffer.ByteBufUtil - -Dio.netty.maxThreadLocalCharBufferSize: 16384
04:45:47.878 [Forwarding newSession on session null to remote] DEBUG io.netty.channel.DefaultChannelId - -Dio.netty.processId: 20381 (auto-detected)
04:45:47.879 [Forwarding newSession on session null to remote] DEBUG io.netty.util.NetUtil - -Djava.net.preferIPv4Stack: false
04:45:47.879 [Forwarding newSession on session null to remote] DEBUG io.netty.util.NetUtil - -Djava.net.preferIPv6Addresses: false
04:45:47.880 [Forwarding newSession on session null to remote] DEBUG io.netty.util.NetUtilInitializations - Loopback interface: lo (lo, 0:0:0:0:0:0:0:1%lo)
04:45:47.881 [Forwarding newSession on session null to remote] DEBUG io.netty.util.NetUtil - /proc/sys/net/core/somaxconn: 4096
04:45:47.881 [Forwarding newSession on session null to remote] DEBUG io.netty.channel.DefaultChannelId - -Dio.netty.machineId: 3c:91:80:ff:fe:28:8a:ad (auto-detected)
04:45:47.905 [AsyncHttpClient-1-2] DEBUG io.netty.buffer.AbstractByteBuf - -Dio.netty.buffer.checkAccessible: true
04:45:47.905 [AsyncHttpClient-1-2] DEBUG io.netty.buffer.AbstractByteBuf - -Dio.netty.buffer.checkBounds: true
04:45:47.905 [AsyncHttpClient-1-2] DEBUG io.netty.util.ResourceLeakDetectorFactory - Loaded default ResourceLeakDetector: io.netty.util.ResourceLeakDetector@61a0be97
04:45:47.912 [AsyncHttpClient-1-2] DEBUG org.asynchttpclient.netty.channel.NettyConnectListener - Using new Channel '[id: 0x5d12a496, L:/127.0.0.1:52708 - R:localhost/127.0.0.1:39796]' for 'POST' to '/session'
04:45:47.920 [AsyncHttpClient-1-2] DEBUG io.netty.util.Recycler - -Dio.netty.recycler.maxCapacityPerThread: 4096
04:45:47.920 [AsyncHttpClient-1-2] DEBUG io.netty.util.Recycler - -Dio.netty.recycler.ratio: 8
04:45:47.920 [AsyncHttpClient-1-2] DEBUG io.netty.util.Recycler - -Dio.netty.recycler.chunkSize: 32
04:45:47.921 [AsyncHttpClient-1-2] DEBUG io.netty.util.Recycler - -Dio.netty.recycler.blocking: false
04:45:57.304 [AsyncHttpClient-1-2] DEBUG io.netty.handler.codec.compression.Brotli - brotli4j not in the classpath; Brotli support will be unavailable.
04:45:57.304 [AsyncHttpClient-1-2] DEBUG org.asynchttpclient.netty.handler.HttpHandler - 

Request DefaultHttpRequest(decodeResult: success, version: HTTP/1.1)
POST /session HTTP/1.1
User-Agent: selenium/4.1.3 (java unix)
Content-Length: 381
Content-Type: application/json; charset=utf-8
host: localhost:39796
accept: */*

Response DefaultHttpResponse(decodeResult: success, version: HTTP/1.1)
HTTP/1.1 200 OK
content-type: application/json; charset=utf-8
cache-control: no-cache
date: Wed, 04 May 2022 01:45:47 GMT
content-length: 737

04:45:57.308 [AsyncHttpClient-1-2] DEBUG org.asynchttpclient.netty.channel.ChannelManager - Adding key: http://localhost:39796 for channel [id: 0x5d12a496, L:/127.0.0.1:52708 - R:localhost/127.0.0.1:39796]
04:45:57.357 [AsyncHttpClient-1-3] DEBUG org.asynchttpclient.netty.channel.NettyConnectListener - Using new Channel '[id: 0x4d205b16, L:/127.0.0.1:52410 - R:localhost/127.0.0.1:48630]' for 'GET' to '/json/version'
04:45:57.364 [AsyncHttpClient-1-3] DEBUG org.asynchttpclient.netty.handler.HttpHandler - 

Request DefaultFullHttpRequest(decodeResult: success, version: HTTP/1.1, content: EmptyByteBufBE)
GET /json/version HTTP/1.1
User-Agent: selenium/4.1.3 (java unix)
host: localhost:48630
accept: */*

Response DefaultHttpResponse(decodeResult: success, version: HTTP/1.1)
HTTP/1.1 200 OK
content-type: application/json
connection: close
server: httpd.js
date: Wed, 04 May 2022 01:45:57 GMT
content-length: 304

04:45:57.365 [AsyncHttpClient-1-3] DEBUG org.asynchttpclient.netty.channel.ChannelManager - Closing Channel [id: 0x4d205b16, L:/127.0.0.1:52410 - R:localhost/127.0.0.1:48630] 
04:45:57.365 [AsyncHttpClient-1-3] DEBUG org.asynchttpclient.netty.handler.HttpHandler - Channel Closed: [id: 0x4d205b16, L:/127.0.0.1:52410 ! R:localhost/127.0.0.1:48630] with attribute DISCARD
04:45:57.371 [Forwarding setCurrentWindowSize on session 71c1c828-e8ad-4bda-a316-b149935eb691 to remote] DEBUG org.asynchttpclient.netty.request.NettyRequestSender - Using pooled Channel '[id: 0x5d12a496, L:/127.0.0.1:52708 - R:localhost/127.0.0.1:39796]' for 'POST' to 'http://localhost:39796/session/71c1c828-e8ad-4bda-a316-b149935eb691/window/rect'
04:45:57.371 [Forwarding setCurrentWindowSize on session 71c1c828-e8ad-4bda-a316-b149935eb691 to remote] DEBUG org.asynchttpclient.netty.request.NettyRequestSender - Using open Channel [id: 0x5d12a496, L:/127.0.0.1:52708 - R:localhost/127.0.0.1:39796] for POST '/session/71c1c828-e8ad-4bda-a316-b149935eb691/window/rect'
04:45:57.388 [AsyncHttpClient-1-2] DEBUG org.asynchttpclient.netty.handler.HttpHandler - 

Request DefaultHttpRequest(decodeResult: success, version: HTTP/1.1)
POST /session/71c1c828-e8ad-4bda-a316-b149935eb691/window/rect HTTP/1.1
User-Agent: selenium/4.1.3 (java unix)
Content-Length: 37
Content-Type: application/json; charset=utf-8
host: localhost:39796
accept: */*

Response DefaultHttpResponse(decodeResult: success, version: HTTP/1.1)
HTTP/1.1 200 OK
content-type: application/json; charset=utf-8
cache-control: no-cache
date: Wed, 04 May 2022 01:45:57 GMT
content-length: 51

04:45:57.389 [AsyncHttpClient-1-2] DEBUG org.asynchttpclient.netty.channel.ChannelManager - Adding key: http://localhost:39796 for channel [id: 0x5d12a496, L:/127.0.0.1:52708 - R:localhost/127.0.0.1:39796]
04:45:57.393 [Forwarding setTimeout on session 71c1c828-e8ad-4bda-a316-b149935eb691 to remote] DEBUG org.asynchttpclient.netty.request.NettyRequestSender - Using pooled Channel '[id: 0x5d12a496, L:/127.0.0.1:52708 - R:localhost/127.0.0.1:39796]' for 'POST' to 'http://localhost:39796/session/71c1c828-e8ad-4bda-a316-b149935eb691/timeouts'
04:45:57.394 [Forwarding setTimeout on session 71c1c828-e8ad-4bda-a316-b149935eb691 to remote] DEBUG org.asynchttpclient.netty.request.NettyRequestSender - Using open Channel [id: 0x5d12a496, L:/127.0.0.1:52708 - R:localhost/127.0.0.1:39796] for POST '/session/71c1c828-e8ad-4bda-a316-b149935eb691/timeouts'
04:45:57.396 [AsyncHttpClient-1-2] DEBUG org.asynchttpclient.netty.handler.HttpHandler - 

Request DefaultHttpRequest(decodeResult: success, version: HTTP/1.1)
POST /session/71c1c828-e8ad-4bda-a316-b149935eb691/timeouts HTTP/1.1
User-Agent: selenium/4.1.3 (java unix)
Content-Length: 23
Content-Type: application/json; charset=utf-8
host: localhost:39796
accept: */*

Response DefaultHttpResponse(decodeResult: success, version: HTTP/1.1)
HTTP/1.1 200 OK
content-type: application/json; charset=utf-8
cache-control: no-cache
date: Wed, 04 May 2022 01:45:57 GMT
content-length: 14

04:45:57.397 [AsyncHttpClient-1-2] DEBUG org.asynchttpclient.netty.channel.ChannelManager - Adding key: http://localhost:39796 for channel [id: 0x5d12a496, L:/127.0.0.1:52708 - R:localhost/127.0.0.1:39796]
04:45:57.399 [Forwarding setTimeout on session 71c1c828-e8ad-4bda-a316-b149935eb691 to remote] DEBUG org.asynchttpclient.netty.request.NettyRequestSender - Using pooled Channel '[id: 0x5d12a496, L:/127.0.0.1:52708 - R:localhost/127.0.0.1:39796]' for 'POST' to 'http://localhost:39796/session/71c1c828-e8ad-4bda-a316-b149935eb691/timeouts'
04:45:57.400 [Forwarding setTimeout on session 71c1c828-e8ad-4bda-a316-b149935eb691 to remote] DEBUG org.asynchttpclient.netty.request.NettyRequestSender - Using open Channel [id: 0x5d12a496, L:/127.0.0.1:52708 - R:localhost/127.0.0.1:39796] for POST '/session/71c1c828-e8ad-4bda-a316-b149935eb691/timeouts'
04:45:57.402 [AsyncHttpClient-1-2] DEBUG org.asynchttpclient.netty.handler.HttpHandler - 

Request DefaultHttpRequest(decodeResult: success, version: HTTP/1.1)
POST /session/71c1c828-e8ad-4bda-a316-b149935eb691/timeouts HTTP/1.1
User-Agent: selenium/4.1.3 (java unix)
Content-Length: 23
Content-Type: application/json; charset=utf-8
host: localhost:39796
accept: */*

Response DefaultHttpResponse(decodeResult: success, version: HTTP/1.1)
HTTP/1.1 200 OK
content-type: application/json; charset=utf-8
cache-control: no-cache
date: Wed, 04 May 2022 01:45:57 GMT
content-length: 14

04:45:57.403 [AsyncHttpClient-1-2] DEBUG org.asynchttpclient.netty.channel.ChannelManager - Adding key: http://localhost:39796 for channel [id: 0x5d12a496, L:/127.0.0.1:52708 - R:localhost/127.0.0.1:39796]
04:45:57.451 [Test worker] DEBUG org.jboss.logging - Logging Provider: org.jboss.logging.Log4j2LoggerProvider
04:45:57.454 [Test worker] DEBUG org.hibernate.integrator.internal.IntegratorServiceImpl - Adding Integrator [org.hibernate.cfg.beanvalidation.BeanValidationIntegrator].
04:45:57.455 [Test worker] DEBUG org.hibernate.integrator.internal.IntegratorServiceImpl - Adding Integrator [org.hibernate.secure.spi.JaccIntegrator].
04:45:57.457 [Test worker] DEBUG org.hibernate.integrator.internal.IntegratorServiceImpl - Adding Integrator [org.hibernate.cache.internal.CollectionCacheInvalidator].
04:45:57.471 [Test worker] INFO org.hibernate.Version - HHH000412: Hibernate ORM core version 5.6.5.Final
04:45:57.472 [Test worker] DEBUG org.hibernate.cfg.Environment - HHH000206: hibernate.properties not found
04:45:57.576 [Test worker] DEBUG org.hibernate.boot.jaxb.internal.stax.LocalXmlResourceResolver - Interpreting public/system identifier : [-//Hibernate/Hibernate Configuration DTD 3.0//EN] - [http://www.hibernate.org/dtd/hibernate-configuration-3.0.dtd]
04:45:57.577 [Test worker] DEBUG org.hibernate.boot.jaxb.internal.stax.LocalXmlResourceResolver - Recognized hibernate-configuration identifier; attempting to resolve on classpath under org/hibernate/
04:45:57.580 [Test worker] DEBUG org.hibernate.boot.cfgxml.internal.JaxbCfgProcessor - cfg.xml document did not define namespaces; wrapping in custom event reader to introduce namespace information
04:45:57.582 [AsyncHttpClient-1-1] DEBUG org.asynchttpclient.netty.channel.DefaultChannelPool - Entry count for : http://localhost:39796 : 1
04:45:57.705 [Test worker] DEBUG org.hibernate.integrator.internal.IntegratorServiceImpl - Adding Integrator [org.hibernate.cfg.beanvalidation.BeanValidationIntegrator].
04:45:57.705 [Test worker] DEBUG org.hibernate.integrator.internal.IntegratorServiceImpl - Adding Integrator [org.hibernate.secure.spi.JaccIntegrator].
04:45:57.705 [Test worker] DEBUG org.hibernate.integrator.internal.IntegratorServiceImpl - Adding Integrator [org.hibernate.cache.internal.CollectionCacheInvalidator].
04:45:57.709 [Test worker] DEBUG org.hibernate.service.spi.ServiceBinding - Overriding existing service binding [org.hibernate.secure.spi.JaccService]
04:45:57.709 [Test worker] DEBUG org.hibernate.cfg.Configuration - Building session factory using provided StandardServiceRegistry
04:45:57.715 [Test worker] DEBUG org.hibernate.cache.internal.RegionFactoryInitiator - Cannot default RegionFactory based on registered strategies as `[]` RegionFactory strategies were registered
04:45:57.715 [Test worker] DEBUG org.hibernate.cache.internal.RegionFactoryInitiator - Cache region factory : org.hibernate.cache.internal.NoCachingRegionFactory
04:45:57.724 [Test worker] INFO org.hibernate.annotations.common.Version - HCANN000001: Hibernate Commons Annotations {5.1.2.Final}
04:45:57.739 [Test worker] DEBUG org.hibernate.type.BasicTypeRegistry - Adding type registration boolean -> org.hibernate.type.BooleanType@6c8dbf56
04:45:57.739 [Test worker] DEBUG org.hibernate.type.BasicTypeRegistry - Adding type registration boolean -> org.hibernate.type.BooleanType@6c8dbf56
04:45:57.739 [Test worker] DEBUG org.hibernate.type.BasicTypeRegistry - Adding type registration java.lang.Boolean -> org.hibernate.type.BooleanType@6c8dbf56
04:45:57.740 [Test worker] DEBUG org.hibernate.type.BasicTypeRegistry - Adding type registration numeric_boolean -> org.hibernate.type.NumericBooleanType@54089484
04:45:57.740 [Test worker] DEBUG org.hibernate.type.BasicTypeRegistry - Adding type registration true_false -> org.hibernate.type.TrueFalseType@57ad1178
04:45:57.740 [Test worker] DEBUG org.hibernate.type.BasicTypeRegistry - Adding type registration yes_no -> org.hibernate.type.YesNoType@1823b9c4
04:45:57.741 [Test worker] DEBUG org.hibernate.type.BasicTypeRegistry - Adding type registration byte -> org.hibernate.type.ByteType@3b2553d9
04:45:57.741 [Test worker] DEBUG org.hibernate.type.BasicTypeRegistry - Adding type registration byte -> org.hibernate.type.ByteType@3b2553d9
04:45:57.741 [Test worker] DEBUG org.hibernate.type.BasicTypeRegistry - Adding type registration java.lang.Byte -> org.hibernate.type.ByteType@3b2553d9
04:45:57.742 [Test worker] DEBUG org.hibernate.type.BasicTypeRegistry - Adding type registration character -> org.hibernate.type.CharacterType@2c9a6717
04:45:57.742 [Test worker] DEBUG org.hibernate.type.BasicTypeRegistry - Adding type registration char -> org.hibernate.type.CharacterType@2c9a6717
04:45:57.742 [Test worker] DEBUG org.hibernate.type.BasicTypeRegistry - Adding type registration java.lang.Character -> org.hibernate.type.CharacterType@2c9a6717
04:45:57.742 [Test worker] DEBUG org.hibernate.type.BasicTypeRegistry - Adding type registration short -> org.hibernate.type.ShortType@76fe6cdc
04:45:57.742 [Test worker] DEBUG org.hibernate.type.BasicTypeRegistry - Adding type registration short -> org.hibernate.type.ShortType@76fe6cdc
04:45:57.743 [Test worker] DEBUG org.hibernate.type.BasicTypeRegistry - Adding type registration java.lang.Short -> org.hibernate.type.ShortType@76fe6cdc
04:45:57.743 [Test worker] DEBUG org.hibernate.type.BasicTypeRegistry - Adding type registration integer -> org.hibernate.type.IntegerType@682af059
04:45:57.743 [Test worker] DEBUG org.hibernate.type.BasicTypeRegistry - Adding type registration int -> org.hibernate.type.IntegerType@682af059
04:45:57.743 [Test worker] DEBUG org.hibernate.type.BasicTypeRegistry - Adding type registration java.lang.Integer -> org.hibernate.type.IntegerType@682af059
04:45:57.744 [Test worker] DEBUG org.hibernate.type.BasicTypeRegistry - Adding type registration long -> org.hibernate.type.LongType@1d4fb213
04:45:57.744 [Test worker] DEBUG org.hibernate.type.BasicTypeRegistry - Adding type registration long -> org.hibernate.type.LongType@1d4fb213
04:45:57.744 [Test worker] DEBUG org.hibernate.type.BasicTypeRegistry - Adding type registration java.lang.Long -> org.hibernate.type.LongType@1d4fb213
04:45:57.744 [Test worker] DEBUG org.hibernate.type.BasicTypeRegistry - Adding type registration float -> org.hibernate.type.FloatType@2b4b96a4
04:45:57.745 [Test worker] DEBUG org.hibernate.type.BasicTypeRegistry - Adding type registration float -> org.hibernate.type.FloatType@2b4b96a4
04:45:57.745 [Test worker] DEBUG org.hibernate.type.BasicTypeRegistry - Adding type registration java.lang.Float -> org.hibernate.type.FloatType@2b4b96a4
04:45:57.745 [Test worker] DEBUG org.hibernate.type.BasicTypeRegistry - Adding type registration double -> org.hibernate.type.DoubleType@9301672
04:45:57.745 [Test worker] DEBUG org.hibernate.type.BasicTypeRegistry - Adding type registration double -> org.hibernate.type.DoubleType@9301672
04:45:57.745 [Test worker] DEBUG org.hibernate.type.BasicTypeRegistry - Adding type registration java.lang.Double -> org.hibernate.type.DoubleType@9301672
04:45:57.746 [Test worker] DEBUG org.hibernate.type.BasicTypeRegistry - Adding type registration big_decimal -> org.hibernate.type.BigDecimalType@22c53d82
04:45:57.746 [Test worker] DEBUG org.hibernate.type.BasicTypeRegistry - Adding type registration java.math.BigDecimal -> org.hibernate.type.BigDecimalType@22c53d82
04:45:57.746 [Test worker] DEBUG org.hibernate.type.BasicTypeRegistry - Adding type registration big_integer -> org.hibernate.type.BigIntegerType@53b1a3f8
04:45:57.746 [Test worker] DEBUG org.hibernate.type.BasicTypeRegistry - Adding type registration java.math.BigInteger -> org.hibernate.type.BigIntegerType@53b1a3f8
04:45:57.747 [Test worker] DEBUG org.hibernate.type.BasicTypeRegistry - Adding type registration string -> org.hibernate.type.StringType@d3f4505
04:45:57.747 [Test worker] DEBUG org.hibernate.type.BasicTypeRegistry - Adding type registration java.lang.String -> org.hibernate.type.StringType@d3f4505
04:45:57.747 [Test worker] DEBUG org.hibernate.type.BasicTypeRegistry - Adding type registration nstring -> org.hibernate.type.StringNVarcharType@5e99b9c
04:45:57.747 [Test worker] DEBUG org.hibernate.type.BasicTypeRegistry - Adding type registration ncharacter -> org.hibernate.type.CharacterNCharType@6807a356
04:45:57.748 [Test worker] DEBUG org.hibernate.type.BasicTypeRegistry - Adding type registration url -> org.hibernate.type.UrlType@7a3b7122
04:45:57.748 [Test worker] DEBUG org.hibernate.type.BasicTypeRegistry - Adding type registration java.net.URL -> org.hibernate.type.UrlType@7a3b7122
04:45:57.748 [Test worker] DEBUG org.hibernate.type.BasicTypeRegistry - Adding type registration Duration -> org.hibernate.type.DurationType@58fbd02e
04:45:57.748 [Test worker] DEBUG org.hibernate.type.BasicTypeRegistry - Adding type registration java.time.Duration -> org.hibernate.type.DurationType@58fbd02e
04:45:57.750 [Test worker] DEBUG org.hibernate.type.BasicTypeRegistry - Adding type registration Instant -> org.hibernate.type.InstantType@7ec95456
04:45:57.750 [Test worker] DEBUG org.hibernate.type.BasicTypeRegistry - Adding type registration java.time.Instant -> org.hibernate.type.InstantType@7ec95456
04:45:57.751 [Test worker] DEBUG org.hibernate.type.BasicTypeRegistry - Adding type registration LocalDateTime -> org.hibernate.type.LocalDateTimeType@748ac6f3
04:45:57.751 [Test worker] DEBUG org.hibernate.type.BasicTypeRegistry - Adding type registration java.time.LocalDateTime -> org.hibernate.type.LocalDateTimeType@748ac6f3
04:45:57.752 [Test worker] DEBUG org.hibernate.type.BasicTypeRegistry - Adding type registration LocalDate -> org.hibernate.type.LocalDateType@46911148
04:45:57.753 [Test worker] DEBUG org.hibernate.type.BasicTypeRegistry - Adding type registration java.time.LocalDate -> org.hibernate.type.LocalDateType@46911148
04:45:57.753 [Test worker] DEBUG org.hibernate.type.BasicTypeRegistry - Adding type registration LocalTime -> org.hibernate.type.LocalTimeType@58658f63
04:45:57.753 [Test worker] DEBUG org.hibernate.type.BasicTypeRegistry - Adding type registration java.time.LocalTime -> org.hibernate.type.LocalTimeType@58658f63
04:45:57.754 [Test worker] DEBUG org.hibernate.type.BasicTypeRegistry - Adding type registration OffsetDateTime -> org.hibernate.type.OffsetDateTimeType@21263314
04:45:57.755 [Test worker] DEBUG org.hibernate.type.BasicTypeRegistry - Adding type registration java.time.OffsetDateTime -> org.hibernate.type.OffsetDateTimeType@21263314
04:45:57.755 [Test worker] DEBUG org.hibernate.type.BasicTypeRegistry - Adding type registration OffsetTime -> org.hibernate.type.OffsetTimeType@71ed560f
04:45:57.755 [Test worker] DEBUG org.hibernate.type.BasicTypeRegistry - Adding type registration java.time.OffsetTime -> org.hibernate.type.OffsetTimeType@71ed560f
04:45:57.756 [Test worker] DEBUG org.hibernate.type.BasicTypeRegistry - Adding type registration ZonedDateTime -> org.hibernate.type.ZonedDateTimeType@124dac75
04:45:57.756 [Test worker] DEBUG org.hibernate.type.BasicTypeRegistry - Adding type registration java.time.ZonedDateTime -> org.hibernate.type.ZonedDateTimeType@124dac75
04:45:57.757 [Test worker] DEBUG org.hibernate.type.BasicTypeRegistry - Adding type registration date -> org.hibernate.type.DateType@45658133
04:45:57.757 [Test worker] DEBUG org.hibernate.type.BasicTypeRegistry - Adding type registration java.sql.Date -> org.hibernate.type.DateType@45658133
04:45:57.758 [Test worker] DEBUG org.hibernate.type.BasicTypeRegistry - Adding type registration time -> org.hibernate.type.TimeType@29c17c3d
04:45:57.758 [Test worker] DEBUG org.hibernate.type.BasicTypeRegistry - Adding type registration java.sql.Time -> org.hibernate.type.TimeType@29c17c3d
04:45:57.759 [Test worker] DEBUG org.hibernate.type.BasicTypeRegistry - Adding type registration timestamp -> org.hibernate.type.TimestampType@30ec7d21
04:45:57.759 [Test worker] DEBUG org.hibernate.type.BasicTypeRegistry - Adding type registration java.sql.Timestamp -> org.hibernate.type.TimestampType@30ec7d21
04:45:57.759 [Test worker] DEBUG org.hibernate.type.BasicTypeRegistry - Adding type registration java.util.Date -> org.hibernate.type.TimestampType@30ec7d21
04:45:57.760 [Test worker] DEBUG org.hibernate.type.BasicTypeRegistry - Adding type registration dbtimestamp -> org.hibernate.type.DbTimestampType@2262d6d5
04:45:57.761 [Test worker] DEBUG org.hibernate.type.BasicTypeRegistry - Adding type registration calendar -> org.hibernate.type.CalendarType@6088451e
04:45:57.761 [Test worker] DEBUG org.hibernate.type.BasicTypeRegistry - Adding type registration java.util.Calendar -> org.hibernate.type.CalendarType@6088451e
04:45:57.761 [Test worker] DEBUG org.hibernate.type.BasicTypeRegistry - Adding type registration java.util.GregorianCalendar -> org.hibernate.type.CalendarType@6088451e
04:45:57.761 [Test worker] DEBUG org.hibernate.type.BasicTypeRegistry - Adding type registration calendar_date -> org.hibernate.type.CalendarDateType@28a9494b
04:45:57.762 [Test worker] DEBUG org.hibernate.type.BasicTypeRegistry - Adding type registration calendar_time -> org.hibernate.type.CalendarTimeType@b0fd744
04:45:57.762 [Test worker] DEBUG org.hibernate.type.BasicTypeRegistry - Adding type registration locale -> org.hibernate.type.LocaleType@42f85fa4
04:45:57.762 [Test worker] DEBUG org.hibernate.type.BasicTypeRegistry - Adding type registration java.util.Locale -> org.hibernate.type.LocaleType@42f85fa4
04:45:57.763 [Test worker] DEBUG org.hibernate.type.BasicTypeRegistry - Adding type registration currency -> org.hibernate.type.CurrencyType@3a7e365
04:45:57.763 [Test worker] DEBUG org.hibernate.type.BasicTypeRegistry - Adding type registration java.util.Currency -> org.hibernate.type.CurrencyType@3a7e365
04:45:57.764 [Test worker] DEBUG org.hibernate.type.BasicTypeRegistry - Adding type registration timezone -> org.hibernate.type.TimeZoneType@13c8ac77
04:45:57.764 [Test worker] DEBUG org.hibernate.type.BasicTypeRegistry - Adding type registration java.util.TimeZone -> org.hibernate.type.TimeZoneType@13c8ac77
04:45:57.765 [Test worker] DEBUG org.hibernate.type.BasicTypeRegistry - Adding type registration class -> org.hibernate.type.ClassType@68e02f33
04:45:57.765 [Test worker] DEBUG org.hibernate.type.BasicTypeRegistry - Adding type registration java.lang.Class -> org.hibernate.type.ClassType@68e02f33
04:45:57.765 [Test worker] DEBUG org.hibernate.type.BasicTypeRegistry - Adding type registration uuid-binary -> org.hibernate.type.UUIDBinaryType@3069a360
04:45:57.765 [Test worker] DEBUG org.hibernate.type.BasicTypeRegistry - Adding type registration java.util.UUID -> org.hibernate.type.UUIDBinaryType@3069a360
04:45:57.766 [Test worker] DEBUG org.hibernate.type.BasicTypeRegistry - Adding type registration uuid-char -> org.hibernate.type.UUIDCharType@3472947a
04:45:57.766 [Test worker] DEBUG org.hibernate.type.BasicTypeRegistry - Adding type registration binary -> org.hibernate.type.BinaryType@2ead6ba4
04:45:57.766 [Test worker] DEBUG org.hibernate.type.BasicTypeRegistry - Adding type registration byte[] -> org.hibernate.type.BinaryType@2ead6ba4
04:45:57.766 [Test worker] DEBUG org.hibernate.type.BasicTypeRegistry - Adding type registration [B -> org.hibernate.type.BinaryType@2ead6ba4
04:45:57.767 [Test worker] DEBUG org.hibernate.type.BasicTypeRegistry - Adding type registration wrapper-binary -> org.hibernate.type.WrapperBinaryType@152c4495
04:45:57.767 [Test worker] DEBUG org.hibernate.type.BasicTypeRegistry - Adding type registration Byte[] -> org.hibernate.type.WrapperBinaryType@152c4495
04:45:57.767 [Test worker] DEBUG org.hibernate.type.BasicTypeRegistry - Adding type registration [Ljava.lang.Byte; -> org.hibernate.type.WrapperBinaryType@152c4495
04:45:57.768 [Test worker] DEBUG org.hibernate.type.BasicTypeRegistry - Adding type registration row_version -> org.hibernate.type.RowVersionType@4a44cfc0
04:45:57.768 [Test worker] DEBUG org.hibernate.type.BasicTypeRegistry - Adding type registration image -> org.hibernate.type.ImageType@65cf4d6d
04:45:57.769 [Test worker] DEBUG org.hibernate.type.BasicTypeRegistry - Adding type registration characters -> org.hibernate.type.CharArrayType@7c5d1d25
04:45:57.769 [Test worker] DEBUG org.hibernate.type.BasicTypeRegistry - Adding type registration char[] -> org.hibernate.type.CharArrayType@7c5d1d25
04:45:57.769 [Test worker] DEBUG org.hibernate.type.BasicTypeRegistry - Adding type registration [C -> org.hibernate.type.CharArrayType@7c5d1d25
04:45:57.769 [Test worker] DEBUG org.hibernate.type.BasicTypeRegistry - Adding type registration wrapper-characters -> org.hibernate.type.CharacterArrayType@6a1d526c
04:45:57.769 [Test worker] DEBUG org.hibernate.type.BasicTypeRegistry - Adding type registration [Ljava.lang.Character; -> org.hibernate.type.CharacterArrayType@6a1d526c
04:45:57.769 [Test worker] DEBUG org.hibernate.type.BasicTypeRegistry - Adding type registration Character[] -> org.hibernate.type.CharacterArrayType@6a1d526c
04:45:57.770 [Test worker] DEBUG org.hibernate.type.BasicTypeRegistry - Adding type registration text -> org.hibernate.type.TextType@6870c3c2
04:45:57.770 [Test worker] DEBUG org.hibernate.type.BasicTypeRegistry - Adding type registration ntext -> org.hibernate.type.NTextType@6a5e167a
04:45:57.770 [Test worker] DEBUG org.hibernate.type.BasicTypeRegistry - Adding type registration blob -> org.hibernate.type.BlobType@cedee22
04:45:57.770 [Test worker] DEBUG org.hibernate.type.BasicTypeRegistry - Adding type registration java.sql.Blob -> org.hibernate.type.BlobType@cedee22
04:45:57.771 [Test worker] DEBUG org.hibernate.type.BasicTypeRegistry - Adding type registration materialized_blob -> org.hibernate.type.MaterializedBlobType@40c2ce52
04:45:57.772 [Test worker] DEBUG org.hibernate.type.BasicTypeRegistry - Adding type registration clob -> org.hibernate.type.ClobType@5d0b0cb9
04:45:57.772 [Test worker] DEBUG org.hibernate.type.BasicTypeRegistry - Adding type registration java.sql.Clob -> org.hibernate.type.ClobType@5d0b0cb9
04:45:57.772 [Test worker] DEBUG org.hibernate.type.BasicTypeRegistry - Adding type registration nclob -> org.hibernate.type.NClobType@4dde8976
04:45:57.772 [Test worker] DEBUG org.hibernate.type.BasicTypeRegistry - Adding type registration java.sql.NClob -> org.hibernate.type.NClobType@4dde8976
04:45:57.773 [Test worker] DEBUG org.hibernate.type.BasicTypeRegistry - Adding type registration materialized_clob -> org.hibernate.type.MaterializedClobType@7980cf2c
04:45:57.773 [Test worker] DEBUG org.hibernate.type.BasicTypeRegistry - Adding type registration materialized_nclob -> org.hibernate.type.MaterializedNClobType@294f9d50
04:45:57.773 [Test worker] DEBUG org.hibernate.type.BasicTypeRegistry - Adding type registration serializable -> org.hibernate.type.SerializableType@1d858300
04:45:57.775 [Test worker] DEBUG org.hibernate.type.BasicTypeRegistry - Adding type registration object -> org.hibernate.type.ObjectType@77c1e611
04:45:57.775 [Test worker] DEBUG org.hibernate.type.BasicTypeRegistry - Adding type registration java.lang.Object -> org.hibernate.type.ObjectType@77c1e611
04:45:57.775 [Test worker] DEBUG org.hibernate.type.BasicTypeRegistry - Adding type registration imm_date -> org.hibernate.type.AdaptedImmutableType@71cea1b8
04:45:57.775 [Test worker] DEBUG org.hibernate.type.BasicTypeRegistry - Adding type registration imm_time -> org.hibernate.type.AdaptedImmutableType@659f226a
04:45:57.775 [Test worker] DEBUG org.hibernate.type.BasicTypeRegistry - Adding type registration imm_timestamp -> org.hibernate.type.AdaptedImmutableType@2e463f4
04:45:57.775 [Test worker] DEBUG org.hibernate.type.BasicTypeRegistry - Adding type registration imm_dbtimestamp -> org.hibernate.type.AdaptedImmutableType@32ec9c90
04:45:57.775 [Test worker] DEBUG org.hibernate.type.BasicTypeRegistry - Adding type registration imm_calendar -> org.hibernate.type.AdaptedImmutableType@36ab3814
04:45:57.776 [Test worker] DEBUG org.hibernate.type.BasicTypeRegistry - Adding type registration imm_calendar_date -> org.hibernate.type.AdaptedImmutableType@2abbd0d9
04:45:57.776 [Test worker] DEBUG org.hibernate.type.BasicTypeRegistry - Adding type registration imm_binary -> org.hibernate.type.AdaptedImmutableType@b61edb9
04:45:57.776 [Test worker] DEBUG org.hibernate.type.BasicTypeRegistry - Adding type registration imm_serializable -> org.hibernate.type.AdaptedImmutableType@5d3ff859
04:45:57.791 [Test worker] DEBUG org.hibernate.id.factory.internal.DefaultIdentifierGeneratorFactory - Registering IdentifierGenerator strategy [uuid2] -> [org.hibernate.id.UUIDGenerator]
04:45:57.791 [Test worker] DEBUG org.hibernate.id.factory.internal.DefaultIdentifierGeneratorFactory - Registering IdentifierGenerator strategy [guid] -> [org.hibernate.id.GUIDGenerator]
04:45:57.791 [Test worker] DEBUG org.hibernate.id.factory.internal.DefaultIdentifierGeneratorFactory - Registering IdentifierGenerator strategy [uuid] -> [org.hibernate.id.UUIDHexGenerator]
04:45:57.791 [Test worker] DEBUG org.hibernate.id.factory.internal.DefaultIdentifierGeneratorFactory - Registering IdentifierGenerator strategy [uuid.hex] -> [org.hibernate.id.UUIDHexGenerator]
04:45:57.791 [Test worker] DEBUG org.hibernate.id.factory.internal.DefaultIdentifierGeneratorFactory - Registering IdentifierGenerator strategy [assigned] -> [org.hibernate.id.Assigned]
04:45:57.792 [Test worker] DEBUG org.hibernate.id.factory.internal.DefaultIdentifierGeneratorFactory - Registering IdentifierGenerator strategy [identity] -> [org.hibernate.id.IdentityGenerator]
04:45:57.792 [Test worker] DEBUG org.hibernate.id.factory.internal.DefaultIdentifierGeneratorFactory - Registering IdentifierGenerator strategy [select] -> [org.hibernate.id.SelectGenerator]
04:45:57.793 [Test worker] DEBUG org.hibernate.id.factory.internal.DefaultIdentifierGeneratorFactory - Registering IdentifierGenerator strategy [sequence] -> [org.hibernate.id.enhanced.SequenceStyleGenerator]
04:45:57.793 [Test worker] DEBUG org.hibernate.id.factory.internal.DefaultIdentifierGeneratorFactory - Registering IdentifierGenerator strategy [seqhilo] -> [org.hibernate.id.SequenceHiLoGenerator]
04:45:57.793 [Test worker] DEBUG org.hibernate.id.factory.internal.DefaultIdentifierGeneratorFactory - Registering IdentifierGenerator strategy [increment] -> [org.hibernate.id.IncrementGenerator]
04:45:57.794 [Test worker] DEBUG org.hibernate.id.factory.internal.DefaultIdentifierGeneratorFactory - Registering IdentifierGenerator strategy [foreign] -> [org.hibernate.id.ForeignGenerator]
04:45:57.794 [Test worker] DEBUG org.hibernate.id.factory.internal.DefaultIdentifierGeneratorFactory - Registering IdentifierGenerator strategy [sequence-identity] -> [org.hibernate.id.SequenceIdentityGenerator]
04:45:57.794 [Test worker] DEBUG org.hibernate.id.factory.internal.DefaultIdentifierGeneratorFactory - Registering IdentifierGenerator strategy [enhanced-sequence] -> [org.hibernate.id.enhanced.SequenceStyleGenerator]
04:45:57.794 [Test worker] DEBUG org.hibernate.id.factory.internal.DefaultIdentifierGeneratorFactory - Registering IdentifierGenerator strategy [enhanced-table] -> [org.hibernate.id.enhanced.TableGenerator]
04:45:57.799 [Test worker] WARN org.hibernate.orm.connections.pooling - HHH10001002: Using Hibernate built-in connection pool (not for production use!)
04:45:57.801 [Test worker] INFO org.hibernate.orm.connections.pooling - HHH10001005: using driver [org.postgresql.Driver] at URL [jdbc:postgresql://localhost:5432/warehouse_accounting_db]
04:45:57.801 [Test worker] INFO org.hibernate.orm.connections.pooling - HHH10001001: Connection properties: {password=password, user=bekzat}
04:45:57.801 [Test worker] INFO org.hibernate.orm.connections.pooling - HHH10001003: Autocommit mode: false
04:45:57.802 [Test worker] DEBUG org.hibernate.engine.jdbc.connections.internal.DriverManagerConnectionProviderImpl - Initializing Connection pool with 1 Connections
04:45:57.803 [Test worker] INFO org.hibernate.engine.jdbc.connections.internal.DriverManagerConnectionProviderImpl - HHH000115: Hibernate connection pool size: 20 (min=1)
04:45:57.896 [Test worker] DEBUG org.hibernate.engine.jdbc.env.internal.JdbcEnvironmentInitiator - Database ->
       name : PostgreSQL
    version : 13.4 (Ubuntu 13.4-1.pgdg18.04+1)
      major : 13
      minor : 4
04:45:57.896 [Test worker] DEBUG org.hibernate.engine.jdbc.env.internal.JdbcEnvironmentInitiator - Driver ->
       name : PostgreSQL JDBC Driver
    version : 42.3.3
      major : 42
      minor : 3
04:45:57.897 [Test worker] DEBUG org.hibernate.engine.jdbc.env.internal.JdbcEnvironmentInitiator - JDBC version : 4.2
04:45:57.902 [Test worker] INFO org.hibernate.dialect.Dialect - HHH000400: Using dialect: org.hibernate.dialect.PostgreSQL10Dialect
04:45:57.910 [Test worker] DEBUG org.hibernate.engine.jdbc.env.spi.IdentifierHelperBuilder - JDBC driver metadata reported database stores quoted identifiers in neither upper, lower nor mixed case
04:45:57.926 [Test worker] DEBUG org.hibernate.type.BasicTypeRegistry - Adding type registration pg-uuid -> org.hibernate.type.PostgresUUIDType@5b1efaaf
04:45:57.926 [Test worker] DEBUG org.hibernate.type.BasicTypeRegistry - Adding type registration java.util.UUID -> org.hibernate.type.PostgresUUIDType@5b1efaaf
04:45:57.926 [Test worker] DEBUG org.hibernate.type.BasicTypeRegistry - HHH000270: Type registration [java.util.UUID] overrides previous : org.hibernate.type.UUIDBinaryType@3069a360
04:45:57.927 [Test worker] DEBUG org.hibernate.type.spi.TypeConfiguration$Scope - Scoping TypeConfiguration [org.hibernate.type.spi.TypeConfiguration@2b6c7012] to MetadataBuildingContext [org.hibernate.boot.internal.MetadataBuildingContextRootImpl@31acfd4e]
04:45:57.952 [Test worker] DEBUG org.hibernate.boot.model.relational.Namespace - Created database namespace [logicalName=Name{catalog=null, schema=null}, physicalName=Name{catalog=null, schema=null}]
04:45:57.959 [Test worker] DEBUG org.hibernate.cfg.AnnotationBinder - Binding entity from annotated class: web_prak.java.classes.Clients
04:45:57.969 [Test worker] DEBUG org.hibernate.cfg.Ejb3Column - Binding column: Ejb3DiscriminatorColumn{logicalColumnName'DTYPE', discriminatorTypeName='string'}
04:45:57.971 [Test worker] DEBUG org.hibernate.cfg.annotations.EntityBinder - Import with entity name Clients
04:45:57.972 [Test worker] DEBUG org.hibernate.cfg.annotations.EntityBinder - Bind entity web_prak.java.classes.Clients on table clients
04:45:57.981 [Test worker] DEBUG org.hibernate.cfg.Ejb3Column - Binding column: Ejb3Column{table=org.hibernate.mapping.Table(clients), mappingColumn=client_id, insertable=true, updatable=true, unique=false}
04:45:57.983 [Test worker] DEBUG org.hibernate.boot.internal.ClassLoaderAccessImpl - Not known whether passed class name [web_prak.java.classes.Clients] is safe
04:45:57.983 [Test worker] DEBUG org.hibernate.boot.internal.ClassLoaderAccessImpl - No temp ClassLoader provided; using live ClassLoader for loading potentially unsafe class : web_prak.java.classes.Clients
04:45:57.983 [Test worker] DEBUG org.hibernate.cfg.annotations.PropertyBinder - MetadataSourceProcessor property client_id with lazy=false
04:45:57.984 [Test worker] DEBUG org.hibernate.cfg.AbstractPropertyHolder - Attempting to locate auto-apply AttributeConverter for property [web_prak.java.classes.Clients:client_id]
04:45:57.985 [Test worker] DEBUG org.hibernate.cfg.annotations.SimpleValueBinder - building SimpleValue for client_id
04:45:57.986 [Test worker] DEBUG org.hibernate.cfg.annotations.PropertyBinder - Building property client_id
04:45:57.988 [Test worker] DEBUG org.hibernate.cfg.BinderHelper - #makeIdGenerator(org.hibernate.mapping.SimpleValue([org.hibernate.mapping.Column(client_id)]), client_id, identity, , ...)
04:45:57.988 [Test worker] DEBUG org.hibernate.cfg.Ejb3Column - Binding column: Ejb3Column{table=org.hibernate.mapping.Table(clients), mappingColumn=address, insertable=true, updatable=true, unique=false}
04:45:57.988 [Test worker] DEBUG org.hibernate.cfg.annotations.PropertyBinder - MetadataSourceProcessor property address with lazy=false
04:45:57.988 [Test worker] DEBUG org.hibernate.cfg.AbstractPropertyHolder - Attempting to locate auto-apply AttributeConverter for property [web_prak.java.classes.Clients:address]
04:45:57.988 [Test worker] DEBUG org.hibernate.cfg.annotations.SimpleValueBinder - building SimpleValue for address
04:45:57.988 [Test worker] DEBUG org.hibernate.cfg.annotations.PropertyBinder - Building property address
04:45:57.988 [Test worker] DEBUG org.hibernate.cfg.Ejb3Column - Binding column: Ejb3Column{table=org.hibernate.mapping.Table(clients), mappingColumn=client_name, insertable=true, updatable=true, unique=false}
04:45:57.988 [Test worker] DEBUG org.hibernate.cfg.annotations.PropertyBinder - MetadataSourceProcessor property client_name with lazy=false
04:45:57.989 [Test worker] DEBUG org.hibernate.cfg.AbstractPropertyHolder - Attempting to locate auto-apply AttributeConverter for property [web_prak.java.classes.Clients:client_name]
04:45:57.989 [Test worker] DEBUG org.hibernate.cfg.annotations.SimpleValueBinder - building SimpleValue for client_name
04:45:57.989 [Test worker] DEBUG org.hibernate.cfg.annotations.PropertyBinder - Building property client_name
04:45:57.989 [Test worker] DEBUG org.hibernate.cfg.Ejb3Column - Binding column: Ejb3Column{table=org.hibernate.mapping.Table(clients), mappingColumn=contact, insertable=true, updatable=true, unique=false}
04:45:57.989 [Test worker] DEBUG org.hibernate.cfg.annotations.PropertyBinder - MetadataSourceProcessor property contact with lazy=false
04:45:57.989 [Test worker] DEBUG org.hibernate.cfg.AbstractPropertyHolder - Attempting to locate auto-apply AttributeConverter for property [web_prak.java.classes.Clients:contact]
04:45:57.989 [Test worker] DEBUG org.hibernate.cfg.annotations.SimpleValueBinder - building SimpleValue for contact
04:45:57.989 [Test worker] DEBUG org.hibernate.cfg.annotations.PropertyBinder - Building property contact
04:45:57.989 [Test worker] DEBUG org.hibernate.cfg.Ejb3Column - Binding column: Ejb3Column{table=org.hibernate.mapping.Table(clients), mappingColumn=email, insertable=true, updatable=true, unique=false}
04:45:57.989 [Test worker] DEBUG org.hibernate.cfg.annotations.PropertyBinder - MetadataSourceProcessor property email with lazy=false
04:45:57.989 [Test worker] DEBUG org.hibernate.cfg.AbstractPropertyHolder - Attempting to locate auto-apply AttributeConverter for property [web_prak.java.classes.Clients:email]
04:45:57.989 [Test worker] DEBUG org.hibernate.cfg.annotations.SimpleValueBinder - building SimpleValue for email
04:45:57.989 [Test worker] DEBUG org.hibernate.cfg.annotations.PropertyBinder - Building property email
04:45:57.992 [Test worker] DEBUG org.hibernate.cfg.AnnotationBinder - Binding entity from annotated class: web_prak.java.classes.Deliveries
04:45:57.992 [Test worker] DEBUG org.hibernate.cfg.Ejb3Column - Binding column: Ejb3DiscriminatorColumn{logicalColumnName'DTYPE', discriminatorTypeName='string'}
04:45:57.992 [Test worker] DEBUG org.hibernate.cfg.annotations.EntityBinder - Import with entity name Deliveries
04:45:57.992 [Test worker] DEBUG org.hibernate.cfg.annotations.EntityBinder - Bind entity web_prak.java.classes.Deliveries on table deliveries
04:45:57.996 [Test worker] DEBUG org.hibernate.cfg.Ejb3Column - Binding column: Ejb3Column{table=org.hibernate.mapping.Table(deliveries), mappingColumn=delivery_id, insertable=true, updatable=true, unique=false}
04:45:57.996 [Test worker] DEBUG org.hibernate.boot.internal.ClassLoaderAccessImpl - Not known whether passed class name [web_prak.java.classes.Deliveries] is safe
04:45:57.996 [Test worker] DEBUG org.hibernate.boot.internal.ClassLoaderAccessImpl - No temp ClassLoader provided; using live ClassLoader for loading potentially unsafe class : web_prak.java.classes.Deliveries
04:45:57.996 [Test worker] DEBUG org.hibernate.cfg.annotations.PropertyBinder - MetadataSourceProcessor property delivery_id with lazy=false
04:45:57.996 [Test worker] DEBUG org.hibernate.cfg.AbstractPropertyHolder - Attempting to locate auto-apply AttributeConverter for property [web_prak.java.classes.Deliveries:delivery_id]
04:45:57.996 [Test worker] DEBUG org.hibernate.cfg.annotations.SimpleValueBinder - building SimpleValue for delivery_id
04:45:57.996 [Test worker] DEBUG org.hibernate.cfg.annotations.PropertyBinder - Building property delivery_id
04:45:57.996 [Test worker] DEBUG org.hibernate.cfg.BinderHelper - #makeIdGenerator(org.hibernate.mapping.SimpleValue([org.hibernate.mapping.Column(delivery_id)]), delivery_id, identity, , ...)
04:45:57.997 [Test worker] DEBUG org.hibernate.cfg.Ejb3Column - Binding column: Ejb3JoinColumn{logicalColumnName='client_id', referencedColumn='', mappedBy=''}
04:45:57.998 [Test worker] DEBUG org.hibernate.cfg.Ejb3Column - Binding column: Ejb3Column{table=org.hibernate.mapping.Table(deliveries), mappingColumn=client_id, insertable=true, updatable=true, unique=false}
04:45:57.999 [Test worker] DEBUG org.hibernate.cfg.annotations.PropertyBinder - Building property client_id
04:45:58.000 [Test worker] DEBUG org.hibernate.cfg.Ejb3Column - Binding column: Ejb3Column{table=org.hibernate.mapping.Table(deliveries), mappingColumn=date_issue, insertable=true, updatable=true, unique=false}
04:45:58.001 [Test worker] DEBUG org.hibernate.cfg.annotations.PropertyBinder - MetadataSourceProcessor property date_issue with lazy=false
04:45:58.001 [Test worker] DEBUG org.hibernate.cfg.AbstractPropertyHolder - Attempting to locate auto-apply AttributeConverter for property [web_prak.java.classes.Deliveries:date_issue]
04:45:58.001 [Test worker] DEBUG org.hibernate.cfg.annotations.SimpleValueBinder - building SimpleValue for date_issue
04:45:58.001 [Test worker] DEBUG org.hibernate.cfg.annotations.PropertyBinder - Building property date_issue
04:45:58.001 [Test worker] DEBUG org.hibernate.cfg.Ejb3Column - Binding column: Ejb3Column{table=org.hibernate.mapping.Table(deliveries), mappingColumn=status, insertable=true, updatable=true, unique=false}
04:45:58.001 [Test worker] DEBUG org.hibernate.cfg.annotations.PropertyBinder - MetadataSourceProcessor property status with lazy=false
04:45:58.001 [Test worker] DEBUG org.hibernate.cfg.AbstractPropertyHolder - Attempting to locate auto-apply AttributeConverter for property [web_prak.java.classes.Deliveries:status]
04:45:58.001 [Test worker] DEBUG org.hibernate.cfg.annotations.SimpleValueBinder - building SimpleValue for status
04:45:58.001 [Test worker] DEBUG org.hibernate.cfg.annotations.PropertyBinder - Building property status
04:45:58.001 [Test worker] DEBUG org.hibernate.cfg.AnnotationBinder - Binding entity from annotated class: web_prak.java.classes.Deliveries_list
04:45:58.001 [Test worker] DEBUG org.hibernate.cfg.Ejb3Column - Binding column: Ejb3DiscriminatorColumn{logicalColumnName'DTYPE', discriminatorTypeName='string'}
04:45:58.002 [Test worker] DEBUG org.hibernate.cfg.annotations.EntityBinder - Import with entity name Deliveries_list
04:45:58.002 [Test worker] DEBUG org.hibernate.cfg.annotations.EntityBinder - Bind entity web_prak.java.classes.Deliveries_list on table deliveries_list
04:45:58.002 [Test worker] DEBUG org.hibernate.cfg.Ejb3Column - Binding column: Ejb3Column{table=org.hibernate.mapping.Table(deliveries_list), mappingColumn=deliveries_list_id, insertable=true, updatable=true, unique=false}
04:45:58.002 [Test worker] DEBUG org.hibernate.boot.internal.ClassLoaderAccessImpl - Not known whether passed class name [web_prak.java.classes.Deliveries_list] is safe
04:45:58.002 [Test worker] DEBUG org.hibernate.boot.internal.ClassLoaderAccessImpl - No temp ClassLoader provided; using live ClassLoader for loading potentially unsafe class : web_prak.java.classes.Deliveries_list
04:45:58.002 [Test worker] DEBUG org.hibernate.cfg.annotations.PropertyBinder - MetadataSourceProcessor property deliveries_list_id with lazy=false
04:45:58.002 [Test worker] DEBUG org.hibernate.cfg.AbstractPropertyHolder - Attempting to locate auto-apply AttributeConverter for property [web_prak.java.classes.Deliveries_list:deliveries_list_id]
04:45:58.002 [Test worker] DEBUG org.hibernate.cfg.annotations.SimpleValueBinder - building SimpleValue for deliveries_list_id
04:45:58.003 [Test worker] DEBUG org.hibernate.cfg.annotations.PropertyBinder - Building property deliveries_list_id
04:45:58.003 [Test worker] DEBUG org.hibernate.cfg.BinderHelper - #makeIdGenerator(org.hibernate.mapping.SimpleValue([org.hibernate.mapping.Column(deliveries_list_id)]), deliveries_list_id, identity, , ...)
04:45:58.003 [Test worker] DEBUG org.hibernate.cfg.Ejb3Column - Binding column: Ejb3JoinColumn{logicalColumnName='delivery_id', referencedColumn='', mappedBy=''}
04:45:58.003 [Test worker] DEBUG org.hibernate.cfg.Ejb3Column - Binding column: Ejb3Column{table=org.hibernate.mapping.Table(deliveries_list), mappingColumn=delivery_id, insertable=true, updatable=true, unique=false}
04:45:58.003 [Test worker] DEBUG org.hibernate.cfg.annotations.PropertyBinder - Building property delivery_id
04:45:58.003 [Test worker] DEBUG org.hibernate.cfg.Ejb3Column - Binding column: Ejb3JoinColumn{logicalColumnName='product_id', referencedColumn='', mappedBy=''}
04:45:58.003 [Test worker] DEBUG org.hibernate.cfg.Ejb3Column - Binding column: Ejb3Column{table=org.hibernate.mapping.Table(deliveries_list), mappingColumn=product_id, insertable=true, updatable=true, unique=false}
04:45:58.003 [Test worker] DEBUG org.hibernate.cfg.annotations.PropertyBinder - Building property product_id
04:45:58.003 [Test worker] DEBUG org.hibernate.cfg.Ejb3Column - Binding column: Ejb3Column{table=org.hibernate.mapping.Table(deliveries_list), mappingColumn=quantity, insertable=true, updatable=true, unique=false}
04:45:58.003 [Test worker] DEBUG org.hibernate.cfg.annotations.PropertyBinder - MetadataSourceProcessor property quantity with lazy=false
04:45:58.003 [Test worker] DEBUG org.hibernate.cfg.AbstractPropertyHolder - Attempting to locate auto-apply AttributeConverter for property [web_prak.java.classes.Deliveries_list:quantity]
04:45:58.003 [Test worker] DEBUG org.hibernate.cfg.annotations.SimpleValueBinder - building SimpleValue for quantity
04:45:58.003 [Test worker] DEBUG org.hibernate.cfg.annotations.PropertyBinder - Building property quantity
04:45:58.004 [Test worker] DEBUG org.hibernate.cfg.AnnotationBinder - Binding entity from annotated class: web_prak.java.classes.Products
04:45:58.004 [Test worker] DEBUG org.hibernate.cfg.Ejb3Column - Binding column: Ejb3DiscriminatorColumn{logicalColumnName'DTYPE', discriminatorTypeName='string'}
04:45:58.004 [Test worker] DEBUG org.hibernate.cfg.annotations.EntityBinder - Import with entity name Products
04:45:58.004 [Test worker] DEBUG org.hibernate.cfg.annotations.EntityBinder - Bind entity web_prak.java.classes.Products on table products
04:45:58.005 [Test worker] DEBUG org.hibernate.cfg.Ejb3Column - Binding column: Ejb3Column{table=org.hibernate.mapping.Table(products), mappingColumn=product_id, insertable=true, updatable=true, unique=false}
04:45:58.005 [Test worker] DEBUG org.hibernate.boot.internal.ClassLoaderAccessImpl - Not known whether passed class name [web_prak.java.classes.Products] is safe
04:45:58.005 [Test worker] DEBUG org.hibernate.boot.internal.ClassLoaderAccessImpl - No temp ClassLoader provided; using live ClassLoader for loading potentially unsafe class : web_prak.java.classes.Products
04:45:58.005 [Test worker] DEBUG org.hibernate.cfg.annotations.PropertyBinder - MetadataSourceProcessor property product_id with lazy=false
04:45:58.005 [Test worker] DEBUG org.hibernate.cfg.AbstractPropertyHolder - Attempting to locate auto-apply AttributeConverter for property [web_prak.java.classes.Products:product_id]
04:45:58.005 [Test worker] DEBUG org.hibernate.cfg.annotations.SimpleValueBinder - building SimpleValue for product_id
04:45:58.005 [Test worker] DEBUG org.hibernate.cfg.annotations.PropertyBinder - Building property product_id
04:45:58.006 [Test worker] DEBUG org.hibernate.cfg.BinderHelper - #makeIdGenerator(org.hibernate.mapping.SimpleValue([org.hibernate.mapping.Column(product_id)]), product_id, identity, , ...)
04:45:58.006 [Test worker] DEBUG org.hibernate.cfg.Ejb3Column - Binding column: Ejb3Column{table=org.hibernate.mapping.Table(products), mappingColumn=expiration_date_from, insertable=true, updatable=true, unique=false}
04:45:58.006 [Test worker] DEBUG org.hibernate.cfg.annotations.PropertyBinder - MetadataSourceProcessor property expiration_date_from with lazy=false
04:45:58.006 [Test worker] DEBUG org.hibernate.cfg.AbstractPropertyHolder - Attempting to locate auto-apply AttributeConverter for property [web_prak.java.classes.Products:expiration_date_from]
04:45:58.006 [Test worker] DEBUG org.hibernate.cfg.annotations.SimpleValueBinder - building SimpleValue for expiration_date_from
04:45:58.006 [Test worker] DEBUG org.hibernate.cfg.annotations.PropertyBinder - Building property expiration_date_from
04:45:58.006 [Test worker] DEBUG org.hibernate.cfg.Ejb3Column - Binding column: Ejb3Column{table=org.hibernate.mapping.Table(products), mappingColumn=expiration_date_to, insertable=true, updatable=true, unique=false}
04:45:58.006 [Test worker] DEBUG org.hibernate.cfg.annotations.PropertyBinder - MetadataSourceProcessor property expiration_date_to with lazy=false
04:45:58.006 [Test worker] DEBUG org.hibernate.cfg.AbstractPropertyHolder - Attempting to locate auto-apply AttributeConverter for property [web_prak.java.classes.Products:expiration_date_to]
04:45:58.006 [Test worker] DEBUG org.hibernate.cfg.annotations.SimpleValueBinder - building SimpleValue for expiration_date_to
04:45:58.006 [Test worker] DEBUG org.hibernate.cfg.annotations.PropertyBinder - Building property expiration_date_to
04:45:58.006 [Test worker] DEBUG org.hibernate.cfg.Ejb3Column - Binding column: Ejb3Column{table=org.hibernate.mapping.Table(products), mappingColumn=measure, insertable=true, updatable=true, unique=false}
04:45:58.007 [Test worker] DEBUG org.hibernate.cfg.annotations.PropertyBinder - MetadataSourceProcessor property measure with lazy=false
04:45:58.007 [Test worker] DEBUG org.hibernate.cfg.AbstractPropertyHolder - Attempting to locate auto-apply AttributeConverter for property [web_prak.java.classes.Products:measure]
04:45:58.007 [Test worker] DEBUG org.hibernate.cfg.annotations.SimpleValueBinder - building SimpleValue for measure
04:45:58.007 [Test worker] DEBUG org.hibernate.cfg.annotations.PropertyBinder - Building property measure
04:45:58.007 [Test worker] DEBUG org.hibernate.cfg.Ejb3Column - Binding column: Ejb3JoinColumn{logicalColumnName='place_id', referencedColumn='', mappedBy=''}
04:45:58.007 [Test worker] DEBUG org.hibernate.cfg.Ejb3Column - Binding column: Ejb3Column{table=org.hibernate.mapping.Table(products), mappingColumn=place_id, insertable=true, updatable=true, unique=false}
04:45:58.007 [Test worker] DEBUG org.hibernate.cfg.annotations.PropertyBinder - Building property place_id
04:45:58.007 [Test worker] DEBUG org.hibernate.cfg.Ejb3Column - Binding column: Ejb3Column{table=org.hibernate.mapping.Table(products), mappingColumn=product_name, insertable=true, updatable=true, unique=false}
04:45:58.007 [Test worker] DEBUG org.hibernate.cfg.annotations.PropertyBinder - MetadataSourceProcessor property product_name with lazy=false
04:45:58.007 [Test worker] DEBUG org.hibernate.cfg.AbstractPropertyHolder - Attempting to locate auto-apply AttributeConverter for property [web_prak.java.classes.Products:product_name]
04:45:58.007 [Test worker] DEBUG org.hibernate.cfg.annotations.SimpleValueBinder - building SimpleValue for product_name
04:45:58.007 [Test worker] DEBUG org.hibernate.cfg.annotations.PropertyBinder - Building property product_name
04:45:58.008 [Test worker] DEBUG org.hibernate.cfg.Ejb3Column - Binding column: Ejb3Column{table=org.hibernate.mapping.Table(products), mappingColumn=quantity, insertable=true, updatable=true, unique=false}
04:45:58.008 [Test worker] DEBUG org.hibernate.cfg.annotations.PropertyBinder - MetadataSourceProcessor property quantity with lazy=false
04:45:58.008 [Test worker] DEBUG org.hibernate.cfg.AbstractPropertyHolder - Attempting to locate auto-apply AttributeConverter for property [web_prak.java.classes.Products:quantity]
04:45:58.008 [Test worker] DEBUG org.hibernate.cfg.annotations.SimpleValueBinder - building SimpleValue for quantity
04:45:58.008 [Test worker] DEBUG org.hibernate.cfg.annotations.PropertyBinder - Building property quantity
04:45:58.008 [Test worker] DEBUG org.hibernate.cfg.Ejb3Column - Binding column: Ejb3Column{table=org.hibernate.mapping.Table(products), mappingColumn=type, insertable=true, updatable=true, unique=false}
04:45:58.008 [Test worker] DEBUG org.hibernate.cfg.annotations.PropertyBinder - MetadataSourceProcessor property type with lazy=false
04:45:58.008 [Test worker] DEBUG org.hibernate.cfg.AbstractPropertyHolder - Attempting to locate auto-apply AttributeConverter for property [web_prak.java.classes.Products:type]
04:45:58.008 [Test worker] DEBUG org.hibernate.cfg.annotations.SimpleValueBinder - building SimpleValue for type
04:45:58.008 [Test worker] DEBUG org.hibernate.cfg.annotations.PropertyBinder - Building property type
04:45:58.009 [Test worker] DEBUG org.hibernate.cfg.AnnotationBinder - Binding entity from annotated class: web_prak.java.classes.Register_place
04:45:58.009 [Test worker] DEBUG org.hibernate.cfg.Ejb3Column - Binding column: Ejb3DiscriminatorColumn{logicalColumnName'DTYPE', discriminatorTypeName='string'}
04:45:58.009 [Test worker] DEBUG org.hibernate.cfg.annotations.EntityBinder - Import with entity name Register_place
04:45:58.009 [Test worker] DEBUG org.hibernate.cfg.annotations.EntityBinder - Bind entity web_prak.java.classes.Register_place on table register_place
04:45:58.010 [Test worker] DEBUG org.hibernate.cfg.Ejb3Column - Binding column: Ejb3Column{table=org.hibernate.mapping.Table(register_place), mappingColumn=place_id, insertable=true, updatable=true, unique=false}
04:45:58.010 [Test worker] DEBUG org.hibernate.boot.internal.ClassLoaderAccessImpl - Not known whether passed class name [web_prak.java.classes.Register_place] is safe
04:45:58.010 [Test worker] DEBUG org.hibernate.boot.internal.ClassLoaderAccessImpl - No temp ClassLoader provided; using live ClassLoader for loading potentially unsafe class : web_prak.java.classes.Register_place
04:45:58.010 [Test worker] DEBUG org.hibernate.cfg.annotations.PropertyBinder - MetadataSourceProcessor property place_id with lazy=false
04:45:58.010 [Test worker] DEBUG org.hibernate.cfg.AbstractPropertyHolder - Attempting to locate auto-apply AttributeConverter for property [web_prak.java.classes.Register_place:place_id]
04:45:58.010 [Test worker] DEBUG org.hibernate.cfg.annotations.SimpleValueBinder - building SimpleValue for place_id
04:45:58.011 [Test worker] DEBUG org.hibernate.cfg.annotations.PropertyBinder - Building property place_id
04:45:58.011 [Test worker] DEBUG org.hibernate.cfg.BinderHelper - #makeIdGenerator(org.hibernate.mapping.SimpleValue([org.hibernate.mapping.Column(place_id)]), place_id, identity, , ...)
04:45:58.011 [Test worker] DEBUG org.hibernate.cfg.Ejb3Column - Binding column: Ejb3Column{table=org.hibernate.mapping.Table(register_place), mappingColumn=free, insertable=true, updatable=true, unique=false}
04:45:58.011 [Test worker] DEBUG org.hibernate.cfg.annotations.PropertyBinder - MetadataSourceProcessor property free with lazy=false
04:45:58.011 [Test worker] DEBUG org.hibernate.cfg.AbstractPropertyHolder - Attempting to locate auto-apply AttributeConverter for property [web_prak.java.classes.Register_place:free]
04:45:58.011 [Test worker] DEBUG org.hibernate.cfg.annotations.SimpleValueBinder - building SimpleValue for free
04:45:58.011 [Test worker] DEBUG org.hibernate.cfg.annotations.PropertyBinder - Building property free
04:45:58.011 [Test worker] DEBUG org.hibernate.cfg.Ejb3Column - Binding column: Ejb3Column{table=org.hibernate.mapping.Table(register_place), mappingColumn=storage_location, insertable=true, updatable=true, unique=false}
04:45:58.011 [Test worker] DEBUG org.hibernate.cfg.annotations.PropertyBinder - MetadataSourceProcessor property storage_location with lazy=false
04:45:58.011 [Test worker] DEBUG org.hibernate.cfg.AbstractPropertyHolder - Attempting to locate auto-apply AttributeConverter for property [web_prak.java.classes.Register_place:storage_location]
04:45:58.011 [Test worker] DEBUG org.hibernate.cfg.annotations.SimpleValueBinder - building SimpleValue for storage_location
04:45:58.011 [Test worker] DEBUG org.hibernate.cfg.annotations.PropertyBinder - Building property storage_location
04:45:58.012 [Test worker] DEBUG org.hibernate.cfg.AnnotationBinder - Binding entity from annotated class: web_prak.java.classes.Suppliers
04:45:58.012 [Test worker] DEBUG org.hibernate.cfg.Ejb3Column - Binding column: Ejb3DiscriminatorColumn{logicalColumnName'DTYPE', discriminatorTypeName='string'}
04:45:58.012 [Test worker] DEBUG org.hibernate.cfg.annotations.EntityBinder - Import with entity name Suppliers
04:45:58.012 [Test worker] DEBUG org.hibernate.cfg.annotations.EntityBinder - Bind entity web_prak.java.classes.Suppliers on table suppliers
04:45:58.013 [Test worker] DEBUG org.hibernate.cfg.Ejb3Column - Binding column: Ejb3Column{table=org.hibernate.mapping.Table(suppliers), mappingColumn=supplier_id, insertable=true, updatable=true, unique=false}
04:45:58.013 [Test worker] DEBUG org.hibernate.boot.internal.ClassLoaderAccessImpl - Not known whether passed class name [web_prak.java.classes.Suppliers] is safe
04:45:58.013 [Test worker] DEBUG org.hibernate.boot.internal.ClassLoaderAccessImpl - No temp ClassLoader provided; using live ClassLoader for loading potentially unsafe class : web_prak.java.classes.Suppliers
04:45:58.013 [Test worker] DEBUG org.hibernate.cfg.annotations.PropertyBinder - MetadataSourceProcessor property supplier_id with lazy=false
04:45:58.013 [Test worker] DEBUG org.hibernate.cfg.AbstractPropertyHolder - Attempting to locate auto-apply AttributeConverter for property [web_prak.java.classes.Suppliers:supplier_id]
04:45:58.013 [Test worker] DEBUG org.hibernate.cfg.annotations.SimpleValueBinder - building SimpleValue for supplier_id
04:45:58.013 [Test worker] DEBUG org.hibernate.cfg.annotations.PropertyBinder - Building property supplier_id
04:45:58.013 [Test worker] DEBUG org.hibernate.cfg.BinderHelper - #makeIdGenerator(org.hibernate.mapping.SimpleValue([org.hibernate.mapping.Column(supplier_id)]), supplier_id, identity, , ...)
04:45:58.013 [Test worker] DEBUG org.hibernate.cfg.Ejb3Column - Binding column: Ejb3Column{table=org.hibernate.mapping.Table(suppliers), mappingColumn=address, insertable=true, updatable=true, unique=false}
04:45:58.014 [Test worker] DEBUG org.hibernate.cfg.annotations.PropertyBinder - MetadataSourceProcessor property address with lazy=false
04:45:58.014 [Test worker] DEBUG org.hibernate.cfg.AbstractPropertyHolder - Attempting to locate auto-apply AttributeConverter for property [web_prak.java.classes.Suppliers:address]
04:45:58.014 [Test worker] DEBUG org.hibernate.cfg.annotations.SimpleValueBinder - building SimpleValue for address
04:45:58.014 [Test worker] DEBUG org.hibernate.cfg.annotations.PropertyBinder - Building property address
04:45:58.014 [Test worker] DEBUG org.hibernate.cfg.Ejb3Column - Binding column: Ejb3Column{table=org.hibernate.mapping.Table(suppliers), mappingColumn=contact, insertable=true, updatable=true, unique=false}
04:45:58.014 [Test worker] DEBUG org.hibernate.cfg.annotations.PropertyBinder - MetadataSourceProcessor property contact with lazy=false
04:45:58.014 [Test worker] DEBUG org.hibernate.cfg.AbstractPropertyHolder - Attempting to locate auto-apply AttributeConverter for property [web_prak.java.classes.Suppliers:contact]
04:45:58.014 [Test worker] DEBUG org.hibernate.cfg.annotations.SimpleValueBinder - building SimpleValue for contact
04:45:58.014 [Test worker] DEBUG org.hibernate.cfg.annotations.PropertyBinder - Building property contact
04:45:58.014 [Test worker] DEBUG org.hibernate.cfg.Ejb3Column - Binding column: Ejb3Column{table=org.hibernate.mapping.Table(suppliers), mappingColumn=email, insertable=true, updatable=true, unique=false}
04:45:58.014 [Test worker] DEBUG org.hibernate.cfg.annotations.PropertyBinder - MetadataSourceProcessor property email with lazy=false
04:45:58.014 [Test worker] DEBUG org.hibernate.cfg.AbstractPropertyHolder - Attempting to locate auto-apply AttributeConverter for property [web_prak.java.classes.Suppliers:email]
04:45:58.014 [Test worker] DEBUG org.hibernate.cfg.annotations.SimpleValueBinder - building SimpleValue for email
04:45:58.014 [Test worker] DEBUG org.hibernate.cfg.annotations.PropertyBinder - Building property email
04:45:58.014 [Test worker] DEBUG org.hibernate.cfg.Ejb3Column - Binding column: Ejb3Column{table=org.hibernate.mapping.Table(suppliers), mappingColumn=supplier_name, insertable=true, updatable=true, unique=false}
04:45:58.014 [Test worker] DEBUG org.hibernate.cfg.annotations.PropertyBinder - MetadataSourceProcessor property supplier_name with lazy=false
04:45:58.014 [Test worker] DEBUG org.hibernate.cfg.AbstractPropertyHolder - Attempting to locate auto-apply AttributeConverter for property [web_prak.java.classes.Suppliers:supplier_name]
04:45:58.014 [Test worker] DEBUG org.hibernate.cfg.annotations.SimpleValueBinder - building SimpleValue for supplier_name
04:45:58.014 [Test worker] DEBUG org.hibernate.cfg.annotations.PropertyBinder - Building property supplier_name
04:45:58.015 [Test worker] DEBUG org.hibernate.cfg.AnnotationBinder - Binding entity from annotated class: web_prak.java.classes.Supplies
04:45:58.015 [Test worker] DEBUG org.hibernate.cfg.Ejb3Column - Binding column: Ejb3DiscriminatorColumn{logicalColumnName'DTYPE', discriminatorTypeName='string'}
04:45:58.015 [Test worker] DEBUG org.hibernate.cfg.annotations.EntityBinder - Import with entity name Supplies
04:45:58.015 [Test worker] DEBUG org.hibernate.cfg.annotations.EntityBinder - Bind entity web_prak.java.classes.Supplies on table supplies
04:45:58.016 [Test worker] DEBUG org.hibernate.cfg.Ejb3Column - Binding column: Ejb3Column{table=org.hibernate.mapping.Table(supplies), mappingColumn=supply_id, insertable=true, updatable=true, unique=false}
04:45:58.016 [Test worker] DEBUG org.hibernate.boot.internal.ClassLoaderAccessImpl - Not known whether passed class name [web_prak.java.classes.Supplies] is safe
04:45:58.016 [Test worker] DEBUG org.hibernate.boot.internal.ClassLoaderAccessImpl - No temp ClassLoader provided; using live ClassLoader for loading potentially unsafe class : web_prak.java.classes.Supplies
04:45:58.016 [Test worker] DEBUG org.hibernate.cfg.annotations.PropertyBinder - MetadataSourceProcessor property supply_id with lazy=false
04:45:58.016 [Test worker] DEBUG org.hibernate.cfg.AbstractPropertyHolder - Attempting to locate auto-apply AttributeConverter for property [web_prak.java.classes.Supplies:supply_id]
04:45:58.016 [Test worker] DEBUG org.hibernate.cfg.annotations.SimpleValueBinder - building SimpleValue for supply_id
04:45:58.017 [Test worker] DEBUG org.hibernate.cfg.annotations.PropertyBinder - Building property supply_id
04:45:58.017 [Test worker] DEBUG org.hibernate.cfg.BinderHelper - #makeIdGenerator(org.hibernate.mapping.SimpleValue([org.hibernate.mapping.Column(supply_id)]), supply_id, identity, , ...)
04:45:58.017 [Test worker] DEBUG org.hibernate.cfg.Ejb3Column - Binding column: Ejb3Column{table=org.hibernate.mapping.Table(supplies), mappingColumn=data_supply, insertable=true, updatable=true, unique=false}
04:45:58.017 [Test worker] DEBUG org.hibernate.cfg.annotations.PropertyBinder - MetadataSourceProcessor property data_supply with lazy=false
04:45:58.017 [Test worker] DEBUG org.hibernate.cfg.AbstractPropertyHolder - Attempting to locate auto-apply AttributeConverter for property [web_prak.java.classes.Supplies:data_supply]
04:45:58.017 [Test worker] DEBUG org.hibernate.cfg.annotations.SimpleValueBinder - building SimpleValue for data_supply
04:45:58.017 [Test worker] DEBUG org.hibernate.cfg.annotations.PropertyBinder - Building property data_supply
04:45:58.017 [Test worker] DEBUG org.hibernate.cfg.Ejb3Column - Binding column: Ejb3Column{table=org.hibernate.mapping.Table(supplies), mappingColumn=status, insertable=true, updatable=true, unique=false}
04:45:58.017 [Test worker] DEBUG org.hibernate.cfg.annotations.PropertyBinder - MetadataSourceProcessor property status with lazy=false
04:45:58.017 [Test worker] DEBUG org.hibernate.cfg.AbstractPropertyHolder - Attempting to locate auto-apply AttributeConverter for property [web_prak.java.classes.Supplies:status]
04:45:58.017 [Test worker] DEBUG org.hibernate.cfg.annotations.SimpleValueBinder - building SimpleValue for status
04:45:58.017 [Test worker] DEBUG org.hibernate.cfg.annotations.PropertyBinder - Building property status
04:45:58.017 [Test worker] DEBUG org.hibernate.cfg.Ejb3Column - Binding column: Ejb3Column{table=org.hibernate.mapping.Table(supplies), mappingColumn=store_period, insertable=true, updatable=true, unique=false}
04:45:58.017 [Test worker] DEBUG org.hibernate.cfg.annotations.PropertyBinder - MetadataSourceProcessor property store_period with lazy=false
04:45:58.017 [Test worker] DEBUG org.hibernate.cfg.AbstractPropertyHolder - Attempting to locate auto-apply AttributeConverter for property [web_prak.java.classes.Supplies:store_period]
04:45:58.017 [Test worker] DEBUG org.hibernate.cfg.annotations.SimpleValueBinder - building SimpleValue for store_period
04:45:58.017 [Test worker] DEBUG org.hibernate.cfg.annotations.PropertyBinder - Building property store_period
04:45:58.018 [Test worker] DEBUG org.hibernate.cfg.Ejb3Column - Binding column: Ejb3JoinColumn{logicalColumnName='supplier_id', referencedColumn='', mappedBy=''}
04:45:58.018 [Test worker] DEBUG org.hibernate.cfg.Ejb3Column - Binding column: Ejb3Column{table=org.hibernate.mapping.Table(supplies), mappingColumn=supplier_id, insertable=true, updatable=true, unique=false}
04:45:58.018 [Test worker] DEBUG org.hibernate.cfg.annotations.PropertyBinder - Building property supplier_id
04:45:58.018 [Test worker] DEBUG org.hibernate.cfg.AnnotationBinder - Binding entity from annotated class: web_prak.java.classes.Supplies_list
04:45:58.018 [Test worker] DEBUG org.hibernate.cfg.Ejb3Column - Binding column: Ejb3DiscriminatorColumn{logicalColumnName'DTYPE', discriminatorTypeName='string'}
04:45:58.018 [Test worker] DEBUG org.hibernate.cfg.annotations.EntityBinder - Import with entity name Supplies_list
04:45:58.018 [Test worker] DEBUG org.hibernate.cfg.annotations.EntityBinder - Bind entity web_prak.java.classes.Supplies_list on table supplies_list
04:45:58.019 [Test worker] DEBUG org.hibernate.cfg.Ejb3Column - Binding column: Ejb3Column{table=org.hibernate.mapping.Table(supplies_list), mappingColumn=supplies_list_id, insertable=true, updatable=true, unique=false}
04:45:58.019 [Test worker] DEBUG org.hibernate.boot.internal.ClassLoaderAccessImpl - Not known whether passed class name [web_prak.java.classes.Supplies_list] is safe
04:45:58.019 [Test worker] DEBUG org.hibernate.boot.internal.ClassLoaderAccessImpl - No temp ClassLoader provided; using live ClassLoader for loading potentially unsafe class : web_prak.java.classes.Supplies_list
04:45:58.019 [Test worker] DEBUG org.hibernate.cfg.annotations.PropertyBinder - MetadataSourceProcessor property supplies_list_id with lazy=false
04:45:58.019 [Test worker] DEBUG org.hibernate.cfg.AbstractPropertyHolder - Attempting to locate auto-apply AttributeConverter for property [web_prak.java.classes.Supplies_list:supplies_list_id]
04:45:58.019 [Test worker] DEBUG org.hibernate.cfg.annotations.SimpleValueBinder - building SimpleValue for supplies_list_id
04:45:58.019 [Test worker] DEBUG org.hibernate.cfg.annotations.PropertyBinder - Building property supplies_list_id
04:45:58.020 [Test worker] DEBUG org.hibernate.cfg.BinderHelper - #makeIdGenerator(org.hibernate.mapping.SimpleValue([org.hibernate.mapping.Column(supplies_list_id)]), supplies_list_id, identity, , ...)
04:45:58.020 [Test worker] DEBUG org.hibernate.cfg.Ejb3Column - Binding column: Ejb3JoinColumn{logicalColumnName='product_id', referencedColumn='', mappedBy=''}
04:45:58.020 [Test worker] DEBUG org.hibernate.cfg.Ejb3Column - Binding column: Ejb3Column{table=org.hibernate.mapping.Table(supplies_list), mappingColumn=product_id, insertable=true, updatable=true, unique=false}
04:45:58.020 [Test worker] DEBUG org.hibernate.cfg.annotations.PropertyBinder - Building property product_id
04:45:58.020 [Test worker] DEBUG org.hibernate.cfg.Ejb3Column - Binding column: Ejb3Column{table=org.hibernate.mapping.Table(supplies_list), mappingColumn=quantity, insertable=true, updatable=true, unique=false}
04:45:58.020 [Test worker] DEBUG org.hibernate.cfg.annotations.PropertyBinder - MetadataSourceProcessor property quantity with lazy=false
04:45:58.020 [Test worker] DEBUG org.hibernate.cfg.AbstractPropertyHolder - Attempting to locate auto-apply AttributeConverter for property [web_prak.java.classes.Supplies_list:quantity]
04:45:58.020 [Test worker] DEBUG org.hibernate.cfg.annotations.SimpleValueBinder - building SimpleValue for quantity
04:45:58.020 [Test worker] DEBUG org.hibernate.cfg.annotations.PropertyBinder - Building property quantity
04:45:58.020 [Test worker] DEBUG org.hibernate.cfg.Ejb3Column - Binding column: Ejb3JoinColumn{logicalColumnName='supply_id', referencedColumn='', mappedBy=''}
04:45:58.020 [Test worker] DEBUG org.hibernate.cfg.Ejb3Column - Binding column: Ejb3Column{table=org.hibernate.mapping.Table(supplies_list), mappingColumn=supply_id, insertable=true, updatable=true, unique=false}
04:45:58.021 [Test worker] DEBUG org.hibernate.cfg.annotations.PropertyBinder - Building property supply_id
04:45:58.022 [Test worker] DEBUG org.hibernate.cfg.annotations.SimpleValueBinder - Starting fillSimpleValue for client_id
04:45:58.022 [Test worker] DEBUG org.hibernate.cfg.annotations.SimpleValueBinder - Starting fillSimpleValue for address
04:45:58.022 [Test worker] DEBUG org.hibernate.cfg.annotations.SimpleValueBinder - Starting fillSimpleValue for client_name
04:45:58.023 [Test worker] DEBUG org.hibernate.cfg.annotations.SimpleValueBinder - Starting fillSimpleValue for contact
04:45:58.023 [Test worker] DEBUG org.hibernate.cfg.annotations.SimpleValueBinder - Starting fillSimpleValue for email
04:45:58.023 [Test worker] DEBUG org.hibernate.cfg.annotations.SimpleValueBinder - Starting fillSimpleValue for delivery_id
04:45:58.023 [Test worker] DEBUG org.hibernate.cfg.annotations.SimpleValueBinder - Starting fillSimpleValue for date_issue
04:45:58.023 [Test worker] DEBUG org.hibernate.cfg.annotations.SimpleValueBinder - Starting fillSimpleValue for status
04:45:58.023 [Test worker] DEBUG org.hibernate.cfg.annotations.SimpleValueBinder - Starting fillSimpleValue for deliveries_list_id
04:45:58.023 [Test worker] DEBUG org.hibernate.cfg.annotations.SimpleValueBinder - Starting fillSimpleValue for quantity
04:45:58.023 [Test worker] DEBUG org.hibernate.cfg.annotations.SimpleValueBinder - Starting fillSimpleValue for product_id
04:45:58.023 [Test worker] DEBUG org.hibernate.cfg.annotations.SimpleValueBinder - Starting fillSimpleValue for expiration_date_from
04:45:58.023 [Test worker] DEBUG org.hibernate.cfg.annotations.SimpleValueBinder - Starting fillSimpleValue for expiration_date_to
04:45:58.023 [Test worker] DEBUG org.hibernate.cfg.annotations.SimpleValueBinder - Starting fillSimpleValue for measure
04:45:58.023 [Test worker] DEBUG org.hibernate.cfg.annotations.SimpleValueBinder - Starting fillSimpleValue for product_name
04:45:58.023 [Test worker] DEBUG org.hibernate.cfg.annotations.SimpleValueBinder - Starting fillSimpleValue for quantity
04:45:58.023 [Test worker] DEBUG org.hibernate.cfg.annotations.SimpleValueBinder - Starting fillSimpleValue for type
04:45:58.023 [Test worker] DEBUG org.hibernate.cfg.annotations.SimpleValueBinder - Starting fillSimpleValue for place_id
04:45:58.023 [Test worker] DEBUG org.hibernate.cfg.annotations.SimpleValueBinder - Starting fillSimpleValue for free
04:45:58.023 [Test worker] DEBUG org.hibernate.cfg.annotations.SimpleValueBinder - Starting fillSimpleValue for storage_location
04:45:58.023 [Test worker] DEBUG org.hibernate.cfg.annotations.SimpleValueBinder - Starting fillSimpleValue for supplier_id
04:45:58.023 [Test worker] DEBUG org.hibernate.cfg.annotations.SimpleValueBinder - Starting fillSimpleValue for address
04:45:58.023 [Test worker] DEBUG org.hibernate.cfg.annotations.SimpleValueBinder - Starting fillSimpleValue for contact
04:45:58.023 [Test worker] DEBUG org.hibernate.cfg.annotations.SimpleValueBinder - Starting fillSimpleValue for email
04:45:58.023 [Test worker] DEBUG org.hibernate.cfg.annotations.SimpleValueBinder - Starting fillSimpleValue for supplier_name
04:45:58.023 [Test worker] DEBUG org.hibernate.cfg.annotations.SimpleValueBinder - Starting fillSimpleValue for supply_id
04:45:58.023 [Test worker] DEBUG org.hibernate.cfg.annotations.SimpleValueBinder - Starting fillSimpleValue for data_supply
04:45:58.023 [Test worker] DEBUG org.hibernate.cfg.annotations.SimpleValueBinder - Starting fillSimpleValue for status
04:45:58.023 [Test worker] DEBUG org.hibernate.cfg.annotations.SimpleValueBinder - Starting fillSimpleValue for store_period
04:45:58.023 [Test worker] DEBUG org.hibernate.cfg.annotations.SimpleValueBinder - Starting fillSimpleValue for supplies_list_id
04:45:58.023 [Test worker] DEBUG org.hibernate.cfg.annotations.SimpleValueBinder - Starting fillSimpleValue for quantity
04:45:58.027 [Test worker] DEBUG org.hibernate.mapping.PrimaryKey - Forcing column [client_id] to be non-null as it is part of the primary key for table [clients]
04:45:58.027 [Test worker] DEBUG org.hibernate.mapping.PrimaryKey - Forcing column [delivery_id] to be non-null as it is part of the primary key for table [deliveries]
04:45:58.027 [Test worker] DEBUG org.hibernate.mapping.PrimaryKey - Forcing column [deliveries_list_id] to be non-null as it is part of the primary key for table [deliveries_list]
04:45:58.027 [Test worker] DEBUG org.hibernate.mapping.PrimaryKey - Forcing column [product_id] to be non-null as it is part of the primary key for table [products]
04:45:58.027 [Test worker] DEBUG org.hibernate.mapping.PrimaryKey - Forcing column [place_id] to be non-null as it is part of the primary key for table [register_place]
04:45:58.027 [Test worker] DEBUG org.hibernate.mapping.PrimaryKey - Forcing column [supplier_id] to be non-null as it is part of the primary key for table [suppliers]
04:45:58.027 [Test worker] DEBUG org.hibernate.mapping.PrimaryKey - Forcing column [supply_id] to be non-null as it is part of the primary key for table [supplies]
04:45:58.027 [Test worker] DEBUG org.hibernate.mapping.PrimaryKey - Forcing column [supplies_list_id] to be non-null as it is part of the primary key for table [supplies_list]
04:45:58.028 [Test worker] DEBUG org.hibernate.boot.internal.InFlightMetadataCollectorImpl - Resolving reference to class: web_prak.java.classes.Clients
04:45:58.030 [Test worker] DEBUG org.hibernate.boot.internal.InFlightMetadataCollectorImpl - Resolving reference to class: web_prak.java.classes.Deliveries
04:45:58.030 [Test worker] DEBUG org.hibernate.boot.internal.InFlightMetadataCollectorImpl - Resolving reference to class: web_prak.java.classes.Products
04:45:58.030 [Test worker] DEBUG org.hibernate.boot.internal.InFlightMetadataCollectorImpl - Resolving reference to class: web_prak.java.classes.Register_place
04:45:58.031 [Test worker] DEBUG org.hibernate.boot.internal.InFlightMetadataCollectorImpl - Resolving reference to class: web_prak.java.classes.Suppliers
04:45:58.031 [Test worker] DEBUG org.hibernate.boot.internal.InFlightMetadataCollectorImpl - Resolving reference to class: web_prak.java.classes.Products
04:45:58.031 [Test worker] DEBUG org.hibernate.boot.internal.InFlightMetadataCollectorImpl - Resolving reference to class: web_prak.java.classes.Supplies
04:45:58.032 [Test worker] DEBUG org.hibernate.boot.internal.InFlightMetadataCollectorImpl - Resolving reference to class: web_prak.java.classes.Clients
04:45:58.033 [Test worker] DEBUG org.hibernate.boot.internal.InFlightMetadataCollectorImpl - Resolving reference to class: web_prak.java.classes.Deliveries
04:45:58.033 [Test worker] DEBUG org.hibernate.boot.internal.InFlightMetadataCollectorImpl - Resolving reference to class: web_prak.java.classes.Products
04:45:58.033 [Test worker] DEBUG org.hibernate.boot.internal.InFlightMetadataCollectorImpl - Resolving reference to class: web_prak.java.classes.Register_place
04:45:58.033 [Test worker] DEBUG org.hibernate.boot.internal.InFlightMetadataCollectorImpl - Resolving reference to class: web_prak.java.classes.Suppliers
04:45:58.033 [Test worker] DEBUG org.hibernate.boot.internal.InFlightMetadataCollectorImpl - Resolving reference to class: web_prak.java.classes.Products
04:45:58.033 [Test worker] DEBUG org.hibernate.boot.internal.InFlightMetadataCollectorImpl - Resolving reference to class: web_prak.java.classes.Supplies
04:45:58.055 [Test worker] DEBUG org.hibernate.internal.SessionFactoryImpl - Building session factory
04:45:58.057 [Test worker] DEBUG org.hibernate.cfg.Settings - SessionFactory name : null
04:45:58.057 [Test worker] DEBUG org.hibernate.cfg.Settings - Automatic flush during beforeCompletion(): enabled
04:45:58.057 [Test worker] DEBUG org.hibernate.cfg.Settings - Automatic session close at end of transaction: disabled
04:45:58.057 [Test worker] DEBUG org.hibernate.cfg.Settings - Statistics: disabled
04:45:58.057 [Test worker] DEBUG org.hibernate.cfg.Settings - Deleted entity synthetic identifier rollback: disabled
04:45:58.057 [Test worker] DEBUG org.hibernate.cfg.Settings - Default entity-mode: pojo
04:45:58.057 [Test worker] DEBUG org.hibernate.cfg.Settings - Check Nullability in Core (should be disabled when Bean Validation is on): enabled
04:45:58.057 [Test worker] DEBUG org.hibernate.cfg.Settings - Allow initialization of lazy state outside session : disabled
04:45:58.058 [Test worker] DEBUG org.hibernate.cfg.Settings - Using BatchFetchStyle : LEGACY
04:45:58.058 [Test worker] DEBUG org.hibernate.cfg.Settings - Default batch fetch size: -1
04:45:58.058 [Test worker] DEBUG org.hibernate.cfg.Settings - Maximum outer join fetch depth: null
04:45:58.058 [Test worker] DEBUG org.hibernate.cfg.Settings - Default null ordering: NONE
04:45:58.058 [Test worker] DEBUG org.hibernate.cfg.Settings - Order SQL updates by primary key: disabled
04:45:58.058 [Test worker] DEBUG org.hibernate.cfg.Settings - Order SQL inserts for batching: disabled
04:45:58.058 [Test worker] DEBUG org.hibernate.cfg.Settings - multi-tenancy strategy : NONE
04:45:58.058 [Test worker] DEBUG org.hibernate.cfg.Settings - JTA Track by Thread: enabled
04:45:58.058 [Test worker] DEBUG org.hibernate.cfg.Settings - Query language substitutions: {}
04:45:58.058 [Test worker] DEBUG org.hibernate.cfg.Settings - Named query checking : enabled
04:45:58.058 [Test worker] DEBUG org.hibernate.cfg.Settings - Second-level cache: disabled
04:45:58.058 [Test worker] DEBUG org.hibernate.cfg.Settings - Second-level query cache: disabled
04:45:58.058 [Test worker] DEBUG org.hibernate.cfg.Settings - Second-level query cache factory: null
04:45:58.058 [Test worker] DEBUG org.hibernate.cfg.Settings - Second-level cache region prefix: null
04:45:58.058 [Test worker] DEBUG org.hibernate.cfg.Settings - Optimize second-level cache for minimal puts: disabled
04:45:58.058 [Test worker] DEBUG org.hibernate.cfg.Settings - Structured second-level cache entries: disabled
04:45:58.058 [Test worker] DEBUG org.hibernate.cfg.Settings - Second-level cache direct-reference entries: disabled
04:45:58.058 [Test worker] DEBUG org.hibernate.cfg.Settings - Automatic eviction of collection cache: disabled
04:45:58.058 [Test worker] DEBUG org.hibernate.cfg.Settings - JDBC batch size: 15
04:45:58.058 [Test worker] DEBUG org.hibernate.cfg.Settings - JDBC batch updates for versioned data: enabled
04:45:58.058 [Test worker] DEBUG org.hibernate.cfg.Settings - Scrollable result sets: enabled
04:45:58.058 [Test worker] DEBUG org.hibernate.cfg.Settings - Wrap result sets: disabled
04:45:58.058 [Test worker] DEBUG org.hibernate.cfg.Settings - JDBC3 getGeneratedKeys(): enabled
04:45:58.058 [Test worker] DEBUG org.hibernate.cfg.Settings - JDBC result set fetch size: null
04:45:58.058 [Test worker] DEBUG org.hibernate.cfg.Settings - Connection release mode: AFTER_TRANSACTION
04:45:58.058 [Test worker] DEBUG org.hibernate.cfg.Settings - Generate SQL with comments: disabled
04:45:58.058 [Test worker] DEBUG org.hibernate.cfg.Settings - JPA compliance - query : disabled
04:45:58.058 [Test worker] DEBUG org.hibernate.cfg.Settings - JPA compliance - closed-handling : disabled
04:45:58.058 [Test worker] DEBUG org.hibernate.cfg.Settings - JPA compliance - lists : disabled
04:45:58.058 [Test worker] DEBUG org.hibernate.cfg.Settings - JPA compliance - transactions : disabled
04:45:58.089 [Test worker] DEBUG org.hibernate.service.internal.SessionFactoryServiceRegistryImpl - EventListenerRegistry access via ServiceRegistry is deprecated.  Use `sessionFactory.getEventEngine().getListenerRegistry()` instead
04:45:58.090 [Test worker] DEBUG org.hibernate.service.internal.SessionFactoryServiceRegistryImpl - EventListenerRegistry access via ServiceRegistry is deprecated.  Use `sessionFactory.getEventEngine().getListenerRegistry()` instead
04:45:58.096 [Test worker] DEBUG org.hibernate.internal.SessionFactoryImpl - Session factory constructed with filter configurations : {}
04:45:58.097 [Test worker] DEBUG org.hibernate.internal.SessionFactoryImpl - Instantiating session factory with properties: {dialect=org.hibernate.dialect.PostgreSQL10Dialect, java.specification.version=17, sun.jnu.encoding=UTF-8, hibernate.dialect=org.hibernate.dialect.PostgreSQL10Dialect, org.gradle.test.worker=12, java.class.path=/home/bekzat/.gradle/caches/7.4.1/workerMain/gradle-worker.jar:/home/bekzat/Beka/Web_java/build/classes/java/test:/home/bekzat/Beka/Web_java/build/classes/java/main:/home/bekzat/Beka/Web_java/build/resources/main:/home/bekzat/.gradle/caches/modules-2/files-2.1/org.springframework.boot/spring-boot-starter-web/2.6.4/4aa74a41a8ff99e256433805b0ee63a6053d6b6c/spring-boot-starter-web-2.6.4.jar:/home/bekzat/.gradle/caches/modules-2/files-2.1/org.springframework/spring-orm/5.3.16/74e2e8227522a9f369b266b66fd71bf416d04a2f/spring-orm-5.3.16.jar:/home/bekzat/.gradle/caches/modules-2/files-2.1/org.projectlombok/lombok/1.18.22/9c08ea24c6eb714e2d6170e8122c069a0ba9aacf/lombok-1.18.22.jar:/home/bekzat/.gradle/caches/modules-2/files-2.1/org.hibernate/hibernate-core/5.6.5.Final/d5c41d9018d16ca6076726f0f037ba8a0ebc0cb4/hibernate-core-5.6.5.Final.jar:/home/bekzat/.gradle/caches/modules-2/files-2.1/org.postgresql/postgresql/42.3.3/6f639af368afda4c5a3e77a6299262c501e67076/postgresql-42.3.3.jar:/home/bekzat/.gradle/caches/modules-2/files-2.1/org.springframework.boot/spring-boot-starter-thymeleaf/2.6.4/eb6a670880be2a1522c441274dab9092dd448c0c/spring-boot-starter-thymeleaf-2.6.4.jar:/home/bekzat/.gradle/caches/modules-2/files-2.1/org.thymeleaf/thymeleaf-spring5/3.1.0.M1/1a7ba680e577d57a2a9f8ede4c74127a24425810/thymeleaf-spring5-3.1.0.M1.jar:/home/bekzat/.gradle/caches/modules-2/files-2.1/org.thymeleaf.extras/thymeleaf-extras-java8time/3.0.4.RELEASE/36e7175ddce36c486fff4578b5af7bb32f54f5df/thymeleaf-extras-java8time-3.0.4.RELEASE.jar:/home/bekzat/.gradle/caches/modules-2/files-2.1/org.thymeleaf/thymeleaf/3.1.0.M1/74b50c48c6bd73886db0848826924438ce601499/thymeleaf-3.1.0.M1.jar:/home/bekzat/.gradle/caches/modules-2/files-2.1/org.seleniumhq.selenium/selenium-java/4.1.3/d1ff6102a8b23729b967406ea85f40fea5a2e970/selenium-java-4.1.3.jar:/home/bekzat/.gradle/caches/modules-2/files-2.1/org.testng/testng/7.5/1416a607fae667c14e390b484e8d02b5824c0674/testng-7.5.jar:/home/bekzat/.gradle/caches/modules-2/files-2.1/org.springframework.boot/spring-boot-starter-test/2.6.4/4befb5f23c4bac74125d1c9e4f3721586b315d3a/spring-boot-starter-test-2.6.4.jar:/home/bekzat/.gradle/caches/modules-2/files-2.1/org.seleniumhq.selenium/selenium-chrome-driver/4.1.3/68af859b6ebb156c53ab8e54c0f130a6813b4973/selenium-chrome-driver-4.1.3.jar:/home/bekzat/.gradle/caches/modules-2/files-2.1/org.seleniumhq.selenium/selenium-firefox-driver/4.1.3/c4d5b77a057b1bc0cb909e4e51e2db3a979edfdf/selenium-firefox-driver-4.1.3.jar:/home/bekzat/.gradle/caches/modules-2/files-2.1/org.seleniumhq.selenium/selenium-devtools-v85/4.1.3/627f9ea27c505032abb04b480aed5462e3a24182/selenium-devtools-v85-4.1.3.jar:/home/bekzat/.gradle/caches/modules-2/files-2.1/org.seleniumhq.selenium/selenium-devtools-v97/4.1.3/25ce7b8bd0d694796b45953b6f9db92066ac2b71/selenium-devtools-v97-4.1.3.jar:/home/bekzat/.gradle/caches/modules-2/files-2.1/org.seleniumhq.selenium/selenium-devtools-v98/4.1.3/2d6482630a4f20552c78518abaf9178707eed161/selenium-devtools-v98-4.1.3.jar:/home/bekzat/.gradle/caches/modules-2/files-2.1/org.seleniumhq.selenium/selenium-devtools-v99/4.1.3/efbdac8d0865f10ad26e45533e46be766dedf980/selenium-devtools-v99-4.1.3.jar:/home/bekzat/.gradle/caches/modules-2/files-2.1/org.seleniumhq.selenium/selenium-edge-driver/3.141.59/fc09c66f2d0b33b0816d770761ad1d599ef0df29/selenium-edge-driver-3.141.59.jar:/home/bekzat/.gradle/caches/modules-2/files-2.1/org.seleniumhq.selenium/selenium-ie-driver/3.141.59/677b9b414a3a9bb2aeea89042a7b326edeb13a82/selenium-ie-driver-3.141.59.jar:/home/bekzat/.gradle/caches/modules-2/files-2.1/org.seleniumhq.selenium/selenium-opera-driver/3.141.59/6b11ed01182bfd8bb62ddeae34cf9eadd3cfc7ff/selenium-opera-driver-3.141.59.jar:/home/bekzat/.gradle/caches/modules-2/files-2.1/org.seleniumhq.selenium/selenium-safari-driver/3.141.59/a32b5b88f46ea4b0356079f0d2e2217543923046/selenium-safari-driver-3.141.59.jar:/home/bekzat/.gradle/caches/modules-2/files-2.1/org.seleniumhq.selenium/selenium-support/3.141.59/8735de5049acf0e761defc65ee5837d6541abaf5/selenium-support-3.141.59.jar:/home/bekzat/.gradle/caches/modules-2/files-2.1/org.seleniumhq.selenium/selenium-chromium-driver/4.1.3/963a217eed29f23fcf4ab6958ffb0bdb465c0997/selenium-chromium-driver-4.1.3.jar:/home/bekzat/.gradle/caches/modules-2/files-2.1/org.seleniumhq.selenium/selenium-remote-driver/4.1.3/e6afa0be155f9cfc387541c6cc771351a8e2fbc7/selenium-remote-driver-4.1.3.jar:/home/bekzat/.gradle/caches/modules-2/files-2.1/org.seleniumhq.selenium/selenium-http/4.1.3/709298cf6e4d23c9406b99cac358a9ef4aba338b/selenium-http-4.1.3.jar:/home/bekzat/.gradle/caches/modules-2/files-2.1/org.seleniumhq.selenium/selenium-json/4.1.3/d6b50de970b3cf420fdd58b656c500745202da85/selenium-json-4.1.3.jar:/home/bekzat/.gradle/caches/modules-2/files-2.1/org.seleniumhq.selenium/selenium-api/4.1.3/a9cd76ba55d3500b39ef2c8b9d597545a8f09b53/selenium-api-4.1.3.jar:/home/bekzat/.gradle/caches/modules-2/files-2.1/org.springframework.boot/spring-boot-starter-json/2.6.4/9aa13f5bd6e09510d89ec3874118f027613a9565/spring-boot-starter-json-2.6.4.jar:/home/bekzat/.gradle/caches/modules-2/files-2.1/org.springframework.boot/spring-boot-starter/2.6.4/31adf5f726b6a5703815b99056110b96db7eff58/spring-boot-starter-2.6.4.jar:/home/bekzat/.gradle/caches/modules-2/files-2.1/org.springframework.boot/spring-boot-starter-tomcat/2.6.4/7f5937c60c8f556402e4970c4bb657f92b653f2b/spring-boot-starter-tomcat-2.6.4.jar:/home/bekzat/.gradle/caches/modules-2/files-2.1/org.springframework/spring-webmvc/5.3.16/18e0d7a9cf1c43b100296f86f61b58821dd1e6b9/spring-webmvc-5.3.16.jar:/home/bekzat/.gradle/caches/modules-2/files-2.1/org.springframework/spring-web/5.3.16/224ae9b45e138034980a423e2f85d7bd63539a49/spring-web-5.3.16.jar:/home/bekzat/.gradle/caches/modules-2/files-2.1/org.springframework/spring-jdbc/5.3.16/456645153d6a5ed62b3d27750ee1b3c34b460b71/spring-jdbc-5.3.16.jar:/home/bekzat/.gradle/caches/modules-2/files-2.1/org.springframework/spring-tx/5.3.16/ae9be43379f2967e015ace189d47728a99f18220/spring-tx-5.3.16.jar:/home/bekzat/.gradle/caches/modules-2/files-2.1/org.springframework.boot/spring-boot-test-autoconfigure/2.6.4/fe1ab93aa3ca84e50d0f470a17468a8e7e2770e3/spring-boot-test-autoconfigure-2.6.4.jar:/home/bekzat/.gradle/caches/modules-2/files-2.1/org.springframework.boot/spring-boot-test/2.6.4/f7669dafbe66e2805349049c090d9cbca974fbd5/spring-boot-test-2.6.4.jar:/home/bekzat/.gradle/caches/modules-2/files-2.1/org.springframework.boot/spring-boot-autoconfigure/2.6.4/36e75a2781fc604ac042945eed8be2fe049731df/spring-boot-autoconfigure-2.6.4.jar:/home/bekzat/.gradle/caches/modules-2/files-2.1/org.springframework.boot/spring-boot/2.6.4/356c0ee25794ca46d8344d13cffbc30bfae1dc0e/spring-boot-2.6.4.jar:/home/bekzat/.gradle/caches/modules-2/files-2.1/org.springframework/spring-context/5.3.16/efb9c749b335bf62dc07c1674e9d76d382a027e5/spring-context-5.3.16.jar:/home/bekzat/.gradle/caches/modules-2/files-2.1/org.springframework/spring-aop/5.3.16/d61c0545e0395de608be52db1cccb60ba841a26b/spring-aop-5.3.16.jar:/home/bekzat/.gradle/caches/modules-2/files-2.1/org.springframework/spring-beans/5.3.16/15decec5cea7a91423272daaae6f5d050c23cf3b/spring-beans-5.3.16.jar:/home/bekzat/.gradle/caches/modules-2/files-2.1/org.springframework/spring-test/5.3.16/eba2a6612c3bb86cc71b31c731cb46164309f796/spring-test-5.3.16.jar:/home/bekzat/.gradle/caches/modules-2/files-2.1/org.springframework/spring-expression/5.3.16/831a17ce70686c571f3c05c4bcfb81012c5814df/spring-expression-5.3.16.jar:/home/bekzat/.gradle/caches/modules-2/files-2.1/org.springframework/spring-core/5.3.16/db1b277cd548c725144580dda8703ce179fb3769/spring-core-5.3.16.jar:/home/bekzat/.gradle/caches/modules-2/files-2.1/org.hibernate.common/hibernate-commons-annotations/5.1.2.Final/e59ffdbc6ad09eeb33507b39ffcf287679a498c8/hibernate-commons-annotations-5.1.2.Final.jar:/home/bekzat/.gradle/caches/modules-2/files-2.1/org.jboss.logging/jboss-logging/3.4.3.Final/c4bd7e12a745c0e7f6cf98c45cdcdf482fd827ea/jboss-logging-3.4.3.Final.jar:/home/bekzat/.gradle/caches/modules-2/files-2.1/javax.persistence/javax.persistence-api/2.2/25665ac8c0b62f50e6488173233239120fc52c96/javax.persistence-api-2.2.jar:/home/bekzat/.gradle/caches/modules-2/files-2.1/org.mockito/mockito-junit-jupiter/4.0.0/b76de25bd6e5d8f7924d0536729c0076e37e9396/mockito-junit-jupiter-4.0.0.jar:/home/bekzat/.gradle/caches/modules-2/files-2.1/org.mockito/mockito-core/4.0.0/f5195e0c4a45716bbd2d1d29173adbd148acce3a/mockito-core-4.0.0.jar:/home/bekzat/.gradle/caches/modules-2/files-2.1/net.bytebuddy/byte-buddy/1.11.22/8b4c7fa5562a09da1c2a9ab0873cb51f5034d83f/byte-buddy-1.11.22.jar:/home/bekzat/.gradle/caches/modules-2/files-2.1/antlr/antlr/2.7.7/83cd2cd674a217ade95a4bb83a8a14f351f48bd0/antlr-2.7.7.jar:/home/bekzat/.gradle/caches/modules-2/files-2.1/org.jboss.spec.javax.transaction/jboss-transaction-api_1.2_spec/1.1.1.Final/a8485cab9484dda36e9a8c319e76b5cc18797b58/jboss-transaction-api_1.2_spec-1.1.1.Final.jar:/home/bekzat/.gradle/caches/modules-2/files-2.1/org.jboss/jandex/2.4.2.Final/1e1c385990b258ff1a24c801e84aebbacf70eb39/jandex-2.4.2.Final.jar:/home/bekzat/.gradle/caches/modules-2/files-2.1/com.fasterxml/classmate/1.5.1/3fe0bed568c62df5e89f4f174c101eab25345b6c/classmate-1.5.1.jar:/home/bekzat/.gradle/caches/modules-2/files-2.1/javax.xml.bind/jaxb-api/2.3.1/8531ad5ac454cc2deb9d4d32c40c4d7451939b5d/jaxb-api-2.3.1.jar:/home/bekzat/.gradle/caches/modules-2/files-2.1/javax.activation/javax.activation-api/1.2.0/85262acf3ca9816f9537ca47d5adeabaead7cb16/javax.activation-api-1.2.0.jar:/home/bekzat/.gradle/caches/modules-2/files-2.1/org.glassfish.jaxb/jaxb-runtime/2.3.6/1e6cd0e5d9f9919c8c8824fb4d310b09a978a60e/jaxb-runtime-2.3.6.jar:/home/bekzat/.gradle/caches/modules-2/files-2.1/com.google.auto.service/auto-service/1.0.1/c9779f7372192a96c957a3df1faeeabd07881085/auto-service-1.0.1.jar:/home/bekzat/.gradle/caches/modules-2/files-2.1/com.google.auto/auto-common/1.2/ca270191fd7d2a7297da7c8f29184206df10c67d/auto-common-1.2.jar:/home/bekzat/.gradle/caches/modules-2/files-2.1/com.google.guava/guava/31.1-jre/60458f877d055d0c9114d9e1a2efb737b4bc282c/guava-31.1-jre.jar:/home/bekzat/.gradle/caches/modules-2/files-2.1/org.checkerframework/checker-qual/3.12.0/d5692f0526415fcc6de94bb5bfbd3afd9dd3b3e5/checker-qual-3.12.0.jar:/home/bekzat/.gradle/caches/modules-2/files-2.1/ognl/ognl/3.2.21/31b103cfe9bf66eaa6d0660bacf268e42d571f1e/ognl-3.2.21.jar:/home/bekzat/.gradle/caches/modules-2/files-2.1/org.attoparser/attoparser/2.0.5.RELEASE/a93ad36df9560de3a5312c1d14f69d938099fa64/attoparser-2.0.5.RELEASE.jar:/home/bekzat/.gradle/caches/modules-2/files-2.1/org.unbescape/unbescape/1.1.6.RELEASE/7b90360afb2b860e09e8347112800d12c12b2a13/unbescape-1.1.6.RELEASE.jar:/home/bekzat/.gradle/caches/modules-2/files-2.1/com.jayway.jsonpath/json-path/2.6.0/67f565b424f7903a12d4f5b9361b11462ecacdac/json-path-2.6.0.jar:/home/bekzat/.gradle/caches/modules-2/files-2.1/org.asynchttpclient/async-http-client/2.12.3/6dfc91814cc8b3bc3327246d0e5df36911b9a623/async-http-client-2.12.3.jar:/home/bekzat/.gradle/caches/modules-2/files-2.1/org.asynchttpclient/async-http-client-netty-utils/2.12.3/ad99d8622931ed31367d0fef7fa17eb62e033fb3/async-http-client-netty-utils-2.12.3.jar:/home/bekzat/.gradle/caches/modules-2/files-2.1/org.springframework.boot/spring-boot-starter-logging/2.6.4/e8bab752fd29797df304ef2ad8575e5392d96c4c/spring-boot-starter-logging-2.6.4.jar:/home/bekzat/.gradle/caches/modules-2/files-2.1/ch.qos.logback/logback-classic/1.2.10/f69d97ef3335c6ab82fc21dfb77ac613f90c1221/logback-classic-1.2.10.jar:/home/bekzat/.gradle/caches/modules-2/files-2.1/org.apache.logging.log4j/log4j-to-slf4j/2.17.1/3619fd18278a1a895c1dca8c5be002768071a20e/log4j-to-slf4j-2.17.1.jar:/home/bekzat/.gradle/caches/modules-2/files-2.1/org.slf4j/jul-to-slf4j/1.7.36/ed46d81cef9c412a88caef405b58f93a678ff2ca/jul-to-slf4j-1.7.36.jar:/home/bekzat/.gradle/caches/modules-2/files-2.1/org.slf4j/slf4j-api/1.7.36/6c62681a2f655b49963a5983b8b0950a6120ae14/slf4j-api-1.7.36.jar:/home/bekzat/.gradle/caches/modules-2/files-2.1/com.google.code.findbugs/jsr305/3.0.2/25ea2e8b0c338a877313bd4672d3fe056ea78f0d/jsr305-3.0.2.jar:/home/bekzat/.gradle/caches/modules-2/files-2.1/com.beust/jcommander/1.82/a7c5fef184d238065de38f81bbc6ee50cca2e21/jcommander-1.82.jar:/home/bekzat/.gradle/caches/modules-2/files-2.1/org.webjars/jquery/3.5.1/2392938e374f561c27c53872bdc9b6b351b6ba34/jquery-3.5.1.jar:/home/bekzat/.gradle/caches/modules-2/files-2.1/jakarta.xml.bind/jakarta.xml.bind-api/2.3.3/48e3b9cfc10752fba3521d6511f4165bea951801/jakarta.xml.bind-api-2.3.3.jar:/home/bekzat/.gradle/caches/modules-2/files-2.1/org.assertj/assertj-core/3.21.0/27a14d6d22c4e3d58f799fb2a5ca8eaf53e6942a/assertj-core-3.21.0.jar:/home/bekzat/.gradle/caches/modules-2/files-2.1/org.hamcrest/hamcrest/2.2/1820c0968dba3a11a1b30669bb1f01978a91dedc/hamcrest-2.2.jar:/home/bekzat/.gradle/caches/modules-2/files-2.1/org.junit.jupiter/junit-jupiter-params/5.8.2/ddeafe92fc263f895bfb73ffeca7fd56e23c2cce/junit-jupiter-params-5.8.2.jar:/home/bekzat/.gradle/caches/modules-2/files-2.1/org.junit.jupiter/junit-jupiter-engine/5.8.2/c598b4328d2f397194d11df3b1648d68d7d990e3/junit-jupiter-engine-5.8.2.jar:/home/bekzat/.gradle/caches/modules-2/files-2.1/org.junit.jupiter/junit-jupiter-api/5.8.2/4c21029217adf07e4c0d0c5e192b6bf610c94bdc/junit-jupiter-api-5.8.2.jar:/home/bekzat/.gradle/caches/modules-2/files-2.1/org.junit.platform/junit-platform-engine/1.8.2/b737de09f19864bd136805c84df7999a142fec29/junit-platform-engine-1.8.2.jar:/home/bekzat/.gradle/caches/modules-2/files-2.1/org.junit.platform/junit-platform-commons/1.8.2/32c8b8617c1342376fd5af2053da6410d8866861/junit-platform-commons-1.8.2.jar:/home/bekzat/.gradle/caches/modules-2/files-2.1/org.junit.jupiter/junit-jupiter/5.8.2/5a817b1e63f1217e5c586090c45e681281f097ad/junit-jupiter-5.8.2.jar:/home/bekzat/.gradle/caches/modules-2/files-2.1/org.skyscreamer/jsonassert/1.5.0/6c9d5fe2f59da598d9aefc1cfc6528ff3cf32df3/jsonassert-1.5.0.jar:/home/bekzat/.gradle/caches/modules-2/files-2.1/org.xmlunit/xmlunit-core/2.8.4/35be57989ca80eefa03161b211630e319a8f36c6/xmlunit-core-2.8.4.jar:/home/bekzat/.gradle/caches/modules-2/files-2.1/com.google.auto.service/auto-service-annotations/1.0.1/ac86dacc0eb9285ea9d42eee6aad8629ca3a7432/auto-service-annotations-1.0.1.jar:/home/bekzat/.gradle/caches/modules-2/files-2.1/io.netty/netty-handler-proxy/4.1.74.Final/4f13672d0adb4424bef7b122a6bed86062b4b4d4/netty-handler-proxy-4.1.74.Final.jar:/home/bekzat/.gradle/caches/modules-2/files-2.1/io.netty/netty-codec-http/4.1.74.Final/73c7bd6341cb59feab6f56200b1e2d908b054fd4/netty-codec-http-4.1.74.Final.jar:/home/bekzat/.gradle/caches/modules-2/files-2.1/io.netty/netty-transport-native-epoll/4.1.74.Final/bbdc44fd30fed6767ffac7f450d42136e55b680f/netty-transport-native-epoll-4.1.74.Final.jar:/home/bekzat/.gradle/caches/modules-2/files-2.1/io.netty/netty-transport-native-epoll/4.1.74.Final/77b79efef6c39aea2c3e3088a469dea14503e110/netty-transport-native-epoll-4.1.74.Final-linux-x86_64.jar:/home/bekzat/.gradle/caches/modules-2/files-2.1/io.netty/netty-transport-classes-epoll/4.1.74.Final/b8e7559ca2f0c25557454aacf317082a8b35b04b/netty-transport-classes-epoll-4.1.74.Final.jar:/home/bekzat/.gradle/caches/modules-2/files-2.1/io.netty/netty-transport-native-kqueue/4.1.74.Final/69080230d2de4394b7b5f7b26a5fdac912b72348/netty-transport-native-kqueue-4.1.74.Final.jar:/home/bekzat/.gradle/caches/modules-2/files-2.1/io.netty/netty-transport-native-kqueue/4.1.74.Final/1b9ebd48c59a6c040189565a1bd12386e5b68edb/netty-transport-native-kqueue-4.1.74.Final-osx-x86_64.jar:/home/bekzat/.gradle/caches/modules-2/files-2.1/io.netty/netty-transport-classes-kqueue/4.1.74.Final/2597980aa86bbdbe17c126ef4fba8187cbe0ddca/netty-transport-classes-kqueue-4.1.74.Final.jar:/home/bekzat/.gradle/caches/modules-2/files-2.1/io.netty/netty-transport-native-unix-common/4.1.74.Final/6b173e3fde38290859446db7889422e6ff0980d9/netty-transport-native-unix-common-4.1.74.Final.jar:/home/bekzat/.gradle/caches/modules-2/files-2.1/com.typesafe.netty/netty-reactive-streams/2.0.4/f77c8eaa7d5e2f2160b6d21ba385cf726f164b2/netty-reactive-streams-2.0.4.jar:/home/bekzat/.gradle/caches/modules-2/files-2.1/io.netty/netty-handler/4.1.74.Final/fc9d000dfaea5719192929f943357a89f1cbf81c/netty-handler-4.1.74.Final.jar:/home/bekzat/.gradle/caches/modules-2/files-2.1/io.netty/netty-codec-socks/4.1.74.Final/89c370ca2c608a355cf3b5f69d72473a2e4e4ed8/netty-codec-socks-4.1.74.Final.jar:/home/bekzat/.gradle/caches/modules-2/files-2.1/io.netty/netty-codec/4.1.74.Final/cbc1d14c827a27cef5d6583f8978445c8b4445d2/netty-codec-4.1.74.Final.jar:/home/bekzat/.gradle/caches/modules-2/files-2.1/io.netty/netty-transport/4.1.74.Final/d760fb9f5d12c93887e171c442e30862a9898d59/netty-transport-4.1.74.Final.jar:/home/bekzat/.gradle/caches/modules-2/files-2.1/io.netty/netty-buffer/4.1.74.Final/fd49b6a3a7aa2e5d4922cf125b52d880c1a8b7bd/netty-buffer-4.1.74.Final.jar:/home/bekzat/.gradle/caches/modules-2/files-2.1/io.netty/netty-resolver/4.1.74.Final/9209265687a125259fe0396b57d8ccc79697d40e/netty-resolver-4.1.74.Final.jar:/home/bekzat/.gradle/caches/modules-2/files-2.1/io.netty/netty-common/4.1.74.Final/891b8ad3206469762b20c73f45d0d2e24cff3dd2/netty-common-4.1.74.Final.jar:/home/bekzat/.gradle/caches/modules-2/files-2.1/io.opentelemetry/opentelemetry-exporter-logging/1.12.0/cab0806e00037eefc447994dcd64209151244b76/opentelemetry-exporter-logging-1.12.0.jar:/home/bekzat/.gradle/caches/modules-2/files-2.1/io.opentelemetry/opentelemetry-sdk-extension-autoconfigure/1.12.0-alpha/d4309394310b08e4832e58f440a29506b5129810/opentelemetry-sdk-extension-autoconfigure-1.12.0-alpha.jar:/home/bekzat/.gradle/caches/modules-2/files-2.1/io.opentelemetry/opentelemetry-sdk-extension-autoconfigure-spi/1.12.0/75d2ec2dc0d5d803f80532e4449ef7e12188f5fd/opentelemetry-sdk-extension-autoconfigure-spi-1.12.0.jar:/home/bekzat/.gradle/caches/modules-2/files-2.1/io.opentelemetry/opentelemetry-sdk/1.12.0/26fb79a33066fc1441fa74d598d402f22a489492/opentelemetry-sdk-1.12.0.jar:/home/bekzat/.gradle/caches/modules-2/files-2.1/io.opentelemetry/opentelemetry-sdk-trace/1.12.0/e3be183df546c3f77533fbdec8b57260a8552fce/opentelemetry-sdk-trace-1.12.0.jar:/home/bekzat/.gradle/caches/modules-2/files-2.1/io.opentelemetry/opentelemetry-sdk-metrics/1.12.0-alpha/6092010460d3617993036d52f7dc33c6de6106be/opentelemetry-sdk-metrics-1.12.0-alpha.jar:/home/bekzat/.gradle/caches/modules-2/files-2.1/io.opentelemetry/opentelemetry-sdk-logs/1.12.0-alpha/465f7db76cdac07d06e26af619ed9b5b6c76e8b7/opentelemetry-sdk-logs-1.12.0-alpha.jar:/home/bekzat/.gradle/caches/modules-2/files-2.1/io.opentelemetry/opentelemetry-sdk-common/1.12.0/c48e71e4d300dc25694ac9d2e5af2f75cc723d9c/opentelemetry-sdk-common-1.12.0.jar:/home/bekzat/.gradle/caches/modules-2/files-2.1/io.opentelemetry/opentelemetry-semconv/1.12.0-alpha/6542c9a536144567682cf95fd7cba97dc6eacc4a/opentelemetry-semconv-1.12.0-alpha.jar:/home/bekzat/.gradle/caches/modules-2/files-2.1/io.opentelemetry/opentelemetry-api/1.12.0/47ef9e467f9b734d4e4e4df15c3bd62dd991db5d/opentelemetry-api-1.12.0.jar:/home/bekzat/.gradle/caches/modules-2/files-2.1/io.opentelemetry/opentelemetry-context/1.12.0/7d8ec9f863faad36cbaa2f9bd10195ec5943fd70/opentelemetry-context-1.12.0.jar:/home/bekzat/.gradle/caches/modules-2/files-2.1/io.ous/jtoml/2.0.0/2085505b2b173e14b2a7702edd703ce185fd6206/jtoml-2.0.0.jar:/home/bekzat/.gradle/caches/modules-2/files-2.1/org.apache.commons/commons-exec/1.3/8dfb9facd0830a27b1b5f29f84593f0aeee7773b/commons-exec-1.3.jar:/home/bekzat/.gradle/caches/modules-2/files-2.1/jakarta.annotation/jakarta.annotation-api/1.3.5/59eb84ee0d616332ff44aba065f3888cf002cd2d/jakarta.annotation-api-1.3.5.jar:/home/bekzat/.gradle/caches/modules-2/files-2.1/org.yaml/snakeyaml/1.29/6d0cdafb2010f1297e574656551d7145240f6e25/snakeyaml-1.29.jar:/home/bekzat/.gradle/caches/modules-2/files-2.1/com.fasterxml.jackson.datatype/jackson-datatype-jsr310/2.13.1/1ece5a87b59701328215e0083448b4d451857cbd/jackson-datatype-jsr310-2.13.1.jar:/home/bekzat/.gradle/caches/modules-2/files-2.1/com.fasterxml.jackson.module/jackson-module-parameter-names/2.13.1/cbeec2259213c555ef451a2e05f35ed1dbfbf799/jackson-module-parameter-names-2.13.1.jar:/home/bekzat/.gradle/caches/modules-2/files-2.1/com.fasterxml.jackson.core/jackson-annotations/2.13.1/1cbcbe4623113e6af92ccaa89884a345270f1a87/jackson-annotations-2.13.1.jar:/home/bekzat/.gradle/caches/modules-2/files-2.1/com.fasterxml.jackson.core/jackson-core/2.13.1/51ae921a2ed1e06ca8876f12f32f265e83c0b2b8/jackson-core-2.13.1.jar:/home/bekzat/.gradle/caches/modules-2/files-2.1/com.fasterxml.jackson.datatype/jackson-datatype-jdk8/2.13.1/8ecfa9bcd714269fdf22c33f9fd00d0643bd0e21/jackson-datatype-jdk8-2.13.1.jar:/home/bekzat/.gradle/caches/modules-2/files-2.1/com.fasterxml.jackson.core/jackson-databind/2.13.1/698b2d2b15d9a1b7aae025f1d9f576842285e7f6/jackson-databind-2.13.1.jar:/home/bekzat/.gradle/caches/modules-2/files-2.1/org.apache.tomcat.embed/tomcat-embed-websocket/9.0.58/be15775c1abc7fd9b8fda38a8991463e04de656f/tomcat-embed-websocket-9.0.58.jar:/home/bekzat/.gradle/caches/modules-2/files-2.1/org.apache.tomcat.embed/tomcat-embed-core/9.0.58/5166fd9f6ffef571c22265c84a0b4354a835d4d2/tomcat-embed-core-9.0.58.jar:/home/bekzat/.gradle/caches/modules-2/files-2.1/org.apache.tomcat.embed/tomcat-embed-el/9.0.58/a82095439a98c29b3d7eb136e76e0283bf3f005f/tomcat-embed-el-9.0.58.jar:/home/bekzat/.gradle/caches/modules-2/files-2.1/org.springframework/spring-jcl/5.3.16/18d422952e0ce534c2b0ac8b47176c2432fb7e78/spring-jcl-5.3.16.jar:/home/bekzat/.gradle/caches/modules-2/files-2.1/org.glassfish.jaxb/txw2/2.3.6/45db7b69a8f1ec2c21eb7d4fc0ee729f53c1addc/txw2-2.3.6.jar:/home/bekzat/.gradle/caches/modules-2/files-2.1/com.sun.istack/istack-commons-runtime/3.0.12/cbbe1a62b0cc6c85972e99d52aaee350153dc530/istack-commons-runtime-3.0.12.jar:/home/bekzat/.gradle/caches/modules-2/files-2.1/com.sun.activation/jakarta.activation/1.2.2/74548703f9851017ce2f556066659438019e7eb5/jakarta.activation-1.2.2.jar:/home/bekzat/.gradle/caches/modules-2/files-2.1/org.javassist/javassist/3.24.1-GA/921b466d6a14a8edbe25923c973fd767fc71c045/javassist-3.24.1-GA.jar:/home/bekzat/.gradle/caches/modules-2/files-2.1/com.squareup.okhttp3/okhttp/3.14.9/3e6d101343c7ea687cd593e4990f73b25c878383/okhttp-3.14.9.jar:/home/bekzat/.gradle/caches/modules-2/files-2.1/com.squareup.okio/okio/1.17.2/78c7820b205002da4d2d137f6f312bd64b3d6049/okio-1.17.2.jar:/home/bekzat/.gradle/caches/modules-2/files-2.1/net.minidev/json-smart/2.4.8/7c62f5f72ab05eb54d40e2abf0360a2fe9ea477f/json-smart-2.4.8.jar:/home/bekzat/.gradle/caches/modules-2/files-2.1/jakarta.activation/jakarta.activation-api/1.2.2/99f53adba383cb1bf7c3862844488574b559621f/jakarta.activation-api-1.2.2.jar:/home/bekzat/.gradle/caches/modules-2/files-2.1/net.bytebuddy/byte-buddy-agent/1.11.22/2fbcf3210dfc09b42242e3b66a5281cc5b9adb80/byte-buddy-agent-1.11.22.jar:/home/bekzat/.gradle/caches/modules-2/files-2.1/org.objenesis/objenesis/3.2/7fadf57620c8b8abdf7519533e5527367cb51f09/objenesis-3.2.jar:/home/bekzat/.gradle/caches/modules-2/files-2.1/com.vaadin.external.google/android-json/0.0.20131108.vaadin1/fa26d351fe62a6a17f5cda1287c1c6110dec413f/android-json-0.0.20131108.vaadin1.jar:/home/bekzat/.gradle/caches/modules-2/files-2.1/com.google.guava/failureaccess/1.0.1/1dcf1de382a0bf95a3d8b0849546c88bac1292c9/failureaccess-1.0.1.jar:/home/bekzat/.gradle/caches/modules-2/files-2.1/com.google.guava/listenablefuture/9999.0-empty-to-avoid-conflict-with-guava/b421526c5f297295adef1c886e5246c39d4ac629/listenablefuture-9999.0-empty-to-avoid-conflict-with-guava.jar:/home/bekzat/.gradle/caches/modules-2/files-2.1/com.google.errorprone/error_prone_annotations/2.11.0/c5a0ace696d3f8b1c1d8cc036d8c03cc0cbe6b69/error_prone_annotations-2.11.0.jar:/home/bekzat/.gradle/caches/modules-2/files-2.1/com.google.j2objc/j2objc-annotations/1.3/ba035118bc8bac37d7eff77700720999acd9986d/j2objc-annotations-1.3.jar:/home/bekzat/.gradle/caches/modules-2/files-2.1/org.reactivestreams/reactive-streams/1.0.3/d9fb7a7926ffa635b3dcaa5049fb2bfa25b3e7d0/reactive-streams-1.0.3.jar:/home/bekzat/.gradle/caches/modules-2/files-2.1/dev.failsafe/failsafe/3.2.3/8e004e3b315d7eff434463942314900c3a43f821/failsafe-3.2.3.jar:/home/bekzat/.gradle/caches/modules-2/files-2.1/net.minidev/accessors-smart/2.4.8/6e1bee5a530caba91893604d6ab41d0edcecca9a/accessors-smart-2.4.8.jar:/home/bekzat/.gradle/caches/modules-2/files-2.1/org.opentest4j/opentest4j/1.2.0/28c11eb91f9b6d8e200631d46e20a7f407f2a046/opentest4j-1.2.0.jar:/home/bekzat/.gradle/caches/modules-2/files-2.1/io.netty/netty-tcnative-classes/2.0.48.Final/9f62346df2f103045cad6f9416e2925a32ee8709/netty-tcnative-classes-2.0.48.Final.jar:/home/bekzat/.gradle/caches/modules-2/files-2.1/ch.qos.logback/logback-core/1.2.10/5328406bfcae7bcdcc86810fcb2920d2c297170d/logback-core-1.2.10.jar:/home/bekzat/.gradle/caches/modules-2/files-2.1/org.apache.logging.log4j/log4j-api/2.17.1/d771af8e336e372fb5399c99edabe0919aeaf5b2/log4j-api-2.17.1.jar:/home/bekzat/.gradle/caches/modules-2/files-2.1/org.ow2.asm/asm/9.1/a99500cf6eea30535eeac6be73899d048f8d12a8/asm-9.1.jar, java.vm.vendor=Oracle Corporation, sun.arch.data.model=64, user.variant=, java.vendor.url=https://java.oracle.com/, user.timezone=Europe/Moscow, java.vm.specification.version=17, os.name=Linux, current_session_context_class=thread, user.country=RU, sun.java.launcher=SUN_STANDARD, sun.boot.library.path=/home/bekzat/.jdks/openjdk-17.0.2/lib, sun.java.command=worker.org.gradle.process.internal.worker.GradleWorkerMain 'Gradle Test Executor 12', jdk.debug=release, sun.cpu.endian=little, user.home=/home/bekzat, user.language=ru, java.specification.vendor=Oracle Corporation, org.gradle.native=false, java.version.date=2022-01-18, java.home=/home/bekzat/.jdks/openjdk-17.0.2, file.separator=/, java.vm.compressedOopsMode=32-bit, line.separator=
, java.vm.specification.vendor=Oracle Corporation, java.specification.name=Java Platform API Specification, connection.password=password, sun.management.compiler=HotSpot 64-Bit Tiered Compilers, java.runtime.version=17.0.2+8-86, user.name=bekzat, path.separator=:, hibernate.connection.username=****, os.version=5.4.0-109-generic, java.runtime.name=OpenJDK Runtime Environment, hibernate.connection.url=jdbc:postgresql://localhost:5432/warehouse_accounting_db, file.encoding=UTF-8, java.vm.name=OpenJDK 64-Bit Server VM, hibernate.show_sql=true, hibernate.current_session_context_class=thread, show_sql=true, hibernate.connection.driver_class=org.postgresql.Driver, java.vendor.url.bug=https://bugreport.java.com/bugreport/, java.io.tmpdir=/tmp, java.version=17.0.2, user.dir=/home/bekzat/Beka/Web_java, os.arch=amd64, connection.username=bekzat, webdriver.firefox.marionette=/usr/local/bin, java.vm.specification.name=Java Virtual Machine Specification, hibernate.connection.password=****, org.gradle.internal.worker.tmpdir=/home/bekzat/Beka/Web_java/build/tmp/test/work, connection.driver_class=org.postgresql.Driver, hibernate.boot.CfgXmlAccessService.key=org.hibernate.boot.cfgxml.spi.LoadedConfig@47187f50, native.encoding=UTF-8, java.library.path=/usr/java/packages/lib:/usr/lib64:/lib64:/lib:/usr/lib, java.vendor=Oracle Corporation, java.vm.info=mixed mode, sharing, java.vm.version=17.0.2+8-86, hibernate.bytecode.use_reflection_optimizer=false, sun.io.unicode.encoding=UnicodeLittle, connection.url=jdbc:postgresql://localhost:5432/warehouse_accounting_db, java.class.version=61.0}
04:45:58.104 [Test worker] DEBUG org.hibernate.secure.spi.JaccIntegrator - Skipping JACC integration as it was not enabled
04:45:58.104 [Test worker] DEBUG org.hibernate.internal.SessionFactoryImpl - Instantiated session factory
04:45:58.104 [Test worker] DEBUG org.hibernate.type.spi.TypeConfiguration$Scope - Scoping TypeConfiguration [org.hibernate.type.spi.TypeConfiguration@2b6c7012] to SessionFactoryImpl [org.hibernate.internal.SessionFactoryImpl@656c5c3]
04:45:58.133 [Test worker] DEBUG org.hibernate.orm.bytecode.interceptor - To-one property `web_prak.java.classes.Deliveries_list#delivery_id` was mapped with LAZY + NO_PROXY but the class was not enhanced
04:45:58.136 [Test worker] DEBUG org.hibernate.orm.bytecode.interceptor - To-one property `web_prak.java.classes.Deliveries_list#delivery_id` was mapped with LAZY + NO_PROXY but the class was not enhanced
04:45:58.136 [Test worker] DEBUG org.hibernate.orm.bytecode.interceptor - To-one property `web_prak.java.classes.Deliveries_list#product_id` was mapped with LAZY + NO_PROXY but the class was not enhanced
04:45:58.136 [Test worker] DEBUG org.hibernate.orm.bytecode.interceptor - To-one property `web_prak.java.classes.Deliveries_list#product_id` was mapped with LAZY + NO_PROXY but the class was not enhanced
04:45:58.137 [Test worker] DEBUG org.hibernate.boot.internal.ClassLoaderAccessImpl - Not known whether passed class name [web_prak.java.classes.Deliveries_list] is safe
04:45:58.137 [Test worker] DEBUG org.hibernate.boot.internal.ClassLoaderAccessImpl - No temp ClassLoader provided; using live ClassLoader for loading potentially unsafe class : web_prak.java.classes.Deliveries_list
04:45:58.244 [Test worker] DEBUG org.hibernate.orm.bytecode.interceptor - To-one property `web_prak.java.classes.Deliveries_list#delivery_id` was mapped with LAZY + NO_PROXY but the class was not enhanced
04:45:58.244 [Test worker] DEBUG org.hibernate.orm.bytecode.interceptor - To-one property `web_prak.java.classes.Deliveries_list#product_id` was mapped with LAZY + NO_PROXY but the class was not enhanced
04:45:58.244 [Test worker] DEBUG org.hibernate.orm.bytecode.interceptor - To-one property `web_prak.java.classes.Deliveries_list#delivery_id` was mapped with LAZY + NO_PROXY but the class was not enhanced
04:45:58.244 [Test worker] DEBUG org.hibernate.orm.bytecode.interceptor - To-one property `web_prak.java.classes.Deliveries_list#product_id` was mapped with LAZY + NO_PROXY but the class was not enhanced
04:45:58.247 [Test worker] DEBUG org.hibernate.orm.bytecode.interceptor - To-one property `web_prak.java.classes.Deliveries#client_id` was mapped with LAZY + NO_PROXY but the class was not enhanced
04:45:58.247 [Test worker] DEBUG org.hibernate.orm.bytecode.interceptor - To-one property `web_prak.java.classes.Deliveries#client_id` was mapped with LAZY + NO_PROXY but the class was not enhanced
04:45:58.248 [Test worker] DEBUG org.hibernate.boot.internal.ClassLoaderAccessImpl - Not known whether passed class name [web_prak.java.classes.Deliveries] is safe
04:45:58.248 [Test worker] DEBUG org.hibernate.boot.internal.ClassLoaderAccessImpl - No temp ClassLoader provided; using live ClassLoader for loading potentially unsafe class : web_prak.java.classes.Deliveries
04:45:58.265 [Test worker] DEBUG org.hibernate.orm.bytecode.interceptor - To-one property `web_prak.java.classes.Deliveries#client_id` was mapped with LAZY + NO_PROXY but the class was not enhanced
04:45:58.266 [Test worker] DEBUG org.hibernate.orm.bytecode.interceptor - To-one property `web_prak.java.classes.Deliveries#client_id` was mapped with LAZY + NO_PROXY but the class was not enhanced
04:45:58.267 [Test worker] DEBUG org.hibernate.orm.bytecode.interceptor - To-one property `web_prak.java.classes.Products#place_id` was mapped with LAZY + NO_PROXY but the class was not enhanced
04:45:58.267 [Test worker] DEBUG org.hibernate.orm.bytecode.interceptor - To-one property `web_prak.java.classes.Products#place_id` was mapped with LAZY + NO_PROXY but the class was not enhanced
04:45:58.267 [Test worker] DEBUG org.hibernate.boot.internal.ClassLoaderAccessImpl - Not known whether passed class name [web_prak.java.classes.Products] is safe
04:45:58.267 [Test worker] DEBUG org.hibernate.boot.internal.ClassLoaderAccessImpl - No temp ClassLoader provided; using live ClassLoader for loading potentially unsafe class : web_prak.java.classes.Products
04:45:58.286 [Test worker] DEBUG org.hibernate.orm.bytecode.interceptor - To-one property `web_prak.java.classes.Products#place_id` was mapped with LAZY + NO_PROXY but the class was not enhanced
04:45:58.286 [Test worker] DEBUG org.hibernate.orm.bytecode.interceptor - To-one property `web_prak.java.classes.Products#place_id` was mapped with LAZY + NO_PROXY but the class was not enhanced
04:45:58.287 [Test worker] DEBUG org.hibernate.boot.internal.ClassLoaderAccessImpl - Not known whether passed class name [web_prak.java.classes.Suppliers] is safe
04:45:58.287 [Test worker] DEBUG org.hibernate.boot.internal.ClassLoaderAccessImpl - No temp ClassLoader provided; using live ClassLoader for loading potentially unsafe class : web_prak.java.classes.Suppliers
04:45:58.299 [Test worker] DEBUG org.hibernate.boot.internal.ClassLoaderAccessImpl - Not known whether passed class name [web_prak.java.classes.Clients] is safe
04:45:58.300 [Test worker] DEBUG org.hibernate.boot.internal.ClassLoaderAccessImpl - No temp ClassLoader provided; using live ClassLoader for loading potentially unsafe class : web_prak.java.classes.Clients
04:45:58.309 [Test worker] DEBUG org.hibernate.orm.bytecode.interceptor - To-one property `web_prak.java.classes.Supplies#supplier_id` was mapped with LAZY + NO_PROXY but the class was not enhanced
04:45:58.309 [Test worker] DEBUG org.hibernate.orm.bytecode.interceptor - To-one property `web_prak.java.classes.Supplies#supplier_id` was mapped with LAZY + NO_PROXY but the class was not enhanced
04:45:58.309 [Test worker] DEBUG org.hibernate.boot.internal.ClassLoaderAccessImpl - Not known whether passed class name [web_prak.java.classes.Supplies] is safe
04:45:58.309 [Test worker] DEBUG org.hibernate.boot.internal.ClassLoaderAccessImpl - No temp ClassLoader provided; using live ClassLoader for loading potentially unsafe class : web_prak.java.classes.Supplies
04:45:58.319 [Test worker] DEBUG org.hibernate.orm.bytecode.interceptor - To-one property `web_prak.java.classes.Supplies#supplier_id` was mapped with LAZY + NO_PROXY but the class was not enhanced
04:45:58.319 [Test worker] DEBUG org.hibernate.orm.bytecode.interceptor - To-one property `web_prak.java.classes.Supplies#supplier_id` was mapped with LAZY + NO_PROXY but the class was not enhanced
04:45:58.320 [Test worker] DEBUG org.hibernate.boot.internal.ClassLoaderAccessImpl - Not known whether passed class name [web_prak.java.classes.Register_place] is safe
04:45:58.320 [Test worker] DEBUG org.hibernate.boot.internal.ClassLoaderAccessImpl - No temp ClassLoader provided; using live ClassLoader for loading potentially unsafe class : web_prak.java.classes.Register_place
04:45:58.329 [Test worker] DEBUG org.hibernate.orm.bytecode.interceptor - To-one property `web_prak.java.classes.Supplies_list#product_id` was mapped with LAZY + NO_PROXY but the class was not enhanced
04:45:58.330 [Test worker] DEBUG org.hibernate.orm.bytecode.interceptor - To-one property `web_prak.java.classes.Supplies_list#product_id` was mapped with LAZY + NO_PROXY but the class was not enhanced
04:45:58.330 [Test worker] DEBUG org.hibernate.orm.bytecode.interceptor - To-one property `web_prak.java.classes.Supplies_list#supply_id` was mapped with LAZY + NO_PROXY but the class was not enhanced
04:45:58.330 [Test worker] DEBUG org.hibernate.orm.bytecode.interceptor - To-one property `web_prak.java.classes.Supplies_list#supply_id` was mapped with LAZY + NO_PROXY but the class was not enhanced
04:45:58.330 [Test worker] DEBUG org.hibernate.boot.internal.ClassLoaderAccessImpl - Not known whether passed class name [web_prak.java.classes.Supplies_list] is safe
04:45:58.330 [Test worker] DEBUG org.hibernate.boot.internal.ClassLoaderAccessImpl - No temp ClassLoader provided; using live ClassLoader for loading potentially unsafe class : web_prak.java.classes.Supplies_list
04:45:58.338 [Test worker] DEBUG org.hibernate.orm.bytecode.interceptor - To-one property `web_prak.java.classes.Supplies_list#product_id` was mapped with LAZY + NO_PROXY but the class was not enhanced
04:45:58.338 [Test worker] DEBUG org.hibernate.orm.bytecode.interceptor - To-one property `web_prak.java.classes.Supplies_list#supply_id` was mapped with LAZY + NO_PROXY but the class was not enhanced
04:45:58.338 [Test worker] DEBUG org.hibernate.orm.bytecode.interceptor - To-one property `web_prak.java.classes.Supplies_list#product_id` was mapped with LAZY + NO_PROXY but the class was not enhanced
04:45:58.338 [Test worker] DEBUG org.hibernate.orm.bytecode.interceptor - To-one property `web_prak.java.classes.Supplies_list#supply_id` was mapped with LAZY + NO_PROXY but the class was not enhanced
04:45:58.343 [Test worker] DEBUG org.hibernate.persister.entity.AbstractEntityPersister - Static SQL for entity: web_prak.java.classes.Deliveries_list
04:45:58.343 [Test worker] DEBUG org.hibernate.persister.entity.AbstractEntityPersister -  Version select: select deliveries_list_id from deliveries_list where deliveries_list_id =?
04:45:58.343 [Test worker] DEBUG org.hibernate.persister.entity.AbstractEntityPersister -  Snapshot select: select deliveries_.deliveries_list_id, deliveries_.delivery_id as delivery3_2_, deliveries_.product_id as product_4_2_, deliveries_.quantity as quantity2_2_ from deliveries_list deliveries_ where deliveries_.deliveries_list_id=?
04:45:58.344 [Test worker] DEBUG org.hibernate.persister.entity.AbstractEntityPersister -  Insert 0: insert into deliveries_list (delivery_id, product_id, quantity, deliveries_list_id) values (?, ?, ?, ?)
04:45:58.344 [Test worker] DEBUG org.hibernate.persister.entity.AbstractEntityPersister -  Update 0: update deliveries_list set delivery_id=?, product_id=?, quantity=? where deliveries_list_id=?
04:45:58.344 [Test worker] DEBUG org.hibernate.persister.entity.AbstractEntityPersister -  Delete 0: delete from deliveries_list where deliveries_list_id=?
04:45:58.344 [Test worker] DEBUG org.hibernate.persister.entity.AbstractEntityPersister -  Identity insert: insert into deliveries_list (delivery_id, product_id, quantity) values (?, ?, ?)
04:45:58.362 [Test worker] DEBUG org.hibernate.loader.plan.build.internal.spaces.QuerySpacesImpl - Adding QuerySpace : uid = <gen:0> -> org.hibernate.loader.plan.build.internal.spaces.EntityQuerySpaceImpl@1eb906f3]
04:45:58.363 [Test worker] DEBUG org.hibernate.persister.walking.spi.MetamodelGraphWalker - Visiting attribute path : delivery_id
04:45:58.365 [Test worker] DEBUG org.hibernate.loader.plan.build.internal.spaces.QuerySpacesImpl - Adding QuerySpace : uid = <gen:1> -> org.hibernate.loader.plan.build.internal.spaces.EntityQuerySpaceImpl@1201e064]
04:45:58.366 [Test worker] DEBUG org.hibernate.persister.walking.spi.MetamodelGraphWalker - Visiting attribute path : delivery_id.client_id
04:45:58.366 [Test worker] DEBUG org.hibernate.loader.plan.build.internal.spaces.QuerySpacesImpl - Adding QuerySpace : uid = <gen:2> -> org.hibernate.loader.plan.build.internal.spaces.EntityQuerySpaceImpl@31ab4859]
04:45:58.366 [Test worker] DEBUG org.hibernate.persister.walking.spi.MetamodelGraphWalker - Visiting attribute path : delivery_id.client_id.address
04:45:58.366 [Test worker] DEBUG org.hibernate.persister.walking.spi.MetamodelGraphWalker - Visiting attribute path : delivery_id.client_id.client_name
04:45:58.366 [Test worker] DEBUG org.hibernate.persister.walking.spi.MetamodelGraphWalker - Visiting attribute path : delivery_id.client_id.contact
04:45:58.366 [Test worker] DEBUG org.hibernate.persister.walking.spi.MetamodelGraphWalker - Visiting attribute path : delivery_id.client_id.email
04:45:58.366 [Test worker] DEBUG org.hibernate.persister.walking.spi.MetamodelGraphWalker - Visiting attribute path : delivery_id.date_issue
04:45:58.366 [Test worker] DEBUG org.hibernate.persister.walking.spi.MetamodelGraphWalker - Visiting attribute path : delivery_id.status
04:45:58.366 [Test worker] DEBUG org.hibernate.persister.walking.spi.MetamodelGraphWalker - Visiting attribute path : product_id
04:45:58.366 [Test worker] DEBUG org.hibernate.loader.plan.build.internal.spaces.QuerySpacesImpl - Adding QuerySpace : uid = <gen:3> -> org.hibernate.loader.plan.build.internal.spaces.EntityQuerySpaceImpl@29d3d0fb]
04:45:58.366 [Test worker] DEBUG org.hibernate.persister.walking.spi.MetamodelGraphWalker - Visiting attribute path : product_id.expiration_date_from
04:45:58.366 [Test worker] DEBUG org.hibernate.persister.walking.spi.MetamodelGraphWalker - Visiting attribute path : product_id.expiration_date_to
04:45:58.366 [Test worker] DEBUG org.hibernate.persister.walking.spi.MetamodelGraphWalker - Visiting attribute path : product_id.measure
04:45:58.366 [Test worker] DEBUG org.hibernate.persister.walking.spi.MetamodelGraphWalker - Visiting attribute path : product_id.place_id
04:45:58.366 [Test worker] DEBUG org.hibernate.loader.plan.build.internal.spaces.QuerySpacesImpl - Adding QuerySpace : uid = <gen:4> -> org.hibernate.loader.plan.build.internal.spaces.EntityQuerySpaceImpl@70f85235]
04:45:58.366 [Test worker] DEBUG org.hibernate.persister.walking.spi.MetamodelGraphWalker - Visiting attribute path : product_id.place_id.free
04:45:58.366 [Test worker] DEBUG org.hibernate.persister.walking.spi.MetamodelGraphWalker - Visiting attribute path : product_id.place_id.storage_location
04:45:58.366 [Test worker] DEBUG org.hibernate.persister.walking.spi.MetamodelGraphWalker - Visiting attribute path : product_id.product_name
04:45:58.366 [Test worker] DEBUG org.hibernate.persister.walking.spi.MetamodelGraphWalker - Visiting attribute path : product_id.quantity
04:45:58.366 [Test worker] DEBUG org.hibernate.persister.walking.spi.MetamodelGraphWalker - Visiting attribute path : product_id.type
04:45:58.366 [Test worker] DEBUG org.hibernate.persister.walking.spi.MetamodelGraphWalker - Visiting attribute path : quantity
04:45:58.366 [Test worker] DEBUG org.hibernate.loader.plan.build.internal.FetchStyleLoadPlanBuildingAssociationVisitationStrategy - Building LoadPlan...
04:45:58.371 [Test worker] DEBUG org.hibernate.loader.plan.exec.internal.LoadQueryJoinAndFetchProcessor - processing queryspace <gen:0>
04:45:58.374 [Test worker] DEBUG org.hibernate.loader.plan.build.spi.LoadPlanTreePrinter - LoadPlan(entity=web_prak.java.classes.Deliveries_list)
    - Returns
       - EntityReturnImpl(entity=web_prak.java.classes.Deliveries_list, querySpaceUid=<gen:0>, path=web_prak.java.classes.Deliveries_list)
          - EntityAttributeFetchImpl(entity=web_prak.java.classes.Deliveries, querySpaceUid=<gen:1>, path=web_prak.java.classes.Deliveries_list.delivery_id)
             - EntityAttributeFetchImpl(entity=web_prak.java.classes.Clients, querySpaceUid=<gen:2>, path=web_prak.java.classes.Deliveries_list.delivery_id.client_id)
          - EntityAttributeFetchImpl(entity=web_prak.java.classes.Products, querySpaceUid=<gen:3>, path=web_prak.java.classes.Deliveries_list.product_id)
             - EntityAttributeFetchImpl(entity=web_prak.java.classes.Register_place, querySpaceUid=<gen:4>, path=web_prak.java.classes.Deliveries_list.product_id.place_id)
    - QuerySpaces
       - EntityQuerySpaceImpl(uid=<gen:0>, entity=web_prak.java.classes.Deliveries_list)
          - SQL table alias mapping - deliveries0_
          - alias suffix - 0_
          - suffixed key columns - {deliveri1_2_0_}
          - JOIN (JoinDefinedByMetadata(delivery_id)) : <gen:0> -> <gen:1>
             - EntityQuerySpaceImpl(uid=<gen:1>, entity=web_prak.java.classes.Deliveries)
                - SQL table alias mapping - deliveries1_
                - alias suffix - 1_
                - suffixed key columns - {delivery1_1_1_}
                - JOIN (JoinDefinedByMetadata(client_id)) : <gen:1> -> <gen:2>
                   - EntityQuerySpaceImpl(uid=<gen:2>, entity=web_prak.java.classes.Clients)
                      - SQL table alias mapping - clients2_
                      - alias suffix - 2_
                      - suffixed key columns - {client_i1_0_2_}
          - JOIN (JoinDefinedByMetadata(product_id)) : <gen:0> -> <gen:3>
             - EntityQuerySpaceImpl(uid=<gen:3>, entity=web_prak.java.classes.Products)
                - SQL table alias mapping - products3_
                - alias suffix - 3_
                - suffixed key columns - {product_1_3_3_}
                - JOIN (JoinDefinedByMetadata(place_id)) : <gen:3> -> <gen:4>
                   - EntityQuerySpaceImpl(uid=<gen:4>, entity=web_prak.java.classes.Register_place)
                      - SQL table alias mapping - register_p4_
                      - alias suffix - 4_
                      - suffixed key columns - {place_id1_4_4_}

04:45:58.375 [Test worker] DEBUG org.hibernate.loader.entity.plan.EntityLoader - Static select for entity web_prak.java.classes.Deliveries_list [NONE]: select deliveries0_.deliveries_list_id as deliveri1_2_0_, deliveries0_.delivery_id as delivery3_2_0_, deliveries0_.product_id as product_4_2_0_, deliveries0_.quantity as quantity2_2_0_, deliveries1_.delivery_id as delivery1_1_1_, deliveries1_.client_id as client_i4_1_1_, deliveries1_.date_issue as date_iss2_1_1_, deliveries1_.status as status3_1_1_, clients2_.client_id as client_i1_0_2_, clients2_.address as address2_0_2_, clients2_.client_name as client_n3_0_2_, clients2_.contact as contact4_0_2_, clients2_.email as email5_0_2_, products3_.product_id as product_1_3_3_, products3_.expiration_date_from as expirati2_3_3_, products3_.expiration_date_to as expirati3_3_3_, products3_.measure as measure4_3_3_, products3_.place_id as place_id8_3_3_, products3_.product_name as product_5_3_3_, products3_.quantity as quantity6_3_3_, products3_.type as type7_3_3_, register_p4_.place_id as place_id1_4_4_, register_p4_.free as free2_4_4_, register_p4_.storage_location as storage_3_4_4_ from deliveries_list deliveries0_ left outer join deliveries deliveries1_ on deliveries0_.delivery_id=deliveries1_.delivery_id left outer join clients clients2_ on deliveries1_.client_id=clients2_.client_id left outer join products products3_ on deliveries0_.product_id=products3_.product_id left outer join register_place register_p4_ on products3_.place_id=register_p4_.place_id where deliveries0_.deliveries_list_id=?
04:45:58.375 [Test worker] DEBUG org.hibernate.persister.entity.AbstractEntityPersister - Static SQL for entity: web_prak.java.classes.Deliveries
04:45:58.375 [Test worker] DEBUG org.hibernate.persister.entity.AbstractEntityPersister -  Version select: select delivery_id from deliveries where delivery_id =?
04:45:58.375 [Test worker] DEBUG org.hibernate.persister.entity.AbstractEntityPersister -  Snapshot select: select deliveries_.delivery_id, deliveries_.client_id as client_i4_1_, deliveries_.date_issue as date_iss2_1_, deliveries_.status as status3_1_ from deliveries deliveries_ where deliveries_.delivery_id=?
04:45:58.375 [Test worker] DEBUG org.hibernate.persister.entity.AbstractEntityPersister -  Insert 0: insert into deliveries (client_id, date_issue, status, delivery_id) values (?, ?, ?, ?)
04:45:58.375 [Test worker] DEBUG org.hibernate.persister.entity.AbstractEntityPersister -  Update 0: update deliveries set client_id=?, date_issue=?, status=? where delivery_id=?
04:45:58.375 [Test worker] DEBUG org.hibernate.persister.entity.AbstractEntityPersister -  Delete 0: delete from deliveries where delivery_id=?
04:45:58.375 [Test worker] DEBUG org.hibernate.persister.entity.AbstractEntityPersister -  Identity insert: insert into deliveries (client_id, date_issue, status) values (?, ?, ?)
04:45:58.375 [Test worker] DEBUG org.hibernate.loader.plan.build.internal.spaces.QuerySpacesImpl - Adding QuerySpace : uid = <gen:0> -> org.hibernate.loader.plan.build.internal.spaces.EntityQuerySpaceImpl@59d5c537]
04:45:58.376 [Test worker] DEBUG org.hibernate.persister.walking.spi.MetamodelGraphWalker - Visiting attribute path : client_id
04:45:58.376 [Test worker] DEBUG org.hibernate.loader.plan.build.internal.spaces.QuerySpacesImpl - Adding QuerySpace : uid = <gen:1> -> org.hibernate.loader.plan.build.internal.spaces.EntityQuerySpaceImpl@3355168]
04:45:58.376 [Test worker] DEBUG org.hibernate.persister.walking.spi.MetamodelGraphWalker - Visiting attribute path : client_id.address
04:45:58.376 [Test worker] DEBUG org.hibernate.persister.walking.spi.MetamodelGraphWalker - Visiting attribute path : client_id.client_name
04:45:58.376 [Test worker] DEBUG org.hibernate.persister.walking.spi.MetamodelGraphWalker - Visiting attribute path : client_id.contact
04:45:58.376 [Test worker] DEBUG org.hibernate.persister.walking.spi.MetamodelGraphWalker - Visiting attribute path : client_id.email
04:45:58.376 [Test worker] DEBUG org.hibernate.persister.walking.spi.MetamodelGraphWalker - Visiting attribute path : date_issue
04:45:58.376 [Test worker] DEBUG org.hibernate.persister.walking.spi.MetamodelGraphWalker - Visiting attribute path : status
04:45:58.376 [Test worker] DEBUG org.hibernate.loader.plan.build.internal.FetchStyleLoadPlanBuildingAssociationVisitationStrategy - Building LoadPlan...
04:45:58.376 [Test worker] DEBUG org.hibernate.loader.plan.exec.internal.LoadQueryJoinAndFetchProcessor - processing queryspace <gen:0>
04:45:58.376 [Test worker] DEBUG org.hibernate.loader.plan.build.spi.LoadPlanTreePrinter - LoadPlan(entity=web_prak.java.classes.Deliveries)
    - Returns
       - EntityReturnImpl(entity=web_prak.java.classes.Deliveries, querySpaceUid=<gen:0>, path=web_prak.java.classes.Deliveries)
          - EntityAttributeFetchImpl(entity=web_prak.java.classes.Clients, querySpaceUid=<gen:1>, path=web_prak.java.classes.Deliveries.client_id)
    - QuerySpaces
       - EntityQuerySpaceImpl(uid=<gen:0>, entity=web_prak.java.classes.Deliveries)
          - SQL table alias mapping - deliveries0_
          - alias suffix - 0_
          - suffixed key columns - {delivery1_1_0_}
          - JOIN (JoinDefinedByMetadata(client_id)) : <gen:0> -> <gen:1>
             - EntityQuerySpaceImpl(uid=<gen:1>, entity=web_prak.java.classes.Clients)
                - SQL table alias mapping - clients1_
                - alias suffix - 1_
                - suffixed key columns - {client_i1_0_1_}

04:45:58.376 [Test worker] DEBUG org.hibernate.loader.entity.plan.EntityLoader - Static select for entity web_prak.java.classes.Deliveries [NONE]: select deliveries0_.delivery_id as delivery1_1_0_, deliveries0_.client_id as client_i4_1_0_, deliveries0_.date_issue as date_iss2_1_0_, deliveries0_.status as status3_1_0_, clients1_.client_id as client_i1_0_1_, clients1_.address as address2_0_1_, clients1_.client_name as client_n3_0_1_, clients1_.contact as contact4_0_1_, clients1_.email as email5_0_1_ from deliveries deliveries0_ left outer join clients clients1_ on deliveries0_.client_id=clients1_.client_id where deliveries0_.delivery_id=?
04:45:58.376 [Test worker] DEBUG org.hibernate.persister.entity.AbstractEntityPersister - Static SQL for entity: web_prak.java.classes.Products
04:45:58.376 [Test worker] DEBUG org.hibernate.persister.entity.AbstractEntityPersister -  Version select: select product_id from products where product_id =?
04:45:58.376 [Test worker] DEBUG org.hibernate.persister.entity.AbstractEntityPersister -  Snapshot select: select products_.product_id, products_.expiration_date_from as expirati2_3_, products_.expiration_date_to as expirati3_3_, products_.measure as measure4_3_, products_.place_id as place_id8_3_, products_.product_name as product_5_3_, products_.quantity as quantity6_3_, products_.type as type7_3_ from products products_ where products_.product_id=?
04:45:58.377 [Test worker] DEBUG org.hibernate.persister.entity.AbstractEntityPersister -  Insert 0: insert into products (expiration_date_from, expiration_date_to, measure, place_id, product_name, quantity, type, product_id) values (?, ?, ?, ?, ?, ?, ?, ?)
04:45:58.377 [Test worker] DEBUG org.hibernate.persister.entity.AbstractEntityPersister -  Update 0: update products set expiration_date_from=?, expiration_date_to=?, measure=?, place_id=?, product_name=?, quantity=?, type=? where product_id=?
04:45:58.377 [Test worker] DEBUG org.hibernate.persister.entity.AbstractEntityPersister -  Delete 0: delete from products where product_id=?
04:45:58.377 [Test worker] DEBUG org.hibernate.persister.entity.AbstractEntityPersister -  Identity insert: insert into products (expiration_date_from, expiration_date_to, measure, place_id, product_name, quantity, type) values (?, ?, ?, ?, ?, ?, ?)
04:45:58.377 [Test worker] DEBUG org.hibernate.loader.plan.build.internal.spaces.QuerySpacesImpl - Adding QuerySpace : uid = <gen:0> -> org.hibernate.loader.plan.build.internal.spaces.EntityQuerySpaceImpl@580c17a0]
04:45:58.377 [Test worker] DEBUG org.hibernate.persister.walking.spi.MetamodelGraphWalker - Visiting attribute path : expiration_date_from
04:45:58.377 [Test worker] DEBUG org.hibernate.persister.walking.spi.MetamodelGraphWalker - Visiting attribute path : expiration_date_to
04:45:58.377 [Test worker] DEBUG org.hibernate.persister.walking.spi.MetamodelGraphWalker - Visiting attribute path : measure
04:45:58.377 [Test worker] DEBUG org.hibernate.persister.walking.spi.MetamodelGraphWalker - Visiting attribute path : place_id
04:45:58.377 [Test worker] DEBUG org.hibernate.loader.plan.build.internal.spaces.QuerySpacesImpl - Adding QuerySpace : uid = <gen:1> -> org.hibernate.loader.plan.build.internal.spaces.EntityQuerySpaceImpl@4540c7]
04:45:58.377 [Test worker] DEBUG org.hibernate.persister.walking.spi.MetamodelGraphWalker - Visiting attribute path : place_id.free
04:45:58.377 [Test worker] DEBUG org.hibernate.persister.walking.spi.MetamodelGraphWalker - Visiting attribute path : place_id.storage_location
04:45:58.377 [Test worker] DEBUG org.hibernate.persister.walking.spi.MetamodelGraphWalker - Visiting attribute path : product_name
04:45:58.377 [Test worker] DEBUG org.hibernate.persister.walking.spi.MetamodelGraphWalker - Visiting attribute path : quantity
04:45:58.377 [Test worker] DEBUG org.hibernate.persister.walking.spi.MetamodelGraphWalker - Visiting attribute path : type
04:45:58.377 [Test worker] DEBUG org.hibernate.loader.plan.build.internal.FetchStyleLoadPlanBuildingAssociationVisitationStrategy - Building LoadPlan...
04:45:58.377 [Test worker] DEBUG org.hibernate.loader.plan.exec.internal.LoadQueryJoinAndFetchProcessor - processing queryspace <gen:0>
04:45:58.377 [Test worker] DEBUG org.hibernate.loader.plan.build.spi.LoadPlanTreePrinter - LoadPlan(entity=web_prak.java.classes.Products)
    - Returns
       - EntityReturnImpl(entity=web_prak.java.classes.Products, querySpaceUid=<gen:0>, path=web_prak.java.classes.Products)
          - EntityAttributeFetchImpl(entity=web_prak.java.classes.Register_place, querySpaceUid=<gen:1>, path=web_prak.java.classes.Products.place_id)
    - QuerySpaces
       - EntityQuerySpaceImpl(uid=<gen:0>, entity=web_prak.java.classes.Products)
          - SQL table alias mapping - products0_
          - alias suffix - 0_
          - suffixed key columns - {product_1_3_0_}
          - JOIN (JoinDefinedByMetadata(place_id)) : <gen:0> -> <gen:1>
             - EntityQuerySpaceImpl(uid=<gen:1>, entity=web_prak.java.classes.Register_place)
                - SQL table alias mapping - register_p1_
                - alias suffix - 1_
                - suffixed key columns - {place_id1_4_1_}

04:45:58.377 [Test worker] DEBUG org.hibernate.loader.entity.plan.EntityLoader - Static select for entity web_prak.java.classes.Products [NONE]: select products0_.product_id as product_1_3_0_, products0_.expiration_date_from as expirati2_3_0_, products0_.expiration_date_to as expirati3_3_0_, products0_.measure as measure4_3_0_, products0_.place_id as place_id8_3_0_, products0_.product_name as product_5_3_0_, products0_.quantity as quantity6_3_0_, products0_.type as type7_3_0_, register_p1_.place_id as place_id1_4_1_, register_p1_.free as free2_4_1_, register_p1_.storage_location as storage_3_4_1_ from products products0_ left outer join register_place register_p1_ on products0_.place_id=register_p1_.place_id where products0_.product_id=?
04:45:58.378 [Test worker] DEBUG org.hibernate.persister.entity.AbstractEntityPersister - Static SQL for entity: web_prak.java.classes.Suppliers
04:45:58.378 [Test worker] DEBUG org.hibernate.persister.entity.AbstractEntityPersister -  Version select: select supplier_id from suppliers where supplier_id =?
04:45:58.378 [Test worker] DEBUG org.hibernate.persister.entity.AbstractEntityPersister -  Snapshot select: select suppliers_.supplier_id, suppliers_.address as address2_5_, suppliers_.contact as contact3_5_, suppliers_.email as email4_5_, suppliers_.supplier_name as supplier5_5_ from suppliers suppliers_ where suppliers_.supplier_id=?
04:45:58.378 [Test worker] DEBUG org.hibernate.persister.entity.AbstractEntityPersister -  Insert 0: insert into suppliers (address, contact, email, supplier_name, supplier_id) values (?, ?, ?, ?, ?)
04:45:58.378 [Test worker] DEBUG org.hibernate.persister.entity.AbstractEntityPersister -  Update 0: update suppliers set address=?, contact=?, email=?, supplier_name=? where supplier_id=?
04:45:58.378 [Test worker] DEBUG org.hibernate.persister.entity.AbstractEntityPersister -  Delete 0: delete from suppliers where supplier_id=?
04:45:58.378 [Test worker] DEBUG org.hibernate.persister.entity.AbstractEntityPersister -  Identity insert: insert into suppliers (address, contact, email, supplier_name) values (?, ?, ?, ?)
04:45:58.378 [Test worker] DEBUG org.hibernate.loader.plan.build.internal.spaces.QuerySpacesImpl - Adding QuerySpace : uid = <gen:0> -> org.hibernate.loader.plan.build.internal.spaces.EntityQuerySpaceImpl@2bc0b8c8]
04:45:58.378 [Test worker] DEBUG org.hibernate.persister.walking.spi.MetamodelGraphWalker - Visiting attribute path : address
04:45:58.378 [Test worker] DEBUG org.hibernate.persister.walking.spi.MetamodelGraphWalker - Visiting attribute path : contact
04:45:58.378 [Test worker] DEBUG org.hibernate.persister.walking.spi.MetamodelGraphWalker - Visiting attribute path : email
04:45:58.378 [Test worker] DEBUG org.hibernate.persister.walking.spi.MetamodelGraphWalker - Visiting attribute path : supplier_name
04:45:58.378 [Test worker] DEBUG org.hibernate.loader.plan.build.internal.FetchStyleLoadPlanBuildingAssociationVisitationStrategy - Building LoadPlan...
04:45:58.378 [Test worker] DEBUG org.hibernate.loader.plan.exec.internal.LoadQueryJoinAndFetchProcessor - processing queryspace <gen:0>
04:45:58.378 [Test worker] DEBUG org.hibernate.loader.plan.build.spi.LoadPlanTreePrinter - LoadPlan(entity=web_prak.java.classes.Suppliers)
    - Returns
       - EntityReturnImpl(entity=web_prak.java.classes.Suppliers, querySpaceUid=<gen:0>, path=web_prak.java.classes.Suppliers)
    - QuerySpaces
       - EntityQuerySpaceImpl(uid=<gen:0>, entity=web_prak.java.classes.Suppliers)
          - SQL table alias mapping - suppliers0_
          - alias suffix - 0_
          - suffixed key columns - {supplier1_5_0_}

04:45:58.378 [Test worker] DEBUG org.hibernate.loader.entity.plan.EntityLoader - Static select for entity web_prak.java.classes.Suppliers [NONE]: select suppliers0_.supplier_id as supplier1_5_0_, suppliers0_.address as address2_5_0_, suppliers0_.contact as contact3_5_0_, suppliers0_.email as email4_5_0_, suppliers0_.supplier_name as supplier5_5_0_ from suppliers suppliers0_ where suppliers0_.supplier_id=?
04:45:58.378 [Test worker] DEBUG org.hibernate.persister.entity.AbstractEntityPersister - Static SQL for entity: web_prak.java.classes.Clients
04:45:58.378 [Test worker] DEBUG org.hibernate.persister.entity.AbstractEntityPersister -  Version select: select client_id from clients where client_id =?
04:45:58.378 [Test worker] DEBUG org.hibernate.persister.entity.AbstractEntityPersister -  Snapshot select: select clients_.client_id, clients_.address as address2_0_, clients_.client_name as client_n3_0_, clients_.contact as contact4_0_, clients_.email as email5_0_ from clients clients_ where clients_.client_id=?
04:45:58.378 [Test worker] DEBUG org.hibernate.persister.entity.AbstractEntityPersister -  Insert 0: insert into clients (address, client_name, contact, email, client_id) values (?, ?, ?, ?, ?)
04:45:58.378 [Test worker] DEBUG org.hibernate.persister.entity.AbstractEntityPersister -  Update 0: update clients set address=?, client_name=?, contact=?, email=? where client_id=?
04:45:58.378 [Test worker] DEBUG org.hibernate.persister.entity.AbstractEntityPersister -  Delete 0: delete from clients where client_id=?
04:45:58.378 [Test worker] DEBUG org.hibernate.persister.entity.AbstractEntityPersister -  Identity insert: insert into clients (address, client_name, contact, email) values (?, ?, ?, ?)
04:45:58.378 [Test worker] DEBUG org.hibernate.loader.plan.build.internal.spaces.QuerySpacesImpl - Adding QuerySpace : uid = <gen:0> -> org.hibernate.loader.plan.build.internal.spaces.EntityQuerySpaceImpl@3f1158ee]
04:45:58.378 [Test worker] DEBUG org.hibernate.persister.walking.spi.MetamodelGraphWalker - Visiting attribute path : address
04:45:58.378 [Test worker] DEBUG org.hibernate.persister.walking.spi.MetamodelGraphWalker - Visiting attribute path : client_name
04:45:58.378 [Test worker] DEBUG org.hibernate.persister.walking.spi.MetamodelGraphWalker - Visiting attribute path : contact
04:45:58.379 [Test worker] DEBUG org.hibernate.persister.walking.spi.MetamodelGraphWalker - Visiting attribute path : email
04:45:58.379 [Test worker] DEBUG org.hibernate.loader.plan.build.internal.FetchStyleLoadPlanBuildingAssociationVisitationStrategy - Building LoadPlan...
04:45:58.379 [Test worker] DEBUG org.hibernate.loader.plan.exec.internal.LoadQueryJoinAndFetchProcessor - processing queryspace <gen:0>
04:45:58.379 [Test worker] DEBUG org.hibernate.loader.plan.build.spi.LoadPlanTreePrinter - LoadPlan(entity=web_prak.java.classes.Clients)
    - Returns
       - EntityReturnImpl(entity=web_prak.java.classes.Clients, querySpaceUid=<gen:0>, path=web_prak.java.classes.Clients)
    - QuerySpaces
       - EntityQuerySpaceImpl(uid=<gen:0>, entity=web_prak.java.classes.Clients)
          - SQL table alias mapping - clients0_
          - alias suffix - 0_
          - suffixed key columns - {client_i1_0_0_}

04:45:58.379 [Test worker] DEBUG org.hibernate.loader.entity.plan.EntityLoader - Static select for entity web_prak.java.classes.Clients [NONE]: select clients0_.client_id as client_i1_0_0_, clients0_.address as address2_0_0_, clients0_.client_name as client_n3_0_0_, clients0_.contact as contact4_0_0_, clients0_.email as email5_0_0_ from clients clients0_ where clients0_.client_id=?
04:45:58.379 [Test worker] DEBUG org.hibernate.persister.entity.AbstractEntityPersister - Static SQL for entity: web_prak.java.classes.Supplies
04:45:58.379 [Test worker] DEBUG org.hibernate.persister.entity.AbstractEntityPersister -  Version select: select supply_id from supplies where supply_id =?
04:45:58.379 [Test worker] DEBUG org.hibernate.persister.entity.AbstractEntityPersister -  Snapshot select: select supplies_.supply_id, supplies_.data_supply as data_sup2_6_, supplies_.status as status3_6_, supplies_.store_period as store_pe4_6_, supplies_.supplier_id as supplier5_6_ from supplies supplies_ where supplies_.supply_id=?
04:45:58.379 [Test worker] DEBUG org.hibernate.persister.entity.AbstractEntityPersister -  Insert 0: insert into supplies (data_supply, status, store_period, supplier_id, supply_id) values (?, ?, ?, ?, ?)
04:45:58.379 [Test worker] DEBUG org.hibernate.persister.entity.AbstractEntityPersister -  Update 0: update supplies set data_supply=?, status=?, store_period=?, supplier_id=? where supply_id=?
04:45:58.379 [Test worker] DEBUG org.hibernate.persister.entity.AbstractEntityPersister -  Delete 0: delete from supplies where supply_id=?
04:45:58.379 [Test worker] DEBUG org.hibernate.persister.entity.AbstractEntityPersister -  Identity insert: insert into supplies (data_supply, status, store_period, supplier_id) values (?, ?, ?, ?)
04:45:58.379 [Test worker] DEBUG org.hibernate.loader.plan.build.internal.spaces.QuerySpacesImpl - Adding QuerySpace : uid = <gen:0> -> org.hibernate.loader.plan.build.internal.spaces.EntityQuerySpaceImpl@4a4b288a]
04:45:58.379 [Test worker] DEBUG org.hibernate.persister.walking.spi.MetamodelGraphWalker - Visiting attribute path : data_supply
04:45:58.379 [Test worker] DEBUG org.hibernate.persister.walking.spi.MetamodelGraphWalker - Visiting attribute path : status
04:45:58.379 [Test worker] DEBUG org.hibernate.persister.walking.spi.MetamodelGraphWalker - Visiting attribute path : store_period
04:45:58.379 [Test worker] DEBUG org.hibernate.persister.walking.spi.MetamodelGraphWalker - Visiting attribute path : supplier_id
04:45:58.379 [Test worker] DEBUG org.hibernate.loader.plan.build.internal.spaces.QuerySpacesImpl - Adding QuerySpace : uid = <gen:1> -> org.hibernate.loader.plan.build.internal.spaces.EntityQuerySpaceImpl@29892a77]
04:45:58.379 [Test worker] DEBUG org.hibernate.persister.walking.spi.MetamodelGraphWalker - Visiting attribute path : supplier_id.address
04:45:58.379 [Test worker] DEBUG org.hibernate.persister.walking.spi.MetamodelGraphWalker - Visiting attribute path : supplier_id.contact
04:45:58.379 [Test worker] DEBUG org.hibernate.persister.walking.spi.MetamodelGraphWalker - Visiting attribute path : supplier_id.email
04:45:58.379 [Test worker] DEBUG org.hibernate.persister.walking.spi.MetamodelGraphWalker - Visiting attribute path : supplier_id.supplier_name
04:45:58.379 [Test worker] DEBUG org.hibernate.loader.plan.build.internal.FetchStyleLoadPlanBuildingAssociationVisitationStrategy - Building LoadPlan...
04:45:58.379 [Test worker] DEBUG org.hibernate.loader.plan.exec.internal.LoadQueryJoinAndFetchProcessor - processing queryspace <gen:0>
04:45:58.380 [Test worker] DEBUG org.hibernate.loader.plan.build.spi.LoadPlanTreePrinter - LoadPlan(entity=web_prak.java.classes.Supplies)
    - Returns
       - EntityReturnImpl(entity=web_prak.java.classes.Supplies, querySpaceUid=<gen:0>, path=web_prak.java.classes.Supplies)
          - EntityAttributeFetchImpl(entity=web_prak.java.classes.Suppliers, querySpaceUid=<gen:1>, path=web_prak.java.classes.Supplies.supplier_id)
    - QuerySpaces
       - EntityQuerySpaceImpl(uid=<gen:0>, entity=web_prak.java.classes.Supplies)
          - SQL table alias mapping - supplies0_
          - alias suffix - 0_
          - suffixed key columns - {supply_i1_6_0_}
          - JOIN (JoinDefinedByMetadata(supplier_id)) : <gen:0> -> <gen:1>
             - EntityQuerySpaceImpl(uid=<gen:1>, entity=web_prak.java.classes.Suppliers)
                - SQL table alias mapping - suppliers1_
                - alias suffix - 1_
                - suffixed key columns - {supplier1_5_1_}

04:45:58.380 [Test worker] DEBUG org.hibernate.loader.entity.plan.EntityLoader - Static select for entity web_prak.java.classes.Supplies [NONE]: select supplies0_.supply_id as supply_i1_6_0_, supplies0_.data_supply as data_sup2_6_0_, supplies0_.status as status3_6_0_, supplies0_.store_period as store_pe4_6_0_, supplies0_.supplier_id as supplier5_6_0_, suppliers1_.supplier_id as supplier1_5_1_, suppliers1_.address as address2_5_1_, suppliers1_.contact as contact3_5_1_, suppliers1_.email as email4_5_1_, suppliers1_.supplier_name as supplier5_5_1_ from supplies supplies0_ left outer join suppliers suppliers1_ on supplies0_.supplier_id=suppliers1_.supplier_id where supplies0_.supply_id=?
04:45:58.380 [Test worker] DEBUG org.hibernate.persister.entity.AbstractEntityPersister - Static SQL for entity: web_prak.java.classes.Register_place
04:45:58.380 [Test worker] DEBUG org.hibernate.persister.entity.AbstractEntityPersister -  Version select: select place_id from register_place where place_id =?
04:45:58.380 [Test worker] DEBUG org.hibernate.persister.entity.AbstractEntityPersister -  Snapshot select: select register_p_.place_id, register_p_.free as free2_4_, register_p_.storage_location as storage_3_4_ from register_place register_p_ where register_p_.place_id=?
04:45:58.380 [Test worker] DEBUG org.hibernate.persister.entity.AbstractEntityPersister -  Insert 0: insert into register_place (free, storage_location, place_id) values (?, ?, ?)
04:45:58.380 [Test worker] DEBUG org.hibernate.persister.entity.AbstractEntityPersister -  Update 0: update register_place set free=?, storage_location=? where place_id=?
04:45:58.380 [Test worker] DEBUG org.hibernate.persister.entity.AbstractEntityPersister -  Delete 0: delete from register_place where place_id=?
04:45:58.380 [Test worker] DEBUG org.hibernate.persister.entity.AbstractEntityPersister -  Identity insert: insert into register_place (free, storage_location) values (?, ?)
04:45:58.380 [Test worker] DEBUG org.hibernate.loader.plan.build.internal.spaces.QuerySpacesImpl - Adding QuerySpace : uid = <gen:0> -> org.hibernate.loader.plan.build.internal.spaces.EntityQuerySpaceImpl@405d8a80]
04:45:58.380 [Test worker] DEBUG org.hibernate.persister.walking.spi.MetamodelGraphWalker - Visiting attribute path : free
04:45:58.380 [Test worker] DEBUG org.hibernate.persister.walking.spi.MetamodelGraphWalker - Visiting attribute path : storage_location
04:45:58.380 [Test worker] DEBUG org.hibernate.loader.plan.build.internal.FetchStyleLoadPlanBuildingAssociationVisitationStrategy - Building LoadPlan...
04:45:58.381 [Test worker] DEBUG org.hibernate.loader.plan.exec.internal.LoadQueryJoinAndFetchProcessor - processing queryspace <gen:0>
04:45:58.381 [Test worker] DEBUG org.hibernate.loader.plan.build.spi.LoadPlanTreePrinter - LoadPlan(entity=web_prak.java.classes.Register_place)
    - Returns
       - EntityReturnImpl(entity=web_prak.java.classes.Register_place, querySpaceUid=<gen:0>, path=web_prak.java.classes.Register_place)
    - QuerySpaces
       - EntityQuerySpaceImpl(uid=<gen:0>, entity=web_prak.java.classes.Register_place)
          - SQL table alias mapping - register_p0_
          - alias suffix - 0_
          - suffixed key columns - {place_id1_4_0_}

04:45:58.381 [Test worker] DEBUG org.hibernate.loader.entity.plan.EntityLoader - Static select for entity web_prak.java.classes.Register_place [NONE]: select register_p0_.place_id as place_id1_4_0_, register_p0_.free as free2_4_0_, register_p0_.storage_location as storage_3_4_0_ from register_place register_p0_ where register_p0_.place_id=?
04:45:58.381 [Test worker] DEBUG org.hibernate.persister.entity.AbstractEntityPersister - Static SQL for entity: web_prak.java.classes.Supplies_list
04:45:58.381 [Test worker] DEBUG org.hibernate.persister.entity.AbstractEntityPersister -  Version select: select supplies_list_id from supplies_list where supplies_list_id =?
04:45:58.381 [Test worker] DEBUG org.hibernate.persister.entity.AbstractEntityPersister -  Snapshot select: select supplies_l_.supplies_list_id, supplies_l_.product_id as product_3_7_, supplies_l_.quantity as quantity2_7_, supplies_l_.supply_id as supply_i4_7_ from supplies_list supplies_l_ where supplies_l_.supplies_list_id=?
04:45:58.381 [Test worker] DEBUG org.hibernate.persister.entity.AbstractEntityPersister -  Insert 0: insert into supplies_list (product_id, quantity, supply_id, supplies_list_id) values (?, ?, ?, ?)
04:45:58.381 [Test worker] DEBUG org.hibernate.persister.entity.AbstractEntityPersister -  Update 0: update supplies_list set product_id=?, quantity=?, supply_id=? where supplies_list_id=?
04:45:58.381 [Test worker] DEBUG org.hibernate.persister.entity.AbstractEntityPersister -  Delete 0: delete from supplies_list where supplies_list_id=?
04:45:58.381 [Test worker] DEBUG org.hibernate.persister.entity.AbstractEntityPersister -  Identity insert: insert into supplies_list (product_id, quantity, supply_id) values (?, ?, ?)
04:45:58.381 [Test worker] DEBUG org.hibernate.loader.plan.build.internal.spaces.QuerySpacesImpl - Adding QuerySpace : uid = <gen:0> -> org.hibernate.loader.plan.build.internal.spaces.EntityQuerySpaceImpl@6afeaf2d]
04:45:58.381 [Test worker] DEBUG org.hibernate.persister.walking.spi.MetamodelGraphWalker - Visiting attribute path : product_id
04:45:58.381 [Test worker] DEBUG org.hibernate.loader.plan.build.internal.spaces.QuerySpacesImpl - Adding QuerySpace : uid = <gen:1> -> org.hibernate.loader.plan.build.internal.spaces.EntityQuerySpaceImpl@1a7e799e]
04:45:58.382 [Test worker] DEBUG org.hibernate.persister.walking.spi.MetamodelGraphWalker - Visiting attribute path : product_id.expiration_date_from
04:45:58.382 [Test worker] DEBUG org.hibernate.persister.walking.spi.MetamodelGraphWalker - Visiting attribute path : product_id.expiration_date_to
04:45:58.382 [Test worker] DEBUG org.hibernate.persister.walking.spi.MetamodelGraphWalker - Visiting attribute path : product_id.measure
04:45:58.382 [Test worker] DEBUG org.hibernate.persister.walking.spi.MetamodelGraphWalker - Visiting attribute path : product_id.place_id
04:45:58.382 [Test worker] DEBUG org.hibernate.loader.plan.build.internal.spaces.QuerySpacesImpl - Adding QuerySpace : uid = <gen:2> -> org.hibernate.loader.plan.build.internal.spaces.EntityQuerySpaceImpl@283baa39]
04:45:58.382 [Test worker] DEBUG org.hibernate.persister.walking.spi.MetamodelGraphWalker - Visiting attribute path : product_id.place_id.free
04:45:58.382 [Test worker] DEBUG org.hibernate.persister.walking.spi.MetamodelGraphWalker - Visiting attribute path : product_id.place_id.storage_location
04:45:58.382 [Test worker] DEBUG org.hibernate.persister.walking.spi.MetamodelGraphWalker - Visiting attribute path : product_id.product_name
04:45:58.382 [Test worker] DEBUG org.hibernate.persister.walking.spi.MetamodelGraphWalker - Visiting attribute path : product_id.quantity
04:45:58.382 [Test worker] DEBUG org.hibernate.persister.walking.spi.MetamodelGraphWalker - Visiting attribute path : product_id.type
04:45:58.382 [Test worker] DEBUG org.hibernate.persister.walking.spi.MetamodelGraphWalker - Visiting attribute path : quantity
04:45:58.382 [Test worker] DEBUG org.hibernate.persister.walking.spi.MetamodelGraphWalker - Visiting attribute path : supply_id
04:45:58.382 [Test worker] DEBUG org.hibernate.loader.plan.build.internal.spaces.QuerySpacesImpl - Adding QuerySpace : uid = <gen:3> -> org.hibernate.loader.plan.build.internal.spaces.EntityQuerySpaceImpl@2830315f]
04:45:58.382 [Test worker] DEBUG org.hibernate.persister.walking.spi.MetamodelGraphWalker - Visiting attribute path : supply_id.data_supply
04:45:58.382 [Test worker] DEBUG org.hibernate.persister.walking.spi.MetamodelGraphWalker - Visiting attribute path : supply_id.status
04:45:58.382 [Test worker] DEBUG org.hibernate.persister.walking.spi.MetamodelGraphWalker - Visiting attribute path : supply_id.store_period
04:45:58.382 [Test worker] DEBUG org.hibernate.persister.walking.spi.MetamodelGraphWalker - Visiting attribute path : supply_id.supplier_id
04:45:58.382 [Test worker] DEBUG org.hibernate.loader.plan.build.internal.spaces.QuerySpacesImpl - Adding QuerySpace : uid = <gen:4> -> org.hibernate.loader.plan.build.internal.spaces.EntityQuerySpaceImpl@75452aea]
04:45:58.382 [Test worker] DEBUG org.hibernate.persister.walking.spi.MetamodelGraphWalker - Visiting attribute path : supply_id.supplier_id.address
04:45:58.382 [Test worker] DEBUG org.hibernate.persister.walking.spi.MetamodelGraphWalker - Visiting attribute path : supply_id.supplier_id.contact
04:45:58.382 [Test worker] DEBUG org.hibernate.persister.walking.spi.MetamodelGraphWalker - Visiting attribute path : supply_id.supplier_id.email
04:45:58.382 [Test worker] DEBUG org.hibernate.persister.walking.spi.MetamodelGraphWalker - Visiting attribute path : supply_id.supplier_id.supplier_name
04:45:58.382 [Test worker] DEBUG org.hibernate.loader.plan.build.internal.FetchStyleLoadPlanBuildingAssociationVisitationStrategy - Building LoadPlan...
04:45:58.383 [Test worker] DEBUG org.hibernate.loader.plan.exec.internal.LoadQueryJoinAndFetchProcessor - processing queryspace <gen:0>
04:45:58.384 [Test worker] DEBUG org.hibernate.loader.plan.build.spi.LoadPlanTreePrinter - LoadPlan(entity=web_prak.java.classes.Supplies_list)
    - Returns
       - EntityReturnImpl(entity=web_prak.java.classes.Supplies_list, querySpaceUid=<gen:0>, path=web_prak.java.classes.Supplies_list)
          - EntityAttributeFetchImpl(entity=web_prak.java.classes.Products, querySpaceUid=<gen:1>, path=web_prak.java.classes.Supplies_list.product_id)
             - EntityAttributeFetchImpl(entity=web_prak.java.classes.Register_place, querySpaceUid=<gen:2>, path=web_prak.java.classes.Supplies_list.product_id.place_id)
          - EntityAttributeFetchImpl(entity=web_prak.java.classes.Supplies, querySpaceUid=<gen:3>, path=web_prak.java.classes.Supplies_list.supply_id)
             - EntityAttributeFetchImpl(entity=web_prak.java.classes.Suppliers, querySpaceUid=<gen:4>, path=web_prak.java.classes.Supplies_list.supply_id.supplier_id)
    - QuerySpaces
       - EntityQuerySpaceImpl(uid=<gen:0>, entity=web_prak.java.classes.Supplies_list)
          - SQL table alias mapping - supplies_l0_
          - alias suffix - 0_
          - suffixed key columns - {supplies1_7_0_}
          - JOIN (JoinDefinedByMetadata(product_id)) : <gen:0> -> <gen:1>
             - EntityQuerySpaceImpl(uid=<gen:1>, entity=web_prak.java.classes.Products)
                - SQL table alias mapping - products1_
                - alias suffix - 1_
                - suffixed key columns - {product_1_3_1_}
                - JOIN (JoinDefinedByMetadata(place_id)) : <gen:1> -> <gen:2>
                   - EntityQuerySpaceImpl(uid=<gen:2>, entity=web_prak.java.classes.Register_place)
                      - SQL table alias mapping - register_p2_
                      - alias suffix - 2_
                      - suffixed key columns - {place_id1_4_2_}
          - JOIN (JoinDefinedByMetadata(supply_id)) : <gen:0> -> <gen:3>
             - EntityQuerySpaceImpl(uid=<gen:3>, entity=web_prak.java.classes.Supplies)
                - SQL table alias mapping - supplies3_
                - alias suffix - 3_
                - suffixed key columns - {supply_i1_6_3_}
                - JOIN (JoinDefinedByMetadata(supplier_id)) : <gen:3> -> <gen:4>
                   - EntityQuerySpaceImpl(uid=<gen:4>, entity=web_prak.java.classes.Suppliers)
                      - SQL table alias mapping - suppliers4_
                      - alias suffix - 4_
                      - suffixed key columns - {supplier1_5_4_}

04:45:58.384 [Test worker] DEBUG org.hibernate.loader.entity.plan.EntityLoader - Static select for entity web_prak.java.classes.Supplies_list [NONE]: select supplies_l0_.supplies_list_id as supplies1_7_0_, supplies_l0_.product_id as product_3_7_0_, supplies_l0_.quantity as quantity2_7_0_, supplies_l0_.supply_id as supply_i4_7_0_, products1_.product_id as product_1_3_1_, products1_.expiration_date_from as expirati2_3_1_, products1_.expiration_date_to as expirati3_3_1_, products1_.measure as measure4_3_1_, products1_.place_id as place_id8_3_1_, products1_.product_name as product_5_3_1_, products1_.quantity as quantity6_3_1_, products1_.type as type7_3_1_, register_p2_.place_id as place_id1_4_2_, register_p2_.free as free2_4_2_, register_p2_.storage_location as storage_3_4_2_, supplies3_.supply_id as supply_i1_6_3_, supplies3_.data_supply as data_sup2_6_3_, supplies3_.status as status3_6_3_, supplies3_.store_period as store_pe4_6_3_, supplies3_.supplier_id as supplier5_6_3_, suppliers4_.supplier_id as supplier1_5_4_, suppliers4_.address as address2_5_4_, suppliers4_.contact as contact3_5_4_, suppliers4_.email as email4_5_4_, suppliers4_.supplier_name as supplier5_5_4_ from supplies_list supplies_l0_ left outer join products products1_ on supplies_l0_.product_id=products1_.product_id left outer join register_place register_p2_ on products1_.place_id=register_p2_.place_id left outer join supplies supplies3_ on supplies_l0_.supply_id=supplies3_.supply_id left outer join suppliers suppliers4_ on supplies3_.supplier_id=suppliers4_.supplier_id where supplies_l0_.supplies_list_id=?
04:45:58.403 [Test worker] DEBUG org.hibernate.tool.schema.spi.SchemaManagementToolCoordinator - No actions specified; doing nothing
04:45:58.406 [Test worker] DEBUG org.hibernate.query.spi.NamedQueryRepository - Checking 0 named HQL queries
04:45:58.406 [Test worker] DEBUG org.hibernate.query.spi.NamedQueryRepository - Checking 0 named SQL queries
04:45:58.407 [Test worker] DEBUG org.hibernate.service.internal.SessionFactoryServiceRegistryImpl - EventListenerRegistry access via ServiceRegistry is deprecated.  Use `sessionFactory.getEventEngine().getListenerRegistry()` instead
04:45:58.410 [Test worker] DEBUG org.hibernate.internal.SessionFactoryRegistry - Initializing SessionFactoryRegistry : org.hibernate.internal.SessionFactoryRegistry@139089a4
04:45:58.411 [Test worker] DEBUG org.hibernate.internal.SessionFactoryRegistry - Registering SessionFactory: a9541894-fccc-4324-9f0d-438511fe9916 (<unnamed>)
04:45:58.411 [Test worker] DEBUG org.hibernate.internal.SessionFactoryRegistry - Not binding SessionFactory to JNDI, no JNDI name configured
04:45:58.441 [Test worker] DEBUG org.hibernate.stat.internal.StatisticsInitiator - Statistics initialized [enabled=false]
04:45:58.450 [Test worker] DEBUG org.hibernate.hql.internal.QueryTranslatorFactoryInitiator - QueryTranslatorFactory: org.hibernate.hql.internal.ast.ASTQueryTranslatorFactory@857f74a
04:45:58.465 [Test worker] DEBUG org.hibernate.hql.internal.ast.QueryTranslatorImpl - parse() - HQL: FROM web_prak.java.classes.Register_place WHERE place_id = :param
04:45:58.468 [Test worker] DEBUG org.hibernate.hql.internal.ast.ErrorTracker - throwQueryException() : no errors
04:45:58.472 [Test worker] DEBUG org.hibernate.hql.internal.ast.QueryTranslatorImpl - --- HQL AST ---
 \-[QUERY] Node: 'query'
    +-[SELECT_FROM] Node: 'SELECT_FROM'
    |  \-[FROM] Node: 'FROM'
    |     \-[RANGE] Node: 'RANGE'
    |        \-[DOT] Node: '.'
    |           +-[DOT] Node: '.'
    |           |  +-[DOT] Node: '.'
    |           |  |  +-[IDENT] Node: 'web_prak'
    |           |  |  \-[IDENT] Node: 'java'
    |           |  \-[IDENT] Node: 'classes'
    |           \-[IDENT] Node: 'Register_place'
    \-[WHERE] Node: 'WHERE'
       \-[EQ] Node: '='
          +-[IDENT] Node: 'place_id'
          \-[COLON] Node: ':'
             \-[IDENT] Node: 'param'

04:45:58.485 [Test worker] DEBUG org.hibernate.hql.internal.antlr.HqlSqlBaseWalker - select << begin [level=1, statement=select]
04:45:58.494 [Test worker] DEBUG org.hibernate.hql.internal.ast.tree.FromElement - FromClause{level=1} : web_prak.java.classes.Register_place (<no alias>) -> register_p0_
04:45:58.495 [Test worker] DEBUG org.hibernate.hql.internal.ast.tree.FromReferenceNode - Resolved : {synthetic-alias} -> {synthetic-alias}
04:45:58.496 [Test worker] DEBUG org.hibernate.hql.internal.ast.tree.DotNode - getDataType() : place_id -> org.hibernate.type.LongType@1d4fb213
04:45:58.496 [Test worker] DEBUG org.hibernate.hql.internal.ast.tree.FromReferenceNode - Resolved : {synthetic-alias}.place_id -> register_p0_.place_id
04:45:58.496 [Test worker] DEBUG org.hibernate.hql.internal.antlr.HqlSqlBaseWalker - select : finishing up [level=1, statement=select]
04:45:58.497 [Test worker] DEBUG org.hibernate.hql.internal.ast.HqlSqlWalker - processQuery() :  ( SELECT ( FromClause{level=1} register_place register_p0_ ) ( WHERE ( = ( register_p0_.place_id {synthetic-alias} place_id ) ? ) ) )
04:45:58.499 [Test worker] DEBUG org.hibernate.hql.internal.ast.HqlSqlWalker - Derived SELECT clause created.
04:45:58.501 [Test worker] DEBUG org.hibernate.hql.internal.ast.util.JoinProcessor - Tables referenced from query nodes:
 \-QueryNode
    +-SelectClause
    | referencedTables(entity Register_place): [register_place]
    |  +-SelectExpressionImpl
    |  | persister: SingleTableEntityPersister(web_prak.java.classes.Register_place)
    |  \-SqlFragment
    +-FromClause
    |  \-FromElement
    \-SqlNode
       \-BinaryLogicOperatorNode
          +-DotNode
          | persister: SingleTableEntityPersister(web_prak.java.classes.Register_place)
          | path: {synthetic-alias}.place_id
          |  +-IdentNode
          |  | persister: SingleTableEntityPersister(web_prak.java.classes.Register_place)
          |  | originalText: {synthetic-alias}
          |  \-IdentNode
          |    persister: null
          |    originalText: place_id
          \-ParameterNode

04:45:58.503 [Test worker] DEBUG org.hibernate.hql.internal.ast.util.JoinProcessor - Using FROM fragment [register_place register_p0_]
04:45:58.503 [Test worker] DEBUG org.hibernate.hql.internal.antlr.HqlSqlBaseWalker - select >> end [level=1, statement=select]
04:45:58.504 [Test worker] DEBUG org.hibernate.hql.internal.ast.QueryTranslatorImpl - --- SQL AST ---
 \-[SELECT] QueryNode: 'SELECT'  querySpaces (register_place)
    +-[SELECT_CLAUSE] SelectClause: '{derived select clause}'
    |  +-[SELECT_EXPR] SelectExpressionImpl: 'register_p0_.place_id as place_id1_4_' {FromElement{explicit,not a collection join,not a fetch join,fetch non-lazy properties,classAlias=null,role=null,tableName=register_place,tableAlias=register_p0_,origin=null,columns={,className=web_prak.java.classes.Register_place}}}
    |  \-[SQL_TOKEN] SqlFragment: 'register_p0_.free as free2_4_, register_p0_.storage_location as storage_3_4_'
    +-[FROM] FromClause: 'FROM' FromClause{level=1, fromElementCounter=1, fromElements=1, fromElementByClassAlias=[], fromElementByTableAlias=[register_p0_], fromElementsByPath=[], collectionJoinFromElementsByPath=[], impliedElements=[]}
    |  \-[FROM_FRAGMENT] FromElement: 'register_place register_p0_' FromElement{explicit,not a collection join,not a fetch join,fetch non-lazy properties,classAlias=null,role=null,tableName=register_place,tableAlias=register_p0_,origin=null,columns={,className=web_prak.java.classes.Register_place}}
    \-[WHERE] SqlNode: 'WHERE'
       \-[EQ] BinaryLogicOperatorNode: '='
          +-[DOT] DotNode: 'register_p0_.place_id' {propertyName=place_id,dereferenceType=PRIMITIVE,getPropertyPath=place_id,path={synthetic-alias}.place_id,tableAlias=register_p0_,className=web_prak.java.classes.Register_place,classAlias=null}
          |  +-[IDENT] IdentNode: '{synthetic-alias}' {originalText={synthetic-alias}}
          |  \-[IDENT] IdentNode: 'place_id' {originalText=place_id}
          \-[NAMED_PARAM] ParameterNode: '?' {name=param, expectedType=org.hibernate.type.LongType@1d4fb213}

04:45:58.504 [Test worker] DEBUG org.hibernate.hql.internal.ast.ErrorTracker - throwQueryException() : no errors
04:45:58.508 [Test worker] DEBUG org.hibernate.hql.internal.ast.QueryTranslatorImpl - HQL: FROM web_prak.java.classes.Register_place WHERE place_id = :param
04:45:58.508 [Test worker] DEBUG org.hibernate.hql.internal.ast.QueryTranslatorImpl - SQL: select register_p0_.place_id as place_id1_4_, register_p0_.free as free2_4_, register_p0_.storage_location as storage_3_4_ from register_place register_p0_ where register_p0_.place_id=?
04:45:58.508 [Test worker] DEBUG org.hibernate.hql.internal.ast.ErrorTracker - throwQueryException() : no errors
04:45:58.515 [Test worker] DEBUG org.hibernate.SQL - select register_p0_.place_id as place_id1_4_, register_p0_.free as free2_4_, register_p0_.storage_location as storage_3_4_ from register_place register_p0_ where register_p0_.place_id=?
Hibernate: select register_p0_.place_id as place_id1_4_, register_p0_.free as free2_4_, register_p0_.storage_location as storage_3_4_ from register_place register_p0_ where register_p0_.place_id=?
04:45:58.520 [Test worker] DEBUG org.hibernate.loader.Loader - Result set row: 0
04:45:58.521 [Test worker] DEBUG org.hibernate.loader.Loader - Result row: EntityKey[web_prak.java.classes.Register_place#9]
04:45:58.525 [Test worker] DEBUG org.hibernate.engine.internal.TwoPhaseLoad - Resolving attributes for [web_prak.java.classes.Register_place#9]
04:45:58.526 [Test worker] DEBUG org.hibernate.engine.internal.TwoPhaseLoad - Processing attribute `free` : value = да
04:45:58.526 [Test worker] DEBUG org.hibernate.engine.internal.TwoPhaseLoad - Attribute (`free`)  - enhanced for lazy-loading? - false
04:45:58.526 [Test worker] DEBUG org.hibernate.engine.internal.TwoPhaseLoad - Processing attribute `storage_location` : value = 01 01 01
04:45:58.526 [Test worker] DEBUG org.hibernate.engine.internal.TwoPhaseLoad - Attribute (`storage_location`)  - enhanced for lazy-loading? - false
04:45:58.527 [Test worker] DEBUG org.hibernate.engine.internal.TwoPhaseLoad - Done materializing entity [web_prak.java.classes.Register_place#9]
04:45:58.529 [Test worker] DEBUG org.hibernate.resource.jdbc.internal.LogicalConnectionManagedImpl - Initiating JDBC connection release from afterTransaction
04:45:58.531 [Test worker] DEBUG org.hibernate.engine.transaction.internal.TransactionImpl - On TransactionImpl creation, JpaCompliance#isJpaTransactionComplianceEnabled == false
04:45:58.531 [Test worker] DEBUG org.hibernate.engine.transaction.internal.TransactionImpl - begin
04:45:58.537 [Test worker] DEBUG org.hibernate.engine.spi.ActionQueue - Executing identity-insert immediately
04:45:58.537 [Test worker] DEBUG org.hibernate.SQL - insert into products (expiration_date_from, expiration_date_to, measure, place_id, product_name, quantity, type) values (?, ?, ?, ?, ?, ?, ?)
Hibernate: insert into products (expiration_date_from, expiration_date_to, measure, place_id, product_name, quantity, type) values (?, ?, ?, ?, ?, ?, ?)
04:45:58.541 [Test worker] DEBUG org.hibernate.id.IdentifierGeneratorHelper - Natively generated identity: 520
04:45:58.541 [Test worker] DEBUG org.hibernate.resource.jdbc.internal.ResourceRegistryStandardImpl - HHH000387: ResultSet's statement was not registered
04:45:58.542 [Test worker] DEBUG org.hibernate.engine.transaction.internal.TransactionImpl - committing
04:45:58.542 [Test worker] DEBUG org.hibernate.event.internal.AbstractFlushingEventListener - Processing flush-time cascades
04:45:58.543 [Test worker] DEBUG org.hibernate.event.internal.AbstractFlushingEventListener - Dirty checking collections
04:45:58.544 [Test worker] DEBUG org.hibernate.event.internal.AbstractFlushingEventListener - Flushed: 0 insertions, 0 updates, 0 deletions to 1 objects
04:45:58.544 [Test worker] DEBUG org.hibernate.event.internal.AbstractFlushingEventListener - Flushed: 0 (re)creations, 0 updates, 0 removals to 0 collections
04:45:58.545 [Test worker] DEBUG org.hibernate.internal.util.EntityPrinter - Listing entities:
04:45:58.545 [Test worker] DEBUG org.hibernate.internal.util.EntityPrinter - web_prak.java.classes.Products{measure=штук, quantity=100, expiration_date_to=2022-03-01, product_id=520, expiration_date_from=2021-03-01, type=виниловые пластинки, product_name=Wonder, place_id=web_prak.java.classes.Register_place#9}
04:45:58.589 [Test worker] DEBUG org.hibernate.resource.jdbc.internal.LogicalConnectionManagedImpl - Initiating JDBC connection release from afterTransaction
04:45:58.590 [Test worker] DEBUG org.hibernate.resource.jdbc.internal.LogicalConnectionManagedImpl - Initiating JDBC connection release from afterTransaction
04:45:58.591 [Test worker] DEBUG org.hibernate.engine.transaction.internal.TransactionImpl - On TransactionImpl creation, JpaCompliance#isJpaTransactionComplianceEnabled == false
04:45:58.591 [Test worker] DEBUG org.hibernate.engine.transaction.internal.TransactionImpl - begin
04:45:58.591 [Test worker] DEBUG org.hibernate.engine.spi.ActionQueue - Executing identity-insert immediately
04:45:58.591 [Test worker] DEBUG org.hibernate.SQL - insert into suppliers (address, contact, email, supplier_name) values (?, ?, ?, ?)
Hibernate: insert into suppliers (address, contact, email, supplier_name) values (?, ?, ?, ?)
04:45:58.593 [Test worker] DEBUG org.hibernate.id.IdentifierGeneratorHelper - Natively generated identity: 363
04:45:58.593 [Test worker] DEBUG org.hibernate.resource.jdbc.internal.ResourceRegistryStandardImpl - HHH000387: ResultSet's statement was not registered
04:45:58.593 [Test worker] DEBUG org.hibernate.engine.transaction.internal.TransactionImpl - committing
04:45:58.593 [Test worker] DEBUG org.hibernate.event.internal.AbstractFlushingEventListener - Processing flush-time cascades
04:45:58.593 [Test worker] DEBUG org.hibernate.event.internal.AbstractFlushingEventListener - Dirty checking collections
04:45:58.593 [Test worker] DEBUG org.hibernate.event.internal.AbstractFlushingEventListener - Flushed: 0 insertions, 0 updates, 0 deletions to 1 objects
04:45:58.593 [Test worker] DEBUG org.hibernate.event.internal.AbstractFlushingEventListener - Flushed: 0 (re)creations, 0 updates, 0 removals to 0 collections
04:45:58.593 [Test worker] DEBUG org.hibernate.internal.util.EntityPrinter - Listing entities:
04:45:58.593 [Test worker] DEBUG org.hibernate.internal.util.EntityPrinter - web_prak.java.classes.Suppliers{address=Кастльвания, пр. Дракулы, 10, contact=5(146)666-66 6, supplier_name=Алукард Фон Неймон, supplier_id=363, email=alucardFN@castlvania.com}
04:45:58.646 [Test worker] DEBUG org.hibernate.resource.jdbc.internal.LogicalConnectionManagedImpl - Initiating JDBC connection release from afterTransaction
04:45:58.646 [Test worker] DEBUG org.hibernate.resource.jdbc.internal.LogicalConnectionManagedImpl - Initiating JDBC connection release from afterTransaction
04:45:58.647 [Test worker] DEBUG org.hibernate.engine.transaction.internal.TransactionImpl - On TransactionImpl creation, JpaCompliance#isJpaTransactionComplianceEnabled == false
04:45:58.647 [Test worker] DEBUG org.hibernate.engine.transaction.internal.TransactionImpl - begin
04:45:58.647 [Test worker] DEBUG org.hibernate.engine.spi.ActionQueue - Executing identity-insert immediately
04:45:58.647 [Test worker] DEBUG org.hibernate.SQL - insert into supplies (data_supply, status, store_period, supplier_id) values (?, ?, ?, ?)
Hibernate: insert into supplies (data_supply, status, store_period, supplier_id) values (?, ?, ?, ?)
04:45:58.649 [Test worker] DEBUG org.hibernate.id.IdentifierGeneratorHelper - Natively generated identity: 330
04:45:58.649 [Test worker] DEBUG org.hibernate.resource.jdbc.internal.ResourceRegistryStandardImpl - HHH000387: ResultSet's statement was not registered
04:45:58.650 [Test worker] DEBUG org.hibernate.engine.transaction.internal.TransactionImpl - committing
04:45:58.650 [Test worker] DEBUG org.hibernate.event.internal.AbstractFlushingEventListener - Processing flush-time cascades
04:45:58.650 [Test worker] DEBUG org.hibernate.event.internal.AbstractFlushingEventListener - Dirty checking collections
04:45:58.650 [Test worker] DEBUG org.hibernate.event.internal.AbstractFlushingEventListener - Flushed: 0 insertions, 0 updates, 0 deletions to 1 objects
04:45:58.650 [Test worker] DEBUG org.hibernate.event.internal.AbstractFlushingEventListener - Flushed: 0 (re)creations, 0 updates, 0 removals to 0 collections
04:45:58.650 [Test worker] DEBUG org.hibernate.internal.util.EntityPrinter - Listing entities:
04:45:58.650 [Test worker] DEBUG org.hibernate.internal.util.EntityPrinter - web_prak.java.classes.Supplies{supply_id=330, data_supply=2022-03-01, store_period=125, supplier_id=web_prak.java.classes.Suppliers#363, status=в процессе}
04:45:58.683 [AsyncHttpClient-1-1] DEBUG org.asynchttpclient.netty.channel.DefaultChannelPool - Entry count for : http://localhost:39796 : 1
04:45:58.709 [Test worker] DEBUG org.hibernate.resource.jdbc.internal.LogicalConnectionManagedImpl - Initiating JDBC connection release from afterTransaction
04:45:58.709 [Test worker] DEBUG org.hibernate.resource.jdbc.internal.LogicalConnectionManagedImpl - Initiating JDBC connection release from afterTransaction
04:45:58.710 [Forwarding get on session 71c1c828-e8ad-4bda-a316-b149935eb691 to remote] DEBUG org.asynchttpclient.netty.request.NettyRequestSender - Using pooled Channel '[id: 0x5d12a496, L:/127.0.0.1:52708 - R:localhost/127.0.0.1:39796]' for 'POST' to 'http://localhost:39796/session/71c1c828-e8ad-4bda-a316-b149935eb691/url'
04:45:58.710 [Forwarding get on session 71c1c828-e8ad-4bda-a316-b149935eb691 to remote] DEBUG org.asynchttpclient.netty.request.NettyRequestSender - Using open Channel [id: 0x5d12a496, L:/127.0.0.1:52708 - R:localhost/127.0.0.1:39796] for POST '/session/71c1c828-e8ad-4bda-a316-b149935eb691/url'
04:45:59.582 [AsyncHttpClient-1-2] DEBUG org.asynchttpclient.netty.handler.HttpHandler - 

Request DefaultHttpRequest(decodeResult: success, version: HTTP/1.1)
POST /session/71c1c828-e8ad-4bda-a316-b149935eb691/url HTTP/1.1
User-Agent: selenium/4.1.3 (java unix)
Content-Length: 52
Content-Type: application/json; charset=utf-8
host: localhost:39796
accept: */*

Response DefaultHttpResponse(decodeResult: success, version: HTTP/1.1)
HTTP/1.1 200 OK
content-type: application/json; charset=utf-8
cache-control: no-cache
date: Wed, 04 May 2022 01:45:58 GMT
content-length: 14

04:45:59.583 [AsyncHttpClient-1-2] DEBUG org.asynchttpclient.netty.channel.ChannelManager - Adding key: http://localhost:39796 for channel [id: 0x5d12a496, L:/127.0.0.1:52708 - R:localhost/127.0.0.1:39796]
04:45:59.584 [Forwarding getTitle on session 71c1c828-e8ad-4bda-a316-b149935eb691 to remote] DEBUG org.asynchttpclient.netty.request.NettyRequestSender - Using pooled Channel '[id: 0x5d12a496, L:/127.0.0.1:52708 - R:localhost/127.0.0.1:39796]' for 'GET' to 'http://localhost:39796/session/71c1c828-e8ad-4bda-a316-b149935eb691/title'
04:45:59.584 [Forwarding getTitle on session 71c1c828-e8ad-4bda-a316-b149935eb691 to remote] DEBUG org.asynchttpclient.netty.request.NettyRequestSender - Using open Channel [id: 0x5d12a496, L:/127.0.0.1:52708 - R:localhost/127.0.0.1:39796] for GET '/session/71c1c828-e8ad-4bda-a316-b149935eb691/title'
04:45:59.586 [AsyncHttpClient-1-2] DEBUG org.asynchttpclient.netty.handler.HttpHandler - 

Request DefaultFullHttpRequest(decodeResult: success, version: HTTP/1.1, content: EmptyByteBufBE)
GET /session/71c1c828-e8ad-4bda-a316-b149935eb691/title HTTP/1.1
User-Agent: selenium/4.1.3 (java unix)
Cache-Control: no-cache
Content-Type: application/json; charset=utf-8
host: localhost:39796
accept: */*

Response DefaultHttpResponse(decodeResult: success, version: HTTP/1.1)
HTTP/1.1 200 OK
content-type: application/json; charset=utf-8
cache-control: no-cache
date: Wed, 04 May 2022 01:45:59 GMT
content-length: 43

04:45:59.586 [AsyncHttpClient-1-2] DEBUG org.asynchttpclient.netty.channel.ChannelManager - Adding key: http://localhost:39796 for channel [id: 0x5d12a496, L:/127.0.0.1:52708 - R:localhost/127.0.0.1:39796]
04:45:59.589 [Forwarding findElement on session 71c1c828-e8ad-4bda-a316-b149935eb691 to remote] DEBUG org.asynchttpclient.netty.request.NettyRequestSender - Using pooled Channel '[id: 0x5d12a496, L:/127.0.0.1:52708 - R:localhost/127.0.0.1:39796]' for 'POST' to 'http://localhost:39796/session/71c1c828-e8ad-4bda-a316-b149935eb691/element'
04:45:59.589 [Forwarding findElement on session 71c1c828-e8ad-4bda-a316-b149935eb691 to remote] DEBUG org.asynchttpclient.netty.request.NettyRequestSender - Using open Channel [id: 0x5d12a496, L:/127.0.0.1:52708 - R:localhost/127.0.0.1:39796] for POST '/session/71c1c828-e8ad-4bda-a316-b149935eb691/element'
04:45:59.600 [AsyncHttpClient-1-2] DEBUG org.asynchttpclient.netty.handler.HttpHandler - 

Request DefaultHttpRequest(decodeResult: success, version: HTTP/1.1)
POST /session/71c1c828-e8ad-4bda-a316-b149935eb691/element HTTP/1.1
User-Agent: selenium/4.1.3 (java unix)
Content-Length: 57
Content-Type: application/json; charset=utf-8
host: localhost:39796
accept: */*

Response DefaultHttpResponse(decodeResult: success, version: HTTP/1.1)
HTTP/1.1 200 OK
content-type: application/json; charset=utf-8
cache-control: no-cache
date: Wed, 04 May 2022 01:45:59 GMT
content-length: 88

04:45:59.601 [AsyncHttpClient-1-2] DEBUG org.asynchttpclient.netty.channel.ChannelManager - Adding key: http://localhost:39796 for channel [id: 0x5d12a496, L:/127.0.0.1:52708 - R:localhost/127.0.0.1:39796]
04:45:59.603 [Forwarding clickElement on session 71c1c828-e8ad-4bda-a316-b149935eb691 to remote] DEBUG org.asynchttpclient.netty.request.NettyRequestSender - Using pooled Channel '[id: 0x5d12a496, L:/127.0.0.1:52708 - R:localhost/127.0.0.1:39796]' for 'POST' to 'http://localhost:39796/session/71c1c828-e8ad-4bda-a316-b149935eb691/element/0acaaa83-e14c-48a8-beea-9ea6729f7d27/click'
04:45:59.603 [Forwarding clickElement on session 71c1c828-e8ad-4bda-a316-b149935eb691 to remote] DEBUG org.asynchttpclient.netty.request.NettyRequestSender - Using open Channel [id: 0x5d12a496, L:/127.0.0.1:52708 - R:localhost/127.0.0.1:39796] for POST '/session/71c1c828-e8ad-4bda-a316-b149935eb691/element/0acaaa83-e14c-48a8-beea-9ea6729f7d27/click'
04:46:00.877 [AsyncHttpClient-1-2] DEBUG org.asynchttpclient.netty.handler.HttpHandler - 

Request DefaultHttpRequest(decodeResult: success, version: HTTP/1.1)
POST /session/71c1c828-e8ad-4bda-a316-b149935eb691/element/0acaaa83-e14c-48a8-beea-9ea6729f7d27/click HTTP/1.1
User-Agent: selenium/4.1.3 (java unix)
Content-Length: 50
Content-Type: application/json; charset=utf-8
host: localhost:39796
accept: */*

Response DefaultHttpResponse(decodeResult: success, version: HTTP/1.1)
HTTP/1.1 200 OK
content-type: application/json; charset=utf-8
cache-control: no-cache
date: Wed, 04 May 2022 01:45:59 GMT
content-length: 14

04:46:00.877 [AsyncHttpClient-1-2] DEBUG org.asynchttpclient.netty.channel.ChannelManager - Adding key: http://localhost:39796 for channel [id: 0x5d12a496, L:/127.0.0.1:52708 - R:localhost/127.0.0.1:39796]
04:46:00.879 [Forwarding getTitle on session 71c1c828-e8ad-4bda-a316-b149935eb691 to remote] DEBUG org.asynchttpclient.netty.request.NettyRequestSender - Using pooled Channel '[id: 0x5d12a496, L:/127.0.0.1:52708 - R:localhost/127.0.0.1:39796]' for 'GET' to 'http://localhost:39796/session/71c1c828-e8ad-4bda-a316-b149935eb691/title'
04:46:00.879 [Forwarding getTitle on session 71c1c828-e8ad-4bda-a316-b149935eb691 to remote] DEBUG org.asynchttpclient.netty.request.NettyRequestSender - Using open Channel [id: 0x5d12a496, L:/127.0.0.1:52708 - R:localhost/127.0.0.1:39796] for GET '/session/71c1c828-e8ad-4bda-a316-b149935eb691/title'
04:46:00.880 [AsyncHttpClient-1-2] DEBUG org.asynchttpclient.netty.handler.HttpHandler - 

Request DefaultFullHttpRequest(decodeResult: success, version: HTTP/1.1, content: EmptyByteBufBE)
GET /session/71c1c828-e8ad-4bda-a316-b149935eb691/title HTTP/1.1
User-Agent: selenium/4.1.3 (java unix)
Cache-Control: no-cache
Content-Type: application/json; charset=utf-8
host: localhost:39796
accept: */*

Response DefaultHttpResponse(decodeResult: success, version: HTTP/1.1)
HTTP/1.1 200 OK
content-type: application/json; charset=utf-8
cache-control: no-cache
date: Wed, 04 May 2022 01:46:00 GMT
content-length: 28

04:46:00.880 [AsyncHttpClient-1-2] DEBUG org.asynchttpclient.netty.channel.ChannelManager - Adding key: http://localhost:39796 for channel [id: 0x5d12a496, L:/127.0.0.1:52708 - R:localhost/127.0.0.1:39796]
04:46:00.882 [Forwarding findElement on session 71c1c828-e8ad-4bda-a316-b149935eb691 to remote] DEBUG org.asynchttpclient.netty.request.NettyRequestSender - Using pooled Channel '[id: 0x5d12a496, L:/127.0.0.1:52708 - R:localhost/127.0.0.1:39796]' for 'POST' to 'http://localhost:39796/session/71c1c828-e8ad-4bda-a316-b149935eb691/element'
04:46:00.882 [Forwarding findElement on session 71c1c828-e8ad-4bda-a316-b149935eb691 to remote] DEBUG org.asynchttpclient.netty.request.NettyRequestSender - Using open Channel [id: 0x5d12a496, L:/127.0.0.1:52708 - R:localhost/127.0.0.1:39796] for POST '/session/71c1c828-e8ad-4bda-a316-b149935eb691/element'
04:46:00.889 [AsyncHttpClient-1-2] DEBUG org.asynchttpclient.netty.handler.HttpHandler - 

Request DefaultHttpRequest(decodeResult: success, version: HTTP/1.1)
POST /session/71c1c828-e8ad-4bda-a316-b149935eb691/element HTTP/1.1
User-Agent: selenium/4.1.3 (java unix)
Content-Length: 56
Content-Type: application/json; charset=utf-8
host: localhost:39796
accept: */*

Response DefaultHttpResponse(decodeResult: success, version: HTTP/1.1)
HTTP/1.1 200 OK
content-type: application/json; charset=utf-8
cache-control: no-cache
date: Wed, 04 May 2022 01:46:00 GMT
content-length: 88

04:46:00.889 [AsyncHttpClient-1-2] DEBUG org.asynchttpclient.netty.channel.ChannelManager - Adding key: http://localhost:39796 for channel [id: 0x5d12a496, L:/127.0.0.1:52708 - R:localhost/127.0.0.1:39796]
04:46:00.891 [Forwarding clickElement on session 71c1c828-e8ad-4bda-a316-b149935eb691 to remote] DEBUG org.asynchttpclient.netty.request.NettyRequestSender - Using pooled Channel '[id: 0x5d12a496, L:/127.0.0.1:52708 - R:localhost/127.0.0.1:39796]' for 'POST' to 'http://localhost:39796/session/71c1c828-e8ad-4bda-a316-b149935eb691/element/e510da27-fd15-4838-9535-9836ed0e7294/click'
04:46:00.891 [Forwarding clickElement on session 71c1c828-e8ad-4bda-a316-b149935eb691 to remote] DEBUG org.asynchttpclient.netty.request.NettyRequestSender - Using open Channel [id: 0x5d12a496, L:/127.0.0.1:52708 - R:localhost/127.0.0.1:39796] for POST '/session/71c1c828-e8ad-4bda-a316-b149935eb691/element/e510da27-fd15-4838-9535-9836ed0e7294/click'
04:46:00.964 [AsyncHttpClient-1-2] DEBUG org.asynchttpclient.netty.handler.HttpHandler - 

Request DefaultHttpRequest(decodeResult: success, version: HTTP/1.1)
POST /session/71c1c828-e8ad-4bda-a316-b149935eb691/element/e510da27-fd15-4838-9535-9836ed0e7294/click HTTP/1.1
User-Agent: selenium/4.1.3 (java unix)
Content-Length: 50
Content-Type: application/json; charset=utf-8
host: localhost:39796
accept: */*

Response DefaultHttpResponse(decodeResult: success, version: HTTP/1.1)
HTTP/1.1 200 OK
content-type: application/json; charset=utf-8
cache-control: no-cache
date: Wed, 04 May 2022 01:46:00 GMT
content-length: 14

04:46:00.964 [AsyncHttpClient-1-2] DEBUG org.asynchttpclient.netty.channel.ChannelManager - Adding key: http://localhost:39796 for channel [id: 0x5d12a496, L:/127.0.0.1:52708 - R:localhost/127.0.0.1:39796]
04:46:00.965 [Forwarding getTitle on session 71c1c828-e8ad-4bda-a316-b149935eb691 to remote] DEBUG org.asynchttpclient.netty.request.NettyRequestSender - Using pooled Channel '[id: 0x5d12a496, L:/127.0.0.1:52708 - R:localhost/127.0.0.1:39796]' for 'GET' to 'http://localhost:39796/session/71c1c828-e8ad-4bda-a316-b149935eb691/title'
04:46:00.969 [Forwarding getTitle on session 71c1c828-e8ad-4bda-a316-b149935eb691 to remote] DEBUG org.asynchttpclient.netty.request.NettyRequestSender - Using open Channel [id: 0x5d12a496, L:/127.0.0.1:52708 - R:localhost/127.0.0.1:39796] for GET '/session/71c1c828-e8ad-4bda-a316-b149935eb691/title'
04:46:00.974 [AsyncHttpClient-1-2] DEBUG org.asynchttpclient.netty.handler.HttpHandler - 

Request DefaultFullHttpRequest(decodeResult: success, version: HTTP/1.1, content: EmptyByteBufBE)
GET /session/71c1c828-e8ad-4bda-a316-b149935eb691/title HTTP/1.1
User-Agent: selenium/4.1.3 (java unix)
Cache-Control: no-cache
Content-Type: application/json; charset=utf-8
host: localhost:39796
accept: */*

Response DefaultHttpResponse(decodeResult: success, version: HTTP/1.1)
HTTP/1.1 200 OK
content-type: application/json; charset=utf-8
cache-control: no-cache
date: Wed, 04 May 2022 01:46:00 GMT
content-length: 45

04:46:00.975 [AsyncHttpClient-1-2] DEBUG org.asynchttpclient.netty.channel.ChannelManager - Adding key: http://localhost:39796 for channel [id: 0x5d12a496, L:/127.0.0.1:52708 - R:localhost/127.0.0.1:39796]
04:46:00.977 [Forwarding findElement on session 71c1c828-e8ad-4bda-a316-b149935eb691 to remote] DEBUG org.asynchttpclient.netty.request.NettyRequestSender - Using pooled Channel '[id: 0x5d12a496, L:/127.0.0.1:52708 - R:localhost/127.0.0.1:39796]' for 'POST' to 'http://localhost:39796/session/71c1c828-e8ad-4bda-a316-b149935eb691/element'
04:46:00.977 [Forwarding findElement on session 71c1c828-e8ad-4bda-a316-b149935eb691 to remote] DEBUG org.asynchttpclient.netty.request.NettyRequestSender - Using open Channel [id: 0x5d12a496, L:/127.0.0.1:52708 - R:localhost/127.0.0.1:39796] for POST '/session/71c1c828-e8ad-4bda-a316-b149935eb691/element'
04:46:00.980 [AsyncHttpClient-1-2] DEBUG org.asynchttpclient.netty.handler.HttpHandler - 

Request DefaultHttpRequest(decodeResult: success, version: HTTP/1.1)
POST /session/71c1c828-e8ad-4bda-a316-b149935eb691/element HTTP/1.1
User-Agent: selenium/4.1.3 (java unix)
Content-Length: 64
Content-Type: application/json; charset=utf-8
host: localhost:39796
accept: */*

Response DefaultHttpResponse(decodeResult: success, version: HTTP/1.1)
HTTP/1.1 200 OK
content-type: application/json; charset=utf-8
cache-control: no-cache
date: Wed, 04 May 2022 01:46:00 GMT
content-length: 88

04:46:00.981 [AsyncHttpClient-1-2] DEBUG org.asynchttpclient.netty.channel.ChannelManager - Adding key: http://localhost:39796 for channel [id: 0x5d12a496, L:/127.0.0.1:52708 - R:localhost/127.0.0.1:39796]
04:46:00.984 [Forwarding sendKeysToElement on session 71c1c828-e8ad-4bda-a316-b149935eb691 to remote] DEBUG org.asynchttpclient.netty.request.NettyRequestSender - Using pooled Channel '[id: 0x5d12a496, L:/127.0.0.1:52708 - R:localhost/127.0.0.1:39796]' for 'POST' to 'http://localhost:39796/session/71c1c828-e8ad-4bda-a316-b149935eb691/element/fbca44b6-477c-4373-ab9f-8c92500f8ded/value'
04:46:00.984 [Forwarding sendKeysToElement on session 71c1c828-e8ad-4bda-a316-b149935eb691 to remote] DEBUG org.asynchttpclient.netty.request.NettyRequestSender - Using open Channel [id: 0x5d12a496, L:/127.0.0.1:52708 - R:localhost/127.0.0.1:39796] for POST '/session/71c1c828-e8ad-4bda-a316-b149935eb691/element/fbca44b6-477c-4373-ab9f-8c92500f8ded/value'
04:46:00.995 [AsyncHttpClient-1-2] DEBUG org.asynchttpclient.netty.handler.HttpHandler - 

Request DefaultHttpRequest(decodeResult: success, version: HTTP/1.1)
POST /session/71c1c828-e8ad-4bda-a316-b149935eb691/element/fbca44b6-477c-4373-ab9f-8c92500f8ded/value HTTP/1.1
User-Agent: selenium/4.1.3 (java unix)
Content-Length: 111
Content-Type: application/json; charset=utf-8
host: localhost:39796
accept: */*

Response DefaultHttpResponse(decodeResult: success, version: HTTP/1.1)
HTTP/1.1 200 OK
content-type: application/json; charset=utf-8
cache-control: no-cache
date: Wed, 04 May 2022 01:46:00 GMT
content-length: 14

04:46:00.995 [AsyncHttpClient-1-2] DEBUG org.asynchttpclient.netty.channel.ChannelManager - Adding key: http://localhost:39796 for channel [id: 0x5d12a496, L:/127.0.0.1:52708 - R:localhost/127.0.0.1:39796]
04:46:00.997 [Forwarding findElement on session 71c1c828-e8ad-4bda-a316-b149935eb691 to remote] DEBUG org.asynchttpclient.netty.request.NettyRequestSender - Using pooled Channel '[id: 0x5d12a496, L:/127.0.0.1:52708 - R:localhost/127.0.0.1:39796]' for 'POST' to 'http://localhost:39796/session/71c1c828-e8ad-4bda-a316-b149935eb691/element'
04:46:00.997 [Forwarding findElement on session 71c1c828-e8ad-4bda-a316-b149935eb691 to remote] DEBUG org.asynchttpclient.netty.request.NettyRequestSender - Using open Channel [id: 0x5d12a496, L:/127.0.0.1:52708 - R:localhost/127.0.0.1:39796] for POST '/session/71c1c828-e8ad-4bda-a316-b149935eb691/element'
04:46:01.000 [AsyncHttpClient-1-2] DEBUG org.asynchttpclient.netty.handler.HttpHandler - 

Request DefaultHttpRequest(decodeResult: success, version: HTTP/1.1)
POST /session/71c1c828-e8ad-4bda-a316-b149935eb691/element HTTP/1.1
User-Agent: selenium/4.1.3 (java unix)
Content-Length: 65
Content-Type: application/json; charset=utf-8
host: localhost:39796
accept: */*

Response DefaultHttpResponse(decodeResult: success, version: HTTP/1.1)
HTTP/1.1 200 OK
content-type: application/json; charset=utf-8
cache-control: no-cache
date: Wed, 04 May 2022 01:46:00 GMT
content-length: 88

04:46:01.000 [AsyncHttpClient-1-2] DEBUG org.asynchttpclient.netty.channel.ChannelManager - Adding key: http://localhost:39796 for channel [id: 0x5d12a496, L:/127.0.0.1:52708 - R:localhost/127.0.0.1:39796]
04:46:01.002 [Forwarding sendKeysToElement on session 71c1c828-e8ad-4bda-a316-b149935eb691 to remote] DEBUG org.asynchttpclient.netty.request.NettyRequestSender - Using pooled Channel '[id: 0x5d12a496, L:/127.0.0.1:52708 - R:localhost/127.0.0.1:39796]' for 'POST' to 'http://localhost:39796/session/71c1c828-e8ad-4bda-a316-b149935eb691/element/bf8d1c7c-86ae-4d7f-a401-acb0d85252cb/value'
04:46:01.002 [Forwarding sendKeysToElement on session 71c1c828-e8ad-4bda-a316-b149935eb691 to remote] DEBUG org.asynchttpclient.netty.request.NettyRequestSender - Using open Channel [id: 0x5d12a496, L:/127.0.0.1:52708 - R:localhost/127.0.0.1:39796] for POST '/session/71c1c828-e8ad-4bda-a316-b149935eb691/element/bf8d1c7c-86ae-4d7f-a401-acb0d85252cb/value'
04:46:01.010 [AsyncHttpClient-1-2] DEBUG org.asynchttpclient.netty.handler.HttpHandler - 

Request DefaultHttpRequest(decodeResult: success, version: HTTP/1.1)
POST /session/71c1c828-e8ad-4bda-a316-b149935eb691/element/bf8d1c7c-86ae-4d7f-a401-acb0d85252cb/value HTTP/1.1
User-Agent: selenium/4.1.3 (java unix)
Content-Length: 111
Content-Type: application/json; charset=utf-8
host: localhost:39796
accept: */*

Response DefaultHttpResponse(decodeResult: success, version: HTTP/1.1)
HTTP/1.1 200 OK
content-type: application/json; charset=utf-8
cache-control: no-cache
date: Wed, 04 May 2022 01:46:01 GMT
content-length: 14

04:46:01.010 [AsyncHttpClient-1-2] DEBUG org.asynchttpclient.netty.channel.ChannelManager - Adding key: http://localhost:39796 for channel [id: 0x5d12a496, L:/127.0.0.1:52708 - R:localhost/127.0.0.1:39796]
04:46:01.011 [Forwarding findElement on session 71c1c828-e8ad-4bda-a316-b149935eb691 to remote] DEBUG org.asynchttpclient.netty.request.NettyRequestSender - Using pooled Channel '[id: 0x5d12a496, L:/127.0.0.1:52708 - R:localhost/127.0.0.1:39796]' for 'POST' to 'http://localhost:39796/session/71c1c828-e8ad-4bda-a316-b149935eb691/element'
04:46:01.011 [Forwarding findElement on session 71c1c828-e8ad-4bda-a316-b149935eb691 to remote] DEBUG org.asynchttpclient.netty.request.NettyRequestSender - Using open Channel [id: 0x5d12a496, L:/127.0.0.1:52708 - R:localhost/127.0.0.1:39796] for POST '/session/71c1c828-e8ad-4bda-a316-b149935eb691/element'
04:46:01.014 [AsyncHttpClient-1-2] DEBUG org.asynchttpclient.netty.handler.HttpHandler - 

Request DefaultHttpRequest(decodeResult: success, version: HTTP/1.1)
POST /session/71c1c828-e8ad-4bda-a316-b149935eb691/element HTTP/1.1
User-Agent: selenium/4.1.3 (java unix)
Content-Length: 65
Content-Type: application/json; charset=utf-8
host: localhost:39796
accept: */*

Response DefaultHttpResponse(decodeResult: success, version: HTTP/1.1)
HTTP/1.1 200 OK
content-type: application/json; charset=utf-8
cache-control: no-cache
date: Wed, 04 May 2022 01:46:01 GMT
content-length: 88

04:46:01.014 [AsyncHttpClient-1-2] DEBUG org.asynchttpclient.netty.channel.ChannelManager - Adding key: http://localhost:39796 for channel [id: 0x5d12a496, L:/127.0.0.1:52708 - R:localhost/127.0.0.1:39796]
04:46:01.016 [Forwarding sendKeysToElement on session 71c1c828-e8ad-4bda-a316-b149935eb691 to remote] DEBUG org.asynchttpclient.netty.request.NettyRequestSender - Using pooled Channel '[id: 0x5d12a496, L:/127.0.0.1:52708 - R:localhost/127.0.0.1:39796]' for 'POST' to 'http://localhost:39796/session/71c1c828-e8ad-4bda-a316-b149935eb691/element/55e91d46-6154-4d8b-b770-6735ea278e87/value'
04:46:01.016 [Forwarding sendKeysToElement on session 71c1c828-e8ad-4bda-a316-b149935eb691 to remote] DEBUG org.asynchttpclient.netty.request.NettyRequestSender - Using open Channel [id: 0x5d12a496, L:/127.0.0.1:52708 - R:localhost/127.0.0.1:39796] for POST '/session/71c1c828-e8ad-4bda-a316-b149935eb691/element/55e91d46-6154-4d8b-b770-6735ea278e87/value'
04:46:01.023 [AsyncHttpClient-1-2] DEBUG org.asynchttpclient.netty.handler.HttpHandler - 

Request DefaultHttpRequest(decodeResult: success, version: HTTP/1.1)
POST /session/71c1c828-e8ad-4bda-a316-b149935eb691/element/55e91d46-6154-4d8b-b770-6735ea278e87/value HTTP/1.1
User-Agent: selenium/4.1.3 (java unix)
Content-Length: 181
Content-Type: application/json; charset=utf-8
host: localhost:39796
accept: */*

Response DefaultHttpResponse(decodeResult: success, version: HTTP/1.1)
HTTP/1.1 200 OK
content-type: application/json; charset=utf-8
cache-control: no-cache
date: Wed, 04 May 2022 01:46:01 GMT
content-length: 14

04:46:01.023 [AsyncHttpClient-1-2] DEBUG org.asynchttpclient.netty.channel.ChannelManager - Adding key: http://localhost:39796 for channel [id: 0x5d12a496, L:/127.0.0.1:52708 - R:localhost/127.0.0.1:39796]
04:46:01.025 [Forwarding findElement on session 71c1c828-e8ad-4bda-a316-b149935eb691 to remote] DEBUG org.asynchttpclient.netty.request.NettyRequestSender - Using pooled Channel '[id: 0x5d12a496, L:/127.0.0.1:52708 - R:localhost/127.0.0.1:39796]' for 'POST' to 'http://localhost:39796/session/71c1c828-e8ad-4bda-a316-b149935eb691/element'
04:46:01.025 [Forwarding findElement on session 71c1c828-e8ad-4bda-a316-b149935eb691 to remote] DEBUG org.asynchttpclient.netty.request.NettyRequestSender - Using open Channel [id: 0x5d12a496, L:/127.0.0.1:52708 - R:localhost/127.0.0.1:39796] for POST '/session/71c1c828-e8ad-4bda-a316-b149935eb691/element'
04:46:01.029 [AsyncHttpClient-1-2] DEBUG org.asynchttpclient.netty.handler.HttpHandler - 

Request DefaultHttpRequest(decodeResult: success, version: HTTP/1.1)
POST /session/71c1c828-e8ad-4bda-a316-b149935eb691/element HTTP/1.1
User-Agent: selenium/4.1.3 (java unix)
Content-Length: 62
Content-Type: application/json; charset=utf-8
host: localhost:39796
accept: */*

Response DefaultHttpResponse(decodeResult: success, version: HTTP/1.1)
HTTP/1.1 200 OK
content-type: application/json; charset=utf-8
cache-control: no-cache
date: Wed, 04 May 2022 01:46:01 GMT
content-length: 88

04:46:01.029 [AsyncHttpClient-1-2] DEBUG org.asynchttpclient.netty.channel.ChannelManager - Adding key: http://localhost:39796 for channel [id: 0x5d12a496, L:/127.0.0.1:52708 - R:localhost/127.0.0.1:39796]
04:46:01.030 [Forwarding sendKeysToElement on session 71c1c828-e8ad-4bda-a316-b149935eb691 to remote] DEBUG org.asynchttpclient.netty.request.NettyRequestSender - Using pooled Channel '[id: 0x5d12a496, L:/127.0.0.1:52708 - R:localhost/127.0.0.1:39796]' for 'POST' to 'http://localhost:39796/session/71c1c828-e8ad-4bda-a316-b149935eb691/element/082b154c-b466-4549-ab71-134f2cf70e1a/value'
04:46:01.030 [Forwarding sendKeysToElement on session 71c1c828-e8ad-4bda-a316-b149935eb691 to remote] DEBUG org.asynchttpclient.netty.request.NettyRequestSender - Using open Channel [id: 0x5d12a496, L:/127.0.0.1:52708 - R:localhost/127.0.0.1:39796] for POST '/session/71c1c828-e8ad-4bda-a316-b149935eb691/element/082b154c-b466-4549-ab71-134f2cf70e1a/value'
04:46:01.034 [AsyncHttpClient-1-2] DEBUG org.asynchttpclient.netty.handler.HttpHandler - 

Request DefaultHttpRequest(decodeResult: success, version: HTTP/1.1)
POST /session/71c1c828-e8ad-4bda-a316-b149935eb691/element/082b154c-b466-4549-ab71-134f2cf70e1a/value HTTP/1.1
User-Agent: selenium/4.1.3 (java unix)
Content-Length: 101
Content-Type: application/json; charset=utf-8
host: localhost:39796
accept: */*

Response DefaultHttpResponse(decodeResult: success, version: HTTP/1.1)
HTTP/1.1 200 OK
content-type: application/json; charset=utf-8
cache-control: no-cache
date: Wed, 04 May 2022 01:46:01 GMT
content-length: 14

04:46:01.035 [AsyncHttpClient-1-2] DEBUG org.asynchttpclient.netty.channel.ChannelManager - Adding key: http://localhost:39796 for channel [id: 0x5d12a496, L:/127.0.0.1:52708 - R:localhost/127.0.0.1:39796]
04:46:01.036 [Forwarding findElement on session 71c1c828-e8ad-4bda-a316-b149935eb691 to remote] DEBUG org.asynchttpclient.netty.request.NettyRequestSender - Using pooled Channel '[id: 0x5d12a496, L:/127.0.0.1:52708 - R:localhost/127.0.0.1:39796]' for 'POST' to 'http://localhost:39796/session/71c1c828-e8ad-4bda-a316-b149935eb691/element'
04:46:01.036 [Forwarding findElement on session 71c1c828-e8ad-4bda-a316-b149935eb691 to remote] DEBUG org.asynchttpclient.netty.request.NettyRequestSender - Using open Channel [id: 0x5d12a496, L:/127.0.0.1:52708 - R:localhost/127.0.0.1:39796] for POST '/session/71c1c828-e8ad-4bda-a316-b149935eb691/element'
04:46:01.040 [AsyncHttpClient-1-2] DEBUG org.asynchttpclient.netty.handler.HttpHandler - 

Request DefaultHttpRequest(decodeResult: success, version: HTTP/1.1)
POST /session/71c1c828-e8ad-4bda-a316-b149935eb691/element HTTP/1.1
User-Agent: selenium/4.1.3 (java unix)
Content-Length: 60
Content-Type: application/json; charset=utf-8
host: localhost:39796
accept: */*

Response DefaultHttpResponse(decodeResult: success, version: HTTP/1.1)
HTTP/1.1 200 OK
content-type: application/json; charset=utf-8
cache-control: no-cache
date: Wed, 04 May 2022 01:46:01 GMT
content-length: 88

04:46:01.040 [AsyncHttpClient-1-2] DEBUG org.asynchttpclient.netty.channel.ChannelManager - Adding key: http://localhost:39796 for channel [id: 0x5d12a496, L:/127.0.0.1:52708 - R:localhost/127.0.0.1:39796]
04:46:01.043 [Forwarding sendKeysToElement on session 71c1c828-e8ad-4bda-a316-b149935eb691 to remote] DEBUG org.asynchttpclient.netty.request.NettyRequestSender - Using pooled Channel '[id: 0x5d12a496, L:/127.0.0.1:52708 - R:localhost/127.0.0.1:39796]' for 'POST' to 'http://localhost:39796/session/71c1c828-e8ad-4bda-a316-b149935eb691/element/8e106ca7-c232-4e24-a107-1f23a81f50f3/value'
04:46:01.043 [Forwarding sendKeysToElement on session 71c1c828-e8ad-4bda-a316-b149935eb691 to remote] DEBUG org.asynchttpclient.netty.request.NettyRequestSender - Using open Channel [id: 0x5d12a496, L:/127.0.0.1:52708 - R:localhost/127.0.0.1:39796] for POST '/session/71c1c828-e8ad-4bda-a316-b149935eb691/element/8e106ca7-c232-4e24-a107-1f23a81f50f3/value'
04:46:01.050 [AsyncHttpClient-1-2] DEBUG org.asynchttpclient.netty.handler.HttpHandler - 

Request DefaultHttpRequest(decodeResult: success, version: HTTP/1.1)
POST /session/71c1c828-e8ad-4bda-a316-b149935eb691/element/8e106ca7-c232-4e24-a107-1f23a81f50f3/value HTTP/1.1
User-Agent: selenium/4.1.3 (java unix)
Content-Length: 199
Content-Type: application/json; charset=utf-8
host: localhost:39796
accept: */*

Response DefaultHttpResponse(decodeResult: success, version: HTTP/1.1)
HTTP/1.1 200 OK
content-type: application/json; charset=utf-8
cache-control: no-cache
date: Wed, 04 May 2022 01:46:01 GMT
content-length: 14

04:46:01.050 [AsyncHttpClient-1-2] DEBUG org.asynchttpclient.netty.channel.ChannelManager - Adding key: http://localhost:39796 for channel [id: 0x5d12a496, L:/127.0.0.1:52708 - R:localhost/127.0.0.1:39796]
04:46:01.052 [Forwarding findElement on session 71c1c828-e8ad-4bda-a316-b149935eb691 to remote] DEBUG org.asynchttpclient.netty.request.NettyRequestSender - Using pooled Channel '[id: 0x5d12a496, L:/127.0.0.1:52708 - R:localhost/127.0.0.1:39796]' for 'POST' to 'http://localhost:39796/session/71c1c828-e8ad-4bda-a316-b149935eb691/element'
04:46:01.052 [Forwarding findElement on session 71c1c828-e8ad-4bda-a316-b149935eb691 to remote] DEBUG org.asynchttpclient.netty.request.NettyRequestSender - Using open Channel [id: 0x5d12a496, L:/127.0.0.1:52708 - R:localhost/127.0.0.1:39796] for POST '/session/71c1c828-e8ad-4bda-a316-b149935eb691/element'
04:46:01.054 [AsyncHttpClient-1-2] DEBUG org.asynchttpclient.netty.handler.HttpHandler - 

Request DefaultHttpRequest(decodeResult: success, version: HTTP/1.1)
POST /session/71c1c828-e8ad-4bda-a316-b149935eb691/element HTTP/1.1
User-Agent: selenium/4.1.3 (java unix)
Content-Length: 66
Content-Type: application/json; charset=utf-8
host: localhost:39796
accept: */*

Response DefaultHttpResponse(decodeResult: success, version: HTTP/1.1)
HTTP/1.1 200 OK
content-type: application/json; charset=utf-8
cache-control: no-cache
date: Wed, 04 May 2022 01:46:01 GMT
content-length: 88

04:46:01.054 [AsyncHttpClient-1-2] DEBUG org.asynchttpclient.netty.channel.ChannelManager - Adding key: http://localhost:39796 for channel [id: 0x5d12a496, L:/127.0.0.1:52708 - R:localhost/127.0.0.1:39796]
04:46:01.058 [Forwarding sendKeysToElement on session 71c1c828-e8ad-4bda-a316-b149935eb691 to remote] DEBUG org.asynchttpclient.netty.request.NettyRequestSender - Using pooled Channel '[id: 0x5d12a496, L:/127.0.0.1:52708 - R:localhost/127.0.0.1:39796]' for 'POST' to 'http://localhost:39796/session/71c1c828-e8ad-4bda-a316-b149935eb691/element/38df9193-8700-43e8-9a54-86f1332608f8/value'
04:46:01.058 [Forwarding sendKeysToElement on session 71c1c828-e8ad-4bda-a316-b149935eb691 to remote] DEBUG org.asynchttpclient.netty.request.NettyRequestSender - Using open Channel [id: 0x5d12a496, L:/127.0.0.1:52708 - R:localhost/127.0.0.1:39796] for POST '/session/71c1c828-e8ad-4bda-a316-b149935eb691/element/38df9193-8700-43e8-9a54-86f1332608f8/value'
04:46:01.066 [AsyncHttpClient-1-2] DEBUG org.asynchttpclient.netty.handler.HttpHandler - 

Request DefaultHttpRequest(decodeResult: success, version: HTTP/1.1)
POST /session/71c1c828-e8ad-4bda-a316-b149935eb691/element/38df9193-8700-43e8-9a54-86f1332608f8/value HTTP/1.1
User-Agent: selenium/4.1.3 (java unix)
Content-Length: 111
Content-Type: application/json; charset=utf-8
host: localhost:39796
accept: */*

Response DefaultHttpResponse(decodeResult: success, version: HTTP/1.1)
HTTP/1.1 200 OK
content-type: application/json; charset=utf-8
cache-control: no-cache
date: Wed, 04 May 2022 01:46:01 GMT
content-length: 14

04:46:01.067 [AsyncHttpClient-1-2] DEBUG org.asynchttpclient.netty.channel.ChannelManager - Adding key: http://localhost:39796 for channel [id: 0x5d12a496, L:/127.0.0.1:52708 - R:localhost/127.0.0.1:39796]
04:46:01.068 [Forwarding findElement on session 71c1c828-e8ad-4bda-a316-b149935eb691 to remote] DEBUG org.asynchttpclient.netty.request.NettyRequestSender - Using pooled Channel '[id: 0x5d12a496, L:/127.0.0.1:52708 - R:localhost/127.0.0.1:39796]' for 'POST' to 'http://localhost:39796/session/71c1c828-e8ad-4bda-a316-b149935eb691/element'
04:46:01.068 [Forwarding findElement on session 71c1c828-e8ad-4bda-a316-b149935eb691 to remote] DEBUG org.asynchttpclient.netty.request.NettyRequestSender - Using open Channel [id: 0x5d12a496, L:/127.0.0.1:52708 - R:localhost/127.0.0.1:39796] for POST '/session/71c1c828-e8ad-4bda-a316-b149935eb691/element'
04:46:01.070 [AsyncHttpClient-1-2] DEBUG org.asynchttpclient.netty.handler.HttpHandler - 

Request DefaultHttpRequest(decodeResult: success, version: HTTP/1.1)
POST /session/71c1c828-e8ad-4bda-a316-b149935eb691/element HTTP/1.1
User-Agent: selenium/4.1.3 (java unix)
Content-Length: 54
Content-Type: application/json; charset=utf-8
host: localhost:39796
accept: */*

Response DefaultHttpResponse(decodeResult: success, version: HTTP/1.1)
HTTP/1.1 200 OK
content-type: application/json; charset=utf-8
cache-control: no-cache
date: Wed, 04 May 2022 01:46:01 GMT
content-length: 88

04:46:01.070 [AsyncHttpClient-1-2] DEBUG org.asynchttpclient.netty.channel.ChannelManager - Adding key: http://localhost:39796 for channel [id: 0x5d12a496, L:/127.0.0.1:52708 - R:localhost/127.0.0.1:39796]
04:46:01.072 [Forwarding clickElement on session 71c1c828-e8ad-4bda-a316-b149935eb691 to remote] DEBUG org.asynchttpclient.netty.request.NettyRequestSender - Using pooled Channel '[id: 0x5d12a496, L:/127.0.0.1:52708 - R:localhost/127.0.0.1:39796]' for 'POST' to 'http://localhost:39796/session/71c1c828-e8ad-4bda-a316-b149935eb691/element/5801eceb-8806-48ae-bd5e-347bc9e1371b/click'
04:46:01.072 [Forwarding clickElement on session 71c1c828-e8ad-4bda-a316-b149935eb691 to remote] DEBUG org.asynchttpclient.netty.request.NettyRequestSender - Using open Channel [id: 0x5d12a496, L:/127.0.0.1:52708 - R:localhost/127.0.0.1:39796] for POST '/session/71c1c828-e8ad-4bda-a316-b149935eb691/element/5801eceb-8806-48ae-bd5e-347bc9e1371b/click'
04:46:01.273 [AsyncHttpClient-1-2] DEBUG org.asynchttpclient.netty.handler.HttpHandler - 

Request DefaultHttpRequest(decodeResult: success, version: HTTP/1.1)
POST /session/71c1c828-e8ad-4bda-a316-b149935eb691/element/5801eceb-8806-48ae-bd5e-347bc9e1371b/click HTTP/1.1
User-Agent: selenium/4.1.3 (java unix)
Content-Length: 50
Content-Type: application/json; charset=utf-8
host: localhost:39796
accept: */*

Response DefaultHttpResponse(decodeResult: success, version: HTTP/1.1)
HTTP/1.1 200 OK
content-type: application/json; charset=utf-8
cache-control: no-cache
date: Wed, 04 May 2022 01:46:01 GMT
content-length: 14

04:46:01.274 [AsyncHttpClient-1-2] DEBUG org.asynchttpclient.netty.channel.ChannelManager - Adding key: http://localhost:39796 for channel [id: 0x5d12a496, L:/127.0.0.1:52708 - R:localhost/127.0.0.1:39796]
04:46:01.276 [Forwarding getTitle on session 71c1c828-e8ad-4bda-a316-b149935eb691 to remote] DEBUG org.asynchttpclient.netty.request.NettyRequestSender - Using pooled Channel '[id: 0x5d12a496, L:/127.0.0.1:52708 - R:localhost/127.0.0.1:39796]' for 'GET' to 'http://localhost:39796/session/71c1c828-e8ad-4bda-a316-b149935eb691/title'
04:46:01.276 [Forwarding getTitle on session 71c1c828-e8ad-4bda-a316-b149935eb691 to remote] DEBUG org.asynchttpclient.netty.request.NettyRequestSender - Using open Channel [id: 0x5d12a496, L:/127.0.0.1:52708 - R:localhost/127.0.0.1:39796] for GET '/session/71c1c828-e8ad-4bda-a316-b149935eb691/title'
04:46:01.283 [AsyncHttpClient-1-2] DEBUG org.asynchttpclient.netty.handler.HttpHandler - 

Request DefaultFullHttpRequest(decodeResult: success, version: HTTP/1.1, content: EmptyByteBufBE)
GET /session/71c1c828-e8ad-4bda-a316-b149935eb691/title HTTP/1.1
User-Agent: selenium/4.1.3 (java unix)
Cache-Control: no-cache
Content-Type: application/json; charset=utf-8
host: localhost:39796
accept: */*

Response DefaultHttpResponse(decodeResult: success, version: HTTP/1.1)
HTTP/1.1 200 OK
content-type: application/json; charset=utf-8
cache-control: no-cache
date: Wed, 04 May 2022 01:46:01 GMT
content-length: 28

04:46:01.283 [AsyncHttpClient-1-2] DEBUG org.asynchttpclient.netty.channel.ChannelManager - Adding key: http://localhost:39796 for channel [id: 0x5d12a496, L:/127.0.0.1:52708 - R:localhost/127.0.0.1:39796]
04:46:01.286 [Forwarding findElement on session 71c1c828-e8ad-4bda-a316-b149935eb691 to remote] DEBUG org.asynchttpclient.netty.request.NettyRequestSender - Using pooled Channel '[id: 0x5d12a496, L:/127.0.0.1:52708 - R:localhost/127.0.0.1:39796]' for 'POST' to 'http://localhost:39796/session/71c1c828-e8ad-4bda-a316-b149935eb691/element'
04:46:01.286 [Forwarding findElement on session 71c1c828-e8ad-4bda-a316-b149935eb691 to remote] DEBUG org.asynchttpclient.netty.request.NettyRequestSender - Using open Channel [id: 0x5d12a496, L:/127.0.0.1:52708 - R:localhost/127.0.0.1:39796] for POST '/session/71c1c828-e8ad-4bda-a316-b149935eb691/element'
04:46:01.289 [AsyncHttpClient-1-2] DEBUG org.asynchttpclient.netty.handler.HttpHandler - 

Request DefaultHttpRequest(decodeResult: success, version: HTTP/1.1)
POST /session/71c1c828-e8ad-4bda-a316-b149935eb691/element HTTP/1.1
User-Agent: selenium/4.1.3 (java unix)
Content-Length: 55
Content-Type: application/json; charset=utf-8
host: localhost:39796
accept: */*

Response DefaultHttpResponse(decodeResult: success, version: HTTP/1.1)
HTTP/1.1 200 OK
content-type: application/json; charset=utf-8
cache-control: no-cache
date: Wed, 04 May 2022 01:46:01 GMT
content-length: 88

04:46:01.290 [AsyncHttpClient-1-2] DEBUG org.asynchttpclient.netty.channel.ChannelManager - Adding key: http://localhost:39796 for channel [id: 0x5d12a496, L:/127.0.0.1:52708 - R:localhost/127.0.0.1:39796]
04:46:01.291 [Forwarding getElementText on session 71c1c828-e8ad-4bda-a316-b149935eb691 to remote] DEBUG org.asynchttpclient.netty.request.NettyRequestSender - Using pooled Channel '[id: 0x5d12a496, L:/127.0.0.1:52708 - R:localhost/127.0.0.1:39796]' for 'GET' to 'http://localhost:39796/session/71c1c828-e8ad-4bda-a316-b149935eb691/element/b66789ae-b784-4ba8-9454-4ef930f98217/text'
04:46:01.292 [Forwarding getElementText on session 71c1c828-e8ad-4bda-a316-b149935eb691 to remote] DEBUG org.asynchttpclient.netty.request.NettyRequestSender - Using open Channel [id: 0x5d12a496, L:/127.0.0.1:52708 - R:localhost/127.0.0.1:39796] for GET '/session/71c1c828-e8ad-4bda-a316-b149935eb691/element/b66789ae-b784-4ba8-9454-4ef930f98217/text'
04:46:01.330 [AsyncHttpClient-1-2] DEBUG org.asynchttpclient.netty.handler.HttpHandler - 

Request DefaultFullHttpRequest(decodeResult: success, version: HTTP/1.1, content: EmptyByteBufBE)
GET /session/71c1c828-e8ad-4bda-a316-b149935eb691/element/b66789ae-b784-4ba8-9454-4ef930f98217/text HTTP/1.1
User-Agent: selenium/4.1.3 (java unix)
Cache-Control: no-cache
Content-Type: application/json; charset=utf-8
host: localhost:39796
accept: */*

Response DefaultHttpResponse(decodeResult: success, version: HTTP/1.1)
HTTP/1.1 200 OK
content-type: application/json; charset=utf-8
cache-control: no-cache
date: Wed, 04 May 2022 01:46:01 GMT
content-length: 57

04:46:01.330 [AsyncHttpClient-1-2] DEBUG org.asynchttpclient.netty.channel.ChannelManager - Adding key: http://localhost:39796 for channel [id: 0x5d12a496, L:/127.0.0.1:52708 - R:localhost/127.0.0.1:39796]
04:46:01.333 [Forwarding get on session 71c1c828-e8ad-4bda-a316-b149935eb691 to remote] DEBUG org.asynchttpclient.netty.request.NettyRequestSender - Using pooled Channel '[id: 0x5d12a496, L:/127.0.0.1:52708 - R:localhost/127.0.0.1:39796]' for 'POST' to 'http://localhost:39796/session/71c1c828-e8ad-4bda-a316-b149935eb691/url'
04:46:01.333 [Forwarding get on session 71c1c828-e8ad-4bda-a316-b149935eb691 to remote] DEBUG org.asynchttpclient.netty.request.NettyRequestSender - Using open Channel [id: 0x5d12a496, L:/127.0.0.1:52708 - R:localhost/127.0.0.1:39796] for POST '/session/71c1c828-e8ad-4bda-a316-b149935eb691/url'
04:46:01.398 [AsyncHttpClient-1-2] DEBUG org.asynchttpclient.netty.handler.HttpHandler - 

Request DefaultHttpRequest(decodeResult: success, version: HTTP/1.1)
POST /session/71c1c828-e8ad-4bda-a316-b149935eb691/url HTTP/1.1
User-Agent: selenium/4.1.3 (java unix)
Content-Length: 86
Content-Type: application/json; charset=utf-8
host: localhost:39796
accept: */*

Response DefaultHttpResponse(decodeResult: success, version: HTTP/1.1)
HTTP/1.1 200 OK
content-type: application/json; charset=utf-8
cache-control: no-cache
date: Wed, 04 May 2022 01:46:01 GMT
content-length: 14

04:46:01.399 [AsyncHttpClient-1-2] DEBUG org.asynchttpclient.netty.channel.ChannelManager - Adding key: http://localhost:39796 for channel [id: 0x5d12a496, L:/127.0.0.1:52708 - R:localhost/127.0.0.1:39796]
04:46:01.401 [Forwarding findElement on session 71c1c828-e8ad-4bda-a316-b149935eb691 to remote] DEBUG org.asynchttpclient.netty.request.NettyRequestSender - Using pooled Channel '[id: 0x5d12a496, L:/127.0.0.1:52708 - R:localhost/127.0.0.1:39796]' for 'POST' to 'http://localhost:39796/session/71c1c828-e8ad-4bda-a316-b149935eb691/element'
04:46:01.401 [Forwarding findElement on session 71c1c828-e8ad-4bda-a316-b149935eb691 to remote] DEBUG org.asynchttpclient.netty.request.NettyRequestSender - Using open Channel [id: 0x5d12a496, L:/127.0.0.1:52708 - R:localhost/127.0.0.1:39796] for POST '/session/71c1c828-e8ad-4bda-a316-b149935eb691/element'
04:46:01.406 [AsyncHttpClient-1-2] DEBUG org.asynchttpclient.netty.handler.HttpHandler - 

Request DefaultHttpRequest(decodeResult: success, version: HTTP/1.1)
POST /session/71c1c828-e8ad-4bda-a316-b149935eb691/element HTTP/1.1
User-Agent: selenium/4.1.3 (java unix)
Content-Length: 62
Content-Type: application/json; charset=utf-8
host: localhost:39796
accept: */*

Response DefaultHttpResponse(decodeResult: success, version: HTTP/1.1)
HTTP/1.1 200 OK
content-type: application/json; charset=utf-8
cache-control: no-cache
date: Wed, 04 May 2022 01:46:01 GMT
content-length: 88

04:46:01.406 [AsyncHttpClient-1-2] DEBUG org.asynchttpclient.netty.channel.ChannelManager - Adding key: http://localhost:39796 for channel [id: 0x5d12a496, L:/127.0.0.1:52708 - R:localhost/127.0.0.1:39796]
04:46:01.408 [Forwarding clearElement on session 71c1c828-e8ad-4bda-a316-b149935eb691 to remote] DEBUG org.asynchttpclient.netty.request.NettyRequestSender - Using pooled Channel '[id: 0x5d12a496, L:/127.0.0.1:52708 - R:localhost/127.0.0.1:39796]' for 'POST' to 'http://localhost:39796/session/71c1c828-e8ad-4bda-a316-b149935eb691/element/876f2b69-c530-4cf8-933b-40ab2d23b014/clear'
04:46:01.408 [Forwarding clearElement on session 71c1c828-e8ad-4bda-a316-b149935eb691 to remote] DEBUG org.asynchttpclient.netty.request.NettyRequestSender - Using open Channel [id: 0x5d12a496, L:/127.0.0.1:52708 - R:localhost/127.0.0.1:39796] for POST '/session/71c1c828-e8ad-4bda-a316-b149935eb691/element/876f2b69-c530-4cf8-933b-40ab2d23b014/clear'
04:46:01.417 [AsyncHttpClient-1-2] DEBUG org.asynchttpclient.netty.handler.HttpHandler - 

Request DefaultHttpRequest(decodeResult: success, version: HTTP/1.1)
POST /session/71c1c828-e8ad-4bda-a316-b149935eb691/element/876f2b69-c530-4cf8-933b-40ab2d23b014/clear HTTP/1.1
User-Agent: selenium/4.1.3 (java unix)
Content-Length: 50
Content-Type: application/json; charset=utf-8
host: localhost:39796
accept: */*

Response DefaultHttpResponse(decodeResult: success, version: HTTP/1.1)
HTTP/1.1 200 OK
content-type: application/json; charset=utf-8
cache-control: no-cache
date: Wed, 04 May 2022 01:46:01 GMT
content-length: 14

04:46:01.417 [AsyncHttpClient-1-2] DEBUG org.asynchttpclient.netty.channel.ChannelManager - Adding key: http://localhost:39796 for channel [id: 0x5d12a496, L:/127.0.0.1:52708 - R:localhost/127.0.0.1:39796]
04:46:01.419 [Forwarding findElement on session 71c1c828-e8ad-4bda-a316-b149935eb691 to remote] DEBUG org.asynchttpclient.netty.request.NettyRequestSender - Using pooled Channel '[id: 0x5d12a496, L:/127.0.0.1:52708 - R:localhost/127.0.0.1:39796]' for 'POST' to 'http://localhost:39796/session/71c1c828-e8ad-4bda-a316-b149935eb691/element'
04:46:01.419 [Forwarding findElement on session 71c1c828-e8ad-4bda-a316-b149935eb691 to remote] DEBUG org.asynchttpclient.netty.request.NettyRequestSender - Using open Channel [id: 0x5d12a496, L:/127.0.0.1:52708 - R:localhost/127.0.0.1:39796] for POST '/session/71c1c828-e8ad-4bda-a316-b149935eb691/element'
04:46:01.423 [AsyncHttpClient-1-2] DEBUG org.asynchttpclient.netty.handler.HttpHandler - 

Request DefaultHttpRequest(decodeResult: success, version: HTTP/1.1)
POST /session/71c1c828-e8ad-4bda-a316-b149935eb691/element HTTP/1.1
User-Agent: selenium/4.1.3 (java unix)
Content-Length: 62
Content-Type: application/json; charset=utf-8
host: localhost:39796
accept: */*

Response DefaultHttpResponse(decodeResult: success, version: HTTP/1.1)
HTTP/1.1 200 OK
content-type: application/json; charset=utf-8
cache-control: no-cache
date: Wed, 04 May 2022 01:46:01 GMT
content-length: 88

04:46:01.423 [AsyncHttpClient-1-2] DEBUG org.asynchttpclient.netty.channel.ChannelManager - Adding key: http://localhost:39796 for channel [id: 0x5d12a496, L:/127.0.0.1:52708 - R:localhost/127.0.0.1:39796]
04:46:01.425 [Forwarding sendKeysToElement on session 71c1c828-e8ad-4bda-a316-b149935eb691 to remote] DEBUG org.asynchttpclient.netty.request.NettyRequestSender - Using pooled Channel '[id: 0x5d12a496, L:/127.0.0.1:52708 - R:localhost/127.0.0.1:39796]' for 'POST' to 'http://localhost:39796/session/71c1c828-e8ad-4bda-a316-b149935eb691/element/876f2b69-c530-4cf8-933b-40ab2d23b014/value'
04:46:01.425 [Forwarding sendKeysToElement on session 71c1c828-e8ad-4bda-a316-b149935eb691 to remote] DEBUG org.asynchttpclient.netty.request.NettyRequestSender - Using open Channel [id: 0x5d12a496, L:/127.0.0.1:52708 - R:localhost/127.0.0.1:39796] for POST '/session/71c1c828-e8ad-4bda-a316-b149935eb691/element/876f2b69-c530-4cf8-933b-40ab2d23b014/value'
04:46:01.432 [AsyncHttpClient-1-2] DEBUG org.asynchttpclient.netty.handler.HttpHandler - 

Request DefaultHttpRequest(decodeResult: success, version: HTTP/1.1)
POST /session/71c1c828-e8ad-4bda-a316-b149935eb691/element/876f2b69-c530-4cf8-933b-40ab2d23b014/value HTTP/1.1
User-Agent: selenium/4.1.3 (java unix)
Content-Length: 101
Content-Type: application/json; charset=utf-8
host: localhost:39796
accept: */*

Response DefaultHttpResponse(decodeResult: success, version: HTTP/1.1)
HTTP/1.1 200 OK
content-type: application/json; charset=utf-8
cache-control: no-cache
date: Wed, 04 May 2022 01:46:01 GMT
content-length: 14

04:46:01.432 [AsyncHttpClient-1-2] DEBUG org.asynchttpclient.netty.channel.ChannelManager - Adding key: http://localhost:39796 for channel [id: 0x5d12a496, L:/127.0.0.1:52708 - R:localhost/127.0.0.1:39796]
04:46:01.434 [Forwarding findElement on session 71c1c828-e8ad-4bda-a316-b149935eb691 to remote] DEBUG org.asynchttpclient.netty.request.NettyRequestSender - Using pooled Channel '[id: 0x5d12a496, L:/127.0.0.1:52708 - R:localhost/127.0.0.1:39796]' for 'POST' to 'http://localhost:39796/session/71c1c828-e8ad-4bda-a316-b149935eb691/element'
04:46:01.434 [Forwarding findElement on session 71c1c828-e8ad-4bda-a316-b149935eb691 to remote] DEBUG org.asynchttpclient.netty.request.NettyRequestSender - Using open Channel [id: 0x5d12a496, L:/127.0.0.1:52708 - R:localhost/127.0.0.1:39796] for POST '/session/71c1c828-e8ad-4bda-a316-b149935eb691/element'
04:46:01.436 [AsyncHttpClient-1-2] DEBUG org.asynchttpclient.netty.handler.HttpHandler - 

Request DefaultHttpRequest(decodeResult: success, version: HTTP/1.1)
POST /session/71c1c828-e8ad-4bda-a316-b149935eb691/element HTTP/1.1
User-Agent: selenium/4.1.3 (java unix)
Content-Length: 46
Content-Type: application/json; charset=utf-8
host: localhost:39796
accept: */*

Response DefaultHttpResponse(decodeResult: success, version: HTTP/1.1)
HTTP/1.1 200 OK
content-type: application/json; charset=utf-8
cache-control: no-cache
date: Wed, 04 May 2022 01:46:01 GMT
content-length: 88

04:46:01.436 [AsyncHttpClient-1-2] DEBUG org.asynchttpclient.netty.channel.ChannelManager - Adding key: http://localhost:39796 for channel [id: 0x5d12a496, L:/127.0.0.1:52708 - R:localhost/127.0.0.1:39796]
04:46:01.437 [Forwarding clickElement on session 71c1c828-e8ad-4bda-a316-b149935eb691 to remote] DEBUG org.asynchttpclient.netty.request.NettyRequestSender - Using pooled Channel '[id: 0x5d12a496, L:/127.0.0.1:52708 - R:localhost/127.0.0.1:39796]' for 'POST' to 'http://localhost:39796/session/71c1c828-e8ad-4bda-a316-b149935eb691/element/19eedd29-0f8b-4f8b-859b-2e6fda8abd65/click'
04:46:01.437 [Forwarding clickElement on session 71c1c828-e8ad-4bda-a316-b149935eb691 to remote] DEBUG org.asynchttpclient.netty.request.NettyRequestSender - Using open Channel [id: 0x5d12a496, L:/127.0.0.1:52708 - R:localhost/127.0.0.1:39796] for POST '/session/71c1c828-e8ad-4bda-a316-b149935eb691/element/19eedd29-0f8b-4f8b-859b-2e6fda8abd65/click'
04:46:01.620 [AsyncHttpClient-1-2] DEBUG org.asynchttpclient.netty.handler.HttpHandler - 

Request DefaultHttpRequest(decodeResult: success, version: HTTP/1.1)
POST /session/71c1c828-e8ad-4bda-a316-b149935eb691/element/19eedd29-0f8b-4f8b-859b-2e6fda8abd65/click HTTP/1.1
User-Agent: selenium/4.1.3 (java unix)
Content-Length: 50
Content-Type: application/json; charset=utf-8
host: localhost:39796
accept: */*

Response DefaultHttpResponse(decodeResult: success, version: HTTP/1.1)
HTTP/1.1 200 OK
content-type: application/json; charset=utf-8
cache-control: no-cache
date: Wed, 04 May 2022 01:46:01 GMT
content-length: 14

04:46:01.621 [AsyncHttpClient-1-2] DEBUG org.asynchttpclient.netty.channel.ChannelManager - Adding key: http://localhost:39796 for channel [id: 0x5d12a496, L:/127.0.0.1:52708 - R:localhost/127.0.0.1:39796]
04:46:01.622 [Forwarding getTitle on session 71c1c828-e8ad-4bda-a316-b149935eb691 to remote] DEBUG org.asynchttpclient.netty.request.NettyRequestSender - Using pooled Channel '[id: 0x5d12a496, L:/127.0.0.1:52708 - R:localhost/127.0.0.1:39796]' for 'GET' to 'http://localhost:39796/session/71c1c828-e8ad-4bda-a316-b149935eb691/title'
04:46:01.623 [Forwarding getTitle on session 71c1c828-e8ad-4bda-a316-b149935eb691 to remote] DEBUG org.asynchttpclient.netty.request.NettyRequestSender - Using open Channel [id: 0x5d12a496, L:/127.0.0.1:52708 - R:localhost/127.0.0.1:39796] for GET '/session/71c1c828-e8ad-4bda-a316-b149935eb691/title'
04:46:01.628 [AsyncHttpClient-1-2] DEBUG org.asynchttpclient.netty.handler.HttpHandler - 

Request DefaultFullHttpRequest(decodeResult: success, version: HTTP/1.1, content: EmptyByteBufBE)
GET /session/71c1c828-e8ad-4bda-a316-b149935eb691/title HTTP/1.1
User-Agent: selenium/4.1.3 (java unix)
Cache-Control: no-cache
Content-Type: application/json; charset=utf-8
host: localhost:39796
accept: */*

Response DefaultHttpResponse(decodeResult: success, version: HTTP/1.1)
HTTP/1.1 200 OK
content-type: application/json; charset=utf-8
cache-control: no-cache
date: Wed, 04 May 2022 01:46:01 GMT
content-length: 28

04:46:01.629 [AsyncHttpClient-1-2] DEBUG org.asynchttpclient.netty.channel.ChannelManager - Adding key: http://localhost:39796 for channel [id: 0x5d12a496, L:/127.0.0.1:52708 - R:localhost/127.0.0.1:39796]
04:46:01.630 [Forwarding findElement on session 71c1c828-e8ad-4bda-a316-b149935eb691 to remote] DEBUG org.asynchttpclient.netty.request.NettyRequestSender - Using pooled Channel '[id: 0x5d12a496, L:/127.0.0.1:52708 - R:localhost/127.0.0.1:39796]' for 'POST' to 'http://localhost:39796/session/71c1c828-e8ad-4bda-a316-b149935eb691/element'
04:46:01.630 [Forwarding findElement on session 71c1c828-e8ad-4bda-a316-b149935eb691 to remote] DEBUG org.asynchttpclient.netty.request.NettyRequestSender - Using open Channel [id: 0x5d12a496, L:/127.0.0.1:52708 - R:localhost/127.0.0.1:39796] for POST '/session/71c1c828-e8ad-4bda-a316-b149935eb691/element'
04:46:01.639 [AsyncHttpClient-1-2] DEBUG org.asynchttpclient.netty.handler.HttpHandler - 

Request DefaultHttpRequest(decodeResult: success, version: HTTP/1.1)
POST /session/71c1c828-e8ad-4bda-a316-b149935eb691/element HTTP/1.1
User-Agent: selenium/4.1.3 (java unix)
Content-Length: 55
Content-Type: application/json; charset=utf-8
host: localhost:39796
accept: */*

Response DefaultHttpResponse(decodeResult: success, version: HTTP/1.1)
HTTP/1.1 200 OK
content-type: application/json; charset=utf-8
cache-control: no-cache
date: Wed, 04 May 2022 01:46:01 GMT
content-length: 88

04:46:01.639 [AsyncHttpClient-1-2] DEBUG org.asynchttpclient.netty.channel.ChannelManager - Adding key: http://localhost:39796 for channel [id: 0x5d12a496, L:/127.0.0.1:52708 - R:localhost/127.0.0.1:39796]
04:46:01.641 [Forwarding getElementText on session 71c1c828-e8ad-4bda-a316-b149935eb691 to remote] DEBUG org.asynchttpclient.netty.request.NettyRequestSender - Using pooled Channel '[id: 0x5d12a496, L:/127.0.0.1:52708 - R:localhost/127.0.0.1:39796]' for 'GET' to 'http://localhost:39796/session/71c1c828-e8ad-4bda-a316-b149935eb691/element/aa649bd1-1178-401e-a835-e1df8b742d25/text'
04:46:01.641 [Forwarding getElementText on session 71c1c828-e8ad-4bda-a316-b149935eb691 to remote] DEBUG org.asynchttpclient.netty.request.NettyRequestSender - Using open Channel [id: 0x5d12a496, L:/127.0.0.1:52708 - R:localhost/127.0.0.1:39796] for GET '/session/71c1c828-e8ad-4bda-a316-b149935eb691/element/aa649bd1-1178-401e-a835-e1df8b742d25/text'
04:46:01.661 [AsyncHttpClient-1-2] DEBUG org.asynchttpclient.netty.handler.HttpHandler - 

Request DefaultFullHttpRequest(decodeResult: success, version: HTTP/1.1, content: EmptyByteBufBE)
GET /session/71c1c828-e8ad-4bda-a316-b149935eb691/element/aa649bd1-1178-401e-a835-e1df8b742d25/text HTTP/1.1
User-Agent: selenium/4.1.3 (java unix)
Cache-Control: no-cache
Content-Type: application/json; charset=utf-8
host: localhost:39796
accept: */*

Response DefaultHttpResponse(decodeResult: success, version: HTTP/1.1)
HTTP/1.1 200 OK
content-type: application/json; charset=utf-8
cache-control: no-cache
date: Wed, 04 May 2022 01:46:01 GMT
content-length: 57

04:46:01.661 [AsyncHttpClient-1-2] DEBUG org.asynchttpclient.netty.channel.ChannelManager - Adding key: http://localhost:39796 for channel [id: 0x5d12a496, L:/127.0.0.1:52708 - R:localhost/127.0.0.1:39796]
04:46:01.662 [Forwarding get on session 71c1c828-e8ad-4bda-a316-b149935eb691 to remote] DEBUG org.asynchttpclient.netty.request.NettyRequestSender - Using pooled Channel '[id: 0x5d12a496, L:/127.0.0.1:52708 - R:localhost/127.0.0.1:39796]' for 'POST' to 'http://localhost:39796/session/71c1c828-e8ad-4bda-a316-b149935eb691/url'
04:46:01.662 [Forwarding get on session 71c1c828-e8ad-4bda-a316-b149935eb691 to remote] DEBUG org.asynchttpclient.netty.request.NettyRequestSender - Using open Channel [id: 0x5d12a496, L:/127.0.0.1:52708 - R:localhost/127.0.0.1:39796] for POST '/session/71c1c828-e8ad-4bda-a316-b149935eb691/url'
04:46:01.711 [AsyncHttpClient-1-2] DEBUG org.asynchttpclient.netty.handler.HttpHandler - 

Request DefaultHttpRequest(decodeResult: success, version: HTTP/1.1)
POST /session/71c1c828-e8ad-4bda-a316-b149935eb691/url HTTP/1.1
User-Agent: selenium/4.1.3 (java unix)
Content-Length: 86
Content-Type: application/json; charset=utf-8
host: localhost:39796
accept: */*

Response DefaultHttpResponse(decodeResult: success, version: HTTP/1.1)
HTTP/1.1 200 OK
content-type: application/json; charset=utf-8
cache-control: no-cache
date: Wed, 04 May 2022 01:46:01 GMT
content-length: 14

04:46:01.712 [AsyncHttpClient-1-2] DEBUG org.asynchttpclient.netty.channel.ChannelManager - Adding key: http://localhost:39796 for channel [id: 0x5d12a496, L:/127.0.0.1:52708 - R:localhost/127.0.0.1:39796]
04:46:01.713 [Forwarding findElement on session 71c1c828-e8ad-4bda-a316-b149935eb691 to remote] DEBUG org.asynchttpclient.netty.request.NettyRequestSender - Using pooled Channel '[id: 0x5d12a496, L:/127.0.0.1:52708 - R:localhost/127.0.0.1:39796]' for 'POST' to 'http://localhost:39796/session/71c1c828-e8ad-4bda-a316-b149935eb691/element'
04:46:01.713 [Forwarding findElement on session 71c1c828-e8ad-4bda-a316-b149935eb691 to remote] DEBUG org.asynchttpclient.netty.request.NettyRequestSender - Using open Channel [id: 0x5d12a496, L:/127.0.0.1:52708 - R:localhost/127.0.0.1:39796] for POST '/session/71c1c828-e8ad-4bda-a316-b149935eb691/element'
04:46:01.718 [AsyncHttpClient-1-2] DEBUG org.asynchttpclient.netty.handler.HttpHandler - 

Request DefaultHttpRequest(decodeResult: success, version: HTTP/1.1)
POST /session/71c1c828-e8ad-4bda-a316-b149935eb691/element HTTP/1.1
User-Agent: selenium/4.1.3 (java unix)
Content-Length: 54
Content-Type: application/json; charset=utf-8
host: localhost:39796
accept: */*

Response DefaultHttpResponse(decodeResult: success, version: HTTP/1.1)
HTTP/1.1 200 OK
content-type: application/json; charset=utf-8
cache-control: no-cache
date: Wed, 04 May 2022 01:46:01 GMT
content-length: 88

04:46:01.718 [AsyncHttpClient-1-2] DEBUG org.asynchttpclient.netty.channel.ChannelManager - Adding key: http://localhost:39796 for channel [id: 0x5d12a496, L:/127.0.0.1:52708 - R:localhost/127.0.0.1:39796]
04:46:01.720 [Forwarding clickElement on session 71c1c828-e8ad-4bda-a316-b149935eb691 to remote] DEBUG org.asynchttpclient.netty.request.NettyRequestSender - Using pooled Channel '[id: 0x5d12a496, L:/127.0.0.1:52708 - R:localhost/127.0.0.1:39796]' for 'POST' to 'http://localhost:39796/session/71c1c828-e8ad-4bda-a316-b149935eb691/element/93b1d004-051c-4d05-be68-b9a5c4023c24/click'
04:46:01.720 [Forwarding clickElement on session 71c1c828-e8ad-4bda-a316-b149935eb691 to remote] DEBUG org.asynchttpclient.netty.request.NettyRequestSender - Using open Channel [id: 0x5d12a496, L:/127.0.0.1:52708 - R:localhost/127.0.0.1:39796] for POST '/session/71c1c828-e8ad-4bda-a316-b149935eb691/element/93b1d004-051c-4d05-be68-b9a5c4023c24/click'
04:46:01.894 [AsyncHttpClient-1-2] DEBUG org.asynchttpclient.netty.handler.HttpHandler - 

Request DefaultHttpRequest(decodeResult: success, version: HTTP/1.1)
POST /session/71c1c828-e8ad-4bda-a316-b149935eb691/element/93b1d004-051c-4d05-be68-b9a5c4023c24/click HTTP/1.1
User-Agent: selenium/4.1.3 (java unix)
Content-Length: 50
Content-Type: application/json; charset=utf-8
host: localhost:39796
accept: */*

Response DefaultHttpResponse(decodeResult: success, version: HTTP/1.1)
HTTP/1.1 200 OK
content-type: application/json; charset=utf-8
cache-control: no-cache
date: Wed, 04 May 2022 01:46:01 GMT
content-length: 14

04:46:01.894 [AsyncHttpClient-1-2] DEBUG org.asynchttpclient.netty.channel.ChannelManager - Adding key: http://localhost:39796 for channel [id: 0x5d12a496, L:/127.0.0.1:52708 - R:localhost/127.0.0.1:39796]
04:46:01.895 [Forwarding getTitle on session 71c1c828-e8ad-4bda-a316-b149935eb691 to remote] DEBUG org.asynchttpclient.netty.request.NettyRequestSender - Using pooled Channel '[id: 0x5d12a496, L:/127.0.0.1:52708 - R:localhost/127.0.0.1:39796]' for 'GET' to 'http://localhost:39796/session/71c1c828-e8ad-4bda-a316-b149935eb691/title'
04:46:01.895 [Forwarding getTitle on session 71c1c828-e8ad-4bda-a316-b149935eb691 to remote] DEBUG org.asynchttpclient.netty.request.NettyRequestSender - Using open Channel [id: 0x5d12a496, L:/127.0.0.1:52708 - R:localhost/127.0.0.1:39796] for GET '/session/71c1c828-e8ad-4bda-a316-b149935eb691/title'
04:46:01.897 [AsyncHttpClient-1-2] DEBUG org.asynchttpclient.netty.handler.HttpHandler - 

Request DefaultFullHttpRequest(decodeResult: success, version: HTTP/1.1, content: EmptyByteBufBE)
GET /session/71c1c828-e8ad-4bda-a316-b149935eb691/title HTTP/1.1
User-Agent: selenium/4.1.3 (java unix)
Cache-Control: no-cache
Content-Type: application/json; charset=utf-8
host: localhost:39796
accept: */*

Response DefaultHttpResponse(decodeResult: success, version: HTTP/1.1)
HTTP/1.1 200 OK
content-type: application/json; charset=utf-8
cache-control: no-cache
date: Wed, 04 May 2022 01:46:01 GMT
content-length: 28

04:46:01.898 [AsyncHttpClient-1-2] DEBUG org.asynchttpclient.netty.channel.ChannelManager - Adding key: http://localhost:39796 for channel [id: 0x5d12a496, L:/127.0.0.1:52708 - R:localhost/127.0.0.1:39796]
04:46:01.899 [Test worker] DEBUG org.hibernate.engine.transaction.internal.TransactionImpl - On TransactionImpl creation, JpaCompliance#isJpaTransactionComplianceEnabled == false
04:46:01.899 [Test worker] DEBUG org.hibernate.engine.transaction.internal.TransactionImpl - begin
04:46:01.901 [Test worker] DEBUG org.hibernate.engine.transaction.internal.TransactionImpl - committing
04:46:01.902 [Test worker] DEBUG org.hibernate.event.internal.AbstractFlushingEventListener - Processing flush-time cascades
04:46:01.902 [Test worker] DEBUG org.hibernate.event.internal.AbstractFlushingEventListener - Dirty checking collections
04:46:01.902 [Test worker] DEBUG org.hibernate.event.internal.AbstractFlushingEventListener - Flushed: 0 insertions, 0 updates, 1 deletions to 1 objects
04:46:01.902 [Test worker] DEBUG org.hibernate.event.internal.AbstractFlushingEventListener - Flushed: 0 (re)creations, 0 updates, 0 removals to 0 collections
04:46:01.902 [Test worker] DEBUG org.hibernate.internal.util.EntityPrinter - Listing entities:
04:46:01.902 [Test worker] DEBUG org.hibernate.internal.util.EntityPrinter - web_prak.java.classes.Products{measure=штук, quantity=100, expiration_date_to=2022-03-01, product_id=520, expiration_date_from=2021-03-01, type=виниловые пластинки, product_name=Wonder, place_id=web_prak.java.classes.Register_place#9}
04:46:01.907 [Test worker] DEBUG org.hibernate.SQL - delete from products where product_id=?
Hibernate: delete from products where product_id=?
04:46:01.983 [AsyncHttpClient-1-1] DEBUG org.asynchttpclient.netty.channel.DefaultChannelPool - Entry count for : http://localhost:39796 : 1
04:46:02.667 [Test worker] DEBUG org.hibernate.resource.jdbc.internal.LogicalConnectionManagedImpl - Initiating JDBC connection release from afterTransaction
04:46:02.667 [Test worker] DEBUG org.hibernate.resource.jdbc.internal.LogicalConnectionManagedImpl - Initiating JDBC connection release from afterTransaction
04:46:02.667 [Test worker] DEBUG org.hibernate.engine.jdbc.internal.JdbcCoordinatorImpl - HHH000420: Closing un-released batch
04:46:02.667 [Test worker] DEBUG org.hibernate.engine.transaction.internal.TransactionImpl - On TransactionImpl creation, JpaCompliance#isJpaTransactionComplianceEnabled == false
04:46:02.667 [Test worker] DEBUG org.hibernate.engine.transaction.internal.TransactionImpl - begin
04:46:02.668 [Test worker] DEBUG org.hibernate.engine.transaction.internal.TransactionImpl - committing
04:46:02.668 [Test worker] DEBUG org.hibernate.event.internal.AbstractFlushingEventListener - Processing flush-time cascades
04:46:02.668 [Test worker] DEBUG org.hibernate.event.internal.AbstractFlushingEventListener - Dirty checking collections
04:46:02.668 [Test worker] DEBUG org.hibernate.event.internal.AbstractFlushingEventListener - Flushed: 0 insertions, 0 updates, 1 deletions to 1 objects
04:46:02.668 [Test worker] DEBUG org.hibernate.event.internal.AbstractFlushingEventListener - Flushed: 0 (re)creations, 0 updates, 0 removals to 0 collections
04:46:02.668 [Test worker] DEBUG org.hibernate.internal.util.EntityPrinter - Listing entities:
04:46:02.668 [Test worker] DEBUG org.hibernate.internal.util.EntityPrinter - web_prak.java.classes.Supplies{supply_id=330, data_supply=2022-03-01, store_period=125, supplier_id=web_prak.java.classes.Suppliers#363, status=в процессе}
04:46:02.668 [Test worker] DEBUG org.hibernate.SQL - delete from supplies where supply_id=?
Hibernate: delete from supplies where supply_id=?
04:46:02.730 [Test worker] DEBUG org.hibernate.resource.jdbc.internal.LogicalConnectionManagedImpl - Initiating JDBC connection release from afterTransaction
04:46:02.730 [Test worker] DEBUG org.hibernate.resource.jdbc.internal.LogicalConnectionManagedImpl - Initiating JDBC connection release from afterTransaction
04:46:02.730 [Test worker] DEBUG org.hibernate.engine.jdbc.internal.JdbcCoordinatorImpl - HHH000420: Closing un-released batch
04:46:02.730 [Test worker] DEBUG org.hibernate.engine.transaction.internal.TransactionImpl - On TransactionImpl creation, JpaCompliance#isJpaTransactionComplianceEnabled == false
04:46:02.730 [Test worker] DEBUG org.hibernate.engine.transaction.internal.TransactionImpl - begin
04:46:02.730 [Test worker] DEBUG org.hibernate.engine.transaction.internal.TransactionImpl - committing
04:46:02.730 [Test worker] DEBUG org.hibernate.event.internal.AbstractFlushingEventListener - Processing flush-time cascades
04:46:02.730 [Test worker] DEBUG org.hibernate.event.internal.AbstractFlushingEventListener - Dirty checking collections
04:46:02.730 [Test worker] DEBUG org.hibernate.event.internal.AbstractFlushingEventListener - Flushed: 0 insertions, 0 updates, 1 deletions to 1 objects
04:46:02.730 [Test worker] DEBUG org.hibernate.event.internal.AbstractFlushingEventListener - Flushed: 0 (re)creations, 0 updates, 0 removals to 0 collections
04:46:02.730 [Test worker] DEBUG org.hibernate.internal.util.EntityPrinter - Listing entities:
04:46:02.730 [Test worker] DEBUG org.hibernate.internal.util.EntityPrinter - web_prak.java.classes.Suppliers{address=Кастльвания, пр. Дракулы, 10, contact=5(146)666-66 6, supplier_name=Алукард Фон Неймон, supplier_id=363, email=alucardFN@castlvania.com}
04:46:02.730 [Test worker] DEBUG org.hibernate.SQL - delete from suppliers where supplier_id=?
Hibernate: delete from suppliers where supplier_id=?
04:46:02.798 [Test worker] DEBUG org.hibernate.resource.jdbc.internal.LogicalConnectionManagedImpl - Initiating JDBC connection release from afterTransaction
04:46:02.798 [Test worker] DEBUG org.hibernate.resource.jdbc.internal.LogicalConnectionManagedImpl - Initiating JDBC connection release from afterTransaction
04:46:02.798 [Test worker] DEBUG org.hibernate.engine.jdbc.internal.JdbcCoordinatorImpl - HHH000420: Closing un-released batch
]]></system-out>
  <system-err><![CDATA[1651628747798	geckodriver	INFO	Listening on 127.0.0.1:39796
1651628747939	mozrunner::runner	INFO	Running command: "/usr/bin/firefox" "--marionette" "--remote-debugging-port" "48630" "--remote-allow-hosts" "localhost" "-no-remote" "-profile" "/tmp/rust_mozprofileikjjqY"
1651628751890	Marionette	INFO	Marionette enabled
console.warn: SearchSettings: "get: No settings file exists, new profile?" (new NotFoundError("Could not open the file at /tmp/rust_mozprofileikjjqY/search.json.mozlz4", (void 0)))
DevTools listening on ws://localhost:48630/devtools/browser/9d804172-952d-4414-85dc-fc39842d776d
1651628757023	Marionette	INFO	Listening on port 38389
Read port: 38389
1651628757290	RemoteAgent	WARN	TLS certificate errors will be ignored for this session
мая 04, 2022 4:45:57 AM org.openqa.selenium.remote.ProtocolHandshake createSession
INFO: Detected dialect: W3C
console.warn: LoginRecipes: "getRecipes: falling back to a synchronous message for:" "http://localhost:8080"
console.warn: LoginRecipes: "getRecipes: falling back to a synchronous message for:" "http://localhost:8080"
]]></system-err>
</testsuite>
